=== model training parameter configuration ===
device              : cpu
seed                : 608
dataset             : AM-MB
A_domain            : Amazon-KG-5core-Books
B_domain            : Amazon-KG-5core-Movies_and_TV
epoch               : 200
batch_size          : 128
patience            : 10
hidden_units        : 100
maxlen              : 15
min_len             : 0
A_size              : 8318
B_size              : 4779
all_size            : 13097
lr                  : 0.0001
lr_decline          : False
dropout_rate        : 0.45
Lambda              : 0.002
n_heads             : 1
n_layers            : 1
d_k                 : 100
d_v                 : 100
d_ff                : 2048
Strategy            : default
pretrained_embedding_path: pretrain/transE/
prompt_num_S        : 2
prompt_num          : 2
prompt_agg          : mean_noise
prompt_agg_use_all  : False
use_KG              : True
use_shared          : True
use_spec            : True
use_disen           : True
disen_way           : info
freeze_shared_prompt: True
freeze_model        : False
=========================
Loading pre-training set data......
Users_a end at 94601
Users_b start at 84118
Loading pre-training set data......
Users_a end at 10484
Users_b start at 10485
========prompt_agg_use_all=False========
[KG] common.rel: 13 relations, specific.rel: 8 relations
--------------------
Epoch 1/200
--------------------
Loss: 8.802557945251465
Recall3: 0.00763; MRR3: 0.00516
Recall5: 0.01255; MRR5: 0.00626
Recall10: 0.01919; MRR10: 0.00709
Recall20: 0.03593; MRR20: 0.00819
New best Recall@10: 0.01919, model updated.
--------------------
Epoch 2/200
--------------------
Loss: 8.9462308883667
Recall3: 0.00960; MRR3: 0.00635
Recall5: 0.01083; MRR5: 0.00663
Recall10: 0.01956; MRR10: 0.00773
Recall20: 0.03377; MRR20: 0.00871
New best Recall@10: 0.01956, model updated.
--------------------
Epoch 3/200
--------------------
Loss: 8.313493728637695
Recall3: 0.01126; MRR3: 0.00740
Recall5: 0.01655; MRR5: 0.00859
Recall10: 0.02393; MRR10: 0.00953
Recall20: 0.03845; MRR20: 0.01051
New best Recall@10: 0.02393, model updated.
--------------------
Epoch 4/200
--------------------
Loss: 8.021099090576172
Recall3: 0.01347; MRR3: 0.00787
Recall5: 0.01876; MRR5: 0.00910
Recall10: 0.02977; MRR10: 0.01047
Recall20: 0.04927; MRR20: 0.01180
New best Recall@10: 0.02977, model updated.
--------------------
Epoch 5/200
--------------------
Loss: 7.790053367614746
Recall3: 0.01458; MRR3: 0.00969
Recall5: 0.02098; MRR5: 0.01113
Recall10: 0.03547; MRR10: 0.01303
Recall20: 0.06014; MRR20: 0.01469
New best Recall@10: 0.03547, model updated.
--------------------
Epoch 6/200
--------------------
Loss: 8.2266845703125
Recall3: 0.01538; MRR3: 0.01017
Recall5: 0.02338; MRR5: 0.01196
Recall10: 0.03740; MRR10: 0.01380
Recall20: 0.06582; MRR20: 0.01571
New best Recall@10: 0.03740, model updated.
--------------------
Epoch 7/200
--------------------
Loss: 8.315421104431152
Recall3: 0.01907; MRR3: 0.01198
Recall5: 0.02867; MRR5: 0.01409
Recall10: 0.04454; MRR10: 0.01614
Recall20: 0.07416; MRR20: 0.01812
New best Recall@10: 0.04454, model updated.
--------------------
Epoch 8/200
--------------------
Loss: 7.980513572692871
Recall3: 0.02344; MRR3: 0.01450
Recall5: 0.03402; MRR5: 0.01692
Recall10: 0.05204; MRR10: 0.01926
Recall20: 0.08554; MRR20: 0.02149
New best Recall@10: 0.05204, model updated.
--------------------
Epoch 9/200
--------------------
Loss: 7.864721775054932
Recall3: 0.02510; MRR3: 0.01660
Recall5: 0.03759; MRR5: 0.01944
Recall10: 0.05795; MRR10: 0.02208
Recall20: 0.09409; MRR20: 0.02448
New best Recall@10: 0.05795, model updated.
--------------------
Epoch 10/200
--------------------
Loss: 7.898615837097168
Recall3: 0.02670; MRR3: 0.01772
Recall5: 0.03943; MRR5: 0.02063
Recall10: 0.06059; MRR10: 0.02335
Recall20: 0.10027; MRR20: 0.02604
New best Recall@10: 0.06059, model updated.
--------------------
Epoch 11/200
--------------------
Loss: 7.7474284172058105
Recall3: 0.02768; MRR3: 0.01840
Recall5: 0.04177; MRR5: 0.02157
Recall10: 0.06705; MRR10: 0.02490
Recall20: 0.10747; MRR20: 0.02764
New best Recall@10: 0.06705, model updated.
--------------------
Epoch 12/200
--------------------
Loss: 7.781403064727783
Recall3: 0.02860; MRR3: 0.01858
Recall5: 0.04371; MRR5: 0.02197
Recall10: 0.07060; MRR10: 0.02545
Recall20: 0.11474; MRR20: 0.02843
New best Recall@10: 0.07060, model updated.
--------------------
Epoch 13/200
--------------------
Loss: 7.792544841766357
Recall3: 0.02977; MRR3: 0.01948
Recall5: 0.04380; MRR5: 0.02268
Recall10: 0.07425; MRR10: 0.02665
Recall20: 0.11501; MRR20: 0.02941
New best Recall@10: 0.07425, model updated.
--------------------
Epoch 14/200
--------------------
Loss: 8.053633689880371
Recall3: 0.03082; MRR3: 0.01992
Recall5: 0.04534; MRR5: 0.02317
Recall10: 0.07462; MRR10: 0.02698
Recall20: 0.11756; MRR20: 0.02990
New best Recall@10: 0.07462, model updated.
--------------------
Epoch 15/200
--------------------
Loss: 8.656498908996582
Recall3: 0.03193; MRR3: 0.02078
Recall5: 0.04595; MRR5: 0.02395
Recall10: 0.07523; MRR10: 0.02781
Recall20: 0.11780; MRR20: 0.03072
New best Recall@10: 0.07523, model updated.
--------------------
Epoch 16/200
--------------------
Loss: 7.602481365203857
Recall3: 0.03396; MRR3: 0.02248
Recall5: 0.04974; MRR5: 0.02603
Recall10: 0.08150; MRR10: 0.03026
Recall20: 0.12825; MRR20: 0.03346
New best Recall@10: 0.08150, model updated.
--------------------
Epoch 17/200
--------------------
Loss: 7.303923606872559
Recall3: 0.03609; MRR3: 0.02381
Recall5: 0.05054; MRR5: 0.02706
Recall10: 0.08050; MRR10: 0.03099
Recall20: 0.12590; MRR20: 0.03414
No improvement in Recall@10. Patience counter: 1/10
--------------------
Epoch 18/200
--------------------
Loss: 7.414353847503662
Recall3: 0.03666; MRR3: 0.02448
Recall5: 0.05106; MRR5: 0.02771
Recall10: 0.08225; MRR10: 0.03179
Recall20: 0.13029; MRR20: 0.03510
New best Recall@10: 0.08225, model updated.
--------------------
Epoch 19/200
--------------------
Loss: 7.641465187072754
Recall3: 0.03802; MRR3: 0.02548
Recall5: 0.05479; MRR5: 0.02921
Recall10: 0.08628; MRR10: 0.03331
Recall20: 0.13390; MRR20: 0.03660
New best Recall@10: 0.08628, model updated.
--------------------
Epoch 20/200
--------------------
Loss: 7.273961067199707
Recall3: 0.03826; MRR3: 0.02650
Recall5: 0.05370; MRR5: 0.02996
Recall10: 0.08588; MRR10: 0.03420
Recall20: 0.13361; MRR20: 0.03751
No improvement in Recall@10. Patience counter: 1/10
--------------------
Epoch 21/200
--------------------
Loss: 6.953022480010986
Recall3: 0.04017; MRR3: 0.02735
Recall5: 0.05770; MRR5: 0.03130
Recall10: 0.09129; MRR10: 0.03568
Recall20: 0.13946; MRR20: 0.03896
New best Recall@10: 0.09129, model updated.
--------------------
Epoch 22/200
--------------------
Loss: 8.159488677978516
Recall3: 0.04072; MRR3: 0.02654
Recall5: 0.05789; MRR5: 0.03040
Recall10: 0.09391; MRR10: 0.03510
Recall20: 0.14583; MRR20: 0.03862
New best Recall@10: 0.09391, model updated.
--------------------
Epoch 23/200
--------------------
Loss: 7.398662567138672
Recall3: 0.04427; MRR3: 0.02880
Recall5: 0.06100; MRR5: 0.03258
Recall10: 0.09717; MRR10: 0.03733
Recall20: 0.14706; MRR20: 0.04071
New best Recall@10: 0.09717, model updated.
--------------------
Epoch 24/200
--------------------
Loss: 8.17136287689209
Recall3: 0.04486; MRR3: 0.02981
Recall5: 0.06337; MRR5: 0.03394
Recall10: 0.09985; MRR10: 0.03873
Recall20: 0.15183; MRR20: 0.04225
New best Recall@10: 0.09985, model updated.
--------------------
Epoch 25/200
--------------------
Loss: 7.066908836364746
Recall3: 0.04331; MRR3: 0.02869
Recall5: 0.06256; MRR5: 0.03309
Recall10: 0.10015; MRR10: 0.03802
Recall20: 0.15229; MRR20: 0.04155
New best Recall@10: 0.10015, model updated.
--------------------
Epoch 26/200
--------------------
Loss: 6.883244514465332
Recall3: 0.04620; MRR3: 0.03041
Recall5: 0.06441; MRR5: 0.03457
Recall10: 0.10132; MRR10: 0.03944
Recall20: 0.15678; MRR20: 0.04321
New best Recall@10: 0.10132, model updated.
--------------------
Epoch 27/200
--------------------
Loss: 7.966095924377441
Recall3: 0.04521; MRR3: 0.03034
Recall5: 0.06422; MRR5: 0.03467
Recall10: 0.10218; MRR10: 0.03966
Recall20: 0.15557; MRR20: 0.04333
New best Recall@10: 0.10218, model updated.
--------------------
Epoch 28/200
--------------------
Loss: 6.392075538635254
Recall3: 0.04435; MRR3: 0.02937
Recall5: 0.06385; MRR5: 0.03378
Recall10: 0.10332; MRR10: 0.03903
Recall20: 0.15807; MRR20: 0.04279
New best Recall@10: 0.10332, model updated.
--------------------
Epoch 29/200
--------------------
Loss: 7.515824794769287
Recall3: 0.04755; MRR3: 0.03164
Recall5: 0.06943; MRR5: 0.03650
Recall10: 0.10898; MRR10: 0.04162
Recall20: 0.16305; MRR20: 0.04533
New best Recall@10: 0.10898, model updated.
--------------------
Epoch 30/200
--------------------
Loss: 5.645681858062744
Recall3: 0.04706; MRR3: 0.03078
Recall5: 0.06736; MRR5: 0.03538
Recall10: 0.10642; MRR10: 0.04050
Recall20: 0.16031; MRR20: 0.04420
No improvement in Recall@10. Patience counter: 1/10
--------------------
Epoch 31/200
--------------------
Loss: 7.047542095184326
Recall3: 0.04712; MRR3: 0.03110
Recall5: 0.06859; MRR5: 0.03598
Recall10: 0.10882; MRR10: 0.04121
Recall20: 0.16326; MRR20: 0.04493
No improvement in Recall@10. Patience counter: 2/10
--------------------
Epoch 32/200
--------------------
Loss: 6.928322792053223
Recall3: 0.04767; MRR3: 0.03181
Recall5: 0.06816; MRR5: 0.03645
Recall10: 0.10987; MRR10: 0.04188
Recall20: 0.16437; MRR20: 0.04562
New best Recall@10: 0.10987, model updated.
--------------------
Epoch 33/200
--------------------
Loss: 6.573885440826416
Recall3: 0.04737; MRR3: 0.03104
Recall5: 0.06957; MRR5: 0.03607
Recall10: 0.10962; MRR10: 0.04129
Recall20: 0.16499; MRR20: 0.04509
No improvement in Recall@10. Patience counter: 1/10
--------------------
Epoch 34/200
--------------------
Loss: 7.166016101837158
Recall3: 0.04866; MRR3: 0.03161
Recall5: 0.07087; MRR5: 0.03667
Recall10: 0.11286; MRR10: 0.04223
Recall20: 0.16994; MRR20: 0.04611
New best Recall@10: 0.11286, model updated.
--------------------
Epoch 35/200
--------------------
Loss: 7.361356258392334
Recall3: 0.04943; MRR3: 0.03239
Recall5: 0.07207; MRR5: 0.03751
Recall10: 0.11267; MRR10: 0.04278
Recall20: 0.16957; MRR20: 0.04666
No improvement in Recall@10. Patience counter: 1/10
--------------------
Epoch 36/200
--------------------
Loss: 6.828934669494629
Recall3: 0.04829; MRR3: 0.03125
Recall5: 0.07025; MRR5: 0.03624
Recall10: 0.11122; MRR10: 0.04161
Recall20: 0.16726; MRR20: 0.04543
No improvement in Recall@10. Patience counter: 2/10
--------------------
Epoch 37/200
--------------------
Loss: 7.514762878417969
Recall3: 0.04731; MRR3: 0.03240
Recall5: 0.07093; MRR5: 0.03771
Recall10: 0.11017; MRR10: 0.04283
Recall20: 0.16837; MRR20: 0.04682
No improvement in Recall@10. Patience counter: 3/10
--------------------
Epoch 38/200
--------------------
Loss: 6.563558101654053
Recall3: 0.04993; MRR3: 0.03342
Recall5: 0.07293; MRR5: 0.03862
Recall10: 0.11335; MRR10: 0.04392
Recall20: 0.17111; MRR20: 0.04788
New best Recall@10: 0.11335, model updated.
--------------------
Epoch 39/200
--------------------
Loss: 6.118797779083252
Recall3: 0.04884; MRR3: 0.03292
Recall5: 0.07283; MRR5: 0.03839
Recall10: 0.11214; MRR10: 0.04351
Recall20: 0.17416; MRR20: 0.04780
No improvement in Recall@10. Patience counter: 1/10
--------------------
Epoch 40/200
--------------------
Loss: 7.077864170074463
Recall3: 0.04940; MRR3: 0.03290
Recall5: 0.07087; MRR5: 0.03779
Recall10: 0.11495; MRR10: 0.04362
Recall20: 0.17333; MRR20: 0.04760
New best Recall@10: 0.11495, model updated.
--------------------
Epoch 41/200
--------------------
Loss: 6.350345611572266
Recall3: 0.05073; MRR3: 0.03271
Recall5: 0.07379; MRR5: 0.03795
Recall10: 0.11464; MRR10: 0.04331
Recall20: 0.17302; MRR20: 0.04730
No improvement in Recall@10. Patience counter: 1/10
--------------------
Epoch 42/200
--------------------
Loss: 6.787154197692871
Recall3: 0.05050; MRR3: 0.03383
Recall5: 0.07333; MRR5: 0.03900
Recall10: 0.11528; MRR10: 0.04451
Recall20: 0.17462; MRR20: 0.04856
New best Recall@10: 0.11528, model updated.
--------------------
Epoch 43/200
--------------------
Loss: 7.326301574707031
Recall3: 0.04909; MRR3: 0.03285
Recall5: 0.07228; MRR5: 0.03809
Recall10: 0.11433; MRR10: 0.04361
Recall20: 0.17419; MRR20: 0.04769
No improvement in Recall@10. Patience counter: 1/10
--------------------
Epoch 44/200
--------------------
Loss: 7.059722900390625
Recall3: 0.04983; MRR3: 0.03274
Recall5: 0.07210; MRR5: 0.03777
Recall10: 0.11350; MRR10: 0.04320
Recall20: 0.17058; MRR20: 0.04711
No improvement in Recall@10. Patience counter: 2/10
--------------------
Epoch 45/200
--------------------
Loss: 6.257632732391357
Recall3: 0.04977; MRR3: 0.03363
Recall5: 0.07154; MRR5: 0.03858
Recall10: 0.11380; MRR10: 0.04413
Recall20: 0.17323; MRR20: 0.04821
No improvement in Recall@10. Patience counter: 3/10
--------------------
Epoch 46/200
--------------------
Loss: 6.184361934661865
Recall3: 0.05020; MRR3: 0.03326
Recall5: 0.07453; MRR5: 0.03871
Recall10: 0.11636; MRR10: 0.04425
Recall20: 0.17247; MRR20: 0.04808
New best Recall@10: 0.11636, model updated.
--------------------
Epoch 47/200
--------------------
Loss: 6.655109882354736
Recall3: 0.05001; MRR3: 0.03366
Recall5: 0.07327; MRR5: 0.03893
Recall10: 0.11571; MRR10: 0.04452
Recall20: 0.17470; MRR20: 0.04852
No improvement in Recall@10. Patience counter: 1/10
--------------------
Epoch 48/200
--------------------
Loss: 6.3709259033203125
Recall3: 0.05294; MRR3: 0.03519
Recall5: 0.07562; MRR5: 0.04040
Recall10: 0.11886; MRR10: 0.04609
Recall20: 0.17607; MRR20: 0.04999
New best Recall@10: 0.11886, model updated.
--------------------
Epoch 49/200
--------------------
Loss: 7.692269325256348
Recall3: 0.05069; MRR3: 0.03414
Recall5: 0.07413; MRR5: 0.03946
Recall10: 0.11590; MRR10: 0.04495
Recall20: 0.17446; MRR20: 0.04895
No improvement in Recall@10. Patience counter: 1/10
--------------------
Epoch 50/200
--------------------
Loss: 7.326193809509277
Recall3: 0.05223; MRR3: 0.03499
Recall5: 0.07523; MRR5: 0.04016
Recall10: 0.11956; MRR10: 0.04589
Recall20: 0.17714; MRR20: 0.04979
New best Recall@10: 0.11956, model updated.
--------------------
Epoch 51/200
--------------------
Loss: 6.683289527893066
Recall3: 0.05007; MRR3: 0.03398
Recall5: 0.07234; MRR5: 0.03899
Recall10: 0.11766; MRR10: 0.04494
Recall20: 0.17659; MRR20: 0.04895
No improvement in Recall@10. Patience counter: 1/10
--------------------
Epoch 52/200
--------------------
Loss: 6.80055570602417
Recall3: 0.05118; MRR3: 0.03384
Recall5: 0.07382; MRR5: 0.03894
Recall10: 0.11583; MRR10: 0.04445
Recall20: 0.17440; MRR20: 0.04844
No improvement in Recall@10. Patience counter: 2/10
--------------------
Epoch 53/200
--------------------
Loss: 7.624229907989502
Recall3: 0.05063; MRR3: 0.03399
Recall5: 0.07277; MRR5: 0.03896
Recall10: 0.11442; MRR10: 0.04444
Recall20: 0.17415; MRR20: 0.04850
No improvement in Recall@10. Patience counter: 3/10
--------------------
Epoch 54/200
--------------------
Loss: 6.575429439544678
Recall3: 0.05396; MRR3: 0.03592
Recall5: 0.07512; MRR5: 0.04074
Recall10: 0.11886; MRR10: 0.04647
Recall20: 0.17619; MRR20: 0.05035
No improvement in Recall@10. Patience counter: 4/10
--------------------
Epoch 55/200
--------------------
Loss: 8.54326057434082
Recall3: 0.05118; MRR3: 0.03448
Recall5: 0.07370; MRR5: 0.03959
Recall10: 0.11626; MRR10: 0.04515
Recall20: 0.17612; MRR20: 0.04920
No improvement in Recall@10. Patience counter: 5/10
--------------------
Epoch 56/200
--------------------
Loss: 6.434586048126221
Recall3: 0.05143; MRR3: 0.03448
Recall5: 0.07339; MRR5: 0.03939
Recall10: 0.11583; MRR10: 0.04498
Recall20: 0.17415; MRR20: 0.04899
No improvement in Recall@10. Patience counter: 6/10
--------------------
Epoch 57/200
--------------------
Loss: 6.164756774902344
Recall3: 0.05069; MRR3: 0.03379
Recall5: 0.07216; MRR5: 0.03866
Recall10: 0.11491; MRR10: 0.04433
Recall20: 0.17378; MRR20: 0.04834
No improvement in Recall@10. Patience counter: 7/10
--------------------
Epoch 58/200
--------------------
Loss: 7.614284038543701
Recall3: 0.05050; MRR3: 0.03379
Recall5: 0.07333; MRR5: 0.03894
Recall10: 0.11716; MRR10: 0.04473
Recall20: 0.17431; MRR20: 0.04866
No improvement in Recall@10. Patience counter: 8/10
--------------------
Epoch 59/200
--------------------
Loss: 6.7402143478393555
Recall3: 0.05130; MRR3: 0.03437
Recall5: 0.07333; MRR5: 0.03930
Recall10: 0.11741; MRR10: 0.04522
Recall20: 0.17699; MRR20: 0.04930
No improvement in Recall@10. Patience counter: 9/10
--------------------
Epoch 60/200
--------------------
Loss: 6.222437858581543
Recall3: 0.05143; MRR3: 0.03401
Recall5: 0.07333; MRR5: 0.03895
Recall10: 0.11630; MRR10: 0.04469
Recall20: 0.17548; MRR20: 0.04874
No improvement in Recall@10. Patience counter: 10/10
Early stopping triggered. Best Recall@10: 0.11956
****************************************

Loading fine-tuning set data......
Users_a end at 94601
Loading fine-tuning set data......
Users_a end at 10484
Loading fine-tuning set data......
Users_a end at 10484
--------------------
Epoch 1/200
--------------------
Loss: 7.057321071624756 Loss_diff 0.757596492767334
Recall3_b: 0.05112; Mrr3: 0.03403
Recall5_b: 0.07220; Mrr5: 0.03873
Recall10_b: 0.11367; Mrr10: 0.04412
Recall20_b: 0.16914; Mrr20: 0.04790
New best Recall@10: 0.11367 at Epoch 1
--------------------
Epoch 2/200
--------------------
Loss: 6.002875328063965 Loss_diff 0.7529878616333008
Recall3_b: 0.05212; Mrr3: 0.03422
Recall5_b: 0.07281; Mrr5: 0.03888
Recall10_b: 0.11175; Mrr10: 0.04399
Recall20_b: 0.16992; Mrr20: 0.04797
No improvement in Recall@10. Patience counter: 1/10
--------------------
Epoch 3/200
--------------------
Loss: 6.826945781707764 Loss_diff 0.7483906745910645
Recall3_b: 0.05219; Mrr3: 0.03450
Recall5_b: 0.07164; Mrr5: 0.03887
Recall10_b: 0.11303; Mrr10: 0.04428
Recall20_b: 0.17103; Mrr20: 0.04821
No improvement in Recall@10. Patience counter: 2/10
--------------------
Epoch 4/200
--------------------
Loss: 6.3940205574035645 Loss_diff 0.7434654235839844
Recall3_b: 0.05150; Mrr3: 0.03371
Recall5_b: 0.07248; Mrr5: 0.03848
Recall10_b: 0.11339; Mrr10: 0.04385
Recall20_b: 0.16861; Mrr20: 0.04759
No improvement in Recall@10. Patience counter: 3/10
--------------------
Epoch 5/200
--------------------
Loss: 6.479536533355713 Loss_diff 0.7393214702606201
Recall3_b: 0.05125; Mrr3: 0.03347
Recall5_b: 0.07183; Mrr5: 0.03816
Recall10_b: 0.11276; Mrr10: 0.04344
Recall20_b: 0.16892; Mrr20: 0.04728
No improvement in Recall@10. Patience counter: 4/10
--------------------
Epoch 6/200
--------------------
Loss: 6.384275913238525 Loss_diff 0.7351502180099487
Recall3_b: 0.05195; Mrr3: 0.03353
Recall5_b: 0.07207; Mrr5: 0.03806
Recall10_b: 0.11601; Mrr10: 0.04378
Recall20_b: 0.16950; Mrr20: 0.04741
New best Recall@10: 0.11601 at Epoch 6
--------------------
Epoch 7/200
--------------------
Loss: 6.173758506774902 Loss_diff 0.7308409214019775
Recall3_b: 0.05167; Mrr3: 0.03409
Recall5_b: 0.07283; Mrr5: 0.03886
Recall10_b: 0.11572; Mrr10: 0.04450
Recall20_b: 0.16939; Mrr20: 0.04813
No improvement in Recall@10. Patience counter: 1/10
--------------------
Epoch 8/200
--------------------
Loss: 6.687037944793701 Loss_diff 0.7267413139343262
Recall3_b: 0.05066; Mrr3: 0.03311
Recall5_b: 0.07193; Mrr5: 0.03788
Recall10_b: 0.11291; Mrr10: 0.04326
Recall20_b: 0.16836; Mrr20: 0.04703
No improvement in Recall@10. Patience counter: 2/10
--------------------
Epoch 9/200
--------------------
Loss: 6.14313268661499 Loss_diff 0.7227518558502197
Recall3_b: 0.05218; Mrr3: 0.03433
Recall5_b: 0.07220; Mrr5: 0.03881
Recall10_b: 0.11411; Mrr10: 0.04429
Recall20_b: 0.17007; Mrr20: 0.04808
No improvement in Recall@10. Patience counter: 3/10
--------------------
Epoch 10/200
--------------------
Loss: 7.126957416534424 Loss_diff 0.7186574935913086
Recall3_b: 0.05121; Mrr3: 0.03352
Recall5_b: 0.07304; Mrr5: 0.03846
Recall10_b: 0.11623; Mrr10: 0.04409
Recall20_b: 0.16858; Mrr20: 0.04763
New best Recall@10: 0.11623 at Epoch 10
--------------------
Epoch 11/200
--------------------
Loss: 6.247812747955322 Loss_diff 0.7141704559326172
Recall3_b: 0.05072; Mrr3: 0.03347
Recall5_b: 0.07295; Mrr5: 0.03853
Recall10_b: 0.11453; Mrr10: 0.04397
Recall20_b: 0.16963; Mrr20: 0.04776
No improvement in Recall@10. Patience counter: 1/10
--------------------
Epoch 12/200
--------------------
Loss: 5.7390642166137695 Loss_diff 0.7105555534362793
Recall3_b: 0.05128; Mrr3: 0.03442
Recall5_b: 0.07238; Mrr5: 0.03920
Recall10_b: 0.11407; Mrr10: 0.04466
Recall20_b: 0.16881; Mrr20: 0.04839
No improvement in Recall@10. Patience counter: 2/10
--------------------
Epoch 13/200
--------------------
Loss: 7.168342113494873 Loss_diff 0.7061086893081665
Recall3_b: 0.05292; Mrr3: 0.03484
Recall5_b: 0.07658; Mrr5: 0.04012
Recall10_b: 0.11425; Mrr10: 0.04500
Recall20_b: 0.17175; Mrr20: 0.04891
No improvement in Recall@10. Patience counter: 3/10
--------------------
Epoch 14/200
--------------------
Loss: 6.548876762390137 Loss_diff 0.7022278308868408
Recall3_b: 0.05245; Mrr3: 0.03498
Recall5_b: 0.07362; Mrr5: 0.03975
Recall10_b: 0.11568; Mrr10: 0.04524
Recall20_b: 0.16901; Mrr20: 0.04889
No improvement in Recall@10. Patience counter: 4/10
--------------------
Epoch 15/200
--------------------
Loss: 6.341773509979248 Loss_diff 0.6982505321502686
Recall3_b: 0.05131; Mrr3: 0.03436
Recall5_b: 0.07352; Mrr5: 0.03933
Recall10_b: 0.11480; Mrr10: 0.04475
Recall20_b: 0.16961; Mrr20: 0.04847
No improvement in Recall@10. Patience counter: 5/10
--------------------
Epoch 16/200
--------------------
Loss: 6.106527328491211 Loss_diff 0.6945366859436035
Recall3_b: 0.05188; Mrr3: 0.03487
Recall5_b: 0.07375; Mrr5: 0.03980
Recall10_b: 0.11627; Mrr10: 0.04537
Recall20_b: 0.16894; Mrr20: 0.04894
New best Recall@10: 0.11627 at Epoch 16
--------------------
Epoch 17/200
--------------------
Loss: 6.594193935394287 Loss_diff 0.6908173561096191
Recall3_b: 0.05172; Mrr3: 0.03413
Recall5_b: 0.07383; Mrr5: 0.03917
Recall10_b: 0.11619; Mrr10: 0.04468
Recall20_b: 0.16892; Mrr20: 0.04821
No improvement in Recall@10. Patience counter: 1/10
--------------------
Epoch 18/200
--------------------
Loss: 6.145180702209473 Loss_diff 0.6868668794631958
Recall3_b: 0.05212; Mrr3: 0.03508
Recall5_b: 0.07358; Mrr5: 0.03995
Recall10_b: 0.11497; Mrr10: 0.04542
Recall20_b: 0.16920; Mrr20: 0.04916
No improvement in Recall@10. Patience counter: 2/10
--------------------
Epoch 19/200
--------------------
Loss: 6.163771629333496 Loss_diff 0.6828503608703613
Recall3_b: 0.05053; Mrr3: 0.03376
Recall5_b: 0.07437; Mrr5: 0.03919
Recall10_b: 0.11444; Mrr10: 0.04437
Recall20_b: 0.16717; Mrr20: 0.04799
No improvement in Recall@10. Patience counter: 3/10
--------------------
Epoch 20/200
--------------------
Loss: 6.347635269165039 Loss_diff 0.6797013878822327
Recall3_b: 0.05112; Mrr3: 0.03500
Recall5_b: 0.07401; Mrr5: 0.04015
Recall10_b: 0.11540; Mrr10: 0.04565
Recall20_b: 0.16939; Mrr20: 0.04933
No improvement in Recall@10. Patience counter: 4/10
--------------------
Epoch 21/200
--------------------
Loss: 5.863765239715576 Loss_diff 0.6756446361541748
Recall3_b: 0.05092; Mrr3: 0.03453
Recall5_b: 0.07380; Mrr5: 0.03978
Recall10_b: 0.11542; Mrr10: 0.04528
Recall20_b: 0.16903; Mrr20: 0.04896
No improvement in Recall@10. Patience counter: 5/10
--------------------
Epoch 22/200
--------------------
Loss: 5.678613185882568 Loss_diff 0.671832799911499
Recall3_b: 0.05045; Mrr3: 0.03416
Recall5_b: 0.07193; Mrr5: 0.03906
Recall10_b: 0.11380; Mrr10: 0.04459
Recall20_b: 0.16919; Mrr20: 0.04837
No improvement in Recall@10. Patience counter: 6/10
--------------------
Epoch 23/200
--------------------
Loss: 5.291508674621582 Loss_diff 0.6684278249740601
Recall3_b: 0.05139; Mrr3: 0.03503
Recall5_b: 0.07389; Mrr5: 0.04012
Recall10_b: 0.11432; Mrr10: 0.04543
Recall20_b: 0.16679; Mrr20: 0.04907
No improvement in Recall@10. Patience counter: 7/10
--------------------
Epoch 24/200
--------------------
Loss: 6.682007789611816 Loss_diff 0.6649481058120728
Recall3_b: 0.04957; Mrr3: 0.03408
Recall5_b: 0.07306; Mrr5: 0.03942
Recall10_b: 0.11379; Mrr10: 0.04480
Recall20_b: 0.17009; Mrr20: 0.04866
No improvement in Recall@10. Patience counter: 8/10
--------------------
Epoch 25/200
--------------------
Loss: 5.457380294799805 Loss_diff 0.6611168384552002
Recall3_b: 0.05167; Mrr3: 0.03453
Recall5_b: 0.07331; Mrr5: 0.03941
Recall10_b: 0.11298; Mrr10: 0.04462
Recall20_b: 0.16895; Mrr20: 0.04851
No improvement in Recall@10. Patience counter: 9/10
--------------------
Epoch 26/200
--------------------
Loss: 5.257426738739014 Loss_diff 0.6576065421104431
Recall3_b: 0.05080; Mrr3: 0.03441
Recall5_b: 0.07256; Mrr5: 0.03930
Recall10_b: 0.11518; Mrr10: 0.04492
Recall20_b: 0.16924; Mrr20: 0.04862
No improvement in Recall@10. Patience counter: 10/10
Early stopping triggered. Best Recall@10: 0.11627 at Epoch 16
已完成训练，测试结果：
=== Evaluation Metrics ===
Recall @3 @5 @10 @20:
0.0394
0.0594
0.0906
0.1383
NDCG @3 @5 @10 @20:
0.0293
0.0375
0.0474
0.0594
MRR @3 @5 @10 @20:
0.0258
0.0303
0.0344
0.0376
Total time cost: 2949.03 seconds.
