=== model training parameter configuration ===
device              : cpu
seed                : 608
dataset             : AM-MB
A_domain            : Amazon-KG-5core-Books
B_domain            : Amazon-KG-5core-Movies_and_TV
epoch               : 200
batch_size          : 128
patience            : 10
hidden_units        : 100
maxlen              : 15
min_len             : 0
A_size              : 8318
B_size              : 4779
all_size            : 13097
lr                  : 0.0001
lr_decline          : False
dropout_rate        : 0.45
Lambda              : 0.002
n_heads             : 1
n_layers            : 1
d_k                 : 100
d_v                 : 100
d_ff                : 2048
Strategy            : default
pretrained_embedding_path: pretrain/transE/
prompt_num_S        : 2
prompt_num          : 2
prompt_agg          : mean_noise
prompt_agg_use_all  : False
use_KG              : True
use_shared          : True
use_spec            : True
use_disen           : True
disen_way           : info
freeze_shared_prompt: True
freeze_model        : False
=========================
Loading pre-training set data......
Users_a end at 94601
Users_b start at 84118
Loading pre-training set data......
Users_a end at 10484
Users_b start at 10485
========prompt_agg_use_all=False========
[KG] common.rel: 221 relations, specific.rel: 1134 relations
--------------------
Epoch 1/200
--------------------
Loss: 8.785590171813965
Recall3: 0.00892; MRR3: 0.00559
Recall5: 0.01255; MRR5: 0.00636
Recall10: 0.01839; MRR10: 0.00711
Recall20: 0.03285; MRR20: 0.00809
New best Recall@10: 0.01839, model updated.
--------------------
Epoch 2/200
--------------------
Loss: 8.881589889526367
Recall3: 0.00652; MRR3: 0.00498
Recall5: 0.01046; MRR5: 0.00586
Recall10: 0.01938; MRR10: 0.00702
Recall20: 0.03100; MRR20: 0.00784
New best Recall@10: 0.01938, model updated.
--------------------
Epoch 3/200
--------------------
Loss: 8.388757705688477
Recall3: 0.01033; MRR3: 0.00690
Recall5: 0.01495; MRR5: 0.00793
Recall10: 0.02424; MRR10: 0.00915
Recall20: 0.03900; MRR20: 0.01016
New best Recall@10: 0.02424, model updated.
--------------------
Epoch 4/200
--------------------
Loss: 7.996215343475342
Recall3: 0.01341; MRR3: 0.00807
Recall5: 0.01864; MRR5: 0.00929
Recall10: 0.02928; MRR10: 0.01066
Recall20: 0.05026; MRR20: 0.01208
New best Recall@10: 0.02928, model updated.
--------------------
Epoch 5/200
--------------------
Loss: 7.74261999130249
Recall3: 0.01501; MRR3: 0.00983
Recall5: 0.02122; MRR5: 0.01122
Recall10: 0.03652; MRR10: 0.01322
Recall20: 0.06272; MRR20: 0.01497
New best Recall@10: 0.03652, model updated.
--------------------
Epoch 6/200
--------------------
Loss: 8.164958000183105
Recall3: 0.01556; MRR3: 0.01030
Recall5: 0.02411; MRR5: 0.01223
Recall10: 0.03900; MRR10: 0.01415
Recall20: 0.06742; MRR20: 0.01605
New best Recall@10: 0.03900, model updated.
--------------------
Epoch 7/200
--------------------
Loss: 8.334080696105957
Recall3: 0.01932; MRR3: 0.01195
Recall5: 0.02891; MRR5: 0.01410
Recall10: 0.04589; MRR10: 0.01634
Recall20: 0.07712; MRR20: 0.01841
New best Recall@10: 0.04589, model updated.
--------------------
Epoch 8/200
--------------------
Loss: 7.957355976104736
Recall3: 0.02442; MRR3: 0.01534
Recall5: 0.03525; MRR5: 0.01780
Recall10: 0.05364; MRR10: 0.02021
Recall20: 0.08520; MRR20: 0.02236
New best Recall@10: 0.05364, model updated.
--------------------
Epoch 9/200
--------------------
Loss: 7.8442511558532715
Recall3: 0.02547; MRR3: 0.01668
Recall5: 0.03863; MRR5: 0.01967
Recall10: 0.05936; MRR10: 0.02242
Recall20: 0.09400; MRR20: 0.02474
New best Recall@10: 0.05936, model updated.
--------------------
Epoch 10/200
--------------------
Loss: 8.00780963897705
Recall3: 0.02639; MRR3: 0.01750
Recall5: 0.04042; MRR5: 0.02070
Recall10: 0.06195; MRR10: 0.02352
Recall20: 0.10064; MRR20: 0.02614
New best Recall@10: 0.06195, model updated.
--------------------
Epoch 11/200
--------------------
Loss: 7.69838285446167
Recall3: 0.02799; MRR3: 0.01804
Recall5: 0.04109; MRR5: 0.02102
Recall10: 0.06754; MRR10: 0.02454
Recall20: 0.10882; MRR20: 0.02736
New best Recall@10: 0.06754, model updated.
--------------------
Epoch 12/200
--------------------
Loss: 7.8645782470703125
Recall3: 0.02854; MRR3: 0.01852
Recall5: 0.04414; MRR5: 0.02208
Recall10: 0.07109; MRR10: 0.02561
Recall20: 0.11542; MRR20: 0.02863
New best Recall@10: 0.07109, model updated.
--------------------
Epoch 13/200
--------------------
Loss: 7.717458248138428
Recall3: 0.03088; MRR3: 0.01999
Recall5: 0.04398; MRR5: 0.02296
Recall10: 0.07425; MRR10: 0.02696
Recall20: 0.11716; MRR20: 0.02989
New best Recall@10: 0.07425, model updated.
--------------------
Epoch 14/200
--------------------
Loss: 8.010740280151367
Recall3: 0.03143; MRR3: 0.02061
Recall5: 0.04651; MRR5: 0.02403
Recall10: 0.07499; MRR10: 0.02778
Recall20: 0.12032; MRR20: 0.03089
New best Recall@10: 0.07499, model updated.
--------------------
Epoch 15/200
--------------------
Loss: 8.603279113769531
Recall3: 0.03322; MRR3: 0.02199
Recall5: 0.04663; MRR5: 0.02504
Recall10: 0.07634; MRR10: 0.02897
Recall20: 0.12104; MRR20: 0.03203
New best Recall@10: 0.07634, model updated.
--------------------
Epoch 16/200
--------------------
Loss: 7.630812644958496
Recall3: 0.03414; MRR3: 0.02260
Recall5: 0.05017; MRR5: 0.02621
Recall10: 0.08334; MRR10: 0.03052
Recall20: 0.13148; MRR20: 0.03387
New best Recall@10: 0.08334, model updated.
--------------------
Epoch 17/200
--------------------
Loss: 7.245098114013672
Recall3: 0.03750; MRR3: 0.02583
Recall5: 0.05097; MRR5: 0.02890
Recall10: 0.08228; MRR10: 0.03304
Recall20: 0.12719; MRR20: 0.03612
No improvement in Recall@10. Patience counter: 1/10
--------------------
Epoch 18/200
--------------------
Loss: 7.431471347808838
Recall3: 0.03691; MRR3: 0.02564
Recall5: 0.05167; MRR5: 0.02894
Recall10: 0.08440; MRR10: 0.03319
Recall20: 0.13023; MRR20: 0.03636
New best Recall@10: 0.08440, model updated.
--------------------
Epoch 19/200
--------------------
Loss: 7.4830427169799805
Recall3: 0.03919; MRR3: 0.02627
Recall5: 0.05376; MRR5: 0.02953
Recall10: 0.08557; MRR10: 0.03366
Recall20: 0.13519; MRR20: 0.03705
New best Recall@10: 0.08557, model updated.
--------------------
Epoch 20/200
--------------------
Loss: 7.2733354568481445
Recall3: 0.03925; MRR3: 0.02677
Recall5: 0.05395; MRR5: 0.03007
Recall10: 0.08717; MRR10: 0.03442
Recall20: 0.13761; MRR20: 0.03789
New best Recall@10: 0.08717, model updated.
--------------------
Epoch 21/200
--------------------
Loss: 6.922276020050049
Recall3: 0.04060; MRR3: 0.02719
Recall5: 0.05623; MRR5: 0.03075
Recall10: 0.09129; MRR10: 0.03533
Recall20: 0.14044; MRR20: 0.03865
New best Recall@10: 0.09129, model updated.
--------------------
Epoch 22/200
--------------------
Loss: 8.194746017456055
Recall3: 0.04017; MRR3: 0.02667
Recall5: 0.05770; MRR5: 0.03067
Recall10: 0.09252; MRR10: 0.03523
Recall20: 0.14466; MRR20: 0.03879
New best Recall@10: 0.09252, model updated.
--------------------
Epoch 23/200
--------------------
Loss: 7.467886447906494
Recall3: 0.04359; MRR3: 0.02880
Recall5: 0.06118; MRR5: 0.03280
Recall10: 0.09754; MRR10: 0.03750
Recall20: 0.14706; MRR20: 0.04090
New best Recall@10: 0.09754, model updated.
--------------------
Epoch 24/200
--------------------
Loss: 8.084867477416992
Recall3: 0.04553; MRR3: 0.03016
Recall5: 0.06257; MRR5: 0.03400
Recall10: 0.09893; MRR10: 0.03875
Recall20: 0.15017; MRR20: 0.04225
New best Recall@10: 0.09893, model updated.
--------------------
Epoch 25/200
--------------------
Loss: 6.897820949554443
Recall3: 0.04349; MRR3: 0.02881
Recall5: 0.06305; MRR5: 0.03327
Recall10: 0.10064; MRR10: 0.03813
Recall20: 0.15059; MRR20: 0.04155
New best Recall@10: 0.10064, model updated.
--------------------
Epoch 26/200
--------------------
Loss: 7.047589302062988
Recall3: 0.04497; MRR3: 0.02975
Recall5: 0.06318; MRR5: 0.03390
Recall10: 0.10138; MRR10: 0.03891
Recall20: 0.15610; MRR20: 0.04264
New best Recall@10: 0.10138, model updated.
--------------------
Epoch 27/200
--------------------
Loss: 7.845934867858887
Recall3: 0.04528; MRR3: 0.02964
Recall5: 0.06453; MRR5: 0.03399
Recall10: 0.10095; MRR10: 0.03876
Recall20: 0.15428; MRR20: 0.04242
No improvement in Recall@10. Patience counter: 1/10
--------------------
Epoch 28/200
--------------------
Loss: 6.436675071716309
Recall3: 0.04466; MRR3: 0.02980
Recall5: 0.06330; MRR5: 0.03402
Recall10: 0.10357; MRR10: 0.03925
Recall20: 0.15684; MRR20: 0.04289
New best Recall@10: 0.10357, model updated.
--------------------
Epoch 29/200
--------------------
Loss: 7.470919609069824
Recall3: 0.04792; MRR3: 0.03089
Recall5: 0.06699; MRR5: 0.03518
Recall10: 0.10874; MRR10: 0.04063
Recall20: 0.16342; MRR20: 0.04437
New best Recall@10: 0.10874, model updated.
--------------------
Epoch 30/200
--------------------
Loss: 5.6458845138549805
Recall3: 0.04564; MRR3: 0.02966
Recall5: 0.06662; MRR5: 0.03443
Recall10: 0.10525; MRR10: 0.03952
Recall20: 0.16013; MRR20: 0.04331
No improvement in Recall@10. Patience counter: 1/10
--------------------
Epoch 31/200
--------------------
Loss: 7.011090278625488
Recall3: 0.04712; MRR3: 0.03029
Recall5: 0.06674; MRR5: 0.03469
Recall10: 0.10716; MRR10: 0.04004
Recall20: 0.16293; MRR20: 0.04390
No improvement in Recall@10. Patience counter: 2/10
--------------------
Epoch 32/200
--------------------
Loss: 6.891812801361084
Recall3: 0.04718; MRR3: 0.03129
Recall5: 0.06853; MRR5: 0.03617
Recall10: 0.10814; MRR10: 0.04141
Recall20: 0.16566; MRR20: 0.04536
No improvement in Recall@10. Patience counter: 3/10
--------------------
Epoch 33/200
--------------------
Loss: 6.592052936553955
Recall3: 0.04700; MRR3: 0.03043
Recall5: 0.06724; MRR5: 0.03502
Recall10: 0.10950; MRR10: 0.04059
Recall20: 0.16474; MRR20: 0.04435
New best Recall@10: 0.10950, model updated.
--------------------
Epoch 34/200
--------------------
Loss: 7.113961696624756
Recall3: 0.04866; MRR3: 0.03185
Recall5: 0.06927; MRR5: 0.03654
Recall10: 0.11316; MRR10: 0.04232
Recall20: 0.16988; MRR20: 0.04616
New best Recall@10: 0.11316, model updated.
--------------------
Epoch 35/200
--------------------
Loss: 7.396363258361816
Recall3: 0.05054; MRR3: 0.03229
Recall5: 0.07078; MRR5: 0.03687
Recall10: 0.11243; MRR10: 0.04237
Recall20: 0.17060; MRR20: 0.04632
No improvement in Recall@10. Patience counter: 1/10
--------------------
Epoch 36/200
--------------------
Loss: 6.856098175048828
Recall3: 0.04847; MRR3: 0.03151
Recall5: 0.06988; MRR5: 0.03636
Recall10: 0.11134; MRR10: 0.04182
Recall20: 0.16671; MRR20: 0.04561
No improvement in Recall@10. Patience counter: 2/10
--------------------
Epoch 37/200
--------------------
Loss: 7.422812461853027
Recall3: 0.04841; MRR3: 0.03150
Recall5: 0.07031; MRR5: 0.03648
Recall10: 0.11067; MRR10: 0.04177
Recall20: 0.16745; MRR20: 0.04564
No improvement in Recall@10. Patience counter: 3/10
--------------------
Epoch 38/200
--------------------
Loss: 6.815856456756592
Recall3: 0.05017; MRR3: 0.03313
Recall5: 0.07299; MRR5: 0.03835
Recall10: 0.11273; MRR10: 0.04356
Recall20: 0.17019; MRR20: 0.04750
No improvement in Recall@10. Patience counter: 4/10
--------------------
Epoch 39/200
--------------------
Loss: 5.881666660308838
Recall3: 0.04964; MRR3: 0.03230
Recall5: 0.07000; MRR5: 0.03691
Recall10: 0.11208; MRR10: 0.04243
Recall20: 0.17183; MRR20: 0.04655
No improvement in Recall@10. Patience counter: 5/10
--------------------
Epoch 40/200
--------------------
Loss: 6.858558177947998
Recall3: 0.05020; MRR3: 0.03269
Recall5: 0.07105; MRR5: 0.03747
Recall10: 0.11489; MRR10: 0.04323
Recall20: 0.17185; MRR20: 0.04711
New best Recall@10: 0.11489, model updated.
--------------------
Epoch 41/200
--------------------
Loss: 6.25540018081665
Recall3: 0.05054; MRR3: 0.03316
Recall5: 0.07170; MRR5: 0.03795
Recall10: 0.11581; MRR10: 0.04376
Recall20: 0.17367; MRR20: 0.04771
New best Recall@10: 0.11581, model updated.
--------------------
Epoch 42/200
--------------------
Loss: 6.8257060050964355
Recall3: 0.05007; MRR3: 0.03323
Recall5: 0.07222; MRR5: 0.03828
Recall10: 0.11636; MRR10: 0.04410
Recall20: 0.17173; MRR20: 0.04792
New best Recall@10: 0.11636, model updated.
--------------------
Epoch 43/200
--------------------
Loss: 7.3970723152160645
Recall3: 0.04891; MRR3: 0.03215
Recall5: 0.07277; MRR5: 0.03756
Recall10: 0.11288; MRR10: 0.04278
Recall20: 0.16794; MRR20: 0.04654
No improvement in Recall@10. Patience counter: 1/10
--------------------
Epoch 44/200
--------------------
Loss: 7.10227108001709
Recall3: 0.04921; MRR3: 0.03134
Recall5: 0.07216; MRR5: 0.03649
Recall10: 0.11153; MRR10: 0.04163
Recall20: 0.16874; MRR20: 0.04556
No improvement in Recall@10. Patience counter: 2/10
--------------------
Epoch 45/200
--------------------
Loss: 6.129680633544922
Recall3: 0.05057; MRR3: 0.03297
Recall5: 0.07222; MRR5: 0.03786
Recall10: 0.11460; MRR10: 0.04340
Recall20: 0.17021; MRR20: 0.04714
No improvement in Recall@10. Patience counter: 3/10
--------------------
Epoch 46/200
--------------------
Loss: 6.020129203796387
Recall3: 0.05173; MRR3: 0.03320
Recall5: 0.07410; MRR5: 0.03821
Recall10: 0.11575; MRR10: 0.04371
Recall20: 0.17203; MRR20: 0.04756
No improvement in Recall@10. Patience counter: 4/10
--------------------
Epoch 47/200
--------------------
Loss: 6.752658843994141
Recall3: 0.05137; MRR3: 0.03305
Recall5: 0.07259; MRR5: 0.03788
Recall10: 0.11467; MRR10: 0.04331
Recall20: 0.17101; MRR20: 0.04717
No improvement in Recall@10. Patience counter: 5/10
--------------------
Epoch 48/200
--------------------
Loss: 6.322348594665527
Recall3: 0.05183; MRR3: 0.03343
Recall5: 0.07373; MRR5: 0.03838
Recall10: 0.11837; MRR10: 0.04421
Recall20: 0.17484; MRR20: 0.04806
New best Recall@10: 0.11837, model updated.
--------------------
Epoch 49/200
--------------------
Loss: 7.86392879486084
Recall3: 0.05057; MRR3: 0.03304
Recall5: 0.07283; MRR5: 0.03805
Recall10: 0.11565; MRR10: 0.04370
Recall20: 0.17274; MRR20: 0.04760
No improvement in Recall@10. Patience counter: 1/10
--------------------
Epoch 50/200
--------------------
Loss: 7.39575719833374
Recall3: 0.05198; MRR3: 0.03387
Recall5: 0.07413; MRR5: 0.03890
Recall10: 0.11559; MRR10: 0.04434
Recall20: 0.17517; MRR20: 0.04842
No improvement in Recall@10. Patience counter: 2/10
--------------------
Epoch 51/200
--------------------
Loss: 6.465097904205322
Recall3: 0.05044; MRR3: 0.03321
Recall5: 0.07339; MRR5: 0.03837
Recall10: 0.11716; MRR10: 0.04408
Recall20: 0.17499; MRR20: 0.04806
No improvement in Recall@10. Patience counter: 3/10
--------------------
Epoch 52/200
--------------------
Loss: 7.108737945556641
Recall3: 0.05137; MRR3: 0.03404
Recall5: 0.07277; MRR5: 0.03888
Recall10: 0.11374; MRR10: 0.04428
Recall20: 0.17335; MRR20: 0.04837
No improvement in Recall@10. Patience counter: 4/10
--------------------
Epoch 53/200
--------------------
Loss: 7.6891093254089355
Recall3: 0.05032; MRR3: 0.03346
Recall5: 0.07290; MRR5: 0.03859
Recall10: 0.11417; MRR10: 0.04401
Recall20: 0.17058; MRR20: 0.04789
No improvement in Recall@10. Patience counter: 5/10
--------------------
Epoch 54/200
--------------------
Loss: 6.340285301208496
Recall3: 0.05251; MRR3: 0.03448
Recall5: 0.07435; MRR5: 0.03947
Recall10: 0.11714; MRR10: 0.04511
Recall20: 0.17669; MRR20: 0.04922
No improvement in Recall@10. Patience counter: 6/10
--------------------
Epoch 55/200
--------------------
Loss: 8.330968856811523
Recall3: 0.05180; MRR3: 0.03435
Recall5: 0.07253; MRR5: 0.03906
Recall10: 0.11516; MRR10: 0.04466
Recall20: 0.17237; MRR20: 0.04862
No improvement in Recall@10. Patience counter: 7/10
--------------------
Epoch 56/200
--------------------
Loss: 6.467563629150391
Recall3: 0.05149; MRR3: 0.03391
Recall5: 0.07308; MRR5: 0.03879
Recall10: 0.11565; MRR10: 0.04440
Recall20: 0.17188; MRR20: 0.04828
No improvement in Recall@10. Patience counter: 8/10
--------------------
Epoch 57/200
--------------------
Loss: 6.088143348693848
Recall3: 0.05020; MRR3: 0.03332
Recall5: 0.07308; MRR5: 0.03848
Recall10: 0.11583; MRR10: 0.04405
Recall20: 0.17212; MRR20: 0.04797
No improvement in Recall@10. Patience counter: 9/10
--------------------
Epoch 58/200
--------------------
Loss: 8.015204429626465
Recall3: 0.05149; MRR3: 0.03442
Recall5: 0.07234; MRR5: 0.03915
Recall10: 0.11503; MRR10: 0.04470
Recall20: 0.17548; MRR20: 0.04889
No improvement in Recall@10. Patience counter: 10/10
Early stopping triggered. Best Recall@10: 0.11837
****************************************

Loading fine-tuning set data......
Users_a end at 94601
Loading fine-tuning set data......
Users_a end at 10484
Loading fine-tuning set data......
Users_a end at 10484
--------------------
Epoch 1/200
--------------------
Loss: 6.314310550689697 Loss_diff 0.7693997025489807
Recall3_b: 0.04958; Mrr3: 0.03271
Recall5_b: 0.07140; Mrr5: 0.03770
Recall10_b: 0.11343; Mrr10: 0.04317
Recall20_b: 0.16848; Mrr20: 0.04689
New best Recall@10: 0.11343 at Epoch 1
--------------------
Epoch 2/200
--------------------
Loss: 6.862097263336182 Loss_diff 0.763063907623291
Recall3_b: 0.05020; Mrr3: 0.03292
Recall5_b: 0.07110; Mrr5: 0.03768
Recall10_b: 0.11279; Mrr10: 0.04315
Recall20_b: 0.17037; Mrr20: 0.04711
No improvement in Recall@10. Patience counter: 1/10
--------------------
Epoch 3/200
--------------------
Loss: 5.99948263168335 Loss_diff 0.7572693228721619
Recall3_b: 0.05002; Mrr3: 0.03258
Recall5_b: 0.07205; Mrr5: 0.03751
Recall10_b: 0.11437; Mrr10: 0.04300
Recall20_b: 0.17150; Mrr20: 0.04687
New best Recall@10: 0.11437 at Epoch 3
--------------------
Epoch 4/200
--------------------
Loss: 6.081832408905029 Loss_diff 0.7514224648475647
Recall3_b: 0.05151; Mrr3: 0.03403
Recall5_b: 0.07233; Mrr5: 0.03874
Recall10_b: 0.11285; Mrr10: 0.04407
Recall20_b: 0.17123; Mrr20: 0.04806
No improvement in Recall@10. Patience counter: 1/10
--------------------
Epoch 5/200
--------------------
Loss: 6.08188533782959 Loss_diff 0.746143639087677
Recall3_b: 0.05141; Mrr3: 0.03417
Recall5_b: 0.07410; Mrr5: 0.03925
Recall10_b: 0.11321; Mrr10: 0.04435
Recall20_b: 0.17185; Mrr20: 0.04835
No improvement in Recall@10. Patience counter: 2/10
--------------------
Epoch 6/200
--------------------
Loss: 6.196910858154297 Loss_diff 0.7406890988349915
Recall3_b: 0.05061; Mrr3: 0.03359
Recall5_b: 0.07199; Mrr5: 0.03837
Recall10_b: 0.11178; Mrr10: 0.04361
Recall20_b: 0.17063; Mrr20: 0.04769
No improvement in Recall@10. Patience counter: 3/10
--------------------
Epoch 7/200
--------------------
Loss: 6.623391628265381 Loss_diff 0.7354263067245483
Recall3_b: 0.04978; Mrr3: 0.03281
Recall5_b: 0.07258; Mrr5: 0.03802
Recall10_b: 0.11389; Mrr10: 0.04336
Recall20_b: 0.17076; Mrr20: 0.04728
No improvement in Recall@10. Patience counter: 4/10
--------------------
Epoch 8/200
--------------------
Loss: 5.639914035797119 Loss_diff 0.7299450039863586
Recall3_b: 0.05028; Mrr3: 0.03367
Recall5_b: 0.07317; Mrr5: 0.03880
Recall10_b: 0.11476; Mrr10: 0.04415
Recall20_b: 0.17064; Mrr20: 0.04796
New best Recall@10: 0.11476 at Epoch 8
--------------------
Epoch 9/200
--------------------
Loss: 6.0274457931518555 Loss_diff 0.7241976857185364
Recall3_b: 0.05083; Mrr3: 0.03407
Recall5_b: 0.07222; Mrr5: 0.03896
Recall10_b: 0.11408; Mrr10: 0.04443
Recall20_b: 0.17218; Mrr20: 0.04840
No improvement in Recall@10. Patience counter: 1/10
--------------------
Epoch 10/200
--------------------
Loss: 6.124303817749023 Loss_diff 0.7188290953636169
Recall3_b: 0.04999; Mrr3: 0.03306
Recall5_b: 0.07069; Mrr5: 0.03776
Recall10_b: 0.11323; Mrr10: 0.04327
Recall20_b: 0.17353; Mrr20: 0.04743
No improvement in Recall@10. Patience counter: 2/10
--------------------
Epoch 11/200
--------------------
Loss: 6.02836799621582 Loss_diff 0.7137209177017212
Recall3_b: 0.04971; Mrr3: 0.03334
Recall5_b: 0.07231; Mrr5: 0.03848
Recall10_b: 0.11342; Mrr10: 0.04389
Recall20_b: 0.17179; Mrr20: 0.04793
No improvement in Recall@10. Patience counter: 3/10
--------------------
Epoch 12/200
--------------------
Loss: 6.275471210479736 Loss_diff 0.7080666422843933
Recall3_b: 0.04872; Mrr3: 0.03341
Recall5_b: 0.06980; Mrr5: 0.03819
Recall10_b: 0.11549; Mrr10: 0.04417
Recall20_b: 0.17177; Mrr20: 0.04804
New best Recall@10: 0.11549 at Epoch 12
--------------------
Epoch 13/200
--------------------
Loss: 6.460714340209961 Loss_diff 0.7033818960189819
Recall3_b: 0.04865; Mrr3: 0.03325
Recall5_b: 0.06935; Mrr5: 0.03790
Recall10_b: 0.11609; Mrr10: 0.04398
Recall20_b: 0.17163; Mrr20: 0.04780
New best Recall@10: 0.11609 at Epoch 13
--------------------
Epoch 14/200
--------------------
Loss: 5.465795040130615 Loss_diff 0.6986058950424194
Recall3_b: 0.05025; Mrr3: 0.03339
Recall5_b: 0.07151; Mrr5: 0.03817
Recall10_b: 0.11549; Mrr10: 0.04388
Recall20_b: 0.17062; Mrr20: 0.04770
No improvement in Recall@10. Patience counter: 1/10
--------------------
Epoch 15/200
--------------------
Loss: 6.006314754486084 Loss_diff 0.6937803030014038
Recall3_b: 0.05044; Mrr3: 0.03347
Recall5_b: 0.07258; Mrr5: 0.03847
Recall10_b: 0.11534; Mrr10: 0.04402
Recall20_b: 0.17030; Mrr20: 0.04785
No improvement in Recall@10. Patience counter: 2/10
--------------------
Epoch 16/200
--------------------
Loss: 6.53776741027832 Loss_diff 0.688796877861023
Recall3_b: 0.04914; Mrr3: 0.03301
Recall5_b: 0.07088; Mrr5: 0.03800
Recall10_b: 0.11333; Mrr10: 0.04355
Recall20_b: 0.17096; Mrr20: 0.04753
No improvement in Recall@10. Patience counter: 3/10
--------------------
Epoch 17/200
--------------------
Loss: 5.920772552490234 Loss_diff 0.683794379234314
Recall3_b: 0.05054; Mrr3: 0.03396
Recall5_b: 0.07427; Mrr5: 0.03930
Recall10_b: 0.11756; Mrr10: 0.04492
Recall20_b: 0.17240; Mrr20: 0.04868
New best Recall@10: 0.11756 at Epoch 17
--------------------
Epoch 18/200
--------------------
Loss: 6.174450874328613 Loss_diff 0.6787129044532776
Recall3_b: 0.04809; Mrr3: 0.03215
Recall5_b: 0.07096; Mrr5: 0.03732
Recall10_b: 0.11679; Mrr10: 0.04337
Recall20_b: 0.17230; Mrr20: 0.04717
No improvement in Recall@10. Patience counter: 1/10
--------------------
Epoch 19/200
--------------------
Loss: 5.897500514984131 Loss_diff 0.6745607852935791
Recall3_b: 0.04967; Mrr3: 0.03381
Recall5_b: 0.07238; Mrr5: 0.03898
Recall10_b: 0.11493; Mrr10: 0.04456
Recall20_b: 0.16920; Mrr20: 0.04831
No improvement in Recall@10. Patience counter: 2/10
--------------------
Epoch 20/200
--------------------
Loss: 6.511122703552246 Loss_diff 0.6696646213531494
Recall3_b: 0.04902; Mrr3: 0.03340
Recall5_b: 0.07096; Mrr5: 0.03830
Recall10_b: 0.11380; Mrr10: 0.04395
Recall20_b: 0.17058; Mrr20: 0.04789
No improvement in Recall@10. Patience counter: 3/10
--------------------
Epoch 21/200
--------------------
Loss: 6.612362861633301 Loss_diff 0.665290355682373
Recall3_b: 0.05063; Mrr3: 0.03356
Recall5_b: 0.07293; Mrr5: 0.03858
Recall10_b: 0.11539; Mrr10: 0.04412
Recall20_b: 0.17243; Mrr20: 0.04802
No improvement in Recall@10. Patience counter: 4/10
--------------------
Epoch 22/200
--------------------
Loss: 5.495687007904053 Loss_diff 0.6608829498291016
Recall3_b: 0.04961; Mrr3: 0.03320
Recall5_b: 0.07297; Mrr5: 0.03849
Recall10_b: 0.11569; Mrr10: 0.04403
Recall20_b: 0.17126; Mrr20: 0.04784
No improvement in Recall@10. Patience counter: 5/10
--------------------
Epoch 23/200
--------------------
Loss: 5.78310489654541 Loss_diff 0.6560274958610535
Recall3_b: 0.04941; Mrr3: 0.03364
Recall5_b: 0.07003; Mrr5: 0.03826
Recall10_b: 0.11516; Mrr10: 0.04427
Recall20_b: 0.17076; Mrr20: 0.04813
No improvement in Recall@10. Patience counter: 6/10
--------------------
Epoch 24/200
--------------------
Loss: 5.45363187789917 Loss_diff 0.6521378755569458
Recall3_b: 0.04977; Mrr3: 0.03350
Recall5_b: 0.07187; Mrr5: 0.03845
Recall10_b: 0.11564; Mrr10: 0.04417
Recall20_b: 0.17166; Mrr20: 0.04801
No improvement in Recall@10. Patience counter: 7/10
--------------------
Epoch 25/200
--------------------
Loss: 5.884767055511475 Loss_diff 0.6474899053573608
Recall3_b: 0.05063; Mrr3: 0.03360
Recall5_b: 0.07142; Mrr5: 0.03827
Recall10_b: 0.11344; Mrr10: 0.04383
Recall20_b: 0.17036; Mrr20: 0.04776
No improvement in Recall@10. Patience counter: 8/10
--------------------
Epoch 26/200
--------------------
Loss: 4.910285472869873 Loss_diff 0.6432316303253174
Recall3_b: 0.04989; Mrr3: 0.03365
Recall5_b: 0.07087; Mrr5: 0.03838
Recall10_b: 0.11435; Mrr10: 0.04406
Recall20_b: 0.17163; Mrr20: 0.04799
No improvement in Recall@10. Patience counter: 9/10
--------------------
Epoch 27/200
--------------------
Loss: 6.341422080993652 Loss_diff 0.6392395496368408
Recall3_b: 0.04874; Mrr3: 0.03270
Recall5_b: 0.07076; Mrr5: 0.03770
Recall10_b: 0.11397; Mrr10: 0.04338
Recall20_b: 0.16974; Mrr20: 0.04717
No improvement in Recall@10. Patience counter: 10/10
Early stopping triggered. Best Recall@10: 0.11756 at Epoch 17
已完成训练，测试结果：
=== Evaluation Metrics ===
Recall @3 @5 @10 @20:
0.0417
0.0588
0.0948
0.1386
NDCG @3 @5 @10 @20:
0.0312
0.0382
0.0497
0.0607
MRR @3 @5 @10 @20:
0.0276
0.0315
0.0362
0.0391
Total time cost: 3070.21 seconds.
