=== model training parameter configuration ===
device              : cpu
seed                : 608
dataset             : AM-MB
A_domain            : Amazon-KG-5core-Books
B_domain            : Amazon-KG-5core-Movies_and_TV
epoch               : 200
batch_size          : 128
patience            : 10
hidden_units        : 100
maxlen              : 15
min_len             : 0
A_size              : 8318
B_size              : 4779
all_size            : 13097
lr                  : 0.0001
lr_decline          : False
dropout_rate        : 0.45
Lambda              : 0.002
n_heads             : 1
n_layers            : 1
d_k                 : 100
d_v                 : 100
d_ff                : 2048
Strategy            : default
pretrained_embedding_path: pretrain/transE/
prompt_num_S        : 2
prompt_num          : 2
prompt_agg          : mean_noise
prompt_agg_use_all  : False
use_KG              : True
use_shared          : True
use_spec            : True
use_disen           : True
disen_way           : info
freeze_shared_prompt: True
freeze_model        : False
=========================
Loading pre-training set data......
Users_a end at 94601
Users_b start at 84118
Loading pre-training set data......
Users_a end at 10484
Users_b start at 10485
========prompt_agg_use_all=False========
[KG] common.rel: 23 relations, specific.rel: 116 relations
--------------------
Epoch 1/200
--------------------
Loss: 8.786226272583008
Recall3: 0.00892; MRR3: 0.00559
Recall5: 0.01255; MRR5: 0.00645
Recall10: 0.02079; MRR10: 0.00750
Recall20: 0.03100; MRR20: 0.00819
New best Recall@10: 0.02079, model updated.
--------------------
Epoch 2/200
--------------------
Loss: 8.917747497558594
Recall3: 0.00591; MRR3: 0.00497
Recall5: 0.01175; MRR5: 0.00626
Recall10: 0.02067; MRR10: 0.00735
Recall20: 0.03476; MRR20: 0.00831
No improvement in Recall@10. Patience counter: 1/10
--------------------
Epoch 3/200
--------------------
Loss: 8.351964950561523
Recall3: 0.00990; MRR3: 0.00622
Recall5: 0.01470; MRR5: 0.00731
Recall10: 0.02411; MRR10: 0.00857
Recall20: 0.03919; MRR20: 0.00959
New best Recall@10: 0.02411, model updated.
--------------------
Epoch 4/200
--------------------
Loss: 7.9558000564575195
Recall3: 0.01347; MRR3: 0.00778
Recall5: 0.01889; MRR5: 0.00904
Recall10: 0.03020; MRR10: 0.01050
Recall20: 0.05007; MRR20: 0.01184
New best Recall@10: 0.03020, model updated.
--------------------
Epoch 5/200
--------------------
Loss: 7.744490623474121
Recall3: 0.01483; MRR3: 0.00965
Recall5: 0.02085; MRR5: 0.01100
Recall10: 0.03627; MRR10: 0.01303
Recall20: 0.06272; MRR20: 0.01476
New best Recall@10: 0.03627, model updated.
--------------------
Epoch 6/200
--------------------
Loss: 8.211438179016113
Recall3: 0.01661; MRR3: 0.01053
Recall5: 0.02479; MRR5: 0.01237
Recall10: 0.03999; MRR10: 0.01434
Recall20: 0.06859; MRR20: 0.01625
New best Recall@10: 0.03999, model updated.
--------------------
Epoch 7/200
--------------------
Loss: 8.307762145996094
Recall3: 0.02067; MRR3: 0.01276
Recall5: 0.02947; MRR5: 0.01473
Recall10: 0.04626; MRR10: 0.01696
Recall20: 0.07763; MRR20: 0.01906
New best Recall@10: 0.04626, model updated.
--------------------
Epoch 8/200
--------------------
Loss: 7.933956146240234
Recall3: 0.02436; MRR3: 0.01557
Recall5: 0.03525; MRR5: 0.01801
Recall10: 0.05389; MRR10: 0.02049
Recall20: 0.08532; MRR20: 0.02263
New best Recall@10: 0.05389, model updated.
--------------------
Epoch 9/200
--------------------
Loss: 7.918248176574707
Recall3: 0.02516; MRR3: 0.01675
Recall5: 0.03851; MRR5: 0.01975
Recall10: 0.05918; MRR10: 0.02246
Recall20: 0.09473; MRR20: 0.02486
New best Recall@10: 0.05918, model updated.
--------------------
Epoch 10/200
--------------------
Loss: 8.060484886169434
Recall3: 0.02639; MRR3: 0.01723
Recall5: 0.03986; MRR5: 0.02027
Recall10: 0.06133; MRR10: 0.02308
Recall20: 0.10076; MRR20: 0.02574
New best Recall@10: 0.06133, model updated.
--------------------
Epoch 11/200
--------------------
Loss: 7.6743597984313965
Recall3: 0.02750; MRR3: 0.01813
Recall5: 0.04109; MRR5: 0.02118
Recall10: 0.06742; MRR10: 0.02460
Recall20: 0.10901; MRR20: 0.02741
New best Recall@10: 0.06742, model updated.
--------------------
Epoch 12/200
--------------------
Loss: 7.8586297035217285
Recall3: 0.02836; MRR3: 0.01824
Recall5: 0.04341; MRR5: 0.02156
Recall10: 0.07158; MRR10: 0.02522
Recall20: 0.11560; MRR20: 0.02819
New best Recall@10: 0.07158, model updated.
--------------------
Epoch 13/200
--------------------
Loss: 7.85762882232666
Recall3: 0.03033; MRR3: 0.01955
Recall5: 0.04472; MRR5: 0.02279
Recall10: 0.07376; MRR10: 0.02655
Recall20: 0.11766; MRR20: 0.02950
New best Recall@10: 0.07376, model updated.
--------------------
Epoch 14/200
--------------------
Loss: 8.08631420135498
Recall3: 0.03088; MRR3: 0.02034
Recall5: 0.04460; MRR5: 0.02338
Recall10: 0.07536; MRR10: 0.02737
Recall20: 0.11860; MRR20: 0.03032
New best Recall@10: 0.07536, model updated.
--------------------
Epoch 15/200
--------------------
Loss: 8.625467300415039
Recall3: 0.03187; MRR3: 0.02114
Recall5: 0.04626; MRR5: 0.02437
Recall10: 0.07597; MRR10: 0.02824
Recall20: 0.11891; MRR20: 0.03119
New best Recall@10: 0.07597, model updated.
--------------------
Epoch 16/200
--------------------
Loss: 7.674124717712402
Recall3: 0.03254; MRR3: 0.02147
Recall5: 0.04835; MRR5: 0.02504
Recall10: 0.08193; MRR10: 0.02949
Recall20: 0.12896; MRR20: 0.03271
New best Recall@10: 0.08193, model updated.
--------------------
Epoch 17/200
--------------------
Loss: 7.366007328033447
Recall3: 0.03676; MRR3: 0.02535
Recall5: 0.05085; MRR5: 0.02851
Recall10: 0.08247; MRR10: 0.03265
Recall20: 0.12590; MRR20: 0.03565
New best Recall@10: 0.08247, model updated.
--------------------
Epoch 18/200
--------------------
Loss: 7.489346027374268
Recall3: 0.03623; MRR3: 0.02446
Recall5: 0.05100; MRR5: 0.02778
Recall10: 0.08311; MRR10: 0.03195
Recall20: 0.12961; MRR20: 0.03513
New best Recall@10: 0.08311, model updated.
--------------------
Epoch 19/200
--------------------
Loss: 7.630992412567139
Recall3: 0.03984; MRR3: 0.02629
Recall5: 0.05479; MRR5: 0.02967
Recall10: 0.08647; MRR10: 0.03377
Recall20: 0.13537; MRR20: 0.03709
New best Recall@10: 0.08647, model updated.
--------------------
Epoch 20/200
--------------------
Loss: 7.391074180603027
Recall3: 0.03919; MRR3: 0.02623
Recall5: 0.05315; MRR5: 0.02938
Recall10: 0.08575; MRR10: 0.03368
Recall20: 0.13577; MRR20: 0.03713
No improvement in Recall@10. Patience counter: 1/10
--------------------
Epoch 21/200
--------------------
Loss: 7.062928199768066
Recall3: 0.04035; MRR3: 0.02677
Recall5: 0.05653; MRR5: 0.03045
Recall10: 0.09123; MRR10: 0.03497
Recall20: 0.13933; MRR20: 0.03828
New best Recall@10: 0.09123, model updated.
--------------------
Epoch 22/200
--------------------
Loss: 8.162753105163574
Recall3: 0.03980; MRR3: 0.02617
Recall5: 0.05856; MRR5: 0.03041
Recall10: 0.09393; MRR10: 0.03504
Recall20: 0.14521; MRR20: 0.03854
New best Recall@10: 0.09393, model updated.
--------------------
Epoch 23/200
--------------------
Loss: 7.199509620666504
Recall3: 0.04421; MRR3: 0.02856
Recall5: 0.06081; MRR5: 0.03234
Recall10: 0.09735; MRR10: 0.03713
Recall20: 0.14835; MRR20: 0.04062
New best Recall@10: 0.09735, model updated.
--------------------
Epoch 24/200
--------------------
Loss: 8.01978588104248
Recall3: 0.04455; MRR3: 0.02953
Recall5: 0.06319; MRR5: 0.03379
Recall10: 0.09942; MRR10: 0.03852
Recall20: 0.15183; MRR20: 0.04213
New best Recall@10: 0.09942, model updated.
--------------------
Epoch 25/200
--------------------
Loss: 7.009019374847412
Recall3: 0.04380; MRR3: 0.02838
Recall5: 0.06213; MRR5: 0.03252
Recall10: 0.10119; MRR10: 0.03767
Recall20: 0.15444; MRR20: 0.04133
New best Recall@10: 0.10119, model updated.
--------------------
Epoch 26/200
--------------------
Loss: 7.03092098236084
Recall3: 0.04552; MRR3: 0.02992
Recall5: 0.06275; MRR5: 0.03382
Recall10: 0.10156; MRR10: 0.03897
Recall20: 0.15579; MRR20: 0.04267
New best Recall@10: 0.10156, model updated.
--------------------
Epoch 27/200
--------------------
Loss: 7.6864166259765625
Recall3: 0.04515; MRR3: 0.02976
Recall5: 0.06336; MRR5: 0.03386
Recall10: 0.10156; MRR10: 0.03889
Recall20: 0.15678; MRR20: 0.04268
No improvement in Recall@10. Patience counter: 1/10
--------------------
Epoch 28/200
--------------------
Loss: 6.494642734527588
Recall3: 0.04417; MRR3: 0.02912
Recall5: 0.06262; MRR5: 0.03329
Recall10: 0.10394; MRR10: 0.03867
Recall20: 0.16045; MRR20: 0.04252
New best Recall@10: 0.10394, model updated.
--------------------
Epoch 29/200
--------------------
Loss: 7.468532085418701
Recall3: 0.04669; MRR3: 0.03078
Recall5: 0.06795; MRR5: 0.03553
Recall10: 0.10941; MRR10: 0.04095
Recall20: 0.16262; MRR20: 0.04457
New best Recall@10: 0.10941, model updated.
--------------------
Epoch 30/200
--------------------
Loss: 5.541724681854248
Recall3: 0.04651; MRR3: 0.03030
Recall5: 0.06699; MRR5: 0.03493
Recall10: 0.10741; MRR10: 0.04019
Recall20: 0.16093; MRR20: 0.04386
No improvement in Recall@10. Patience counter: 1/10
--------------------
Epoch 31/200
--------------------
Loss: 7.00911283493042
Recall3: 0.04688; MRR3: 0.03078
Recall5: 0.06865; MRR5: 0.03573
Recall10: 0.10765; MRR10: 0.04084
Recall20: 0.16410; MRR20: 0.04475
No improvement in Recall@10. Patience counter: 2/10
--------------------
Epoch 32/200
--------------------
Loss: 6.946696758270264
Recall3: 0.04792; MRR3: 0.03171
Recall5: 0.06914; MRR5: 0.03657
Recall10: 0.10814; MRR10: 0.04167
Recall20: 0.16449; MRR20: 0.04553
No improvement in Recall@10. Patience counter: 3/10
--------------------
Epoch 33/200
--------------------
Loss: 6.381690979003906
Recall3: 0.04657; MRR3: 0.03092
Recall5: 0.06804; MRR5: 0.03578
Recall10: 0.10870; MRR10: 0.04117
Recall20: 0.16535; MRR20: 0.04504
No improvement in Recall@10. Patience counter: 4/10
--------------------
Epoch 34/200
--------------------
Loss: 7.05669641494751
Recall3: 0.04644; MRR3: 0.03094
Recall5: 0.06988; MRR5: 0.03626
Recall10: 0.11091; MRR10: 0.04167
Recall20: 0.16687; MRR20: 0.04548
New best Recall@10: 0.11091, model updated.
--------------------
Epoch 35/200
--------------------
Loss: 7.425082683563232
Recall3: 0.04925; MRR3: 0.03278
Recall5: 0.07146; MRR5: 0.03779
Recall10: 0.11163; MRR10: 0.04308
Recall20: 0.16906; MRR20: 0.04701
New best Recall@10: 0.11163, model updated.
--------------------
Epoch 36/200
--------------------
Loss: 6.9009857177734375
Recall3: 0.04737; MRR3: 0.03085
Recall5: 0.06933; MRR5: 0.03582
Recall10: 0.10919; MRR10: 0.04105
Recall20: 0.16810; MRR20: 0.04505
No improvement in Recall@10. Patience counter: 1/10
--------------------
Epoch 37/200
--------------------
Loss: 7.468421459197998
Recall3: 0.04798; MRR3: 0.03211
Recall5: 0.06964; MRR5: 0.03699
Recall10: 0.10944; MRR10: 0.04225
Recall20: 0.16843; MRR20: 0.04625
No improvement in Recall@10. Patience counter: 2/10
--------------------
Epoch 38/200
--------------------
Loss: 6.837723731994629
Recall3: 0.04919; MRR3: 0.03354
Recall5: 0.07195; MRR5: 0.03874
Recall10: 0.11243; MRR10: 0.04400
Recall20: 0.17000; MRR20: 0.04793
New best Recall@10: 0.11243, model updated.
--------------------
Epoch 39/200
--------------------
Loss: 6.027194499969482
Recall3: 0.04915; MRR3: 0.03275
Recall5: 0.07111; MRR5: 0.03774
Recall10: 0.11304; MRR10: 0.04322
Recall20: 0.17416; MRR20: 0.04740
New best Recall@10: 0.11304, model updated.
--------------------
Epoch 40/200
--------------------
Loss: 6.736236095428467
Recall3: 0.04860; MRR3: 0.03275
Recall5: 0.07124; MRR5: 0.03797
Recall10: 0.11526; MRR10: 0.04370
Recall20: 0.17388; MRR20: 0.04773
New best Recall@10: 0.11526, model updated.
--------------------
Epoch 41/200
--------------------
Loss: 6.452620506286621
Recall3: 0.05048; MRR3: 0.03388
Recall5: 0.07232; MRR5: 0.03886
Recall10: 0.11630; MRR10: 0.04457
Recall20: 0.17672; MRR20: 0.04865
New best Recall@10: 0.11630, model updated.
--------------------
Epoch 42/200
--------------------
Loss: 6.575695991516113
Recall3: 0.04854; MRR3: 0.03296
Recall5: 0.07203; MRR5: 0.03829
Recall10: 0.11673; MRR10: 0.04411
Recall20: 0.17370; MRR20: 0.04798
New best Recall@10: 0.11673, model updated.
--------------------
Epoch 43/200
--------------------
Loss: 7.321427822113037
Recall3: 0.04854; MRR3: 0.03238
Recall5: 0.07142; MRR5: 0.03755
Recall10: 0.11423; MRR10: 0.04320
Recall20: 0.17347; MRR20: 0.04722
No improvement in Recall@10. Patience counter: 1/10
--------------------
Epoch 44/200
--------------------
Loss: 7.1793999671936035
Recall3: 0.04958; MRR3: 0.03306
Recall5: 0.07247; MRR5: 0.03830
Recall10: 0.11362; MRR10: 0.04369
Recall20: 0.17200; MRR20: 0.04769
No improvement in Recall@10. Patience counter: 2/10
--------------------
Epoch 45/200
--------------------
Loss: 6.214648723602295
Recall3: 0.04774; MRR3: 0.03260
Recall5: 0.07197; MRR5: 0.03807
Recall10: 0.11430; MRR10: 0.04360
Recall20: 0.17224; MRR20: 0.04756
No improvement in Recall@10. Patience counter: 3/10
--------------------
Epoch 46/200
--------------------
Loss: 6.1238555908203125
Recall3: 0.04970; MRR3: 0.03332
Recall5: 0.07130; MRR5: 0.03824
Recall10: 0.11538; MRR10: 0.04413
Recall20: 0.17413; MRR20: 0.04814
No improvement in Recall@10. Patience counter: 4/10
--------------------
Epoch 47/200
--------------------
Loss: 6.67008638381958
Recall3: 0.04909; MRR3: 0.03312
Recall5: 0.07124; MRR5: 0.03811
Recall10: 0.11540; MRR10: 0.04391
Recall20: 0.17341; MRR20: 0.04787
No improvement in Recall@10. Patience counter: 5/10
--------------------
Epoch 48/200
--------------------
Loss: 6.4327239990234375
Recall3: 0.05239; MRR3: 0.03429
Recall5: 0.07605; MRR5: 0.03970
Recall10: 0.11868; MRR10: 0.04525
Recall20: 0.17496; MRR20: 0.04911
New best Recall@10: 0.11868, model updated.
--------------------
Epoch 49/200
--------------------
Loss: 7.955225467681885
Recall3: 0.04989; MRR3: 0.03339
Recall5: 0.07320; MRR5: 0.03868
Recall10: 0.11387; MRR10: 0.04405
Recall20: 0.17231; MRR20: 0.04809
No improvement in Recall@10. Patience counter: 1/10
--------------------
Epoch 50/200
--------------------
Loss: 7.433676719665527
Recall3: 0.05063; MRR3: 0.03362
Recall5: 0.07314; MRR5: 0.03870
Recall10: 0.11716; MRR10: 0.04450
Recall20: 0.17542; MRR20: 0.04847
No improvement in Recall@10. Patience counter: 2/10
--------------------
Epoch 51/200
--------------------
Loss: 6.780276298522949
Recall3: 0.04970; MRR3: 0.03329
Recall5: 0.07363; MRR5: 0.03872
Recall10: 0.11839; MRR10: 0.04453
Recall20: 0.17548; MRR20: 0.04839
No improvement in Recall@10. Patience counter: 3/10
--------------------
Epoch 52/200
--------------------
Loss: 6.9649786949157715
Recall3: 0.05106; MRR3: 0.03403
Recall5: 0.07216; MRR5: 0.03887
Recall10: 0.11503; MRR10: 0.04452
Recall20: 0.17311; MRR20: 0.04848
No improvement in Recall@10. Patience counter: 4/10
--------------------
Epoch 53/200
--------------------
Loss: 7.702869892120361
Recall3: 0.05007; MRR3: 0.03336
Recall5: 0.07302; MRR5: 0.03854
Recall10: 0.11479; MRR10: 0.04403
Recall20: 0.17077; MRR20: 0.04791
No improvement in Recall@10. Patience counter: 5/10
--------------------
Epoch 54/200
--------------------
Loss: 6.374942302703857
Recall3: 0.05245; MRR3: 0.03454
Recall5: 0.07771; MRR5: 0.04018
Recall10: 0.11732; MRR10: 0.04532
Recall20: 0.17570; MRR20: 0.04934
No improvement in Recall@10. Patience counter: 6/10
--------------------
Epoch 55/200
--------------------
Loss: 8.228062629699707
Recall3: 0.05026; MRR3: 0.03398
Recall5: 0.07339; MRR5: 0.03924
Recall10: 0.11559; MRR10: 0.04477
Recall20: 0.17169; MRR20: 0.04865
No improvement in Recall@10. Patience counter: 7/10
--------------------
Epoch 56/200
--------------------
Loss: 6.430947303771973
Recall3: 0.05038; MRR3: 0.03390
Recall5: 0.07357; MRR5: 0.03911
Recall10: 0.11528; MRR10: 0.04461
Recall20: 0.17231; MRR20: 0.04853
No improvement in Recall@10. Patience counter: 8/10
--------------------
Epoch 57/200
--------------------
Loss: 5.9625563621521
Recall3: 0.04989; MRR3: 0.03357
Recall5: 0.07413; MRR5: 0.03904
Recall10: 0.11596; MRR10: 0.04451
Recall20: 0.17046; MRR20: 0.04829
No improvement in Recall@10. Patience counter: 9/10
--------------------
Epoch 58/200
--------------------
Loss: 7.891353607177734
Recall3: 0.05075; MRR3: 0.03459
Recall5: 0.07450; MRR5: 0.03994
Recall10: 0.11645; MRR10: 0.04541
Recall20: 0.17554; MRR20: 0.04943
No improvement in Recall@10. Patience counter: 10/10
Early stopping triggered. Best Recall@10: 0.11868
****************************************

Loading fine-tuning set data......
Users_a end at 94601
Loading fine-tuning set data......
Users_a end at 10484
Loading fine-tuning set data......
Users_a end at 10484
--------------------
Epoch 1/200
--------------------
Loss: 6.199565410614014 Loss_diff 0.7473362684249878
Recall3_b: 0.04872; Mrr3: 0.03260
Recall5_b: 0.07199; Mrr5: 0.03788
Recall10_b: 0.11393; Mrr10: 0.04331
Recall20_b: 0.16791; Mrr20: 0.04703
New best Recall@10: 0.11393 at Epoch 1
--------------------
Epoch 2/200
--------------------
Loss: 6.90159797668457 Loss_diff 0.7429006099700928
Recall3_b: 0.04954; Mrr3: 0.03332
Recall5_b: 0.07289; Mrr5: 0.03866
Recall10_b: 0.11242; Mrr10: 0.04383
Recall20_b: 0.16992; Mrr20: 0.04777
No improvement in Recall@10. Patience counter: 1/10
--------------------
Epoch 3/200
--------------------
Loss: 5.942458629608154 Loss_diff 0.7389689683914185
Recall3_b: 0.05229; Mrr3: 0.03471
Recall5_b: 0.07224; Mrr5: 0.03917
Recall10_b: 0.11420; Mrr10: 0.04458
Recall20_b: 0.16832; Mrr20: 0.04829
New best Recall@10: 0.11420 at Epoch 3
--------------------
Epoch 4/200
--------------------
Loss: 5.950508117675781 Loss_diff 0.7349690198898315
Recall3_b: 0.05340; Mrr3: 0.03557
Recall5_b: 0.07450; Mrr5: 0.04032
Recall10_b: 0.11590; Mrr10: 0.04572
Recall20_b: 0.17045; Mrr20: 0.04946
New best Recall@10: 0.11590 at Epoch 4
--------------------
Epoch 5/200
--------------------
Loss: 5.817585468292236 Loss_diff 0.7311645746231079
Recall3_b: 0.05139; Mrr3: 0.03440
Recall5_b: 0.07331; Mrr5: 0.03943
Recall10_b: 0.11461; Mrr10: 0.04481
Recall20_b: 0.17251; Mrr20: 0.04878
No improvement in Recall@10. Patience counter: 1/10
--------------------
Epoch 6/200
--------------------
Loss: 6.101801872253418 Loss_diff 0.7273317575454712
Recall3_b: 0.05149; Mrr3: 0.03395
Recall5_b: 0.07277; Mrr5: 0.03884
Recall10_b: 0.11598; Mrr10: 0.04446
Recall20_b: 0.17141; Mrr20: 0.04824
New best Recall@10: 0.11598 at Epoch 6
--------------------
Epoch 7/200
--------------------
Loss: 6.3444108963012695 Loss_diff 0.7236613035202026
Recall3_b: 0.05121; Mrr3: 0.03412
Recall5_b: 0.07360; Mrr5: 0.03921
Recall10_b: 0.11625; Mrr10: 0.04474
Recall20_b: 0.17150; Mrr20: 0.04853
New best Recall@10: 0.11625 at Epoch 7
--------------------
Epoch 8/200
--------------------
Loss: 5.613282680511475 Loss_diff 0.719813346862793
Recall3_b: 0.05259; Mrr3: 0.03492
Recall5_b: 0.07471; Mrr5: 0.03991
Recall10_b: 0.11610; Mrr10: 0.04535
Recall20_b: 0.17178; Mrr20: 0.04920
No improvement in Recall@10. Patience counter: 1/10
--------------------
Epoch 9/200
--------------------
Loss: 5.910829544067383 Loss_diff 0.7160038352012634
Recall3_b: 0.05275; Mrr3: 0.03514
Recall5_b: 0.07401; Mrr5: 0.04001
Recall10_b: 0.11627; Mrr10: 0.04548
Recall20_b: 0.17330; Mrr20: 0.04937
New best Recall@10: 0.11627 at Epoch 9
--------------------
Epoch 10/200
--------------------
Loss: 5.780085563659668 Loss_diff 0.7123920917510986
Recall3_b: 0.05168; Mrr3: 0.03492
Recall5_b: 0.07373; Mrr5: 0.03991
Recall10_b: 0.11510; Mrr10: 0.04529
Recall20_b: 0.17115; Mrr20: 0.04917
No improvement in Recall@10. Patience counter: 1/10
--------------------
Epoch 11/200
--------------------
Loss: 5.982166767120361 Loss_diff 0.7087143063545227
Recall3_b: 0.05265; Mrr3: 0.03527
Recall5_b: 0.07518; Mrr5: 0.04040
Recall10_b: 0.11540; Mrr10: 0.04564
Recall20_b: 0.17314; Mrr20: 0.04964
No improvement in Recall@10. Patience counter: 2/10
--------------------
Epoch 12/200
--------------------
Loss: 6.229589462280273 Loss_diff 0.7051686644554138
Recall3_b: 0.05195; Mrr3: 0.03433
Recall5_b: 0.07464; Mrr5: 0.03946
Recall10_b: 0.11482; Mrr10: 0.04466
Recall20_b: 0.17121; Mrr20: 0.04854
No improvement in Recall@10. Patience counter: 3/10
--------------------
Epoch 13/200
--------------------
Loss: 6.704925537109375 Loss_diff 0.7018565535545349
Recall3_b: 0.05199; Mrr3: 0.03557
Recall5_b: 0.07507; Mrr5: 0.04077
Recall10_b: 0.11430; Mrr10: 0.04585
Recall20_b: 0.17085; Mrr20: 0.04976
No improvement in Recall@10. Patience counter: 4/10
--------------------
Epoch 14/200
--------------------
Loss: 5.533268928527832 Loss_diff 0.6980552077293396
Recall3_b: 0.05340; Mrr3: 0.03606
Recall5_b: 0.07306; Mrr5: 0.04049
Recall10_b: 0.11396; Mrr10: 0.04583
Recall20_b: 0.17176; Mrr20: 0.04984
No improvement in Recall@10. Patience counter: 5/10
--------------------
Epoch 15/200
--------------------
Loss: 6.127594947814941 Loss_diff 0.6947422027587891
Recall3_b: 0.05151; Mrr3: 0.03472
Recall5_b: 0.07327; Mrr5: 0.03962
Recall10_b: 0.11467; Mrr10: 0.04500
Recall20_b: 0.17105; Mrr20: 0.04889
No improvement in Recall@10. Patience counter: 6/10
--------------------
Epoch 16/200
--------------------
Loss: 6.633455753326416 Loss_diff 0.6911870837211609
Recall3_b: 0.05190; Mrr3: 0.03481
Recall5_b: 0.07403; Mrr5: 0.03978
Recall10_b: 0.11504; Mrr10: 0.04514
Recall20_b: 0.17192; Mrr20: 0.04905
No improvement in Recall@10. Patience counter: 7/10
--------------------
Epoch 17/200
--------------------
Loss: 5.770745754241943 Loss_diff 0.6879863142967224
Recall3_b: 0.05281; Mrr3: 0.03542
Recall5_b: 0.07445; Mrr5: 0.04029
Recall10_b: 0.11558; Mrr10: 0.04562
Recall20_b: 0.17452; Mrr20: 0.04966
No improvement in Recall@10. Patience counter: 8/10
--------------------
Epoch 18/200
--------------------
Loss: 6.245663166046143 Loss_diff 0.6844245791435242
Recall3_b: 0.05152; Mrr3: 0.03454
Recall5_b: 0.07336; Mrr5: 0.03943
Recall10_b: 0.11598; Mrr10: 0.04500
Recall20_b: 0.17366; Mrr20: 0.04898
No improvement in Recall@10. Patience counter: 9/10
--------------------
Epoch 19/200
--------------------
Loss: 5.930773735046387 Loss_diff 0.6808028817176819
Recall3_b: 0.05092; Mrr3: 0.03473
Recall5_b: 0.07238; Mrr5: 0.03963
Recall10_b: 0.11600; Mrr10: 0.04545
Recall20_b: 0.17190; Mrr20: 0.04927
No improvement in Recall@10. Patience counter: 10/10
Early stopping triggered. Best Recall@10: 0.11627 at Epoch 9
已完成训练，测试结果：
=== Evaluation Metrics ===
Recall @3 @5 @10 @20:
0.0415
0.0604
0.0926
0.1375
NDCG @3 @5 @10 @20:
0.0304
0.0381
0.0485
0.0598
MRR @3 @5 @10 @20:
0.0266
0.0309
0.0351
0.0382
Total time cost: 2710.38 seconds.
