=== model training parameter configuration ===
device              : cpu
seed                : 608
dataset             : AM-MB
A_domain            : Amazon-KG-5core-Books
B_domain            : Amazon-KG-5core-Movies_and_TV
epoch               : 200
batch_size          : 128
patience            : 10
hidden_units        : 100
maxlen              : 15
min_len             : 0
A_size              : 8318
B_size              : 4779
all_size            : 13097
lr                  : 0.0001
lr_decline          : False
dropout_rate        : 0.45
Lambda              : 0.002
n_heads             : 1
n_layers            : 1
d_k                 : 100
d_v                 : 100
d_ff                : 2048
Strategy            : default
pretrained_embedding_path: pretrain/transE/
prompt_num_S        : 2
prompt_num          : 2
prompt_agg          : mean_noise
prompt_agg_use_all  : False
use_KG              : True
use_shared          : True
use_spec            : True
use_disen           : True
disen_way           : info
freeze_shared_prompt: True
freeze_model        : False
=========================
Loading pre-training set data......
Users_a end at 94601
Users_b start at 84118
Loading pre-training set data......
Users_a end at 10484
Users_b start at 10485
========prompt_agg_use_all=False========
--------------------
Epoch 1/200
--------------------
Loss: 8.789373397827148
Recall3: 0.00892; MRR3: 0.00559
Recall5: 0.01255; MRR5: 0.00641
Recall10: 0.01950; MRR10: 0.00728
Recall20: 0.03279; MRR20: 0.00818
New best Recall@10: 0.01950, model updated.
--------------------
Epoch 2/200
--------------------
Loss: 8.936551094055176
Recall3: 0.00671; MRR3: 0.00514
Recall5: 0.01126; MRR5: 0.00620
Recall10: 0.01913; MRR10: 0.00722
Recall20: 0.03273; MRR20: 0.00819
No improvement in Recall@10. Patience counter: 1/10
--------------------
Epoch 3/200
--------------------
Loss: 8.337231636047363
Recall3: 0.01077; MRR3: 0.00730
Recall5: 0.01642; MRR5: 0.00861
Recall10: 0.02633; MRR10: 0.00990
Recall20: 0.04152; MRR20: 0.01094
New best Recall@10: 0.02633, model updated.
--------------------
Epoch 4/200
--------------------
Loss: 7.977248191833496
Recall3: 0.01353; MRR3: 0.00810
Recall5: 0.01913; MRR5: 0.00938
Recall10: 0.03094; MRR10: 0.01088
Recall20: 0.05167; MRR20: 0.01226
New best Recall@10: 0.03094, model updated.
--------------------
Epoch 5/200
--------------------
Loss: 7.70891809463501
Recall3: 0.01470; MRR3: 0.00981
Recall5: 0.02135; MRR5: 0.01131
Recall10: 0.03676; MRR10: 0.01333
Recall20: 0.06371; MRR20: 0.01513
New best Recall@10: 0.03676, model updated.
--------------------
Epoch 6/200
--------------------
Loss: 8.18923568725586
Recall3: 0.01624; MRR3: 0.01044
Recall5: 0.02467; MRR5: 0.01234
Recall10: 0.04060; MRR10: 0.01438
Recall20: 0.06884; MRR20: 0.01628
New best Recall@10: 0.04060, model updated.
--------------------
Epoch 7/200
--------------------
Loss: 8.306787490844727
Recall3: 0.02055; MRR3: 0.01283
Recall5: 0.03002; MRR5: 0.01495
Recall10: 0.04651; MRR10: 0.01710
Recall20: 0.07640; MRR20: 0.01912
New best Recall@10: 0.04651, model updated.
--------------------
Epoch 8/200
--------------------
Loss: 7.941239356994629
Recall3: 0.02436; MRR3: 0.01553
Recall5: 0.03500; MRR5: 0.01797
Recall10: 0.05278; MRR10: 0.02034
Recall20: 0.08739; MRR20: 0.02268
New best Recall@10: 0.05278, model updated.
--------------------
Epoch 9/200
--------------------
Loss: 7.892956256866455
Recall3: 0.02541; MRR3: 0.01699
Recall5: 0.03814; MRR5: 0.01991
Recall10: 0.05813; MRR10: 0.02254
Recall20: 0.09406; MRR20: 0.02500
New best Recall@10: 0.05813, model updated.
--------------------
Epoch 10/200
--------------------
Loss: 8.059743881225586
Recall3: 0.02614; MRR3: 0.01711
Recall5: 0.03943; MRR5: 0.02017
Recall10: 0.06133; MRR10: 0.02301
Recall20: 0.09836; MRR20: 0.02555
New best Recall@10: 0.06133, model updated.
--------------------
Epoch 11/200
--------------------
Loss: 7.743436336517334
Recall3: 0.02602; MRR3: 0.01689
Recall5: 0.03955; MRR5: 0.01996
Recall10: 0.06570; MRR10: 0.02339
Recall20: 0.10802; MRR20: 0.02627
New best Recall@10: 0.06570, model updated.
--------------------
Epoch 12/200
--------------------
Loss: 7.874332904815674
Recall3: 0.02744; MRR3: 0.01789
Recall5: 0.04328; MRR5: 0.02149
Recall10: 0.07146; MRR10: 0.02518
Recall20: 0.11554; MRR20: 0.02815
New best Recall@10: 0.07146, model updated.
--------------------
Epoch 13/200
--------------------
Loss: 7.679938793182373
Recall3: 0.03020; MRR3: 0.01925
Recall5: 0.04460; MRR5: 0.02253
Recall10: 0.07259; MRR10: 0.02621
Recall20: 0.11599; MRR20: 0.02922
New best Recall@10: 0.07259, model updated.
--------------------
Epoch 14/200
--------------------
Loss: 8.092767715454102
Recall3: 0.03230; MRR3: 0.02024
Recall5: 0.04620; MRR5: 0.02339
Recall10: 0.07542; MRR10: 0.02717
Recall20: 0.11793; MRR20: 0.03009
New best Recall@10: 0.07542, model updated.
--------------------
Epoch 15/200
--------------------
Loss: 8.603479385375977
Recall3: 0.03230; MRR3: 0.02130
Recall5: 0.04632; MRR5: 0.02451
Recall10: 0.07560; MRR10: 0.02836
Recall20: 0.12073; MRR20: 0.03142
New best Recall@10: 0.07560, model updated.
--------------------
Epoch 16/200
--------------------
Loss: 7.633119106292725
Recall3: 0.03371; MRR3: 0.02218
Recall5: 0.04999; MRR5: 0.02589
Recall10: 0.08297; MRR10: 0.03026
Recall20: 0.12952; MRR20: 0.03346
New best Recall@10: 0.08297, model updated.
--------------------
Epoch 17/200
--------------------
Loss: 7.321888446807861
Recall3: 0.03627; MRR3: 0.02451
Recall5: 0.05060; MRR5: 0.02775
Recall10: 0.08228; MRR10: 0.03192
Recall20: 0.12737; MRR20: 0.03498
No improvement in Recall@10. Patience counter: 1/10
--------------------
Epoch 18/200
--------------------
Loss: 7.457218170166016
Recall3: 0.03623; MRR3: 0.02474
Recall5: 0.05161; MRR5: 0.02818
Recall10: 0.08317; MRR10: 0.03232
Recall20: 0.12869; MRR20: 0.03543
New best Recall@10: 0.08317, model updated.
--------------------
Epoch 19/200
--------------------
Loss: 7.613779544830322
Recall3: 0.03990; MRR3: 0.02636
Recall5: 0.05509; MRR5: 0.02979
Recall10: 0.08739; MRR10: 0.03404
Recall20: 0.13593; MRR20: 0.03737
New best Recall@10: 0.08739, model updated.
--------------------
Epoch 20/200
--------------------
Loss: 7.309385776519775
Recall3: 0.03931; MRR3: 0.02636
Recall5: 0.05358; MRR5: 0.02958
Recall10: 0.08692; MRR10: 0.03397
Recall20: 0.13743; MRR20: 0.03745
No improvement in Recall@10. Patience counter: 1/10
--------------------
Epoch 21/200
--------------------
Loss: 7.043747901916504
Recall3: 0.04005; MRR3: 0.02713
Recall5: 0.05696; MRR5: 0.03092
Recall10: 0.09147; MRR10: 0.03545
Recall20: 0.14001; MRR20: 0.03875
New best Recall@10: 0.09147, model updated.
--------------------
Epoch 22/200
--------------------
Loss: 8.154396057128906
Recall3: 0.04029; MRR3: 0.02625
Recall5: 0.05764; MRR5: 0.03019
Recall10: 0.09453; MRR10: 0.03500
Recall20: 0.14429; MRR20: 0.03838
New best Recall@10: 0.09453, model updated.
--------------------
Epoch 23/200
--------------------
Loss: 7.272976875305176
Recall3: 0.04261; MRR3: 0.02848
Recall5: 0.06131; MRR5: 0.03272
Recall10: 0.09711; MRR10: 0.03739
Recall20: 0.14823; MRR20: 0.04086
New best Recall@10: 0.09711, model updated.
--------------------
Epoch 24/200
--------------------
Loss: 7.970485687255859
Recall3: 0.04541; MRR3: 0.03088
Recall5: 0.06356; MRR5: 0.03498
Recall10: 0.09881; MRR10: 0.03954
Recall20: 0.15097; MRR20: 0.04311
New best Recall@10: 0.09881, model updated.
--------------------
Epoch 25/200
--------------------
Loss: 6.926217079162598
Recall3: 0.04398; MRR3: 0.02872
Recall5: 0.06195; MRR5: 0.03280
Recall10: 0.10160; MRR10: 0.03797
Recall20: 0.15204; MRR20: 0.04144
New best Recall@10: 0.10160, model updated.
--------------------
Epoch 26/200
--------------------
Loss: 6.828464984893799
Recall3: 0.04454; MRR3: 0.02965
Recall5: 0.06379; MRR5: 0.03400
Recall10: 0.10187; MRR10: 0.03895
Recall20: 0.15463; MRR20: 0.04255
New best Recall@10: 0.10187, model updated.
--------------------
Epoch 27/200
--------------------
Loss: 7.752090930938721
Recall3: 0.04423; MRR3: 0.02938
Recall5: 0.06355; MRR5: 0.03376
Recall10: 0.10064; MRR10: 0.03856
Recall20: 0.15623; MRR20: 0.04235
No improvement in Recall@10. Patience counter: 1/10
--------------------
Epoch 28/200
--------------------
Loss: 6.44460391998291
Recall3: 0.04349; MRR3: 0.02894
Recall5: 0.06232; MRR5: 0.03321
Recall10: 0.10400; MRR10: 0.03868
Recall20: 0.15807; MRR20: 0.04238
New best Recall@10: 0.10400, model updated.
--------------------
Epoch 29/200
--------------------
Loss: 7.43616247177124
Recall3: 0.04571; MRR3: 0.03060
Recall5: 0.06527; MRR5: 0.03503
Recall10: 0.10757; MRR10: 0.04064
Recall20: 0.16358; MRR20: 0.04446
New best Recall@10: 0.10757, model updated.
--------------------
Epoch 30/200
--------------------
Loss: 5.644651889801025
Recall3: 0.04571; MRR3: 0.03019
Recall5: 0.06508; MRR5: 0.03464
Recall10: 0.10624; MRR10: 0.04006
Recall20: 0.16314; MRR20: 0.04396
No improvement in Recall@10. Patience counter: 1/10
--------------------
Epoch 31/200
--------------------
Loss: 6.968029975891113
Recall3: 0.04534; MRR3: 0.03035
Recall5: 0.06607; MRR5: 0.03508
Recall10: 0.10796; MRR10: 0.04060
Recall20: 0.16545; MRR20: 0.04453
New best Recall@10: 0.10796, model updated.
--------------------
Epoch 32/200
--------------------
Loss: 6.918893337249756
Recall3: 0.04688; MRR3: 0.03117
Recall5: 0.06785; MRR5: 0.03594
Recall10: 0.10814; MRR10: 0.04121
Recall20: 0.16554; MRR20: 0.04512
New best Recall@10: 0.10814, model updated.
--------------------
Epoch 33/200
--------------------
Loss: 6.507286548614502
Recall3: 0.04540; MRR3: 0.03089
Recall5: 0.06797; MRR5: 0.03605
Recall10: 0.10888; MRR10: 0.04140
Recall20: 0.16597; MRR20: 0.04529
New best Recall@10: 0.10888, model updated.
--------------------
Epoch 34/200
--------------------
Loss: 7.138279438018799
Recall3: 0.04718; MRR3: 0.03148
Recall5: 0.06711; MRR5: 0.03601
Recall10: 0.11150; MRR10: 0.04183
Recall20: 0.17025; MRR20: 0.04582
New best Recall@10: 0.11150, model updated.
--------------------
Epoch 35/200
--------------------
Loss: 7.242311954498291
Recall3: 0.04811; MRR3: 0.03195
Recall5: 0.06955; MRR5: 0.03688
Recall10: 0.11369; MRR10: 0.04263
Recall20: 0.17109; MRR20: 0.04651
New best Recall@10: 0.11369, model updated.
--------------------
Epoch 36/200
--------------------
Loss: 6.857370853424072
Recall3: 0.04694; MRR3: 0.03088
Recall5: 0.06761; MRR5: 0.03552
Recall10: 0.11227; MRR10: 0.04139
Recall20: 0.16745; MRR20: 0.04514
No improvement in Recall@10. Patience counter: 1/10
--------------------
Epoch 37/200
--------------------
Loss: 7.508227348327637
Recall3: 0.04632; MRR3: 0.03190
Recall5: 0.06810; MRR5: 0.03678
Recall10: 0.11122; MRR10: 0.04241
Recall20: 0.16505; MRR20: 0.04607
No improvement in Recall@10. Patience counter: 2/10
--------------------
Epoch 38/200
--------------------
Loss: 6.8304924964904785
Recall3: 0.04943; MRR3: 0.03317
Recall5: 0.07053; MRR5: 0.03794
Recall10: 0.11236; MRR10: 0.04343
Recall20: 0.17130; MRR20: 0.04746
No improvement in Recall@10. Patience counter: 3/10
--------------------
Epoch 39/200
--------------------
Loss: 6.133820056915283
Recall3: 0.04829; MRR3: 0.03283
Recall5: 0.06964; MRR5: 0.03767
Recall10: 0.11264; MRR10: 0.04332
Recall20: 0.17678; MRR20: 0.04775
No improvement in Recall@10. Patience counter: 4/10
--------------------
Epoch 40/200
--------------------
Loss: 6.828034400939941
Recall3: 0.04817; MRR3: 0.03192
Recall5: 0.07025; MRR5: 0.03688
Recall10: 0.11439; MRR10: 0.04267
Recall20: 0.17240; MRR20: 0.04664
New best Recall@10: 0.11439, model updated.
--------------------
Epoch 41/200
--------------------
Loss: 6.388922691345215
Recall3: 0.04900; MRR3: 0.03349
Recall5: 0.07263; MRR5: 0.03883
Recall10: 0.11569; MRR10: 0.04445
Recall20: 0.17617; MRR20: 0.04857
New best Recall@10: 0.11569, model updated.
--------------------
Epoch 42/200
--------------------
Loss: 6.646761894226074
Recall3: 0.04872; MRR3: 0.03285
Recall5: 0.07062; MRR5: 0.03782
Recall10: 0.11467; MRR10: 0.04359
Recall20: 0.17382; MRR20: 0.04767
No improvement in Recall@10. Patience counter: 1/10
--------------------
Epoch 43/200
--------------------
Loss: 7.413548469543457
Recall3: 0.04767; MRR3: 0.03261
Recall5: 0.07050; MRR5: 0.03778
Recall10: 0.11344; MRR10: 0.04344
Recall20: 0.17169; MRR20: 0.04742
No improvement in Recall@10. Patience counter: 2/10
--------------------
Epoch 44/200
--------------------
Loss: 7.121665000915527
Recall3: 0.04958; MRR3: 0.03296
Recall5: 0.07154; MRR5: 0.03790
Recall10: 0.11411; MRR10: 0.04346
Recall20: 0.17151; MRR20: 0.04737
No improvement in Recall@10. Patience counter: 3/10
--------------------
Epoch 45/200
--------------------
Loss: 6.191813945770264
Recall3: 0.04792; MRR3: 0.03247
Recall5: 0.07154; MRR5: 0.03777
Recall10: 0.11208; MRR10: 0.04310
Recall20: 0.17114; MRR20: 0.04716
No improvement in Recall@10. Patience counter: 4/10
--------------------
Epoch 46/200
--------------------
Loss: 6.076056003570557
Recall3: 0.04921; MRR3: 0.03255
Recall5: 0.07238; MRR5: 0.03777
Recall10: 0.11532; MRR10: 0.04340
Recall20: 0.17247; MRR20: 0.04735
No improvement in Recall@10. Patience counter: 5/10
--------------------
Epoch 47/200
--------------------
Loss: 6.7565460205078125
Recall3: 0.04946; MRR3: 0.03358
Recall5: 0.07154; MRR5: 0.03857
Recall10: 0.11436; MRR10: 0.04414
Recall20: 0.17261; MRR20: 0.04814
No improvement in Recall@10. Patience counter: 6/10
--------------------
Epoch 48/200
--------------------
Loss: 6.147772789001465
Recall3: 0.05103; MRR3: 0.03339
Recall5: 0.07324; MRR5: 0.03844
Recall10: 0.11759; MRR10: 0.04423
Recall20: 0.17486; MRR20: 0.04816
New best Recall@10: 0.11759, model updated.
--------------------
Epoch 49/200
--------------------
Loss: 7.785465717315674
Recall3: 0.04884; MRR3: 0.03281
Recall5: 0.07179; MRR5: 0.03802
Recall10: 0.11430; MRR10: 0.04361
Recall20: 0.17292; MRR20: 0.04769
No improvement in Recall@10. Patience counter: 1/10
--------------------
Epoch 50/200
--------------------
Loss: 7.286595344543457
Recall3: 0.04989; MRR3: 0.03361
Recall5: 0.07240; MRR5: 0.03871
Recall10: 0.11655; MRR10: 0.04443
Recall20: 0.17560; MRR20: 0.04848
No improvement in Recall@10. Patience counter: 2/10
--------------------
Epoch 51/200
--------------------
Loss: 6.4447245597839355
Recall3: 0.05001; MRR3: 0.03371
Recall5: 0.07247; MRR5: 0.03882
Recall10: 0.11593; MRR10: 0.04453
Recall20: 0.17505; MRR20: 0.04860
No improvement in Recall@10. Patience counter: 3/10
--------------------
Epoch 52/200
--------------------
Loss: 7.017528057098389
Recall3: 0.05063; MRR3: 0.03401
Recall5: 0.07130; MRR5: 0.03871
Recall10: 0.11337; MRR10: 0.04425
Recall20: 0.17255; MRR20: 0.04832
No improvement in Recall@10. Patience counter: 4/10
--------------------
Epoch 53/200
--------------------
Loss: 7.968981742858887
Recall3: 0.04983; MRR3: 0.03362
Recall5: 0.07203; MRR5: 0.03869
Recall10: 0.11417; MRR10: 0.04418
Recall20: 0.17237; MRR20: 0.04817
No improvement in Recall@10. Patience counter: 5/10
--------------------
Epoch 54/200
--------------------
Loss: 6.635949611663818
Recall3: 0.05159; MRR3: 0.03462
Recall5: 0.07226; MRR5: 0.03931
Recall10: 0.11615; MRR10: 0.04510
Recall20: 0.17558; MRR20: 0.04920
No improvement in Recall@10. Patience counter: 6/10
--------------------
Epoch 55/200
--------------------
Loss: 8.3190279006958
Recall3: 0.05044; MRR3: 0.03432
Recall5: 0.07234; MRR5: 0.03925
Recall10: 0.11577; MRR10: 0.04496
Recall20: 0.17243; MRR20: 0.04885
No improvement in Recall@10. Patience counter: 7/10
--------------------
Epoch 56/200
--------------------
Loss: 6.486756801605225
Recall3: 0.05007; MRR3: 0.03372
Recall5: 0.07167; MRR5: 0.03861
Recall10: 0.11583; MRR10: 0.04442
Recall20: 0.17126; MRR20: 0.04825
No improvement in Recall@10. Patience counter: 8/10
--------------------
Epoch 57/200
--------------------
Loss: 6.139599323272705
Recall3: 0.05124; MRR3: 0.03411
Recall5: 0.07265; MRR5: 0.03895
Recall10: 0.11510; MRR10: 0.04454
Recall20: 0.17397; MRR20: 0.04858
No improvement in Recall@10. Patience counter: 9/10
--------------------
Epoch 58/200
--------------------
Loss: 7.88224458694458
Recall3: 0.05044; MRR3: 0.03422
Recall5: 0.07339; MRR5: 0.03946
Recall10: 0.11741; MRR10: 0.04525
Recall20: 0.17683; MRR20: 0.04931
No improvement in Recall@10. Patience counter: 10/10
Early stopping triggered. Best Recall@10: 0.11759
****************************************

Loading fine-tuning set data......
Users_a end at 94601
Loading fine-tuning set data......
Users_a end at 10484
Loading fine-tuning set data......
Users_a end at 10484
--------------------
Epoch 1/200
--------------------
Loss: 6.193604946136475 Loss_diff 0.757468581199646
Recall3_b: 0.04851; Mrr3: 0.03278
Recall5_b: 0.06960; Mrr5: 0.03765
Recall10_b: 0.11243; Mrr10: 0.04330
Recall20_b: 0.16858; Mrr20: 0.04712
New best Recall@10: 0.11243 at Epoch 1
--------------------
Epoch 2/200
--------------------
Loss: 6.842536926269531 Loss_diff 0.7520662546157837
Recall3_b: 0.05098; Mrr3: 0.03400
Recall5_b: 0.07186; Mrr5: 0.03866
Recall10_b: 0.11401; Mrr10: 0.04415
Recall20_b: 0.16887; Mrr20: 0.04792
New best Recall@10: 0.11401 at Epoch 2
--------------------
Epoch 3/200
--------------------
Loss: 6.214443206787109 Loss_diff 0.7465267181396484
Recall3_b: 0.05036; Mrr3: 0.03407
Recall5_b: 0.07086; Mrr5: 0.03874
Recall10_b: 0.11354; Mrr10: 0.04436
Recall20_b: 0.16959; Mrr20: 0.04817
No improvement in Recall@10. Patience counter: 1/10
--------------------
Epoch 4/200
--------------------
Loss: 5.870298385620117 Loss_diff 0.7411298155784607
Recall3_b: 0.05257; Mrr3: 0.03462
Recall5_b: 0.07280; Mrr5: 0.03922
Recall10_b: 0.11388; Mrr10: 0.04462
Recall20_b: 0.17083; Mrr20: 0.04850
No improvement in Recall@10. Patience counter: 2/10
--------------------
Epoch 5/200
--------------------
Loss: 5.8198442459106445 Loss_diff 0.7355800271034241
Recall3_b: 0.05262; Mrr3: 0.03455
Recall5_b: 0.07258; Mrr5: 0.03905
Recall10_b: 0.11722; Mrr10: 0.04483
Recall20_b: 0.17203; Mrr20: 0.04860
New best Recall@10: 0.11722 at Epoch 5
--------------------
Epoch 6/200
--------------------
Loss: 6.112893104553223 Loss_diff 0.7304478287696838
Recall3_b: 0.05013; Mrr3: 0.03361
Recall5_b: 0.07046; Mrr5: 0.03821
Recall10_b: 0.11541; Mrr10: 0.04415
Recall20_b: 0.16979; Mrr20: 0.04787
No improvement in Recall@10. Patience counter: 1/10
--------------------
Epoch 7/200
--------------------
Loss: 6.483679294586182 Loss_diff 0.7251019477844238
Recall3_b: 0.05207; Mrr3: 0.03356
Recall5_b: 0.07294; Mrr5: 0.03832
Recall10_b: 0.11539; Mrr10: 0.04384
Recall20_b: 0.17121; Mrr20: 0.04764
No improvement in Recall@10. Patience counter: 2/10
--------------------
Epoch 8/200
--------------------
Loss: 5.6023640632629395 Loss_diff 0.720134973526001
Recall3_b: 0.05077; Mrr3: 0.03374
Recall5_b: 0.07412; Mrr5: 0.03902
Recall10_b: 0.11618; Mrr10: 0.04452
Recall20_b: 0.17245; Mrr20: 0.04836
No improvement in Recall@10. Patience counter: 3/10
--------------------
Epoch 9/200
--------------------
Loss: 6.200434684753418 Loss_diff 0.7152085304260254
Recall3_b: 0.05226; Mrr3: 0.03440
Recall5_b: 0.07287; Mrr5: 0.03905
Recall10_b: 0.11513; Mrr10: 0.04459
Recall20_b: 0.17405; Mrr20: 0.04864
No improvement in Recall@10. Patience counter: 4/10
--------------------
Epoch 10/200
--------------------
Loss: 5.848269462585449 Loss_diff 0.7101346254348755
Recall3_b: 0.05054; Mrr3: 0.03343
Recall5_b: 0.07399; Mrr5: 0.03874
Recall10_b: 0.11607; Mrr10: 0.04419
Recall20_b: 0.17433; Mrr20: 0.04820
No improvement in Recall@10. Patience counter: 5/10
--------------------
Epoch 11/200
--------------------
Loss: 6.090183258056641 Loss_diff 0.7052894234657288
Recall3_b: 0.05103; Mrr3: 0.03358
Recall5_b: 0.07439; Mrr5: 0.03893
Recall10_b: 0.11723; Mrr10: 0.04449
Recall20_b: 0.17426; Mrr20: 0.04837
New best Recall@10: 0.11723 at Epoch 11
--------------------
Epoch 12/200
--------------------
Loss: 6.236682891845703 Loss_diff 0.7004239559173584
Recall3_b: 0.05151; Mrr3: 0.03407
Recall5_b: 0.07325; Mrr5: 0.03901
Recall10_b: 0.11751; Mrr10: 0.04477
Recall20_b: 0.17091; Mrr20: 0.04849
New best Recall@10: 0.11751 at Epoch 12
--------------------
Epoch 13/200
--------------------
Loss: 6.347315311431885 Loss_diff 0.6957358121871948
Recall3_b: 0.05162; Mrr3: 0.03411
Recall5_b: 0.07375; Mrr5: 0.03915
Recall10_b: 0.11724; Mrr10: 0.04479
Recall20_b: 0.17361; Mrr20: 0.04868
No improvement in Recall@10. Patience counter: 1/10
--------------------
Epoch 14/200
--------------------
Loss: 5.627622127532959 Loss_diff 0.6912472248077393
Recall3_b: 0.05014; Mrr3: 0.03377
Recall5_b: 0.07246; Mrr5: 0.03879
Recall10_b: 0.11720; Mrr10: 0.04467
Recall20_b: 0.17255; Mrr20: 0.04852
No improvement in Recall@10. Patience counter: 2/10
--------------------
Epoch 15/200
--------------------
Loss: 6.096716403961182 Loss_diff 0.6864012479782104
Recall3_b: 0.05075; Mrr3: 0.03318
Recall5_b: 0.07307; Mrr5: 0.03822
Recall10_b: 0.11523; Mrr10: 0.04379
Recall20_b: 0.17248; Mrr20: 0.04770
No improvement in Recall@10. Patience counter: 3/10
--------------------
Epoch 16/200
--------------------
Loss: 6.503770351409912 Loss_diff 0.6817642450332642
Recall3_b: 0.05134; Mrr3: 0.03345
Recall5_b: 0.07154; Mrr5: 0.03805
Recall10_b: 0.11772; Mrr10: 0.04412
Recall20_b: 0.17146; Mrr20: 0.04785
New best Recall@10: 0.11772 at Epoch 16
--------------------
Epoch 17/200
--------------------
Loss: 5.79146671295166 Loss_diff 0.6771266460418701
Recall3_b: 0.05178; Mrr3: 0.03334
Recall5_b: 0.07189; Mrr5: 0.03796
Recall10_b: 0.11814; Mrr10: 0.04397
Recall20_b: 0.17373; Mrr20: 0.04777
New best Recall@10: 0.11814 at Epoch 17
--------------------
Epoch 18/200
--------------------
Loss: 6.009503364562988 Loss_diff 0.6726603507995605
Recall3_b: 0.05067; Mrr3: 0.03293
Recall5_b: 0.07278; Mrr5: 0.03790
Recall10_b: 0.11769; Mrr10: 0.04367
Recall20_b: 0.17308; Mrr20: 0.04753
No improvement in Recall@10. Patience counter: 1/10
--------------------
Epoch 19/200
--------------------
Loss: 5.934637546539307 Loss_diff 0.668114185333252
Recall3_b: 0.05216; Mrr3: 0.03430
Recall5_b: 0.07362; Mrr5: 0.03914
Recall10_b: 0.11790; Mrr10: 0.04492
Recall20_b: 0.17236; Mrr20: 0.04868
No improvement in Recall@10. Patience counter: 2/10
--------------------
Epoch 20/200
--------------------
Loss: 6.33259391784668 Loss_diff 0.6634537577629089
Recall3_b: 0.04863; Mrr3: 0.03233
Recall5_b: 0.07154; Mrr5: 0.03758
Recall10_b: 0.11611; Mrr10: 0.04340
Recall20_b: 0.17459; Mrr20: 0.04740
No improvement in Recall@10. Patience counter: 3/10
--------------------
Epoch 21/200
--------------------
Loss: 6.669116973876953 Loss_diff 0.6591362953186035
Recall3_b: 0.05142; Mrr3: 0.03353
Recall5_b: 0.07287; Mrr5: 0.03845
Recall10_b: 0.11952; Mrr10: 0.04446
Recall20_b: 0.17581; Mrr20: 0.04828
New best Recall@10: 0.11952 at Epoch 21
--------------------
Epoch 22/200
--------------------
Loss: 4.978124141693115 Loss_diff 0.6548069715499878
Recall3_b: 0.05005; Mrr3: 0.03310
Recall5_b: 0.07333; Mrr5: 0.03837
Recall10_b: 0.11788; Mrr10: 0.04424
Recall20_b: 0.17378; Mrr20: 0.04811
No improvement in Recall@10. Patience counter: 1/10
--------------------
Epoch 23/200
--------------------
Loss: 5.873695373535156 Loss_diff 0.6504313945770264
Recall3_b: 0.05162; Mrr3: 0.03407
Recall5_b: 0.07187; Mrr5: 0.03872
Recall10_b: 0.11775; Mrr10: 0.04470
Recall20_b: 0.17542; Mrr20: 0.04867
No improvement in Recall@10. Patience counter: 2/10
--------------------
Epoch 24/200
--------------------
Loss: 5.584482669830322 Loss_diff 0.6463299989700317
Recall3_b: 0.05128; Mrr3: 0.03370
Recall5_b: 0.07140; Mrr5: 0.03825
Recall10_b: 0.11966; Mrr10: 0.04454
Recall20_b: 0.17421; Mrr20: 0.04830
New best Recall@10: 0.11966 at Epoch 24
--------------------
Epoch 25/200
--------------------
Loss: 6.074676036834717 Loss_diff 0.6420932412147522
Recall3_b: 0.05072; Mrr3: 0.03331
Recall5_b: 0.07160; Mrr5: 0.03798
Recall10_b: 0.11812; Mrr10: 0.04404
Recall20_b: 0.17410; Mrr20: 0.04786
No improvement in Recall@10. Patience counter: 1/10
--------------------
Epoch 26/200
--------------------
Loss: 5.1053009033203125 Loss_diff 0.6376103162765503
Recall3_b: 0.05198; Mrr3: 0.03429
Recall5_b: 0.07163; Mrr5: 0.03878
Recall10_b: 0.11693; Mrr10: 0.04472
Recall20_b: 0.17612; Mrr20: 0.04877
No improvement in Recall@10. Patience counter: 2/10
--------------------
Epoch 27/200
--------------------
Loss: 6.083367824554443 Loss_diff 0.6332437992095947
Recall3_b: 0.05067; Mrr3: 0.03366
Recall5_b: 0.07155; Mrr5: 0.03830
Recall10_b: 0.11788; Mrr10: 0.04434
Recall20_b: 0.17282; Mrr20: 0.04806
No improvement in Recall@10. Patience counter: 3/10
--------------------
Epoch 28/200
--------------------
Loss: 5.5265960693359375 Loss_diff 0.629398763179779
Recall3_b: 0.05026; Mrr3: 0.03347
Recall5_b: 0.07261; Mrr5: 0.03851
Recall10_b: 0.11701; Mrr10: 0.04429
Recall20_b: 0.17134; Mrr20: 0.04802
No improvement in Recall@10. Patience counter: 4/10
--------------------
Epoch 29/200
--------------------
Loss: 5.603100299835205 Loss_diff 0.6255171895027161
Recall3_b: 0.05246; Mrr3: 0.03409
Recall5_b: 0.07211; Mrr5: 0.03850
Recall10_b: 0.11674; Mrr10: 0.04433
Recall20_b: 0.17340; Mrr20: 0.04825
No improvement in Recall@10. Patience counter: 5/10
--------------------
Epoch 30/200
--------------------
Loss: 5.3278656005859375 Loss_diff 0.6214975118637085
Recall3_b: 0.05057; Mrr3: 0.03307
Recall5_b: 0.07299; Mrr5: 0.03816
Recall10_b: 0.11840; Mrr10: 0.04411
Recall20_b: 0.17331; Mrr20: 0.04786
No improvement in Recall@10. Patience counter: 6/10
--------------------
Epoch 31/200
--------------------
Loss: 5.3890862464904785 Loss_diff 0.6175719499588013
Recall3_b: 0.05160; Mrr3: 0.03418
Recall5_b: 0.07134; Mrr5: 0.03864
Recall10_b: 0.11835; Mrr10: 0.04479
Recall20_b: 0.17308; Mrr20: 0.04854
No improvement in Recall@10. Patience counter: 7/10
--------------------
Epoch 32/200
--------------------
Loss: 5.437916278839111 Loss_diff 0.6134278774261475
Recall3_b: 0.05142; Mrr3: 0.03406
Recall5_b: 0.07305; Mrr5: 0.03896
Recall10_b: 0.11914; Mrr10: 0.04491
Recall20_b: 0.17172; Mrr20: 0.04851
No improvement in Recall@10. Patience counter: 8/10
--------------------
Epoch 33/200
--------------------
Loss: 6.4652485847473145 Loss_diff 0.6096245050430298
Recall3_b: 0.05162; Mrr3: 0.03432
Recall5_b: 0.07194; Mrr5: 0.03897
Recall10_b: 0.11734; Mrr10: 0.04490
Recall20_b: 0.17220; Mrr20: 0.04869
No improvement in Recall@10. Patience counter: 9/10
--------------------
Epoch 34/200
--------------------
Loss: 6.5896806716918945 Loss_diff 0.6057194471359253
Recall3_b: 0.05015; Mrr3: 0.03372
Recall5_b: 0.07180; Mrr5: 0.03866
Recall10_b: 0.11586; Mrr10: 0.04444
Recall20_b: 0.17214; Mrr20: 0.04829
No improvement in Recall@10. Patience counter: 10/10
Early stopping triggered. Best Recall@10: 0.11966 at Epoch 24
已完成训练，测试结果：
=== Evaluation Metrics ===
Recall @3 @5 @10 @20:
0.0424
0.0611
0.0916
0.1378
NDCG @3 @5 @10 @20:
0.0321
0.0398
0.0496
0.0612
MRR @3 @5 @10 @20:
0.0286
0.0328
0.0368
0.0400
Total time cost: 3103.63 seconds.
