=== model training parameter configuration ===
device              : cpu
seed                : 608
dataset             : AM-MB
A_domain            : Amazon-KG-5core-Books
B_domain            : Amazon-KG-5core-Movies_and_TV
epoch               : 200
batch_size          : 128
patience            : 10
hidden_units        : 100
maxlen              : 15
min_len             : 0
A_size              : 8318
B_size              : 4779
all_size            : 13097
lr                  : 0.0001
lr_decline          : False
dropout_rate        : 0.45
Lambda              : 0.002
n_heads             : 1
n_layers            : 1
d_k                 : 100
d_v                 : 100
d_ff                : 2048
Strategy            : default
pretrained_embedding_path: pretrain/transE/
prompt_num_S        : 2
prompt_num          : 2
prompt_agg          : mean_noise
prompt_agg_use_all  : False
use_KG              : True
use_shared          : True
use_spec            : True
use_disen           : True
disen_way           : info
freeze_shared_prompt: True
freeze_model        : False
=========================
Loading pre-training set data......
Users_a end at 94601
Users_b start at 84118
Loading pre-training set data......
Users_a end at 10484
Users_b start at 10485
========prompt_agg_use_all=False========
[KG] common.rel: 285 relations, specific.rel: 1468 relations
--------------------
Epoch 1/200
--------------------
Loss: 8.789484024047852
Recall3: 0.00892; MRR3: 0.00559
Recall5: 0.01255; MRR5: 0.00636
Recall10: 0.01876; MRR10: 0.00716
Recall20: 0.03230; MRR20: 0.00811
New best Recall@10: 0.01876, model updated.
--------------------
Epoch 2/200
--------------------
Loss: 8.915613174438477
Recall3: 0.00658; MRR3: 0.00492
Recall5: 0.01077; MRR5: 0.00587
Recall10: 0.01981; MRR10: 0.00700
Recall20: 0.03180; MRR20: 0.00788
New best Recall@10: 0.01981, model updated.
--------------------
Epoch 3/200
--------------------
Loss: 8.444157600402832
Recall3: 0.01058; MRR3: 0.00675
Recall5: 0.01452; MRR5: 0.00762
Recall10: 0.02491; MRR10: 0.00897
Recall20: 0.03937; MRR20: 0.00996
New best Recall@10: 0.02491, model updated.
--------------------
Epoch 4/200
--------------------
Loss: 7.948888301849365
Recall3: 0.01359; MRR3: 0.00800
Recall5: 0.01901; MRR5: 0.00923
Recall10: 0.03051; MRR10: 0.01070
Recall20: 0.05186; MRR20: 0.01212
New best Recall@10: 0.03051, model updated.
--------------------
Epoch 5/200
--------------------
Loss: 7.724442481994629
Recall3: 0.01501; MRR3: 0.00983
Recall5: 0.02323; MRR5: 0.01163
Recall10: 0.03664; MRR10: 0.01331
Recall20: 0.06198; MRR20: 0.01501
New best Recall@10: 0.03664, model updated.
--------------------
Epoch 6/200
--------------------
Loss: 8.154250144958496
Recall3: 0.01587; MRR3: 0.01052
Recall5: 0.02411; MRR5: 0.01237
Recall10: 0.03974; MRR10: 0.01441
Recall20: 0.06865; MRR20: 0.01635
New best Recall@10: 0.03974, model updated.
--------------------
Epoch 7/200
--------------------
Loss: 8.307717323303223
Recall3: 0.01987; MRR3: 0.01232
Recall5: 0.02984; MRR5: 0.01455
Recall10: 0.04626; MRR10: 0.01671
Recall20: 0.07560; MRR20: 0.01870
New best Recall@10: 0.04626, model updated.
--------------------
Epoch 8/200
--------------------
Loss: 7.915890693664551
Recall3: 0.02461; MRR3: 0.01534
Recall5: 0.03500; MRR5: 0.01772
Recall10: 0.05376; MRR10: 0.02021
Recall20: 0.08637; MRR20: 0.02241
New best Recall@10: 0.05376, model updated.
--------------------
Epoch 9/200
--------------------
Loss: 7.83853816986084
Recall3: 0.02485; MRR3: 0.01666
Recall5: 0.03875; MRR5: 0.01985
Recall10: 0.05967; MRR10: 0.02262
Recall20: 0.09627; MRR20: 0.02509
New best Recall@10: 0.05967, model updated.
--------------------
Epoch 10/200
--------------------
Loss: 8.042139053344727
Recall3: 0.02633; MRR3: 0.01752
Recall5: 0.04011; MRR5: 0.02071
Recall10: 0.06287; MRR10: 0.02370
Recall20: 0.10224; MRR20: 0.02634
New best Recall@10: 0.06287, model updated.
--------------------
Epoch 11/200
--------------------
Loss: 7.650561809539795
Recall3: 0.02731; MRR3: 0.01825
Recall5: 0.04097; MRR5: 0.02134
Recall10: 0.06773; MRR10: 0.02488
Recall20: 0.10808; MRR20: 0.02762
New best Recall@10: 0.06773, model updated.
--------------------
Epoch 12/200
--------------------
Loss: 7.869239807128906
Recall3: 0.02811; MRR3: 0.01843
Recall5: 0.04371; MRR5: 0.02195
Recall10: 0.07140; MRR10: 0.02556
Recall20: 0.11656; MRR20: 0.02860
New best Recall@10: 0.07140, model updated.
--------------------
Epoch 13/200
--------------------
Loss: 7.787966251373291
Recall3: 0.03051; MRR3: 0.01956
Recall5: 0.04454; MRR5: 0.02275
Recall10: 0.07370; MRR10: 0.02657
Recall20: 0.11692; MRR20: 0.02953
New best Recall@10: 0.07370, model updated.
--------------------
Epoch 14/200
--------------------
Loss: 8.025031089782715
Recall3: 0.03230; MRR3: 0.02082
Recall5: 0.04614; MRR5: 0.02395
Recall10: 0.07505; MRR10: 0.02774
Recall20: 0.11965; MRR20: 0.03080
New best Recall@10: 0.07505, model updated.
--------------------
Epoch 15/200
--------------------
Loss: 8.617703437805176
Recall3: 0.03168; MRR3: 0.02111
Recall5: 0.04724; MRR5: 0.02462
Recall10: 0.07708; MRR10: 0.02853
Recall20: 0.12141; MRR20: 0.03152
New best Recall@10: 0.07708, model updated.
--------------------
Epoch 16/200
--------------------
Loss: 7.617332935333252
Recall3: 0.03322; MRR3: 0.02280
Recall5: 0.04854; MRR5: 0.02626
Recall10: 0.08553; MRR10: 0.03102
Recall20: 0.13050; MRR20: 0.03410
New best Recall@10: 0.08553, model updated.
--------------------
Epoch 17/200
--------------------
Loss: 7.2834391593933105
Recall3: 0.03707; MRR3: 0.02576
Recall5: 0.05079; MRR5: 0.02886
Recall10: 0.08222; MRR10: 0.03299
Recall20: 0.12614; MRR20: 0.03602
No improvement in Recall@10. Patience counter: 1/10
--------------------
Epoch 18/200
--------------------
Loss: 7.394485950469971
Recall3: 0.03654; MRR3: 0.02519
Recall5: 0.05192; MRR5: 0.02859
Recall10: 0.08526; MRR10: 0.03293
Recall20: 0.13220; MRR20: 0.03615
No improvement in Recall@10. Patience counter: 2/10
--------------------
Epoch 19/200
--------------------
Loss: 7.513442516326904
Recall3: 0.03845; MRR3: 0.02535
Recall5: 0.05436; MRR5: 0.02897
Recall10: 0.08690; MRR10: 0.03318
Recall20: 0.13623; MRR20: 0.03653
New best Recall@10: 0.08690, model updated.
--------------------
Epoch 20/200
--------------------
Loss: 7.278255462646484
Recall3: 0.03937; MRR3: 0.02671
Recall5: 0.05407; MRR5: 0.03000
Recall10: 0.08784; MRR10: 0.03439
Recall20: 0.13952; MRR20: 0.03795
New best Recall@10: 0.08784, model updated.
--------------------
Epoch 21/200
--------------------
Loss: 7.102031230926514
Recall3: 0.04048; MRR3: 0.02693
Recall5: 0.05610; MRR5: 0.03047
Recall10: 0.09141; MRR10: 0.03510
Recall20: 0.14186; MRR20: 0.03856
New best Recall@10: 0.09141, model updated.
--------------------
Epoch 22/200
--------------------
Loss: 8.230364799499512
Recall3: 0.04072; MRR3: 0.02687
Recall5: 0.05875; MRR5: 0.03093
Recall10: 0.09486; MRR10: 0.03562
Recall20: 0.14450; MRR20: 0.03900
New best Recall@10: 0.09486, model updated.
--------------------
Epoch 23/200
--------------------
Loss: 7.3334174156188965
Recall3: 0.04451; MRR3: 0.02848
Recall5: 0.06112; MRR5: 0.03224
Recall10: 0.09699; MRR10: 0.03699
Recall20: 0.14952; MRR20: 0.04059
New best Recall@10: 0.09699, model updated.
--------------------
Epoch 24/200
--------------------
Loss: 7.941384315490723
Recall3: 0.04445; MRR3: 0.03031
Recall5: 0.06217; MRR5: 0.03430
Recall10: 0.09936; MRR10: 0.03921
Recall20: 0.15319; MRR20: 0.04289
New best Recall@10: 0.09936, model updated.
--------------------
Epoch 25/200
--------------------
Loss: 6.9273576736450195
Recall3: 0.04392; MRR3: 0.02895
Recall5: 0.06299; MRR5: 0.03326
Recall10: 0.10249; MRR10: 0.03846
Recall20: 0.15278; MRR20: 0.04189
New best Recall@10: 0.10249, model updated.
--------------------
Epoch 26/200
--------------------
Loss: 6.8821539878845215
Recall3: 0.04540; MRR3: 0.02984
Recall5: 0.06465; MRR5: 0.03419
Recall10: 0.10322; MRR10: 0.03925
Recall20: 0.15579; MRR20: 0.04283
New best Recall@10: 0.10322, model updated.
--------------------
Epoch 27/200
--------------------
Loss: 7.8924360275268555
Recall3: 0.04503; MRR3: 0.02923
Recall5: 0.06508; MRR5: 0.03374
Recall10: 0.10304; MRR10: 0.03871
Recall20: 0.15604; MRR20: 0.04234
No improvement in Recall@10. Patience counter: 1/10
--------------------
Epoch 28/200
--------------------
Loss: 6.39774227142334
Recall3: 0.04405; MRR3: 0.02944
Recall5: 0.06348; MRR5: 0.03380
Recall10: 0.10523; MRR10: 0.03927
Recall20: 0.15817; MRR20: 0.04289
New best Recall@10: 0.10523, model updated.
--------------------
Epoch 29/200
--------------------
Loss: 7.4675092697143555
Recall3: 0.04681; MRR3: 0.03062
Recall5: 0.06668; MRR5: 0.03509
Recall10: 0.10923; MRR10: 0.04066
Recall20: 0.16371; MRR20: 0.04436
New best Recall@10: 0.10923, model updated.
--------------------
Epoch 30/200
--------------------
Loss: 5.630864143371582
Recall3: 0.04724; MRR3: 0.03054
Recall5: 0.06631; MRR5: 0.03485
Recall10: 0.10624; MRR10: 0.04015
Recall20: 0.15969; MRR20: 0.04387
No improvement in Recall@10. Patience counter: 1/10
--------------------
Epoch 31/200
--------------------
Loss: 6.9881157875061035
Recall3: 0.04724; MRR3: 0.03039
Recall5: 0.06828; MRR5: 0.03510
Recall10: 0.10882; MRR10: 0.04043
Recall20: 0.16271; MRR20: 0.04410
No improvement in Recall@10. Patience counter: 2/10
--------------------
Epoch 32/200
--------------------
Loss: 6.901340961456299
Recall3: 0.04743; MRR3: 0.03073
Recall5: 0.06865; MRR5: 0.03553
Recall10: 0.10858; MRR10: 0.04077
Recall20: 0.16320; MRR20: 0.04451
No improvement in Recall@10. Patience counter: 3/10
--------------------
Epoch 33/200
--------------------
Loss: 6.4497480392456055
Recall3: 0.04749; MRR3: 0.03062
Recall5: 0.06791; MRR5: 0.03526
Recall10: 0.10981; MRR10: 0.04077
Recall20: 0.16296; MRR20: 0.04439
New best Recall@10: 0.10981, model updated.
--------------------
Epoch 34/200
--------------------
Loss: 7.074926853179932
Recall3: 0.04891; MRR3: 0.03147
Recall5: 0.06982; MRR5: 0.03619
Recall10: 0.11409; MRR10: 0.04199
Recall20: 0.16945; MRR20: 0.04575
New best Recall@10: 0.11409, model updated.
--------------------
Epoch 35/200
--------------------
Loss: 7.41971492767334
Recall3: 0.05017; MRR3: 0.03235
Recall5: 0.07195; MRR5: 0.03733
Recall10: 0.11462; MRR10: 0.04295
Recall20: 0.16924; MRR20: 0.04669
New best Recall@10: 0.11462, model updated.
--------------------
Epoch 36/200
--------------------
Loss: 6.9280924797058105
Recall3: 0.04737; MRR3: 0.03081
Recall5: 0.06957; MRR5: 0.03587
Recall10: 0.11030; MRR10: 0.04123
Recall20: 0.16529; MRR20: 0.04498
No improvement in Recall@10. Patience counter: 1/10
--------------------
Epoch 37/200
--------------------
Loss: 7.327643394470215
Recall3: 0.04927; MRR3: 0.03223
Recall5: 0.07013; MRR5: 0.03702
Recall10: 0.11184; MRR10: 0.04248
Recall20: 0.16431; MRR20: 0.04605
No improvement in Recall@10. Patience counter: 2/10
--------------------
Epoch 38/200
--------------------
Loss: 6.838634967803955
Recall3: 0.05109; MRR3: 0.03393
Recall5: 0.07275; MRR5: 0.03882
Recall10: 0.11310; MRR10: 0.04412
Recall20: 0.17117; MRR20: 0.04804
No improvement in Recall@10. Patience counter: 3/10
--------------------
Epoch 39/200
--------------------
Loss: 5.937646389007568
Recall3: 0.05087; MRR3: 0.03285
Recall5: 0.07179; MRR5: 0.03755
Recall10: 0.11396; MRR10: 0.04301
Recall20: 0.17291; MRR20: 0.04700
No improvement in Recall@10. Patience counter: 4/10
--------------------
Epoch 40/200
--------------------
Loss: 6.846031665802002
Recall3: 0.05044; MRR3: 0.03305
Recall5: 0.07259; MRR5: 0.03811
Recall10: 0.11581; MRR10: 0.04379
Recall20: 0.17296; MRR20: 0.04765
New best Recall@10: 0.11581, model updated.
--------------------
Epoch 41/200
--------------------
Loss: 6.514778137207031
Recall3: 0.05202; MRR3: 0.03433
Recall5: 0.07398; MRR5: 0.03931
Recall10: 0.11606; MRR10: 0.04490
Recall20: 0.17490; MRR20: 0.04883
New best Recall@10: 0.11606, model updated.
--------------------
Epoch 42/200
--------------------
Loss: 6.6325483322143555
Recall3: 0.05325; MRR3: 0.03532
Recall5: 0.07515; MRR5: 0.04028
Recall10: 0.11649; MRR10: 0.04575
Recall20: 0.17333; MRR20: 0.04960
New best Recall@10: 0.11649, model updated.
--------------------
Epoch 43/200
--------------------
Loss: 7.282749652862549
Recall3: 0.05050; MRR3: 0.03296
Recall5: 0.07382; MRR5: 0.03822
Recall10: 0.11337; MRR10: 0.04342
Recall20: 0.17247; MRR20: 0.04739
No improvement in Recall@10. Patience counter: 1/10
--------------------
Epoch 44/200
--------------------
Loss: 7.0294318199157715
Recall3: 0.04983; MRR3: 0.03269
Recall5: 0.07173; MRR5: 0.03766
Recall10: 0.11344; MRR10: 0.04315
Recall20: 0.16861; MRR20: 0.04690
No improvement in Recall@10. Patience counter: 2/10
--------------------
Epoch 45/200
--------------------
Loss: 6.189672946929932
Recall3: 0.04952; MRR3: 0.03280
Recall5: 0.07351; MRR5: 0.03821
Recall10: 0.11331; MRR10: 0.04350
Recall20: 0.17114; MRR20: 0.04740
No improvement in Recall@10. Patience counter: 3/10
--------------------
Epoch 46/200
--------------------
Loss: 6.074842929840088
Recall3: 0.05247; MRR3: 0.03385
Recall5: 0.07570; MRR5: 0.03908
Recall10: 0.11667; MRR10: 0.04444
Recall20: 0.17351; MRR20: 0.04828
New best Recall@10: 0.11667, model updated.
--------------------
Epoch 47/200
--------------------
Loss: 6.835808753967285
Recall3: 0.04952; MRR3: 0.03329
Recall5: 0.07320; MRR5: 0.03865
Recall10: 0.11534; MRR10: 0.04416
Recall20: 0.17138; MRR20: 0.04800
No improvement in Recall@10. Patience counter: 1/10
--------------------
Epoch 48/200
--------------------
Loss: 6.308117866516113
Recall3: 0.05306; MRR3: 0.03461
Recall5: 0.07838; MRR5: 0.04040
Recall10: 0.11880; MRR10: 0.04570
Recall20: 0.17712; MRR20: 0.04969
New best Recall@10: 0.11880, model updated.
--------------------
Epoch 49/200
--------------------
Loss: 7.92660665512085
Recall3: 0.05094; MRR3: 0.03366
Recall5: 0.07591; MRR5: 0.03931
Recall10: 0.11700; MRR10: 0.04465
Recall20: 0.17335; MRR20: 0.04848
No improvement in Recall@10. Patience counter: 1/10
--------------------
Epoch 50/200
--------------------
Loss: 7.406706809997559
Recall3: 0.05124; MRR3: 0.03424
Recall5: 0.07542; MRR5: 0.03969
Recall10: 0.11762; MRR10: 0.04519
Recall20: 0.17421; MRR20: 0.04904
No improvement in Recall@10. Patience counter: 2/10
--------------------
Epoch 51/200
--------------------
Loss: 6.525425434112549
Recall3: 0.05026; MRR3: 0.03337
Recall5: 0.07357; MRR5: 0.03867
Recall10: 0.11729; MRR10: 0.04436
Recall20: 0.17511; MRR20: 0.04829
No improvement in Recall@10. Patience counter: 3/10
--------------------
Epoch 52/200
--------------------
Loss: 7.0259199142456055
Recall3: 0.05100; MRR3: 0.03374
Recall5: 0.07419; MRR5: 0.03903
Recall10: 0.11491; MRR10: 0.04433
Recall20: 0.17255; MRR20: 0.04829
No improvement in Recall@10. Patience counter: 4/10
--------------------
Epoch 53/200
--------------------
Loss: 7.9075493812561035
Recall3: 0.05081; MRR3: 0.03366
Recall5: 0.07370; MRR5: 0.03888
Recall10: 0.11430; MRR10: 0.04420
Recall20: 0.17132; MRR20: 0.04812
No improvement in Recall@10. Patience counter: 5/10
--------------------
Epoch 54/200
--------------------
Loss: 6.41718053817749
Recall3: 0.05214; MRR3: 0.03399
Recall5: 0.07611; MRR5: 0.03943
Recall10: 0.11794; MRR10: 0.04491
Recall20: 0.17459; MRR20: 0.04879
No improvement in Recall@10. Patience counter: 6/10
--------------------
Epoch 55/200
--------------------
Loss: 8.31763744354248
Recall3: 0.05069; MRR3: 0.03392
Recall5: 0.07474; MRR5: 0.03940
Recall10: 0.11657; MRR10: 0.04494
Recall20: 0.17311; MRR20: 0.04879
No improvement in Recall@10. Patience counter: 7/10
--------------------
Epoch 56/200
--------------------
Loss: 6.391552925109863
Recall3: 0.05063; MRR3: 0.03347
Recall5: 0.07431; MRR5: 0.03885
Recall10: 0.11583; MRR10: 0.04431
Recall20: 0.17071; MRR20: 0.04811
No improvement in Recall@10. Patience counter: 8/10
--------------------
Epoch 57/200
--------------------
Loss: 6.131803035736084
Recall3: 0.04891; MRR3: 0.03292
Recall5: 0.07302; MRR5: 0.03837
Recall10: 0.11571; MRR10: 0.04396
Recall20: 0.17144; MRR20: 0.04779
No improvement in Recall@10. Patience counter: 9/10
--------------------
Epoch 58/200
--------------------
Loss: 7.980256080627441
Recall3: 0.05001; MRR3: 0.03386
Recall5: 0.07437; MRR5: 0.03936
Recall10: 0.11741; MRR10: 0.04506
Recall20: 0.17425; MRR20: 0.04897
No improvement in Recall@10. Patience counter: 10/10
Early stopping triggered. Best Recall@10: 0.11880
****************************************

Loading fine-tuning set data......
Users_a end at 94601
Loading fine-tuning set data......
Users_a end at 10484
Loading fine-tuning set data......
Users_a end at 10484
--------------------
Epoch 1/200
--------------------
Loss: 6.257072925567627 Loss_diff 0.7648271322250366
Recall3_b: 0.04929; Mrr3: 0.03256
Recall5_b: 0.07188; Mrr5: 0.03772
Recall10_b: 0.11321; Mrr10: 0.04313
Recall20_b: 0.16724; Mrr20: 0.04684
New best Recall@10: 0.11321 at Epoch 1
--------------------
Epoch 2/200
--------------------
Loss: 6.945614814758301 Loss_diff 0.7588105201721191
Recall3_b: 0.05171; Mrr3: 0.03437
Recall5_b: 0.07451; Mrr5: 0.03949
Recall10_b: 0.11479; Mrr10: 0.04478
Recall20_b: 0.16969; Mrr20: 0.04854
New best Recall@10: 0.11479 at Epoch 2
--------------------
Epoch 3/200
--------------------
Loss: 6.365213394165039 Loss_diff 0.7529065608978271
Recall3_b: 0.04924; Mrr3: 0.03266
Recall5_b: 0.07328; Mrr5: 0.03806
Recall10_b: 0.11485; Mrr10: 0.04360
Recall20_b: 0.17024; Mrr20: 0.04735
New best Recall@10: 0.11485 at Epoch 3
--------------------
Epoch 4/200
--------------------
Loss: 5.923682689666748 Loss_diff 0.7474939823150635
Recall3_b: 0.05076; Mrr3: 0.03383
Recall5_b: 0.07450; Mrr5: 0.03918
Recall10_b: 0.11495; Mrr10: 0.04449
Recall20_b: 0.17123; Mrr20: 0.04839
New best Recall@10: 0.11495 at Epoch 4
--------------------
Epoch 5/200
--------------------
Loss: 5.9208550453186035 Loss_diff 0.7419578433036804
Recall3_b: 0.05160; Mrr3: 0.03424
Recall5_b: 0.07446; Mrr5: 0.03941
Recall10_b: 0.11586; Mrr10: 0.04486
Recall20_b: 0.17271; Mrr20: 0.04875
New best Recall@10: 0.11586 at Epoch 5
--------------------
Epoch 6/200
--------------------
Loss: 6.178708076477051 Loss_diff 0.7365537881851196
Recall3_b: 0.05101; Mrr3: 0.03354
Recall5_b: 0.07466; Mrr5: 0.03888
Recall10_b: 0.11619; Mrr10: 0.04443
Recall20_b: 0.17237; Mrr20: 0.04830
New best Recall@10: 0.11619 at Epoch 6
--------------------
Epoch 7/200
--------------------
Loss: 6.525130271911621 Loss_diff 0.731401801109314
Recall3_b: 0.05094; Mrr3: 0.03392
Recall5_b: 0.07478; Mrr5: 0.03932
Recall10_b: 0.11798; Mrr10: 0.04494
Recall20_b: 0.17369; Mrr20: 0.04872
New best Recall@10: 0.11798 at Epoch 7
--------------------
Epoch 8/200
--------------------
Loss: 5.6022491455078125 Loss_diff 0.7258803248405457
Recall3_b: 0.05285; Mrr3: 0.03468
Recall5_b: 0.07459; Mrr5: 0.03963
Recall10_b: 0.11740; Mrr10: 0.04532
Recall20_b: 0.17226; Mrr20: 0.04910
No improvement in Recall@10. Patience counter: 1/10
--------------------
Epoch 9/200
--------------------
Loss: 6.040322780609131 Loss_diff 0.7202216982841492
Recall3_b: 0.05180; Mrr3: 0.03395
Recall5_b: 0.07564; Mrr5: 0.03934
Recall10_b: 0.11582; Mrr10: 0.04462
Recall20_b: 0.17446; Mrr20: 0.04863
No improvement in Recall@10. Patience counter: 2/10
--------------------
Epoch 10/200
--------------------
Loss: 6.001988887786865 Loss_diff 0.7156460285186768
Recall3_b: 0.05044; Mrr3: 0.03383
Recall5_b: 0.07267; Mrr5: 0.03892
Recall10_b: 0.11772; Mrr10: 0.04485
Recall20_b: 0.17275; Mrr20: 0.04866
No improvement in Recall@10. Patience counter: 3/10
--------------------
Epoch 11/200
--------------------
Loss: 5.945576190948486 Loss_diff 0.7108700275421143
Recall3_b: 0.05123; Mrr3: 0.03430
Recall5_b: 0.07450; Mrr5: 0.03963
Recall10_b: 0.11686; Mrr10: 0.04516
Recall20_b: 0.17312; Mrr20: 0.04903
No improvement in Recall@10. Patience counter: 4/10
--------------------
Epoch 12/200
--------------------
Loss: 6.2061991691589355 Loss_diff 0.7050133943557739
Recall3_b: 0.05218; Mrr3: 0.03533
Recall5_b: 0.07533; Mrr5: 0.04063
Recall10_b: 0.11747; Mrr10: 0.04612
Recall20_b: 0.17578; Mrr20: 0.05009
No improvement in Recall@10. Patience counter: 5/10
--------------------
Epoch 13/200
--------------------
Loss: 6.29113245010376 Loss_diff 0.700676679611206
Recall3_b: 0.05084; Mrr3: 0.03446
Recall5_b: 0.07556; Mrr5: 0.04004
Recall10_b: 0.11820; Mrr10: 0.04559
Recall20_b: 0.17363; Mrr20: 0.04936
New best Recall@10: 0.11820 at Epoch 13
--------------------
Epoch 14/200
--------------------
Loss: 5.492426872253418 Loss_diff 0.6959810853004456
Recall3_b: 0.05083; Mrr3: 0.03396
Recall5_b: 0.07696; Mrr5: 0.03991
Recall10_b: 0.11845; Mrr10: 0.04532
Recall20_b: 0.17262; Mrr20: 0.04903
New best Recall@10: 0.11845 at Epoch 14
--------------------
Epoch 15/200
--------------------
Loss: 5.8053436279296875 Loss_diff 0.6912347674369812
Recall3_b: 0.05141; Mrr3: 0.03439
Recall5_b: 0.07556; Mrr5: 0.03990
Recall10_b: 0.11801; Mrr10: 0.04538
Recall20_b: 0.17345; Mrr20: 0.04917
No improvement in Recall@10. Patience counter: 1/10
--------------------
Epoch 16/200
--------------------
Loss: 6.611420631408691 Loss_diff 0.6857383251190186
Recall3_b: 0.05058; Mrr3: 0.03478
Recall5_b: 0.07519; Mrr5: 0.04041
Recall10_b: 0.11658; Mrr10: 0.04584
Recall20_b: 0.17344; Mrr20: 0.04977
No improvement in Recall@10. Patience counter: 2/10
--------------------
Epoch 17/200
--------------------
Loss: 6.050820350646973 Loss_diff 0.6810578107833862
Recall3_b: 0.05206; Mrr3: 0.03542
Recall5_b: 0.07581; Mrr5: 0.04081
Recall10_b: 0.11861; Mrr10: 0.04638
Recall20_b: 0.17478; Mrr20: 0.05020
New best Recall@10: 0.11861 at Epoch 17
--------------------
Epoch 18/200
--------------------
Loss: 6.224485397338867 Loss_diff 0.6762031316757202
Recall3_b: 0.05000; Mrr3: 0.03324
Recall5_b: 0.07429; Mrr5: 0.03878
Recall10_b: 0.11929; Mrr10: 0.04462
Recall20_b: 0.17336; Mrr20: 0.04833
New best Recall@10: 0.11929 at Epoch 18
--------------------
Epoch 19/200
--------------------
Loss: 5.88749885559082 Loss_diff 0.6719831824302673
Recall3_b: 0.05169; Mrr3: 0.03494
Recall5_b: 0.07611; Mrr5: 0.04052
Recall10_b: 0.11711; Mrr10: 0.04582
Recall20_b: 0.17093; Mrr20: 0.04953
No improvement in Recall@10. Patience counter: 1/10
--------------------
Epoch 20/200
--------------------
Loss: 6.357950210571289 Loss_diff 0.6673228144645691
Recall3_b: 0.05178; Mrr3: 0.03465
Recall5_b: 0.07478; Mrr5: 0.03986
Recall10_b: 0.11540; Mrr10: 0.04523
Recall20_b: 0.17274; Mrr20: 0.04922
No improvement in Recall@10. Patience counter: 2/10
--------------------
Epoch 21/200
--------------------
Loss: 6.579258918762207 Loss_diff 0.6626211404800415
Recall3_b: 0.05252; Mrr3: 0.03491
Recall5_b: 0.07569; Mrr5: 0.04019
Recall10_b: 0.11643; Mrr10: 0.04552
Recall20_b: 0.17273; Mrr20: 0.04942
No improvement in Recall@10. Patience counter: 3/10
--------------------
Epoch 22/200
--------------------
Loss: 5.190932750701904 Loss_diff 0.658401370048523
Recall3_b: 0.05133; Mrr3: 0.03431
Recall5_b: 0.07422; Mrr5: 0.03947
Recall10_b: 0.11739; Mrr10: 0.04516
Recall20_b: 0.17340; Mrr20: 0.04897
No improvement in Recall@10. Patience counter: 4/10
--------------------
Epoch 23/200
--------------------
Loss: 5.814986228942871 Loss_diff 0.6541562080383301
Recall3_b: 0.05140; Mrr3: 0.03517
Recall5_b: 0.07478; Mrr5: 0.04048
Recall10_b: 0.11750; Mrr10: 0.04610
Recall20_b: 0.17149; Mrr20: 0.04982
No improvement in Recall@10. Patience counter: 5/10
--------------------
Epoch 24/200
--------------------
Loss: 5.475529193878174 Loss_diff 0.6497463583946228
Recall3_b: 0.05236; Mrr3: 0.03494
Recall5_b: 0.07533; Mrr5: 0.04013
Recall10_b: 0.11898; Mrr10: 0.04583
Recall20_b: 0.17214; Mrr20: 0.04951
No improvement in Recall@10. Patience counter: 6/10
--------------------
Epoch 25/200
--------------------
Loss: 5.96572208404541 Loss_diff 0.645673930644989
Recall3_b: 0.05273; Mrr3: 0.03561
Recall5_b: 0.07560; Mrr5: 0.04077
Recall10_b: 0.11679; Mrr10: 0.04623
Recall20_b: 0.17202; Mrr20: 0.05002
No improvement in Recall@10. Patience counter: 7/10
--------------------
Epoch 26/200
--------------------
Loss: 5.058763027191162 Loss_diff 0.6412903666496277
Recall3_b: 0.05245; Mrr3: 0.03508
Recall5_b: 0.07543; Mrr5: 0.04027
Recall10_b: 0.11673; Mrr10: 0.04569
Recall20_b: 0.17315; Mrr20: 0.04956
No improvement in Recall@10. Patience counter: 8/10
--------------------
Epoch 27/200
--------------------
Loss: 6.305582523345947 Loss_diff 0.637155294418335
Recall3_b: 0.05360; Mrr3: 0.03544
Recall5_b: 0.07650; Mrr5: 0.04067
Recall10_b: 0.11637; Mrr10: 0.04588
Recall20_b: 0.16966; Mrr20: 0.04959
No improvement in Recall@10. Patience counter: 9/10
--------------------
Epoch 28/200
--------------------
Loss: 5.486743927001953 Loss_diff 0.6335278749465942
Recall3_b: 0.05206; Mrr3: 0.03548
Recall5_b: 0.07362; Mrr5: 0.04042
Recall10_b: 0.11447; Mrr10: 0.04577
Recall20_b: 0.17084; Mrr20: 0.04964
No improvement in Recall@10. Patience counter: 10/10
Early stopping triggered. Best Recall@10: 0.11929 at Epoch 18
已完成训练，测试结果：
=== Evaluation Metrics ===
Recall @3 @5 @10 @20:
0.0410
0.0589
0.0917
0.1385
NDCG @3 @5 @10 @20:
0.0302
0.0376
0.0482
0.0600
MRR @3 @5 @10 @20:
0.0265
0.0306
0.0350
0.0382
Total time cost: 2951.92 seconds.
