=== model training parameter configuration ===
device              : cpu
seed                : 608
dataset             : AM-MB
A_domain            : Amazon-KG-5core-Books
B_domain            : Amazon-KG-5core-Movies_and_TV
epoch               : 200
batch_size          : 128
patience            : 10
hidden_units        : 100
maxlen              : 15
min_len             : 0
A_size              : 8318
B_size              : 4779
all_size            : 13097
lr                  : 0.0001
lr_decline          : False
dropout_rate        : 0.45
Lambda              : 0.002
n_heads             : 1
n_layers            : 1
d_k                 : 100
d_v                 : 100
d_ff                : 2048
Strategy            : default
pretrained_embedding_path: pretrain/transE/
prompt_num_S        : 2
prompt_num          : 2
prompt_agg          : mean_noise
prompt_agg_use_all  : False
use_KG              : True
use_shared          : True
use_spec            : True
use_disen           : True
disen_way           : info
freeze_shared_prompt: True
freeze_model        : False
=========================
Loading pre-training set data......
Users_a end at 94601
Users_b start at 84118
Loading pre-training set data......
Users_a end at 10484
Users_b start at 10485
========prompt_agg_use_all=False========
--------------------
Epoch 1/200
--------------------
Loss: 8.775101661682129
Recall3: 0.00775; MRR3: 0.00520
Recall5: 0.01224; MRR5: 0.00620
Recall10: 0.01901; MRR10: 0.00710
Recall20: 0.03580; MRR20: 0.00822
New best Recall@10: 0.01901, model updated.
--------------------
Epoch 2/200
--------------------
Loss: 8.930997848510742
Recall3: 0.00603; MRR3: 0.00492
Recall5: 0.01089; MRR5: 0.00601
Recall10: 0.01969; MRR10: 0.00716
Recall20: 0.03211; MRR20: 0.00800
New best Recall@10: 0.01969, model updated.
--------------------
Epoch 3/200
--------------------
Loss: 8.254557609558105
Recall3: 0.01021; MRR3: 0.00626
Recall5: 0.01446; MRR5: 0.00722
Recall10: 0.02258; MRR10: 0.00829
Recall20: 0.03642; MRR20: 0.00922
New best Recall@10: 0.02258, model updated.
--------------------
Epoch 4/200
--------------------
Loss: 8.020689964294434
Recall3: 0.01353; MRR3: 0.00790
Recall5: 0.01907; MRR5: 0.00918
Recall10: 0.02910; MRR10: 0.01043
Recall20: 0.05050; MRR20: 0.01188
New best Recall@10: 0.02910, model updated.
--------------------
Epoch 5/200
--------------------
Loss: 7.749138832092285
Recall3: 0.01439; MRR3: 0.00949
Recall5: 0.02224; MRR5: 0.01123
Recall10: 0.03529; MRR10: 0.01288
Recall20: 0.06088; MRR20: 0.01459
New best Recall@10: 0.03529, model updated.
--------------------
Epoch 6/200
--------------------
Loss: 8.201250076293945
Recall3: 0.01538; MRR3: 0.01043
Recall5: 0.02362; MRR5: 0.01226
Recall10: 0.03845; MRR10: 0.01418
Recall20: 0.06613; MRR20: 0.01602
New best Recall@10: 0.03845, model updated.
--------------------
Epoch 7/200
--------------------
Loss: 8.374483108520508
Recall3: 0.01956; MRR3: 0.01222
Recall5: 0.02916; MRR5: 0.01433
Recall10: 0.04614; MRR10: 0.01654
Recall20: 0.07650; MRR20: 0.01858
New best Recall@10: 0.04614, model updated.
--------------------
Epoch 8/200
--------------------
Loss: 8.017699241638184
Recall3: 0.02448; MRR3: 0.01506
Recall5: 0.03494; MRR5: 0.01742
Recall10: 0.05333; MRR10: 0.01984
Recall20: 0.08391; MRR20: 0.02189
New best Recall@10: 0.05333, model updated.
--------------------
Epoch 9/200
--------------------
Loss: 7.931763172149658
Recall3: 0.02602; MRR3: 0.01705
Recall5: 0.03820; MRR5: 0.01981
Recall10: 0.05887; MRR10: 0.02252
Recall20: 0.09569; MRR20: 0.02499
New best Recall@10: 0.05887, model updated.
--------------------
Epoch 10/200
--------------------
Loss: 7.960708141326904
Recall3: 0.02596; MRR3: 0.01743
Recall5: 0.03992; MRR5: 0.02064
Recall10: 0.06127; MRR10: 0.02339
Recall20: 0.10021; MRR20: 0.02606
New best Recall@10: 0.06127, model updated.
--------------------
Epoch 11/200
--------------------
Loss: 7.614531517028809
Recall3: 0.02688; MRR3: 0.01777
Recall5: 0.03962; MRR5: 0.02068
Recall10: 0.06613; MRR10: 0.02420
Recall20: 0.10728; MRR20: 0.02701
New best Recall@10: 0.06613, model updated.
--------------------
Epoch 12/200
--------------------
Loss: 7.825016498565674
Recall3: 0.02793; MRR3: 0.01812
Recall5: 0.04316; MRR5: 0.02152
Recall10: 0.07121; MRR10: 0.02514
Recall20: 0.11668; MRR20: 0.02818
New best Recall@10: 0.07121, model updated.
--------------------
Epoch 13/200
--------------------
Loss: 7.6908488273620605
Recall3: 0.03014; MRR3: 0.01926
Recall5: 0.04429; MRR5: 0.02250
Recall10: 0.07191; MRR10: 0.02615
Recall20: 0.11636; MRR20: 0.02917
New best Recall@10: 0.07191, model updated.
--------------------
Epoch 14/200
--------------------
Loss: 8.15666675567627
Recall3: 0.03131; MRR3: 0.02011
Recall5: 0.04564; MRR5: 0.02333
Recall10: 0.07314; MRR10: 0.02693
Recall20: 0.11823; MRR20: 0.03004
New best Recall@10: 0.07314, model updated.
--------------------
Epoch 15/200
--------------------
Loss: 8.631617546081543
Recall3: 0.03131; MRR3: 0.02065
Recall5: 0.04632; MRR5: 0.02407
Recall10: 0.07511; MRR10: 0.02785
Recall20: 0.11983; MRR20: 0.03090
New best Recall@10: 0.07511, model updated.
--------------------
Epoch 16/200
--------------------
Loss: 7.592902183532715
Recall3: 0.03322; MRR3: 0.02198
Recall5: 0.05060; MRR5: 0.02588
Recall10: 0.08365; MRR10: 0.03020
Recall20: 0.12849; MRR20: 0.03327
New best Recall@10: 0.08365, model updated.
--------------------
Epoch 17/200
--------------------
Loss: 7.302285194396973
Recall3: 0.03590; MRR3: 0.02431
Recall5: 0.05066; MRR5: 0.02764
Recall10: 0.08167; MRR10: 0.03172
Recall20: 0.12676; MRR20: 0.03481
No improvement in Recall@10. Patience counter: 1/10
--------------------
Epoch 18/200
--------------------
Loss: 7.495136737823486
Recall3: 0.03648; MRR3: 0.02481
Recall5: 0.05143; MRR5: 0.02819
Recall10: 0.08298; MRR10: 0.03232
Recall20: 0.12998; MRR20: 0.03553
No improvement in Recall@10. Patience counter: 2/10
--------------------
Epoch 19/200
--------------------
Loss: 7.516724586486816
Recall3: 0.03965; MRR3: 0.02550
Recall5: 0.05528; MRR5: 0.02901
Recall10: 0.08708; MRR10: 0.03314
Recall20: 0.13642; MRR20: 0.03650
New best Recall@10: 0.08708, model updated.
--------------------
Epoch 20/200
--------------------
Loss: 7.351315021514893
Recall3: 0.03863; MRR3: 0.02642
Recall5: 0.05506; MRR5: 0.03012
Recall10: 0.08551; MRR10: 0.03411
Recall20: 0.13743; MRR20: 0.03767
No improvement in Recall@10. Patience counter: 1/10
--------------------
Epoch 21/200
--------------------
Loss: 7.0647711753845215
Recall3: 0.04017; MRR3: 0.02680
Recall5: 0.05703; MRR5: 0.03061
Recall10: 0.08914; MRR10: 0.03481
Recall20: 0.14112; MRR20: 0.03836
New best Recall@10: 0.08914, model updated.
--------------------
Epoch 22/200
--------------------
Loss: 8.185280799865723
Recall3: 0.03999; MRR3: 0.02585
Recall5: 0.05684; MRR5: 0.02964
Recall10: 0.09172; MRR10: 0.03416
Recall20: 0.14518; MRR20: 0.03780
New best Recall@10: 0.09172, model updated.
--------------------
Epoch 23/200
--------------------
Loss: 7.342771053314209
Recall3: 0.04322; MRR3: 0.02827
Recall5: 0.06075; MRR5: 0.03221
Recall10: 0.09539; MRR10: 0.03672
Recall20: 0.14866; MRR20: 0.04036
New best Recall@10: 0.09539, model updated.
--------------------
Epoch 24/200
--------------------
Loss: 8.061074256896973
Recall3: 0.04523; MRR3: 0.03066
Recall5: 0.06239; MRR5: 0.03455
Recall10: 0.09795; MRR10: 0.03921
Recall20: 0.15269; MRR20: 0.04292
New best Recall@10: 0.09795, model updated.
--------------------
Epoch 25/200
--------------------
Loss: 7.118225574493408
Recall3: 0.04349; MRR3: 0.02844
Recall5: 0.06238; MRR5: 0.03267
Recall10: 0.10009; MRR10: 0.03760
Recall20: 0.15278; MRR20: 0.04119
New best Recall@10: 0.10009, model updated.
--------------------
Epoch 26/200
--------------------
Loss: 6.990207195281982
Recall3: 0.04466; MRR3: 0.02922
Recall5: 0.06367; MRR5: 0.03354
Recall10: 0.10095; MRR10: 0.03845
Recall20: 0.15647; MRR20: 0.04223
New best Recall@10: 0.10095, model updated.
--------------------
Epoch 27/200
--------------------
Loss: 7.824862003326416
Recall3: 0.04300; MRR3: 0.02892
Recall5: 0.06238; MRR5: 0.03335
Recall10: 0.10095; MRR10: 0.03841
Recall20: 0.15703; MRR20: 0.04222
No improvement in Recall@10. Patience counter: 1/10
--------------------
Epoch 28/200
--------------------
Loss: 6.573060035705566
Recall3: 0.04380; MRR3: 0.02856
Recall5: 0.06188; MRR5: 0.03264
Recall10: 0.10381; MRR10: 0.03814
Recall20: 0.15807; MRR20: 0.04183
New best Recall@10: 0.10381, model updated.
--------------------
Epoch 29/200
--------------------
Loss: 7.367061614990234
Recall3: 0.04657; MRR3: 0.03056
Recall5: 0.06515; MRR5: 0.03477
Recall10: 0.10618; MRR10: 0.04017
Recall20: 0.16281; MRR20: 0.04405
New best Recall@10: 0.10618, model updated.
--------------------
Epoch 30/200
--------------------
Loss: 5.693580627441406
Recall3: 0.04503; MRR3: 0.02948
Recall5: 0.06496; MRR5: 0.03403
Recall10: 0.10464; MRR10: 0.03929
Recall20: 0.15914; MRR20: 0.04303
No improvement in Recall@10. Patience counter: 1/10
--------------------
Epoch 31/200
--------------------
Loss: 7.008731365203857
Recall3: 0.04608; MRR3: 0.03037
Recall5: 0.06576; MRR5: 0.03486
Recall10: 0.10630; MRR10: 0.04024
Recall20: 0.16197; MRR20: 0.04406
New best Recall@10: 0.10630, model updated.
--------------------
Epoch 32/200
--------------------
Loss: 6.881089210510254
Recall3: 0.04663; MRR3: 0.03086
Recall5: 0.06576; MRR5: 0.03519
Recall10: 0.10673; MRR10: 0.04063
Recall20: 0.16394; MRR20: 0.04457
New best Recall@10: 0.10673, model updated.
--------------------
Epoch 33/200
--------------------
Loss: 6.620639801025391
Recall3: 0.04620; MRR3: 0.03025
Recall5: 0.06718; MRR5: 0.03500
Recall10: 0.10858; MRR10: 0.04048
Recall20: 0.16551; MRR20: 0.04437
New best Recall@10: 0.10858, model updated.
--------------------
Epoch 34/200
--------------------
Loss: 6.964593410491943
Recall3: 0.04718; MRR3: 0.03102
Recall5: 0.06896; MRR5: 0.03595
Recall10: 0.11036; MRR10: 0.04140
Recall20: 0.16933; MRR20: 0.04539
New best Recall@10: 0.11036, model updated.
--------------------
Epoch 35/200
--------------------
Loss: 7.338440418243408
Recall3: 0.04847; MRR3: 0.03181
Recall5: 0.07109; MRR5: 0.03695
Recall10: 0.11120; MRR10: 0.04223
Recall20: 0.16955; MRR20: 0.04627
New best Recall@10: 0.11120, model updated.
--------------------
Epoch 36/200
--------------------
Loss: 6.898472309112549
Recall3: 0.04792; MRR3: 0.03140
Recall5: 0.06779; MRR5: 0.03593
Recall10: 0.11054; MRR10: 0.04156
Recall20: 0.16976; MRR20: 0.04556
No improvement in Recall@10. Patience counter: 1/10
--------------------
Epoch 37/200
--------------------
Loss: 7.530552387237549
Recall3: 0.04817; MRR3: 0.03179
Recall5: 0.06797; MRR5: 0.03627
Recall10: 0.10888; MRR10: 0.04164
Recall20: 0.16695; MRR20: 0.04559
No improvement in Recall@10. Patience counter: 2/10
--------------------
Epoch 38/200
--------------------
Loss: 6.905241966247559
Recall3: 0.04986; MRR3: 0.03317
Recall5: 0.06980; MRR5: 0.03769
Recall10: 0.11181; MRR10: 0.04319
Recall20: 0.17037; MRR20: 0.04716
New best Recall@10: 0.11181, model updated.
--------------------
Epoch 39/200
--------------------
Loss: 5.994521617889404
Recall3: 0.04952; MRR3: 0.03253
Recall5: 0.07056; MRR5: 0.03735
Recall10: 0.11128; MRR10: 0.04268
Recall20: 0.17404; MRR20: 0.04697
No improvement in Recall@10. Patience counter: 1/10
--------------------
Epoch 40/200
--------------------
Loss: 6.613678455352783
Recall3: 0.04804; MRR3: 0.03192
Recall5: 0.07111; MRR5: 0.03713
Recall10: 0.11513; MRR10: 0.04278
Recall20: 0.17271; MRR20: 0.04670
New best Recall@10: 0.11513, model updated.
--------------------
Epoch 41/200
--------------------
Loss: 6.530106544494629
Recall3: 0.04986; MRR3: 0.03355
Recall5: 0.07379; MRR5: 0.03898
Recall10: 0.11569; MRR10: 0.04444
Recall20: 0.17666; MRR20: 0.04861
New best Recall@10: 0.11569, model updated.
--------------------
Epoch 42/200
--------------------
Loss: 6.62949800491333
Recall3: 0.04798; MRR3: 0.03232
Recall5: 0.07080; MRR5: 0.03750
Recall10: 0.11467; MRR10: 0.04326
Recall20: 0.17277; MRR20: 0.04719
No improvement in Recall@10. Patience counter: 1/10
--------------------
Epoch 43/200
--------------------
Loss: 7.416741847991943
Recall3: 0.04878; MRR3: 0.03250
Recall5: 0.07074; MRR5: 0.03751
Recall10: 0.11337; MRR10: 0.04314
Recall20: 0.17157; MRR20: 0.04713
No improvement in Recall@10. Patience counter: 2/10
--------------------
Epoch 44/200
--------------------
Loss: 6.980954647064209
Recall3: 0.04915; MRR3: 0.03245
Recall5: 0.07197; MRR5: 0.03763
Recall10: 0.11331; MRR10: 0.04300
Recall20: 0.17114; MRR20: 0.04694
No improvement in Recall@10. Patience counter: 3/10
--------------------
Epoch 45/200
--------------------
Loss: 6.165314197540283
Recall3: 0.04983; MRR3: 0.03324
Recall5: 0.07099; MRR5: 0.03797
Recall10: 0.11270; MRR10: 0.04340
Recall20: 0.17243; MRR20: 0.04746
No improvement in Recall@10. Patience counter: 4/10
--------------------
Epoch 46/200
--------------------
Loss: 6.399578094482422
Recall3: 0.04854; MRR3: 0.03223
Recall5: 0.07226; MRR5: 0.03764
Recall10: 0.11489; MRR10: 0.04325
Recall20: 0.17327; MRR20: 0.04722
No improvement in Recall@10. Patience counter: 5/10
--------------------
Epoch 47/200
--------------------
Loss: 6.625863075256348
Recall3: 0.04866; MRR3: 0.03240
Recall5: 0.07314; MRR5: 0.03790
Recall10: 0.11540; MRR10: 0.04345
Recall20: 0.17224; MRR20: 0.04740
No improvement in Recall@10. Patience counter: 6/10
--------------------
Epoch 48/200
--------------------
Loss: 6.487815856933594
Recall3: 0.05122; MRR3: 0.03390
Recall5: 0.07478; MRR5: 0.03926
Recall10: 0.11815; MRR10: 0.04498
Recall20: 0.17665; MRR20: 0.04895
New best Recall@10: 0.11815, model updated.
--------------------
Epoch 49/200
--------------------
Loss: 7.868892192840576
Recall3: 0.04940; MRR3: 0.03369
Recall5: 0.07388; MRR5: 0.03919
Recall10: 0.11571; MRR10: 0.04462
Recall20: 0.17440; MRR20: 0.04864
No improvement in Recall@10. Patience counter: 1/10
--------------------
Epoch 50/200
--------------------
Loss: 7.275116443634033
Recall3: 0.04958; MRR3: 0.03371
Recall5: 0.07576; MRR5: 0.03958
Recall10: 0.11796; MRR10: 0.04509
Recall20: 0.17597; MRR20: 0.04905
No improvement in Recall@10. Patience counter: 2/10
--------------------
Epoch 51/200
--------------------
Loss: 6.6738505363464355
Recall3: 0.05038; MRR3: 0.03382
Recall5: 0.07394; MRR5: 0.03915
Recall10: 0.11577; MRR10: 0.04464
Recall20: 0.17749; MRR20: 0.04887
No improvement in Recall@10. Patience counter: 3/10
--------------------
Epoch 52/200
--------------------
Loss: 6.945590972900391
Recall3: 0.05124; MRR3: 0.03381
Recall5: 0.07345; MRR5: 0.03884
Recall10: 0.11626; MRR10: 0.04443
Recall20: 0.17440; MRR20: 0.04840
No improvement in Recall@10. Patience counter: 4/10
--------------------
Epoch 53/200
--------------------
Loss: 7.843434810638428
Recall3: 0.05075; MRR3: 0.03432
Recall5: 0.07259; MRR5: 0.03924
Recall10: 0.11590; MRR10: 0.04486
Recall20: 0.17323; MRR20: 0.04878
No improvement in Recall@10. Patience counter: 5/10
--------------------
Epoch 54/200
--------------------
Loss: 6.413969993591309
Recall3: 0.05134; MRR3: 0.03470
Recall5: 0.07379; MRR5: 0.03976
Recall10: 0.11708; MRR10: 0.04544
Recall20: 0.17656; MRR20: 0.04950
No improvement in Recall@10. Patience counter: 6/10
--------------------
Epoch 55/200
--------------------
Loss: 8.264098167419434
Recall3: 0.05007; MRR3: 0.03352
Recall5: 0.07419; MRR5: 0.03900
Recall10: 0.11473; MRR10: 0.04430
Recall20: 0.17587; MRR20: 0.04847
No improvement in Recall@10. Patience counter: 7/10
--------------------
Epoch 56/200
--------------------
Loss: 6.643795967102051
Recall3: 0.04995; MRR3: 0.03289
Recall5: 0.07339; MRR5: 0.03817
Recall10: 0.11362; MRR10: 0.04340
Recall20: 0.17311; MRR20: 0.04749
No improvement in Recall@10. Patience counter: 8/10
--------------------
Epoch 57/200
--------------------
Loss: 6.255644798278809
Recall3: 0.05057; MRR3: 0.03342
Recall5: 0.07400; MRR5: 0.03876
Recall10: 0.11559; MRR10: 0.04415
Recall20: 0.17563; MRR20: 0.04821
No improvement in Recall@10. Patience counter: 9/10
--------------------
Epoch 58/200
--------------------
Loss: 7.753246307373047
Recall3: 0.05130; MRR3: 0.03345
Recall5: 0.07271; MRR5: 0.03832
Recall10: 0.11599; MRR10: 0.04392
Recall20: 0.17573; MRR20: 0.04803
No improvement in Recall@10. Patience counter: 10/10
Early stopping triggered. Best Recall@10: 0.11815
****************************************

Loading fine-tuning set data......
Users_a end at 94601
Loading fine-tuning set data......
Users_a end at 10484
Loading fine-tuning set data......
Users_a end at 10484
--------------------
Epoch 1/200
--------------------
Loss: 6.298310279846191 Loss_diff 0.7122257947921753
Recall3_b: 0.04929; Mrr3: 0.03241
Recall5_b: 0.06979; Mrr5: 0.03702
Recall10_b: 0.11044; Mrr10: 0.04239
Recall20_b: 0.16974; Mrr20: 0.04644
New best Recall@10: 0.11044 at Epoch 1
--------------------
Epoch 2/200
--------------------
Loss: 6.800981521606445 Loss_diff 0.7096982002258301
Recall3_b: 0.04876; Mrr3: 0.03291
Recall5_b: 0.07147; Mrr5: 0.03809
Recall10_b: 0.11239; Mrr10: 0.04347
Recall20_b: 0.16876; Mrr20: 0.04733
New best Recall@10: 0.11239 at Epoch 2
--------------------
Epoch 3/200
--------------------
Loss: 6.038865089416504 Loss_diff 0.7073602080345154
Recall3_b: 0.04831; Mrr3: 0.03251
Recall5_b: 0.07128; Mrr5: 0.03773
Recall10_b: 0.11188; Mrr10: 0.04301
Recall20_b: 0.16803; Mrr20: 0.04683
No improvement in Recall@10. Patience counter: 1/10
--------------------
Epoch 4/200
--------------------
Loss: 5.92731237411499 Loss_diff 0.7050790190696716
Recall3_b: 0.04844; Mrr3: 0.03253
Recall5_b: 0.07326; Mrr5: 0.03819
Recall10_b: 0.11398; Mrr10: 0.04349
Recall20_b: 0.17033; Mrr20: 0.04732
New best Recall@10: 0.11398 at Epoch 4
--------------------
Epoch 5/200
--------------------
Loss: 5.925573348999023 Loss_diff 0.7029601335525513
Recall3_b: 0.05090; Mrr3: 0.03367
Recall5_b: 0.07160; Mrr5: 0.03843
Recall10_b: 0.11260; Mrr10: 0.04378
Recall20_b: 0.17146; Mrr20: 0.04781
No improvement in Recall@10. Patience counter: 1/10
--------------------
Epoch 6/200
--------------------
Loss: 6.118622779846191 Loss_diff 0.7005418539047241
Recall3_b: 0.04910; Mrr3: 0.03294
Recall5_b: 0.07115; Mrr5: 0.03795
Recall10_b: 0.11416; Mrr10: 0.04358
Recall20_b: 0.16875; Mrr20: 0.04727
New best Recall@10: 0.11416 at Epoch 6
--------------------
Epoch 7/200
--------------------
Loss: 6.632913589477539 Loss_diff 0.6982587575912476
Recall3_b: 0.04988; Mrr3: 0.03259
Recall5_b: 0.07332; Mrr5: 0.03786
Recall10_b: 0.11244; Mrr10: 0.04295
Recall20_b: 0.16997; Mrr20: 0.04689
No improvement in Recall@10. Patience counter: 1/10
--------------------
Epoch 8/200
--------------------
Loss: 5.836580753326416 Loss_diff 0.6959469318389893
Recall3_b: 0.04934; Mrr3: 0.03239
Recall5_b: 0.07223; Mrr5: 0.03763
Recall10_b: 0.11350; Mrr10: 0.04304
Recall20_b: 0.17186; Mrr20: 0.04702
No improvement in Recall@10. Patience counter: 2/10
--------------------
Epoch 9/200
--------------------
Loss: 5.848569869995117 Loss_diff 0.6938188076019287
Recall3_b: 0.05008; Mrr3: 0.03299
Recall5_b: 0.07305; Mrr5: 0.03826
Recall10_b: 0.11445; Mrr10: 0.04364
Recall20_b: 0.17339; Mrr20: 0.04767
New best Recall@10: 0.11445 at Epoch 9
--------------------
Epoch 10/200
--------------------
Loss: 6.078444004058838 Loss_diff 0.6914039850234985
Recall3_b: 0.04887; Mrr3: 0.03289
Recall5_b: 0.07432; Mrr5: 0.03869
Recall10_b: 0.11619; Mrr10: 0.04417
Recall20_b: 0.17096; Mrr20: 0.04793
New best Recall@10: 0.11619 at Epoch 10
--------------------
Epoch 11/200
--------------------
Loss: 5.989675521850586 Loss_diff 0.6891287565231323
Recall3_b: 0.04960; Mrr3: 0.03344
Recall5_b: 0.07381; Mrr5: 0.03891
Recall10_b: 0.11505; Mrr10: 0.04432
Recall20_b: 0.17310; Mrr20: 0.04829
No improvement in Recall@10. Patience counter: 1/10
--------------------
Epoch 12/200
--------------------
Loss: 6.142385959625244 Loss_diff 0.6869854927062988
Recall3_b: 0.05053; Mrr3: 0.03416
Recall5_b: 0.07277; Mrr5: 0.03920
Recall10_b: 0.11623; Mrr10: 0.04487
Recall20_b: 0.17576; Mrr20: 0.04890
New best Recall@10: 0.11623 at Epoch 12
--------------------
Epoch 13/200
--------------------
Loss: 6.226089954376221 Loss_diff 0.6850087642669678
Recall3_b: 0.04980; Mrr3: 0.03400
Recall5_b: 0.07357; Mrr5: 0.03944
Recall10_b: 0.11575; Mrr10: 0.04492
Recall20_b: 0.17345; Mrr20: 0.04883
No improvement in Recall@10. Patience counter: 1/10
--------------------
Epoch 14/200
--------------------
Loss: 5.374951362609863 Loss_diff 0.683027446269989
Recall3_b: 0.05160; Mrr3: 0.03386
Recall5_b: 0.07505; Mrr5: 0.03914
Recall10_b: 0.11596; Mrr10: 0.04449
Recall20_b: 0.17341; Mrr20: 0.04838
No improvement in Recall@10. Patience counter: 2/10
--------------------
Epoch 15/200
--------------------
Loss: 5.885851860046387 Loss_diff 0.6809931397438049
Recall3_b: 0.04949; Mrr3: 0.03315
Recall5_b: 0.07192; Mrr5: 0.03825
Recall10_b: 0.11600; Mrr10: 0.04408
Recall20_b: 0.17276; Mrr20: 0.04788
No improvement in Recall@10. Patience counter: 3/10
--------------------
Epoch 16/200
--------------------
Loss: 6.399960517883301 Loss_diff 0.6786911487579346
Recall3_b: 0.05039; Mrr3: 0.03410
Recall5_b: 0.07251; Mrr5: 0.03911
Recall10_b: 0.11590; Mrr10: 0.04484
Recall20_b: 0.17355; Mrr20: 0.04874
No improvement in Recall@10. Patience counter: 4/10
--------------------
Epoch 17/200
--------------------
Loss: 5.766951560974121 Loss_diff 0.6765779256820679
Recall3_b: 0.05033; Mrr3: 0.03368
Recall5_b: 0.07320; Mrr5: 0.03887
Recall10_b: 0.11660; Mrr10: 0.04461
Recall20_b: 0.17499; Mrr20: 0.04854
New best Recall@10: 0.11660 at Epoch 17
--------------------
Epoch 18/200
--------------------
Loss: 6.180235385894775 Loss_diff 0.6743625998497009
Recall3_b: 0.05144; Mrr3: 0.03437
Recall5_b: 0.07336; Mrr5: 0.03933
Recall10_b: 0.11653; Mrr10: 0.04503
Recall20_b: 0.17393; Mrr20: 0.04895
No improvement in Recall@10. Patience counter: 1/10
--------------------
Epoch 19/200
--------------------
Loss: 6.008121013641357 Loss_diff 0.6725983023643494
Recall3_b: 0.05018; Mrr3: 0.03386
Recall5_b: 0.07249; Mrr5: 0.03897
Recall10_b: 0.11694; Mrr10: 0.04483
Recall20_b: 0.17255; Mrr20: 0.04860
New best Recall@10: 0.11694 at Epoch 19
--------------------
Epoch 20/200
--------------------
Loss: 6.410817623138428 Loss_diff 0.6704804301261902
Recall3_b: 0.04933; Mrr3: 0.03317
Recall5_b: 0.07147; Mrr5: 0.03820
Recall10_b: 0.11455; Mrr10: 0.04387
Recall20_b: 0.17276; Mrr20: 0.04785
No improvement in Recall@10. Patience counter: 1/10
--------------------
Epoch 21/200
--------------------
Loss: 6.4264631271362305 Loss_diff 0.66850346326828
Recall3_b: 0.05055; Mrr3: 0.03423
Recall5_b: 0.07250; Mrr5: 0.03924
Recall10_b: 0.11559; Mrr10: 0.04491
Recall20_b: 0.17225; Mrr20: 0.04877
No improvement in Recall@10. Patience counter: 2/10
--------------------
Epoch 22/200
--------------------
Loss: 5.331725120544434 Loss_diff 0.6667543053627014
Recall3_b: 0.05008; Mrr3: 0.03401
Recall5_b: 0.07124; Mrr5: 0.03878
Recall10_b: 0.11692; Mrr10: 0.04487
Recall20_b: 0.17216; Mrr20: 0.04866
No improvement in Recall@10. Patience counter: 3/10
--------------------
Epoch 23/200
--------------------
Loss: 5.902434825897217 Loss_diff 0.6647940874099731
Recall3_b: 0.04912; Mrr3: 0.03330
Recall5_b: 0.07396; Mrr5: 0.03893
Recall10_b: 0.11638; Mrr10: 0.04457
Recall20_b: 0.17253; Mrr20: 0.04843
No improvement in Recall@10. Patience counter: 4/10
--------------------
Epoch 24/200
--------------------
Loss: 5.566252708435059 Loss_diff 0.6626226902008057
Recall3_b: 0.04929; Mrr3: 0.03340
Recall5_b: 0.07104; Mrr5: 0.03838
Recall10_b: 0.11718; Mrr10: 0.04450
Recall20_b: 0.17432; Mrr20: 0.04840
New best Recall@10: 0.11718 at Epoch 24
--------------------
Epoch 25/200
--------------------
Loss: 6.1462721824646 Loss_diff 0.6604886054992676
Recall3_b: 0.05121; Mrr3: 0.03422
Recall5_b: 0.07322; Mrr5: 0.03919
Recall10_b: 0.11535; Mrr10: 0.04481
Recall20_b: 0.17281; Mrr20: 0.04872
No improvement in Recall@10. Patience counter: 1/10
--------------------
Epoch 26/200
--------------------
Loss: 4.919371604919434 Loss_diff 0.6587936282157898
Recall3_b: 0.04968; Mrr3: 0.03377
Recall5_b: 0.07191; Mrr5: 0.03879
Recall10_b: 0.11529; Mrr10: 0.04452
Recall20_b: 0.17210; Mrr20: 0.04841
No improvement in Recall@10. Patience counter: 2/10
--------------------
Epoch 27/200
--------------------
Loss: 6.493598461151123 Loss_diff 0.6569182276725769
Recall3_b: 0.04932; Mrr3: 0.03328
Recall5_b: 0.07219; Mrr5: 0.03849
Recall10_b: 0.11549; Mrr10: 0.04416
Recall20_b: 0.17080; Mrr20: 0.04792
No improvement in Recall@10. Patience counter: 3/10
--------------------
Epoch 28/200
--------------------
Loss: 5.544186115264893 Loss_diff 0.6550507545471191
Recall3_b: 0.05035; Mrr3: 0.03481
Recall5_b: 0.07143; Mrr5: 0.03954
Recall10_b: 0.11401; Mrr10: 0.04520
Recall20_b: 0.17257; Mrr20: 0.04921
No improvement in Recall@10. Patience counter: 4/10
--------------------
Epoch 29/200
--------------------
Loss: 5.5787200927734375 Loss_diff 0.653424084186554
Recall3_b: 0.05066; Mrr3: 0.03401
Recall5_b: 0.07364; Mrr5: 0.03920
Recall10_b: 0.11562; Mrr10: 0.04474
Recall20_b: 0.17340; Mrr20: 0.04868
No improvement in Recall@10. Patience counter: 5/10
--------------------
Epoch 30/200
--------------------
Loss: 5.393691539764404 Loss_diff 0.6518323421478271
Recall3_b: 0.05008; Mrr3: 0.03355
Recall5_b: 0.07384; Mrr5: 0.03890
Recall10_b: 0.11415; Mrr10: 0.04421
Recall20_b: 0.17196; Mrr20: 0.04818
No improvement in Recall@10. Patience counter: 6/10
--------------------
Epoch 31/200
--------------------
Loss: 5.399040222167969 Loss_diff 0.6501023769378662
Recall3_b: 0.05054; Mrr3: 0.03429
Recall5_b: 0.07218; Mrr5: 0.03914
Recall10_b: 0.11385; Mrr10: 0.04465
Recall20_b: 0.17290; Mrr20: 0.04868
No improvement in Recall@10. Patience counter: 7/10
--------------------
Epoch 32/200
--------------------
Loss: 5.616395950317383 Loss_diff 0.6484252214431763
Recall3_b: 0.05052; Mrr3: 0.03349
Recall5_b: 0.07149; Mrr5: 0.03823
Recall10_b: 0.11542; Mrr10: 0.04402
Recall20_b: 0.17294; Mrr20: 0.04796
No improvement in Recall@10. Patience counter: 8/10
--------------------
Epoch 33/200
--------------------
Loss: 6.463390827178955 Loss_diff 0.6464626789093018
Recall3_b: 0.05026; Mrr3: 0.03447
Recall5_b: 0.07251; Mrr5: 0.03951
Recall10_b: 0.11688; Mrr10: 0.04536
Recall20_b: 0.17511; Mrr20: 0.04930
No improvement in Recall@10. Patience counter: 9/10
--------------------
Epoch 34/200
--------------------
Loss: 6.943942070007324 Loss_diff 0.6448243260383606
Recall3_b: 0.04875; Mrr3: 0.03322
Recall5_b: 0.07152; Mrr5: 0.03838
Recall10_b: 0.11546; Mrr10: 0.04420
Recall20_b: 0.17462; Mrr20: 0.04823
No improvement in Recall@10. Patience counter: 10/10
Early stopping triggered. Best Recall@10: 0.11718 at Epoch 24
已完成训练，测试结果：
=== Evaluation Metrics ===
Recall @3 @5 @10 @20:
0.0405
0.0597
0.0926
0.1410
NDCG @3 @5 @10 @20:
0.0305
0.0384
0.0490
0.0611
MRR @3 @5 @10 @20:
0.0271
0.0314
0.0358
0.0390
Total time cost: 3166.01 seconds.
