=== model training parameter configuration ===
device              : cpu
seed                : 608
dataset             : AM-MB
A_domain            : Amazon-KG-5core-Books
B_domain            : Amazon-KG-5core-Movies_and_TV
epoch               : 200
batch_size          : 128
patience            : 10
hidden_units        : 100
maxlen              : 15
min_len             : 0
A_size              : 8318
B_size              : 4779
all_size            : 13097
lr                  : 0.0001
lr_decline          : False
dropout_rate        : 0.45
Lambda              : 0.002
n_heads             : 1
n_layers            : 1
d_k                 : 100
d_v                 : 100
d_ff                : 2048
Strategy            : default
pretrained_embedding_path: pretrain/transE/
prompt_num_S        : 2
prompt_num          : 2
prompt_agg          : mean_noise
prompt_agg_use_all  : False
use_KG              : True
use_shared          : True
use_spec            : True
use_disen           : True
disen_way           : info
freeze_shared_prompt: True
freeze_model        : False
=========================
Loading pre-training set data......
Users_a end at 94601
Users_b start at 84118
Loading pre-training set data......
Users_a end at 10484
Users_b start at 10485
========prompt_agg_use_all=False========
[KG] common.rel: 15 relations, specific.rel: 6 relations
--------------------
Epoch 1/200
--------------------
Loss: 8.777359962463379
Recall3: 0.00892; MRR3: 0.00559
Recall5: 0.01255; MRR5: 0.00636
Recall10: 0.01833; MRR10: 0.00712
Recall20: 0.03199; MRR20: 0.00808
New best Recall@10: 0.01833, model updated.
--------------------
Epoch 2/200
--------------------
Loss: 8.91474723815918
Recall3: 0.00824; MRR3: 0.00558
Recall5: 0.01169; MRR5: 0.00641
Recall10: 0.01821; MRR10: 0.00725
Recall20: 0.03291; MRR20: 0.00828
No improvement in Recall@10. Patience counter: 1/10
--------------------
Epoch 3/200
--------------------
Loss: 8.41012191772461
Recall3: 0.01040; MRR3: 0.00662
Recall5: 0.01593; MRR5: 0.00787
Recall10: 0.02424; MRR10: 0.00899
Recall20: 0.03906; MRR20: 0.01000
New best Recall@10: 0.02424, model updated.
--------------------
Epoch 4/200
--------------------
Loss: 7.996857643127441
Recall3: 0.01316; MRR3: 0.00800
Recall5: 0.01907; MRR5: 0.00936
Recall10: 0.02971; MRR10: 0.01072
Recall20: 0.04989; MRR20: 0.01208
New best Recall@10: 0.02971, model updated.
--------------------
Epoch 5/200
--------------------
Loss: 7.782021522521973
Recall3: 0.01464; MRR3: 0.00946
Recall5: 0.02128; MRR5: 0.01095
Recall10: 0.03553; MRR10: 0.01281
Recall20: 0.06020; MRR20: 0.01446
New best Recall@10: 0.03553, model updated.
--------------------
Epoch 6/200
--------------------
Loss: 8.250571250915527
Recall3: 0.01526; MRR3: 0.00983
Recall5: 0.02313; MRR5: 0.01162
Recall10: 0.03765; MRR10: 0.01352
Recall20: 0.06404; MRR20: 0.01532
New best Recall@10: 0.03765, model updated.
--------------------
Epoch 7/200
--------------------
Loss: 8.324074745178223
Recall3: 0.01901; MRR3: 0.01178
Recall5: 0.02750; MRR5: 0.01368
Recall10: 0.04466; MRR10: 0.01593
Recall20: 0.07484; MRR20: 0.01798
New best Recall@10: 0.04466, model updated.
--------------------
Epoch 8/200
--------------------
Loss: 7.989851951599121
Recall3: 0.02325; MRR3: 0.01449
Recall5: 0.03353; MRR5: 0.01683
Recall10: 0.05235; MRR10: 0.01929
Recall20: 0.08524; MRR20: 0.02149
New best Recall@10: 0.05235, model updated.
--------------------
Epoch 9/200
--------------------
Loss: 7.889008045196533
Recall3: 0.02461; MRR3: 0.01636
Recall5: 0.03746; MRR5: 0.01928
Recall10: 0.05727; MRR10: 0.02188
Recall20: 0.09080; MRR20: 0.02415
New best Recall@10: 0.05727, model updated.
--------------------
Epoch 10/200
--------------------
Loss: 7.9521918296813965
Recall3: 0.02559; MRR3: 0.01712
Recall5: 0.03912; MRR5: 0.02015
Recall10: 0.05998; MRR10: 0.02286
Recall20: 0.09769; MRR20: 0.02541
New best Recall@10: 0.05998, model updated.
--------------------
Epoch 11/200
--------------------
Loss: 7.731104373931885
Recall3: 0.02713; MRR3: 0.01779
Recall5: 0.04029; MRR5: 0.02076
Recall10: 0.06496; MRR10: 0.02397
Recall20: 0.10575; MRR20: 0.02675
New best Recall@10: 0.06496, model updated.
--------------------
Epoch 12/200
--------------------
Loss: 7.879189491271973
Recall3: 0.02750; MRR3: 0.01787
Recall5: 0.04254; MRR5: 0.02133
Recall10: 0.06875; MRR10: 0.02475
Recall20: 0.11302; MRR20: 0.02773
New best Recall@10: 0.06875, model updated.
--------------------
Epoch 13/200
--------------------
Loss: 7.75455904006958
Recall3: 0.02971; MRR3: 0.01902
Recall5: 0.04374; MRR5: 0.02220
Recall10: 0.07087; MRR10: 0.02573
Recall20: 0.11519; MRR20: 0.02873
New best Recall@10: 0.07087, model updated.
--------------------
Epoch 14/200
--------------------
Loss: 8.07994270324707
Recall3: 0.03063; MRR3: 0.01979
Recall5: 0.04392; MRR5: 0.02277
Recall10: 0.07388; MRR10: 0.02666
Recall20: 0.11608; MRR20: 0.02954
New best Recall@10: 0.07388, model updated.
--------------------
Epoch 15/200
--------------------
Loss: 8.670832633972168
Recall3: 0.03143; MRR3: 0.02063
Recall5: 0.04534; MRR5: 0.02377
Recall10: 0.07456; MRR10: 0.02758
Recall20: 0.11719; MRR20: 0.03048
New best Recall@10: 0.07456, model updated.
--------------------
Epoch 16/200
--------------------
Loss: 7.588295936584473
Recall3: 0.03211; MRR3: 0.02108
Recall5: 0.04558; MRR5: 0.02416
Recall10: 0.07875; MRR10: 0.02858
Recall20: 0.12548; MRR20: 0.03181
New best Recall@10: 0.07875, model updated.
--------------------
Epoch 17/200
--------------------
Loss: 7.334710597991943
Recall3: 0.03449; MRR3: 0.02295
Recall5: 0.04906; MRR5: 0.02625
Recall10: 0.07884; MRR10: 0.03013
Recall20: 0.12399; MRR20: 0.03322
New best Recall@10: 0.07884, model updated.
--------------------
Epoch 18/200
--------------------
Loss: 7.4911932945251465
Recall3: 0.03488; MRR3: 0.02418
Recall5: 0.04983; MRR5: 0.02756
Recall10: 0.08188; MRR10: 0.03176
Recall20: 0.12765; MRR20: 0.03490
New best Recall@10: 0.08188, model updated.
--------------------
Epoch 19/200
--------------------
Loss: 7.536770343780518
Recall3: 0.03765; MRR3: 0.02525
Recall5: 0.05380; MRR5: 0.02883
Recall10: 0.08597; MRR10: 0.03301
Recall20: 0.13390; MRR20: 0.03627
New best Recall@10: 0.08597, model updated.
--------------------
Epoch 20/200
--------------------
Loss: 7.2992048263549805
Recall3: 0.03752; MRR3: 0.02549
Recall5: 0.05180; MRR5: 0.02871
Recall10: 0.08483; MRR10: 0.03304
Recall20: 0.13490; MRR20: 0.03647
No improvement in Recall@10. Patience counter: 1/10
--------------------
Epoch 21/200
--------------------
Loss: 6.95857572555542
Recall3: 0.03943; MRR3: 0.02655
Recall5: 0.05469; MRR5: 0.02997
Recall10: 0.08772; MRR10: 0.03430
Recall20: 0.13859; MRR20: 0.03780
New best Recall@10: 0.08772, model updated.
--------------------
Epoch 22/200
--------------------
Loss: 8.12049674987793
Recall3: 0.04005; MRR3: 0.02613
Recall5: 0.05709; MRR5: 0.02998
Recall10: 0.09209; MRR10: 0.03449
Recall20: 0.14272; MRR20: 0.03795
New best Recall@10: 0.09209, model updated.
--------------------
Epoch 23/200
--------------------
Loss: 7.368712425231934
Recall3: 0.04242; MRR3: 0.02847
Recall5: 0.05928; MRR5: 0.03229
Recall10: 0.09422; MRR10: 0.03685
Recall20: 0.14804; MRR20: 0.04054
New best Recall@10: 0.09422, model updated.
--------------------
Epoch 24/200
--------------------
Loss: 8.050957679748535
Recall3: 0.04449; MRR3: 0.03012
Recall5: 0.06190; MRR5: 0.03403
Recall10: 0.09739; MRR10: 0.03864
Recall20: 0.14968; MRR20: 0.04224
New best Recall@10: 0.09739, model updated.
--------------------
Epoch 25/200
--------------------
Loss: 6.993752956390381
Recall3: 0.04306; MRR3: 0.02844
Recall5: 0.06121; MRR5: 0.03255
Recall10: 0.10064; MRR10: 0.03768
Recall20: 0.15028; MRR20: 0.04110
New best Recall@10: 0.10064, model updated.
--------------------
Epoch 26/200
--------------------
Loss: 7.101884365081787
Recall3: 0.04441; MRR3: 0.02991
Recall5: 0.06348; MRR5: 0.03422
Recall10: 0.10230; MRR10: 0.03935
Recall20: 0.15493; MRR20: 0.04294
New best Recall@10: 0.10230, model updated.
--------------------
Epoch 27/200
--------------------
Loss: 7.840542793273926
Recall3: 0.04484; MRR3: 0.02944
Recall5: 0.06416; MRR5: 0.03381
Recall10: 0.10187; MRR10: 0.03875
Recall20: 0.15484; MRR20: 0.04238
No improvement in Recall@10. Patience counter: 1/10
--------------------
Epoch 28/200
--------------------
Loss: 6.393020153045654
Recall3: 0.04478; MRR3: 0.02946
Recall5: 0.06398; MRR5: 0.03377
Recall10: 0.10332; MRR10: 0.03895
Recall20: 0.15653; MRR20: 0.04260
New best Recall@10: 0.10332, model updated.
--------------------
Epoch 29/200
--------------------
Loss: 7.504642009735107
Recall3: 0.04663; MRR3: 0.03058
Recall5: 0.06730; MRR5: 0.03529
Recall10: 0.10794; MRR10: 0.04059
Recall20: 0.16072; MRR20: 0.04418
New best Recall@10: 0.10794, model updated.
--------------------
Epoch 30/200
--------------------
Loss: 5.640202522277832
Recall3: 0.04651; MRR3: 0.03008
Recall5: 0.06718; MRR5: 0.03476
Recall10: 0.10618; MRR10: 0.03988
Recall20: 0.15883; MRR20: 0.04348
No improvement in Recall@10. Patience counter: 1/10
--------------------
Epoch 31/200
--------------------
Loss: 7.017208099365234
Recall3: 0.04780; MRR3: 0.03124
Recall5: 0.06859; MRR5: 0.03600
Recall10: 0.10741; MRR10: 0.04114
Recall20: 0.16006; MRR20: 0.04476
No improvement in Recall@10. Patience counter: 2/10
--------------------
Epoch 32/200
--------------------
Loss: 6.847156047821045
Recall3: 0.04780; MRR3: 0.03143
Recall5: 0.06970; MRR5: 0.03638
Recall10: 0.10845; MRR10: 0.04147
Recall20: 0.16474; MRR20: 0.04532
New best Recall@10: 0.10845, model updated.
--------------------
Epoch 33/200
--------------------
Loss: 6.739157199859619
Recall3: 0.04620; MRR3: 0.03031
Recall5: 0.06877; MRR5: 0.03540
Recall10: 0.10759; MRR10: 0.04052
Recall20: 0.16492; MRR20: 0.04443
No improvement in Recall@10. Patience counter: 1/10
--------------------
Epoch 34/200
--------------------
Loss: 7.061233043670654
Recall3: 0.04786; MRR3: 0.03164
Recall5: 0.07074; MRR5: 0.03686
Recall10: 0.11061; MRR10: 0.04213
Recall20: 0.16908; MRR20: 0.04611
New best Recall@10: 0.11061, model updated.
--------------------
Epoch 35/200
--------------------
Loss: 7.430631160736084
Recall3: 0.05091; MRR3: 0.03277
Recall5: 0.07189; MRR5: 0.03748
Recall10: 0.11101; MRR10: 0.04264
Recall20: 0.16681; MRR20: 0.04643
New best Recall@10: 0.11101, model updated.
--------------------
Epoch 36/200
--------------------
Loss: 6.882775783538818
Recall3: 0.04774; MRR3: 0.03116
Recall5: 0.06964; MRR5: 0.03615
Recall10: 0.11122; MRR10: 0.04163
Recall20: 0.16622; MRR20: 0.04537
New best Recall@10: 0.11122, model updated.
--------------------
Epoch 37/200
--------------------
Loss: 7.4322614669799805
Recall3: 0.04669; MRR3: 0.03187
Recall5: 0.06884; MRR5: 0.03691
Recall10: 0.11030; MRR10: 0.04239
Recall20: 0.16634; MRR20: 0.04619
No improvement in Recall@10. Patience counter: 1/10
--------------------
Epoch 38/200
--------------------
Loss: 6.883525848388672
Recall3: 0.04962; MRR3: 0.03326
Recall5: 0.07238; MRR5: 0.03841
Recall10: 0.11329; MRR10: 0.04374
Recall20: 0.16957; MRR20: 0.04757
New best Recall@10: 0.11329, model updated.
--------------------
Epoch 39/200
--------------------
Loss: 6.188018798828125
Recall3: 0.04817; MRR3: 0.03255
Recall5: 0.07013; MRR5: 0.03753
Recall10: 0.11366; MRR10: 0.04320
Recall20: 0.17115; MRR20: 0.04712
New best Recall@10: 0.11366, model updated.
--------------------
Epoch 40/200
--------------------
Loss: 6.876806735992432
Recall3: 0.04958; MRR3: 0.03273
Recall5: 0.07167; MRR5: 0.03774
Recall10: 0.11470; MRR10: 0.04336
Recall20: 0.17333; MRR20: 0.04738
New best Recall@10: 0.11470, model updated.
--------------------
Epoch 41/200
--------------------
Loss: 6.328652858734131
Recall3: 0.05036; MRR3: 0.03382
Recall5: 0.07275; MRR5: 0.03889
Recall10: 0.11489; MRR10: 0.04437
Recall20: 0.17459; MRR20: 0.04845
New best Recall@10: 0.11489, model updated.
--------------------
Epoch 42/200
--------------------
Loss: 6.747071743011475
Recall3: 0.04841; MRR3: 0.03254
Recall5: 0.07283; MRR5: 0.03809
Recall10: 0.11337; MRR10: 0.04340
Recall20: 0.17163; MRR20: 0.04741
No improvement in Recall@10. Patience counter: 1/10
--------------------
Epoch 43/200
--------------------
Loss: 7.438605308532715
Recall3: 0.04847; MRR3: 0.03244
Recall5: 0.07148; MRR5: 0.03771
Recall10: 0.11214; MRR10: 0.04304
Recall20: 0.17175; MRR20: 0.04710
No improvement in Recall@10. Patience counter: 2/10
--------------------
Epoch 44/200
--------------------
Loss: 7.0900468826293945
Recall3: 0.04724; MRR3: 0.03176
Recall5: 0.07191; MRR5: 0.03741
Recall10: 0.11319; MRR10: 0.04287
Recall20: 0.17126; MRR20: 0.04685
No improvement in Recall@10. Patience counter: 3/10
--------------------
Epoch 45/200
--------------------
Loss: 6.327099800109863
Recall3: 0.04866; MRR3: 0.03232
Recall5: 0.07136; MRR5: 0.03750
Recall10: 0.11159; MRR10: 0.04278
Recall20: 0.16978; MRR20: 0.04676
No improvement in Recall@10. Patience counter: 4/10
--------------------
Epoch 46/200
--------------------
Loss: 6.2857232093811035
Recall3: 0.04866; MRR3: 0.03272
Recall5: 0.07410; MRR5: 0.03852
Recall10: 0.11519; MRR10: 0.04386
Recall20: 0.17370; MRR20: 0.04785
New best Recall@10: 0.11519, model updated.
--------------------
Epoch 47/200
--------------------
Loss: 6.752926826477051
Recall3: 0.04897; MRR3: 0.03284
Recall5: 0.07228; MRR5: 0.03808
Recall10: 0.11350; MRR10: 0.04349
Recall20: 0.17304; MRR20: 0.04753
No improvement in Recall@10. Patience counter: 1/10
--------------------
Epoch 48/200
--------------------
Loss: 6.5637054443359375
Recall3: 0.05030; MRR3: 0.03317
Recall5: 0.07453; MRR5: 0.03867
Recall10: 0.11757; MRR10: 0.04427
Recall20: 0.17687; MRR20: 0.04830
New best Recall@10: 0.11757, model updated.
--------------------
Epoch 49/200
--------------------
Loss: 7.824211120605469
Recall3: 0.04940; MRR3: 0.03317
Recall5: 0.07216; MRR5: 0.03833
Recall10: 0.11503; MRR10: 0.04396
Recall20: 0.17446; MRR20: 0.04800
No improvement in Recall@10. Patience counter: 1/10
--------------------
Epoch 50/200
--------------------
Loss: 7.514580249786377
Recall3: 0.05014; MRR3: 0.03334
Recall5: 0.07117; MRR5: 0.03813
Recall10: 0.11710; MRR10: 0.04420
Recall20: 0.17542; MRR20: 0.04820
No improvement in Recall@10. Patience counter: 2/10
--------------------
Epoch 51/200
--------------------
Loss: 6.552458763122559
Recall3: 0.05050; MRR3: 0.03343
Recall5: 0.07293; MRR5: 0.03847
Recall10: 0.11729; MRR10: 0.04426
Recall20: 0.17751; MRR20: 0.04832
No improvement in Recall@10. Patience counter: 3/10
--------------------
Epoch 52/200
--------------------
Loss: 7.009116172790527
Recall3: 0.05026; MRR3: 0.03344
Recall5: 0.07007; MRR5: 0.03794
Recall10: 0.11362; MRR10: 0.04373
Recall20: 0.17323; MRR20: 0.04782
No improvement in Recall@10. Patience counter: 4/10
--------------------
Epoch 53/200
--------------------
Loss: 7.78872013092041
Recall3: 0.05026; MRR3: 0.03374
Recall5: 0.07080; MRR5: 0.03840
Recall10: 0.11436; MRR10: 0.04414
Recall20: 0.17391; MRR20: 0.04823
No improvement in Recall@10. Patience counter: 5/10
--------------------
Epoch 54/200
--------------------
Loss: 6.43904447555542
Recall3: 0.05249; MRR3: 0.03485
Recall5: 0.07328; MRR5: 0.03959
Recall10: 0.11763; MRR10: 0.04536
Recall20: 0.17632; MRR20: 0.04938
New best Recall@10: 0.11763, model updated.
--------------------
Epoch 55/200
--------------------
Loss: 8.289791107177734
Recall3: 0.05155; MRR3: 0.03443
Recall5: 0.07154; MRR5: 0.03889
Recall10: 0.11399; MRR10: 0.04444
Recall20: 0.17409; MRR20: 0.04860
No improvement in Recall@10. Patience counter: 1/10
--------------------
Epoch 56/200
--------------------
Loss: 6.214937686920166
Recall3: 0.04995; MRR3: 0.03342
Recall5: 0.07117; MRR5: 0.03823
Recall10: 0.11473; MRR10: 0.04395
Recall20: 0.17212; MRR20: 0.04791
No improvement in Recall@10. Patience counter: 2/10
--------------------
Epoch 57/200
--------------------
Loss: 6.067890167236328
Recall3: 0.04995; MRR3: 0.03340
Recall5: 0.07044; MRR5: 0.03800
Recall10: 0.11516; MRR10: 0.04388
Recall20: 0.17304; MRR20: 0.04786
No improvement in Recall@10. Patience counter: 3/10
--------------------
Epoch 58/200
--------------------
Loss: 7.9541802406311035
Recall3: 0.05044; MRR3: 0.03376
Recall5: 0.07185; MRR5: 0.03854
Recall10: 0.11686; MRR10: 0.04441
Recall20: 0.17554; MRR20: 0.04846
No improvement in Recall@10. Patience counter: 4/10
--------------------
Epoch 59/200
--------------------
Loss: 6.593432426452637
Recall3: 0.04964; MRR3: 0.03328
Recall5: 0.07117; MRR5: 0.03815
Recall10: 0.11790; MRR10: 0.04436
Recall20: 0.17456; MRR20: 0.04827
New best Recall@10: 0.11790, model updated.
--------------------
Epoch 60/200
--------------------
Loss: 6.474911212921143
Recall3: 0.05143; MRR3: 0.03461
Recall5: 0.07320; MRR5: 0.03955
Recall10: 0.11503; MRR10: 0.04501
Recall20: 0.17304; MRR20: 0.04902
No improvement in Recall@10. Patience counter: 1/10
--------------------
Epoch 61/200
--------------------
Loss: 6.565943241119385
Recall3: 0.05032; MRR3: 0.03432
Recall5: 0.07191; MRR5: 0.03927
Recall10: 0.11614; MRR10: 0.04507
Recall20: 0.17249; MRR20: 0.04896
No improvement in Recall@10. Patience counter: 2/10
--------------------
Epoch 62/200
--------------------
Loss: 7.4184489250183105
Recall3: 0.05069; MRR3: 0.03463
Recall5: 0.07216; MRR5: 0.03953
Recall10: 0.11473; MRR10: 0.04512
Recall20: 0.17255; MRR20: 0.04907
No improvement in Recall@10. Patience counter: 3/10
--------------------
Epoch 63/200
--------------------
Loss: 7.00767183303833
Recall3: 0.04934; MRR3: 0.03304
Recall5: 0.06988; MRR5: 0.03765
Recall10: 0.11485; MRR10: 0.04360
Recall20: 0.17394; MRR20: 0.04765
No improvement in Recall@10. Patience counter: 4/10
--------------------
Epoch 64/200
--------------------
Loss: 7.3394389152526855
Recall3: 0.04915; MRR3: 0.03356
Recall5: 0.07050; MRR5: 0.03837
Recall10: 0.11534; MRR10: 0.04423
Recall20: 0.16948; MRR20: 0.04796
No improvement in Recall@10. Patience counter: 5/10
--------------------
Epoch 65/200
--------------------
Loss: 6.859041690826416
Recall3: 0.04841; MRR3: 0.03332
Recall5: 0.07111; MRR5: 0.03845
Recall10: 0.11540; MRR10: 0.04424
Recall20: 0.17188; MRR20: 0.04811
No improvement in Recall@10. Patience counter: 6/10
--------------------
Epoch 66/200
--------------------
Loss: 7.182968616485596
Recall3: 0.05073; MRR3: 0.03504
Recall5: 0.07269; MRR5: 0.04000
Recall10: 0.11692; MRR10: 0.04578
Recall20: 0.17419; MRR20: 0.04972
No improvement in Recall@10. Patience counter: 7/10
--------------------
Epoch 67/200
--------------------
Loss: 6.6768269538879395
Recall3: 0.05007; MRR3: 0.03444
Recall5: 0.07240; MRR5: 0.03946
Recall10: 0.11534; MRR10: 0.04508
Recall20: 0.17366; MRR20: 0.04908
No improvement in Recall@10. Patience counter: 8/10
--------------------
Epoch 68/200
--------------------
Loss: 5.887383460998535
Recall3: 0.04854; MRR3: 0.03339
Recall5: 0.07160; MRR5: 0.03863
Recall10: 0.11503; MRR10: 0.04427
Recall20: 0.17304; MRR20: 0.04823
No improvement in Recall@10. Patience counter: 9/10
--------------------
Epoch 69/200
--------------------
Loss: 6.655531883239746
Recall3: 0.05100; MRR3: 0.03460
Recall5: 0.07228; MRR5: 0.03943
Recall10: 0.11682; MRR10: 0.04520
Recall20: 0.17249; MRR20: 0.04901
No improvement in Recall@10. Patience counter: 10/10
Early stopping triggered. Best Recall@10: 0.11790
****************************************

Loading fine-tuning set data......
Users_a end at 94601
Loading fine-tuning set data......
Users_a end at 10484
Loading fine-tuning set data......
Users_a end at 10484
--------------------
Epoch 1/200
--------------------
Loss: 6.659696102142334 Loss_diff 0.7470642328262329
Recall3_b: 0.04911; Mrr3: 0.03340
Recall5_b: 0.07002; Mrr5: 0.03813
Recall10_b: 0.11350; Mrr10: 0.04378
Recall20_b: 0.16900; Mrr20: 0.04757
New best Recall@10: 0.11350 at Epoch 1
--------------------
Epoch 2/200
--------------------
Loss: 6.028149127960205 Loss_diff 0.7418502569198608
Recall3_b: 0.05027; Mrr3: 0.03415
Recall5_b: 0.07117; Mrr5: 0.03886
Recall10_b: 0.11131; Mrr10: 0.04421
Recall20_b: 0.17024; Mrr20: 0.04824
No improvement in Recall@10. Patience counter: 1/10
--------------------
Epoch 3/200
--------------------
Loss: 6.60310173034668 Loss_diff 0.7370184659957886
Recall3_b: 0.05138; Mrr3: 0.03400
Recall5_b: 0.07207; Mrr5: 0.03865
Recall10_b: 0.11165; Mrr10: 0.04385
Recall20_b: 0.17235; Mrr20: 0.04797
No improvement in Recall@10. Patience counter: 2/10
--------------------
Epoch 4/200
--------------------
Loss: 5.933206558227539 Loss_diff 0.7322593927383423
Recall3_b: 0.04923; Mrr3: 0.03351
Recall5_b: 0.07146; Mrr5: 0.03857
Recall10_b: 0.11486; Mrr10: 0.04423
Recall20_b: 0.17188; Mrr20: 0.04808
New best Recall@10: 0.11486 at Epoch 4
--------------------
Epoch 5/200
--------------------
Loss: 5.74668550491333 Loss_diff 0.7273979187011719
Recall3_b: 0.05079; Mrr3: 0.03459
Recall5_b: 0.07034; Mrr5: 0.03907
Recall10_b: 0.11250; Mrr10: 0.04461
Recall20_b: 0.17238; Mrr20: 0.04866
No improvement in Recall@10. Patience counter: 1/10
--------------------
Epoch 6/200
--------------------
Loss: 6.310485363006592 Loss_diff 0.7224409580230713
Recall3_b: 0.05220; Mrr3: 0.03541
Recall5_b: 0.07061; Mrr5: 0.03960
Recall10_b: 0.11258; Mrr10: 0.04515
Recall20_b: 0.17141; Mrr20: 0.04918
No improvement in Recall@10. Patience counter: 2/10
--------------------
Epoch 7/200
--------------------
Loss: 6.0636372566223145 Loss_diff 0.7181322574615479
Recall3_b: 0.05187; Mrr3: 0.03510
Recall5_b: 0.07304; Mrr5: 0.03989
Recall10_b: 0.11488; Mrr10: 0.04538
Recall20_b: 0.17237; Mrr20: 0.04929
New best Recall@10: 0.11488 at Epoch 7
--------------------
Epoch 8/200
--------------------
Loss: 6.104330062866211 Loss_diff 0.7134956121444702
Recall3_b: 0.05080; Mrr3: 0.03422
Recall5_b: 0.07076; Mrr5: 0.03871
Recall10_b: 0.11271; Mrr10: 0.04422
Recall20_b: 0.17138; Mrr20: 0.04823
No improvement in Recall@10. Patience counter: 1/10
--------------------
Epoch 9/200
--------------------
Loss: 6.8447113037109375 Loss_diff 0.7090442776679993
Recall3_b: 0.05168; Mrr3: 0.03483
Recall5_b: 0.07352; Mrr5: 0.03972
Recall10_b: 0.11479; Mrr10: 0.04509
Recall20_b: 0.17143; Mrr20: 0.04895
No improvement in Recall@10. Patience counter: 2/10
--------------------
Epoch 10/200
--------------------
Loss: 6.785500526428223 Loss_diff 0.7047463655471802
Recall3_b: 0.05159; Mrr3: 0.03497
Recall5_b: 0.07322; Mrr5: 0.03988
Recall10_b: 0.11386; Mrr10: 0.04527
Recall20_b: 0.16926; Mrr20: 0.04909
No improvement in Recall@10. Patience counter: 3/10
--------------------
Epoch 11/200
--------------------
Loss: 6.134120464324951 Loss_diff 0.7001352310180664
Recall3_b: 0.05228; Mrr3: 0.03537
Recall5_b: 0.07354; Mrr5: 0.04018
Recall10_b: 0.11463; Mrr10: 0.04548
Recall20_b: 0.17406; Mrr20: 0.04951
No improvement in Recall@10. Patience counter: 4/10
--------------------
Epoch 12/200
--------------------
Loss: 6.3007636070251465 Loss_diff 0.6963722109794617
Recall3_b: 0.05105; Mrr3: 0.03464
Recall5_b: 0.07271; Mrr5: 0.03956
Recall10_b: 0.11475; Mrr10: 0.04505
Recall20_b: 0.17445; Mrr20: 0.04908
No improvement in Recall@10. Patience counter: 5/10
--------------------
Epoch 13/200
--------------------
Loss: 6.190320014953613 Loss_diff 0.6921539902687073
Recall3_b: 0.05141; Mrr3: 0.03536
Recall5_b: 0.07173; Mrr5: 0.03993
Recall10_b: 0.11323; Mrr10: 0.04534
Recall20_b: 0.17443; Mrr20: 0.04948
No improvement in Recall@10. Patience counter: 6/10
--------------------
Epoch 14/200
--------------------
Loss: 5.752532482147217 Loss_diff 0.6879791021347046
Recall3_b: 0.05214; Mrr3: 0.03494
Recall5_b: 0.07380; Mrr5: 0.03988
Recall10_b: 0.11483; Mrr10: 0.04526
Recall20_b: 0.17187; Mrr20: 0.04918
No improvement in Recall@10. Patience counter: 7/10
--------------------
Epoch 15/200
--------------------
Loss: 5.295269012451172 Loss_diff 0.6837804317474365
Recall3_b: 0.05081; Mrr3: 0.03481
Recall5_b: 0.07179; Mrr5: 0.03956
Recall10_b: 0.11293; Mrr10: 0.04499
Recall20_b: 0.17258; Mrr20: 0.04901
No improvement in Recall@10. Patience counter: 8/10
--------------------
Epoch 16/200
--------------------
Loss: 6.654234886169434 Loss_diff 0.6797136664390564
Recall3_b: 0.05034; Mrr3: 0.03431
Recall5_b: 0.07181; Mrr5: 0.03920
Recall10_b: 0.11582; Mrr10: 0.04501
Recall20_b: 0.17208; Mrr20: 0.04884
New best Recall@10: 0.11582 at Epoch 16
--------------------
Epoch 17/200
--------------------
Loss: 6.103508472442627 Loss_diff 0.6759563684463501
Recall3_b: 0.05072; Mrr3: 0.03387
Recall5_b: 0.07275; Mrr5: 0.03887
Recall10_b: 0.11536; Mrr10: 0.04453
Recall20_b: 0.17234; Mrr20: 0.04842
No improvement in Recall@10. Patience counter: 1/10
--------------------
Epoch 18/200
--------------------
Loss: 6.128074645996094 Loss_diff 0.6718319654464722
Recall3_b: 0.05167; Mrr3: 0.03512
Recall5_b: 0.07150; Mrr5: 0.03960
Recall10_b: 0.11598; Mrr10: 0.04548
Recall20_b: 0.17376; Mrr20: 0.04940
New best Recall@10: 0.11598 at Epoch 18
--------------------
Epoch 19/200
--------------------
Loss: 5.695619583129883 Loss_diff 0.6680273413658142
Recall3_b: 0.05198; Mrr3: 0.03569
Recall5_b: 0.07324; Mrr5: 0.04048
Recall10_b: 0.11615; Mrr10: 0.04608
Recall20_b: 0.17338; Mrr20: 0.04999
New best Recall@10: 0.11615 at Epoch 19
--------------------
Epoch 20/200
--------------------
Loss: 5.873525619506836 Loss_diff 0.664000391960144
Recall3_b: 0.05172; Mrr3: 0.03514
Recall5_b: 0.07292; Mrr5: 0.03996
Recall10_b: 0.11448; Mrr10: 0.04545
Recall20_b: 0.17239; Mrr20: 0.04941
No improvement in Recall@10. Patience counter: 1/10
--------------------
Epoch 21/200
--------------------
Loss: 5.252028465270996 Loss_diff 0.6599661111831665
Recall3_b: 0.05167; Mrr3: 0.03545
Recall5_b: 0.07310; Mrr5: 0.04027
Recall10_b: 0.11363; Mrr10: 0.04563
Recall20_b: 0.17249; Mrr20: 0.04964
No improvement in Recall@10. Patience counter: 2/10
--------------------
Epoch 22/200
--------------------
Loss: 5.66269063949585 Loss_diff 0.6563591361045837
Recall3_b: 0.04914; Mrr3: 0.03403
Recall5_b: 0.07214; Mrr5: 0.03924
Recall10_b: 0.11613; Mrr10: 0.04496
Recall20_b: 0.17316; Mrr20: 0.04882
No improvement in Recall@10. Patience counter: 3/10
--------------------
Epoch 23/200
--------------------
Loss: 7.060244083404541 Loss_diff 0.6526018381118774
Recall3_b: 0.05243; Mrr3: 0.03569
Recall5_b: 0.07391; Mrr5: 0.04055
Recall10_b: 0.11406; Mrr10: 0.04579
Recall20_b: 0.17308; Mrr20: 0.04979
No improvement in Recall@10. Patience counter: 4/10
--------------------
Epoch 24/200
--------------------
Loss: 5.456093788146973 Loss_diff 0.6489951610565186
Recall3_b: 0.05149; Mrr3: 0.03522
Recall5_b: 0.07285; Mrr5: 0.04010
Recall10_b: 0.11586; Mrr10: 0.04576
Recall20_b: 0.17288; Mrr20: 0.04961
No improvement in Recall@10. Patience counter: 5/10
--------------------
Epoch 25/200
--------------------
Loss: 5.5164475440979 Loss_diff 0.6452572345733643
Recall3_b: 0.05170; Mrr3: 0.03588
Recall5_b: 0.07390; Mrr5: 0.04088
Recall10_b: 0.11388; Mrr10: 0.04611
Recall20_b: 0.17290; Mrr20: 0.05012
No improvement in Recall@10. Patience counter: 6/10
--------------------
Epoch 26/200
--------------------
Loss: 5.162379264831543 Loss_diff 0.6416851282119751
Recall3_b: 0.05072; Mrr3: 0.03481
Recall5_b: 0.07447; Mrr5: 0.04011
Recall10_b: 0.11408; Mrr10: 0.04539
Recall20_b: 0.17046; Mrr20: 0.04922
No improvement in Recall@10. Patience counter: 7/10
--------------------
Epoch 27/200
--------------------
Loss: 5.6201581954956055 Loss_diff 0.6381387114524841
Recall3_b: 0.05103; Mrr3: 0.03577
Recall5_b: 0.07189; Mrr5: 0.04048
Recall10_b: 0.11395; Mrr10: 0.04603
Recall20_b: 0.17203; Mrr20: 0.04998
No improvement in Recall@10. Patience counter: 8/10
--------------------
Epoch 28/200
--------------------
Loss: 6.110898971557617 Loss_diff 0.6343544721603394
Recall3_b: 0.05034; Mrr3: 0.03515
Recall5_b: 0.07239; Mrr5: 0.04014
Recall10_b: 0.11408; Mrr10: 0.04557
Recall20_b: 0.17067; Mrr20: 0.04940
No improvement in Recall@10. Patience counter: 9/10
--------------------
Epoch 29/200
--------------------
Loss: 5.431980133056641 Loss_diff 0.6307857632637024
Recall3_b: 0.05091; Mrr3: 0.03499
Recall5_b: 0.07274; Mrr5: 0.03987
Recall10_b: 0.11628; Mrr10: 0.04558
Recall20_b: 0.17306; Mrr20: 0.04943
New best Recall@10: 0.11628 at Epoch 29
--------------------
Epoch 30/200
--------------------
Loss: 6.323195457458496 Loss_diff 0.6273142695426941
Recall3_b: 0.05193; Mrr3: 0.03532
Recall5_b: 0.07395; Mrr5: 0.04030
Recall10_b: 0.11413; Mrr10: 0.04551
Recall20_b: 0.17106; Mrr20: 0.04938
No improvement in Recall@10. Patience counter: 1/10
--------------------
Epoch 31/200
--------------------
Loss: 6.409463405609131 Loss_diff 0.6239644289016724
Recall3_b: 0.05168; Mrr3: 0.03531
Recall5_b: 0.07199; Mrr5: 0.03988
Recall10_b: 0.11520; Mrr10: 0.04552
Recall20_b: 0.17109; Mrr20: 0.04931
No improvement in Recall@10. Patience counter: 2/10
--------------------
Epoch 32/200
--------------------
Loss: 6.36152458190918 Loss_diff 0.6205578446388245
Recall3_b: 0.05326; Mrr3: 0.03598
Recall5_b: 0.07321; Mrr5: 0.04051
Recall10_b: 0.11442; Mrr10: 0.04587
Recall20_b: 0.17127; Mrr20: 0.04974
No improvement in Recall@10. Patience counter: 3/10
--------------------
Epoch 33/200
--------------------
Loss: 5.950351715087891 Loss_diff 0.6171762347221375
Recall3_b: 0.05238; Mrr3: 0.03611
Recall5_b: 0.07450; Mrr5: 0.04111
Recall10_b: 0.11582; Mrr10: 0.04645
Recall20_b: 0.16989; Mrr20: 0.05015
No improvement in Recall@10. Patience counter: 4/10
--------------------
Epoch 34/200
--------------------
Loss: 5.980170726776123 Loss_diff 0.6137662529945374
Recall3_b: 0.05177; Mrr3: 0.03487
Recall5_b: 0.07332; Mrr5: 0.03970
Recall10_b: 0.11243; Mrr10: 0.04483
Recall20_b: 0.17063; Mrr20: 0.04880
No improvement in Recall@10. Patience counter: 5/10
--------------------
Epoch 35/200
--------------------
Loss: 6.4946675300598145 Loss_diff 0.6103531122207642
Recall3_b: 0.05137; Mrr3: 0.03445
Recall5_b: 0.07160; Mrr5: 0.03901
Recall10_b: 0.11395; Mrr10: 0.04453
Recall20_b: 0.17146; Mrr20: 0.04843
No improvement in Recall@10. Patience counter: 6/10
--------------------
Epoch 36/200
--------------------
Loss: 6.065540313720703 Loss_diff 0.6071683168411255
Recall3_b: 0.05095; Mrr3: 0.03425
Recall5_b: 0.07364; Mrr5: 0.03936
Recall10_b: 0.11464; Mrr10: 0.04471
Recall20_b: 0.17199; Mrr20: 0.04859
No improvement in Recall@10. Patience counter: 7/10
--------------------
Epoch 37/200
--------------------
Loss: 5.871997356414795 Loss_diff 0.6038289666175842
Recall3_b: 0.04969; Mrr3: 0.03380
Recall5_b: 0.07219; Mrr5: 0.03886
Recall10_b: 0.11308; Mrr10: 0.04420
Recall20_b: 0.16913; Mrr20: 0.04798
No improvement in Recall@10. Patience counter: 8/10
--------------------
Epoch 38/200
--------------------
Loss: 6.0570969581604 Loss_diff 0.6001216769218445
Recall3_b: 0.05223; Mrr3: 0.03548
Recall5_b: 0.07626; Mrr5: 0.04092
Recall10_b: 0.11441; Mrr10: 0.04584
Recall20_b: 0.16983; Mrr20: 0.04962
No improvement in Recall@10. Patience counter: 9/10
--------------------
Epoch 39/200
--------------------
Loss: 6.687071800231934 Loss_diff 0.5971236228942871
Recall3_b: 0.05103; Mrr3: 0.03412
Recall5_b: 0.07173; Mrr5: 0.03881
Recall10_b: 0.11213; Mrr10: 0.04404
Recall20_b: 0.17048; Mrr20: 0.04803
No improvement in Recall@10. Patience counter: 10/10
Early stopping triggered. Best Recall@10: 0.11628 at Epoch 29
已完成训练，测试结果：
=== Evaluation Metrics ===
Recall @3 @5 @10 @20:
0.0409
0.0570
0.0875
0.1364
NDCG @3 @5 @10 @20:
0.0299
0.0365
0.0463
0.0586
MRR @3 @5 @10 @20:
0.0261
0.0298
0.0338
0.0371
Total time cost: 5400.70 seconds.
