=== model training parameter configuration ===
device              : cpu
seed                : 608
dataset             : AM-MB
A_domain            : Amazon-KG-5core-Books
B_domain            : Amazon-KG-5core-Movies_and_TV
epoch               : 200
batch_size          : 128
patience            : 10
hidden_units        : 100
maxlen              : 15
min_len             : 0
A_size              : 8318
B_size              : 4779
all_size            : 13097
lr                  : 0.0001
lr_decline          : False
dropout_rate        : 0.45
Lambda              : 0.002
n_heads             : 1
n_layers            : 1
d_k                 : 100
d_v                 : 100
d_ff                : 2048
Strategy            : default
pretrained_embedding_path: pretrain/transE/
prompt_num_S        : 2
prompt_num          : 2
prompt_agg          : mean_noise
prompt_agg_use_all  : False
use_KG              : True
use_shared          : True
use_spec            : True
use_disen           : True
disen_way           : info
freeze_shared_prompt: True
freeze_model        : False
=========================
Loading pre-training set data......
Users_a end at 94601
Users_b start at 84118
Loading pre-training set data......
Users_a end at 10484
Users_b start at 10485
========prompt_agg_use_all=False========
[KG] common.rel: 27 relations, specific.rel: 155 relations
--------------------
Epoch 1/200
--------------------
Loss: 8.786490440368652
Recall3: 0.00892; MRR3: 0.00559
Recall5: 0.01261; MRR5: 0.00646
Recall10: 0.02036; MRR10: 0.00742
Recall20: 0.03248; MRR20: 0.00824
New best Recall@10: 0.02036, model updated.
--------------------
Epoch 2/200
--------------------
Loss: 8.985933303833008
Recall3: 0.00720; MRR3: 0.00470
Recall5: 0.01144; MRR5: 0.00561
Recall10: 0.01962; MRR10: 0.00670
Recall20: 0.03094; MRR20: 0.00749
No improvement in Recall@10. Patience counter: 1/10
--------------------
Epoch 3/200
--------------------
Loss: 8.29516315460205
Recall3: 0.00990; MRR3: 0.00644
Recall5: 0.01599; MRR5: 0.00781
Recall10: 0.02485; MRR10: 0.00902
Recall20: 0.03974; MRR20: 0.01004
New best Recall@10: 0.02485, model updated.
--------------------
Epoch 4/200
--------------------
Loss: 7.97806978225708
Recall3: 0.01366; MRR3: 0.00807
Recall5: 0.01895; MRR5: 0.00929
Recall10: 0.03014; MRR10: 0.01070
Recall20: 0.05192; MRR20: 0.01215
New best Recall@10: 0.03014, model updated.
--------------------
Epoch 5/200
--------------------
Loss: 7.731735706329346
Recall3: 0.01470; MRR3: 0.00964
Recall5: 0.02073; MRR5: 0.01099
Recall10: 0.03609; MRR10: 0.01296
Recall20: 0.06211; MRR20: 0.01467
New best Recall@10: 0.03609, model updated.
--------------------
Epoch 6/200
--------------------
Loss: 8.179482460021973
Recall3: 0.01544; MRR3: 0.01000
Recall5: 0.02454; MRR5: 0.01202
Recall10: 0.03906; MRR10: 0.01389
Recall20: 0.06644; MRR20: 0.01574
New best Recall@10: 0.03906, model updated.
--------------------
Epoch 7/200
--------------------
Loss: 8.314400672912598
Recall3: 0.01882; MRR3: 0.01186
Recall5: 0.02805; MRR5: 0.01390
Recall10: 0.04534; MRR10: 0.01615
Recall20: 0.07357; MRR20: 0.01806
New best Recall@10: 0.04534, model updated.
--------------------
Epoch 8/200
--------------------
Loss: 7.95908260345459
Recall3: 0.02319; MRR3: 0.01453
Recall5: 0.03469; MRR5: 0.01711
Recall10: 0.05260; MRR10: 0.01947
Recall20: 0.08280; MRR20: 0.02153
New best Recall@10: 0.05260, model updated.
--------------------
Epoch 9/200
--------------------
Loss: 7.898853302001953
Recall3: 0.02491; MRR3: 0.01667
Recall5: 0.03765; MRR5: 0.01959
Recall10: 0.05936; MRR10: 0.02240
Recall20: 0.09532; MRR20: 0.02479
New best Recall@10: 0.05936, model updated.
--------------------
Epoch 10/200
--------------------
Loss: 8.0315523147583
Recall3: 0.02682; MRR3: 0.01772
Recall5: 0.03968; MRR5: 0.02063
Recall10: 0.06121; MRR10: 0.02342
Recall20: 0.09996; MRR20: 0.02603
New best Recall@10: 0.06121, model updated.
--------------------
Epoch 11/200
--------------------
Loss: 7.692877769470215
Recall3: 0.02756; MRR3: 0.01809
Recall5: 0.04023; MRR5: 0.02094
Recall10: 0.06693; MRR10: 0.02447
Recall20: 0.10642; MRR20: 0.02716
New best Recall@10: 0.06693, model updated.
--------------------
Epoch 12/200
--------------------
Loss: 7.856701850891113
Recall3: 0.02824; MRR3: 0.01840
Recall5: 0.04371; MRR5: 0.02193
Recall10: 0.07103; MRR10: 0.02552
Recall20: 0.11560; MRR20: 0.02853
New best Recall@10: 0.07103, model updated.
--------------------
Epoch 13/200
--------------------
Loss: 7.909305572509766
Recall3: 0.02959; MRR3: 0.01938
Recall5: 0.04423; MRR5: 0.02272
Recall10: 0.07376; MRR10: 0.02657
Recall20: 0.11612; MRR20: 0.02943
New best Recall@10: 0.07376, model updated.
--------------------
Epoch 14/200
--------------------
Loss: 8.08435344696045
Recall3: 0.03125; MRR3: 0.02012
Recall5: 0.04497; MRR5: 0.02323
Recall10: 0.07560; MRR10: 0.02719
Recall20: 0.11762; MRR20: 0.03004
New best Recall@10: 0.07560, model updated.
--------------------
Epoch 15/200
--------------------
Loss: 8.53841495513916
Recall3: 0.03150; MRR3: 0.02080
Recall5: 0.04571; MRR5: 0.02401
Recall10: 0.07499; MRR10: 0.02785
Recall20: 0.11762; MRR20: 0.03078
No improvement in Recall@10. Patience counter: 1/10
--------------------
Epoch 16/200
--------------------
Loss: 7.531991004943848
Recall3: 0.03211; MRR3: 0.02111
Recall5: 0.04731; MRR5: 0.02460
Recall10: 0.07924; MRR10: 0.02887
Recall20: 0.12609; MRR20: 0.03211
New best Recall@10: 0.07924, model updated.
--------------------
Epoch 17/200
--------------------
Loss: 7.331698417663574
Recall3: 0.03559; MRR3: 0.02460
Recall5: 0.05036; MRR5: 0.02793
Recall10: 0.08099; MRR10: 0.03193
Recall20: 0.12614; MRR20: 0.03504
New best Recall@10: 0.08099, model updated.
--------------------
Epoch 18/200
--------------------
Loss: 7.476985454559326
Recall3: 0.03586; MRR3: 0.02478
Recall5: 0.04940; MRR5: 0.02785
Recall10: 0.08286; MRR10: 0.03222
Recall20: 0.12857; MRR20: 0.03538
New best Recall@10: 0.08286, model updated.
--------------------
Epoch 19/200
--------------------
Loss: 7.617064952850342
Recall3: 0.03971; MRR3: 0.02635
Recall5: 0.05405; MRR5: 0.02958
Recall10: 0.08634; MRR10: 0.03376
Recall20: 0.13543; MRR20: 0.03714
New best Recall@10: 0.08634, model updated.
--------------------
Epoch 20/200
--------------------
Loss: 7.297100067138672
Recall3: 0.03832; MRR3: 0.02562
Recall5: 0.05272; MRR5: 0.02885
Recall10: 0.08581; MRR10: 0.03320
Recall20: 0.13620; MRR20: 0.03664
No improvement in Recall@10. Patience counter: 1/10
--------------------
Epoch 21/200
--------------------
Loss: 6.970204830169678
Recall3: 0.03962; MRR3: 0.02657
Recall5: 0.05629; MRR5: 0.03030
Recall10: 0.09190; MRR10: 0.03490
Recall20: 0.14142; MRR20: 0.03824
New best Recall@10: 0.09190, model updated.
--------------------
Epoch 22/200
--------------------
Loss: 8.13743782043457
Recall3: 0.04005; MRR3: 0.02605
Recall5: 0.05573; MRR5: 0.02961
Recall10: 0.09135; MRR10: 0.03429
Recall20: 0.14503; MRR20: 0.03794
No improvement in Recall@10. Patience counter: 1/10
--------------------
Epoch 23/200
--------------------
Loss: 7.307340145111084
Recall3: 0.04316; MRR3: 0.02775
Recall5: 0.05983; MRR5: 0.03153
Recall10: 0.09514; MRR10: 0.03611
Recall20: 0.14817; MRR20: 0.03974
New best Recall@10: 0.09514, model updated.
--------------------
Epoch 24/200
--------------------
Loss: 8.068181037902832
Recall3: 0.04609; MRR3: 0.03035
Recall5: 0.06202; MRR5: 0.03398
Recall10: 0.09825; MRR10: 0.03871
Recall20: 0.15103; MRR20: 0.04230
New best Recall@10: 0.09825, model updated.
--------------------
Epoch 25/200
--------------------
Loss: 7.0740647315979
Recall3: 0.04343; MRR3: 0.02854
Recall5: 0.06078; MRR5: 0.03249
Recall10: 0.09892; MRR10: 0.03751
Recall20: 0.15376; MRR20: 0.04125
New best Recall@10: 0.09892, model updated.
--------------------
Epoch 26/200
--------------------
Loss: 6.970412254333496
Recall3: 0.04515; MRR3: 0.02955
Recall5: 0.06256; MRR5: 0.03349
Recall10: 0.09972; MRR10: 0.03841
Recall20: 0.15604; MRR20: 0.04228
New best Recall@10: 0.09972, model updated.
--------------------
Epoch 27/200
--------------------
Loss: 7.746251106262207
Recall3: 0.04552; MRR3: 0.02951
Recall5: 0.06318; MRR5: 0.03349
Recall10: 0.10138; MRR10: 0.03850
Recall20: 0.15709; MRR20: 0.04230
New best Recall@10: 0.10138, model updated.
--------------------
Epoch 28/200
--------------------
Loss: 6.441348075866699
Recall3: 0.04318; MRR3: 0.02818
Recall5: 0.06176; MRR5: 0.03240
Recall10: 0.10178; MRR10: 0.03760
Recall20: 0.15764; MRR20: 0.04148
New best Recall@10: 0.10178, model updated.
--------------------
Epoch 29/200
--------------------
Loss: 7.417109489440918
Recall3: 0.04528; MRR3: 0.02951
Recall5: 0.06533; MRR5: 0.03404
Recall10: 0.10855; MRR10: 0.03963
Recall20: 0.16145; MRR20: 0.04325
New best Recall@10: 0.10855, model updated.
--------------------
Epoch 30/200
--------------------
Loss: 5.672350883483887
Recall3: 0.04558; MRR3: 0.02944
Recall5: 0.06355; MRR5: 0.03358
Recall10: 0.10556; MRR10: 0.03911
Recall20: 0.15963; MRR20: 0.04283
No improvement in Recall@10. Patience counter: 1/10
--------------------
Epoch 31/200
--------------------
Loss: 7.0274338722229
Recall3: 0.04663; MRR3: 0.03077
Recall5: 0.06570; MRR5: 0.03513
Recall10: 0.10753; MRR10: 0.04061
Recall20: 0.16410; MRR20: 0.04446
No improvement in Recall@10. Patience counter: 2/10
--------------------
Epoch 32/200
--------------------
Loss: 6.906018257141113
Recall3: 0.04786; MRR3: 0.03093
Recall5: 0.06779; MRR5: 0.03544
Recall10: 0.10876; MRR10: 0.04076
Recall20: 0.16388; MRR20: 0.04451
New best Recall@10: 0.10876, model updated.
--------------------
Epoch 33/200
--------------------
Loss: 6.448336601257324
Recall3: 0.04534; MRR3: 0.02995
Recall5: 0.06736; MRR5: 0.03490
Recall10: 0.10833; MRR10: 0.04028
Recall20: 0.16505; MRR20: 0.04414
No improvement in Recall@10. Patience counter: 1/10
--------------------
Epoch 34/200
--------------------
Loss: 7.099685192108154
Recall3: 0.04731; MRR3: 0.03075
Recall5: 0.06810; MRR5: 0.03548
Recall10: 0.11273; MRR10: 0.04135
Recall20: 0.16761; MRR20: 0.04507
New best Recall@10: 0.11273, model updated.
--------------------
Epoch 35/200
--------------------
Loss: 7.276534557342529
Recall3: 0.04870; MRR3: 0.03165
Recall5: 0.06912; MRR5: 0.03630
Recall10: 0.11169; MRR10: 0.04190
Recall20: 0.16822; MRR20: 0.04572
No improvement in Recall@10. Patience counter: 1/10
--------------------
Epoch 36/200
--------------------
Loss: 6.934383869171143
Recall3: 0.04688; MRR3: 0.03042
Recall5: 0.06890; MRR5: 0.03541
Recall10: 0.11054; MRR10: 0.04086
Recall20: 0.16745; MRR20: 0.04474
No improvement in Recall@10. Patience counter: 2/10
--------------------
Epoch 37/200
--------------------
Loss: 7.422208309173584
Recall3: 0.04694; MRR3: 0.03137
Recall5: 0.06859; MRR5: 0.03628
Recall10: 0.11036; MRR10: 0.04172
Recall20: 0.16720; MRR20: 0.04558
No improvement in Recall@10. Patience counter: 3/10
--------------------
Epoch 38/200
--------------------
Loss: 6.711569309234619
Recall3: 0.04894; MRR3: 0.03234
Recall5: 0.07010; MRR5: 0.03713
Recall10: 0.11224; MRR10: 0.04258
Recall20: 0.16945; MRR20: 0.04650
No improvement in Recall@10. Patience counter: 4/10
--------------------
Epoch 39/200
--------------------
Loss: 6.194180011749268
Recall3: 0.04872; MRR3: 0.03248
Recall5: 0.06982; MRR5: 0.03725
Recall10: 0.11054; MRR10: 0.04253
Recall20: 0.17269; MRR20: 0.04676
No improvement in Recall@10. Patience counter: 5/10
--------------------
Epoch 40/200
--------------------
Loss: 6.967654228210449
Recall3: 0.04884; MRR3: 0.03263
Recall5: 0.07105; MRR5: 0.03765
Recall10: 0.11439; MRR10: 0.04327
Recall20: 0.17197; MRR20: 0.04723
New best Recall@10: 0.11439, model updated.
--------------------
Epoch 41/200
--------------------
Loss: 6.542559623718262
Recall3: 0.05023; MRR3: 0.03326
Recall5: 0.07127; MRR5: 0.03808
Recall10: 0.11526; MRR10: 0.04383
Recall20: 0.17543; MRR20: 0.04796
New best Recall@10: 0.11526, model updated.
--------------------
Epoch 42/200
--------------------
Loss: 6.78792142868042
Recall3: 0.05116; MRR3: 0.03415
Recall5: 0.07250; MRR5: 0.03900
Recall10: 0.11495; MRR10: 0.04455
Recall20: 0.17357; MRR20: 0.04855
No improvement in Recall@10. Patience counter: 1/10
--------------------
Epoch 43/200
--------------------
Loss: 7.305563449859619
Recall3: 0.04854; MRR3: 0.03224
Recall5: 0.07093; MRR5: 0.03733
Recall10: 0.11313; MRR10: 0.04281
Recall20: 0.17114; MRR20: 0.04674
No improvement in Recall@10. Patience counter: 2/10
--------------------
Epoch 44/200
--------------------
Loss: 7.160896301269531
Recall3: 0.04854; MRR3: 0.03227
Recall5: 0.07019; MRR5: 0.03715
Recall10: 0.11104; MRR10: 0.04249
Recall20: 0.17003; MRR20: 0.04654
No improvement in Recall@10. Patience counter: 3/10
--------------------
Epoch 45/200
--------------------
Loss: 6.199483394622803
Recall3: 0.04872; MRR3: 0.03215
Recall5: 0.06994; MRR5: 0.03696
Recall10: 0.11257; MRR10: 0.04253
Recall20: 0.17071; MRR20: 0.04648
No improvement in Recall@10. Patience counter: 4/10
--------------------
Epoch 46/200
--------------------
Loss: 6.272601127624512
Recall3: 0.04860; MRR3: 0.03253
Recall5: 0.07201; MRR5: 0.03783
Recall10: 0.11384; MRR10: 0.04329
Recall20: 0.17216; MRR20: 0.04726
No improvement in Recall@10. Patience counter: 5/10
--------------------
Epoch 47/200
--------------------
Loss: 6.863785743713379
Recall3: 0.04958; MRR3: 0.03289
Recall5: 0.07050; MRR5: 0.03763
Recall10: 0.11362; MRR10: 0.04323
Recall20: 0.17175; MRR20: 0.04723
No improvement in Recall@10. Patience counter: 6/10
--------------------
Epoch 48/200
--------------------
Loss: 6.494274616241455
Recall3: 0.04909; MRR3: 0.03296
Recall5: 0.07482; MRR5: 0.03880
Recall10: 0.11794; MRR10: 0.04440
Recall20: 0.17699; MRR20: 0.04843
New best Recall@10: 0.11794, model updated.
--------------------
Epoch 49/200
--------------------
Loss: 7.865508079528809
Recall3: 0.04995; MRR3: 0.03344
Recall5: 0.07160; MRR5: 0.03831
Recall10: 0.11467; MRR10: 0.04390
Recall20: 0.17243; MRR20: 0.04788
No improvement in Recall@10. Patience counter: 1/10
--------------------
Epoch 50/200
--------------------
Loss: 7.361753940582275
Recall3: 0.04934; MRR3: 0.03353
Recall5: 0.07136; MRR5: 0.03851
Recall10: 0.11387; MRR10: 0.04399
Recall20: 0.17443; MRR20: 0.04819
No improvement in Recall@10. Patience counter: 2/10
--------------------
Epoch 51/200
--------------------
Loss: 6.651792049407959
Recall3: 0.04915; MRR3: 0.03274
Recall5: 0.07087; MRR5: 0.03766
Recall10: 0.11766; MRR10: 0.04380
Recall20: 0.17437; MRR20: 0.04766
No improvement in Recall@10. Patience counter: 3/10
--------------------
Epoch 52/200
--------------------
Loss: 6.967935085296631
Recall3: 0.05007; MRR3: 0.03357
Recall5: 0.07130; MRR5: 0.03834
Recall10: 0.11380; MRR10: 0.04388
Recall20: 0.17341; MRR20: 0.04794
No improvement in Recall@10. Patience counter: 4/10
--------------------
Epoch 53/200
--------------------
Loss: 7.804405212402344
Recall3: 0.05063; MRR3: 0.03364
Recall5: 0.07019; MRR5: 0.03806
Recall10: 0.11276; MRR10: 0.04368
Recall20: 0.17108; MRR20: 0.04770
No improvement in Recall@10. Patience counter: 5/10
--------------------
Epoch 54/200
--------------------
Loss: 6.4527716636657715
Recall3: 0.04980; MRR3: 0.03381
Recall5: 0.07072; MRR5: 0.03856
Recall10: 0.11677; MRR10: 0.04460
Recall20: 0.17564; MRR20: 0.04866
No improvement in Recall@10. Patience counter: 6/10
--------------------
Epoch 55/200
--------------------
Loss: 8.260394096374512
Recall3: 0.04940; MRR3: 0.03316
Recall5: 0.07093; MRR5: 0.03805
Recall10: 0.11350; MRR10: 0.04361
Recall20: 0.17354; MRR20: 0.04774
No improvement in Recall@10. Patience counter: 7/10
--------------------
Epoch 56/200
--------------------
Loss: 6.489840984344482
Recall3: 0.05026; MRR3: 0.03320
Recall5: 0.07025; MRR5: 0.03777
Recall10: 0.11522; MRR10: 0.04362
Recall20: 0.17354; MRR20: 0.04762
No improvement in Recall@10. Patience counter: 8/10
--------------------
Epoch 57/200
--------------------
Loss: 6.008599281311035
Recall3: 0.04817; MRR3: 0.03266
Recall5: 0.07080; MRR5: 0.03778
Recall10: 0.11485; MRR10: 0.04347
Recall20: 0.17163; MRR20: 0.04737
No improvement in Recall@10. Patience counter: 9/10
--------------------
Epoch 58/200
--------------------
Loss: 7.955234527587891
Recall3: 0.04958; MRR3: 0.03338
Recall5: 0.07031; MRR5: 0.03806
Recall10: 0.11562; MRR10: 0.04401
Recall20: 0.17382; MRR20: 0.04802
No improvement in Recall@10. Patience counter: 10/10
Early stopping triggered. Best Recall@10: 0.11794
****************************************

Loading fine-tuning set data......
Users_a end at 94601
Loading fine-tuning set data......
Users_a end at 10484
Loading fine-tuning set data......
Users_a end at 10484
--------------------
Epoch 1/200
--------------------
Loss: 6.3445916175842285 Loss_diff 0.755190908908844
Recall3_b: 0.04891; Mrr3: 0.03237
Recall5_b: 0.06999; Mrr5: 0.03708
Recall10_b: 0.11083; Mrr10: 0.04235
Recall20_b: 0.16906; Mrr20: 0.04631
New best Recall@10: 0.11083 at Epoch 1
--------------------
Epoch 2/200
--------------------
Loss: 6.914374828338623 Loss_diff 0.7501531839370728
Recall3_b: 0.04915; Mrr3: 0.03302
Recall5_b: 0.07118; Mrr5: 0.03803
Recall10_b: 0.11020; Mrr10: 0.04311
Recall20_b: 0.17087; Mrr20: 0.04725
No improvement in Recall@10. Patience counter: 1/10
--------------------
Epoch 3/200
--------------------
Loss: 6.066372871398926 Loss_diff 0.7451820969581604
Recall3_b: 0.04941; Mrr3: 0.03248
Recall5_b: 0.07012; Mrr5: 0.03721
Recall10_b: 0.11037; Mrr10: 0.04252
Recall20_b: 0.16843; Mrr20: 0.04652
No improvement in Recall@10. Patience counter: 2/10
--------------------
Epoch 4/200
--------------------
Loss: 5.897312641143799 Loss_diff 0.7406231164932251
Recall3_b: 0.05028; Mrr3: 0.03279
Recall5_b: 0.07032; Mrr5: 0.03737
Recall10_b: 0.11161; Mrr10: 0.04280
Recall20_b: 0.17072; Mrr20: 0.04680
New best Recall@10: 0.11161 at Epoch 4
--------------------
Epoch 5/200
--------------------
Loss: 5.970914363861084 Loss_diff 0.7357919216156006
Recall3_b: 0.05233; Mrr3: 0.03422
Recall5_b: 0.07160; Mrr5: 0.03861
Recall10_b: 0.11147; Mrr10: 0.04383
Recall20_b: 0.17338; Mrr20: 0.04809
No improvement in Recall@10. Patience counter: 1/10
--------------------
Epoch 6/200
--------------------
Loss: 5.960999011993408 Loss_diff 0.7313677072525024
Recall3_b: 0.05013; Mrr3: 0.03337
Recall5_b: 0.07102; Mrr5: 0.03815
Recall10_b: 0.11110; Mrr10: 0.04341
Recall20_b: 0.17026; Mrr20: 0.04742
No improvement in Recall@10. Patience counter: 2/10
--------------------
Epoch 7/200
--------------------
Loss: 6.434628963470459 Loss_diff 0.7269707918167114
Recall3_b: 0.05160; Mrr3: 0.03444
Recall5_b: 0.07180; Mrr5: 0.03902
Recall10_b: 0.11338; Mrr10: 0.04446
Recall20_b: 0.17015; Mrr20: 0.04831
New best Recall@10: 0.11338 at Epoch 7
--------------------
Epoch 8/200
--------------------
Loss: 5.859723091125488 Loss_diff 0.7226446270942688
Recall3_b: 0.05240; Mrr3: 0.03436
Recall5_b: 0.07079; Mrr5: 0.03855
Recall10_b: 0.11264; Mrr10: 0.04407
Recall20_b: 0.16874; Mrr20: 0.04791
No improvement in Recall@10. Patience counter: 1/10
--------------------
Epoch 9/200
--------------------
Loss: 6.075236797332764 Loss_diff 0.7182708382606506
Recall3_b: 0.05084; Mrr3: 0.03407
Recall5_b: 0.07180; Mrr5: 0.03880
Recall10_b: 0.11321; Mrr10: 0.04426
Recall20_b: 0.17331; Mrr20: 0.04835
No improvement in Recall@10. Patience counter: 2/10
--------------------
Epoch 10/200
--------------------
Loss: 5.897339344024658 Loss_diff 0.7139077186584473
Recall3_b: 0.04969; Mrr3: 0.03328
Recall5_b: 0.07124; Mrr5: 0.03818
Recall10_b: 0.11331; Mrr10: 0.04371
Recall20_b: 0.17105; Mrr20: 0.04768
No improvement in Recall@10. Patience counter: 3/10
--------------------
Epoch 11/200
--------------------
Loss: 5.866909980773926 Loss_diff 0.7094598412513733
Recall3_b: 0.05075; Mrr3: 0.03350
Recall5_b: 0.07088; Mrr5: 0.03808
Recall10_b: 0.11351; Mrr10: 0.04368
Recall20_b: 0.17194; Mrr20: 0.04766
New best Recall@10: 0.11351 at Epoch 11
--------------------
Epoch 12/200
--------------------
Loss: 6.387076377868652 Loss_diff 0.7053380608558655
Recall3_b: 0.05101; Mrr3: 0.03401
Recall5_b: 0.07238; Mrr5: 0.03888
Recall10_b: 0.11341; Mrr10: 0.04423
Recall20_b: 0.17205; Mrr20: 0.04824
No improvement in Recall@10. Patience counter: 1/10
--------------------
Epoch 13/200
--------------------
Loss: 6.487214088439941 Loss_diff 0.701007604598999
Recall3_b: 0.05076; Mrr3: 0.03467
Recall5_b: 0.07119; Mrr5: 0.03929
Recall10_b: 0.11409; Mrr10: 0.04497
Recall20_b: 0.17284; Mrr20: 0.04899
New best Recall@10: 0.11409 at Epoch 13
--------------------
Epoch 14/200
--------------------
Loss: 5.4601922035217285 Loss_diff 0.6968337297439575
Recall3_b: 0.05017; Mrr3: 0.03417
Recall5_b: 0.07296; Mrr5: 0.03939
Recall10_b: 0.11415; Mrr10: 0.04469
Recall20_b: 0.17398; Mrr20: 0.04874
New best Recall@10: 0.11415 at Epoch 14
--------------------
Epoch 15/200
--------------------
Loss: 6.025468826293945 Loss_diff 0.6927303671836853
Recall3_b: 0.05028; Mrr3: 0.03354
Recall5_b: 0.07012; Mrr5: 0.03807
Recall10_b: 0.11296; Mrr10: 0.04378
Recall20_b: 0.17141; Mrr20: 0.04781
No improvement in Recall@10. Patience counter: 1/10
--------------------
Epoch 16/200
--------------------
Loss: 6.434041500091553 Loss_diff 0.688673734664917
Recall3_b: 0.05115; Mrr3: 0.03449
Recall5_b: 0.07308; Mrr5: 0.03938
Recall10_b: 0.11517; Mrr10: 0.04483
Recall20_b: 0.17261; Mrr20: 0.04877
New best Recall@10: 0.11517 at Epoch 16
--------------------
Epoch 17/200
--------------------
Loss: 5.722855091094971 Loss_diff 0.6847650408744812
Recall3_b: 0.05090; Mrr3: 0.03462
Recall5_b: 0.07263; Mrr5: 0.03956
Recall10_b: 0.11297; Mrr10: 0.04487
Recall20_b: 0.17412; Mrr20: 0.04907
No improvement in Recall@10. Patience counter: 1/10
--------------------
Epoch 18/200
--------------------
Loss: 6.3433074951171875 Loss_diff 0.6802852749824524
Recall3_b: 0.05151; Mrr3: 0.03465
Recall5_b: 0.07336; Mrr5: 0.03954
Recall10_b: 0.11530; Mrr10: 0.04501
Recall20_b: 0.17193; Mrr20: 0.04889
New best Recall@10: 0.11530 at Epoch 18
--------------------
Epoch 19/200
--------------------
Loss: 6.0416717529296875 Loss_diff 0.6767359972000122
Recall3_b: 0.05321; Mrr3: 0.03559
Recall5_b: 0.07404; Mrr5: 0.04026
Recall10_b: 0.11543; Mrr10: 0.04572
Recall20_b: 0.17237; Mrr20: 0.04967
New best Recall@10: 0.11543 at Epoch 19
--------------------
Epoch 20/200
--------------------
Loss: 6.4926557540893555 Loss_diff 0.6731133460998535
Recall3_b: 0.05151; Mrr3: 0.03491
Recall5_b: 0.07165; Mrr5: 0.03946
Recall10_b: 0.11226; Mrr10: 0.04475
Recall20_b: 0.17170; Mrr20: 0.04885
No improvement in Recall@10. Patience counter: 1/10
--------------------
Epoch 21/200
--------------------
Loss: 6.4192023277282715 Loss_diff 0.6690410375595093
Recall3_b: 0.05072; Mrr3: 0.03473
Recall5_b: 0.07247; Mrr5: 0.03964
Recall10_b: 0.11406; Mrr10: 0.04508
Recall20_b: 0.17216; Mrr20: 0.04910
No improvement in Recall@10. Patience counter: 2/10
--------------------
Epoch 22/200
--------------------
Loss: 5.2382073402404785 Loss_diff 0.6648518443107605
Recall3_b: 0.05131; Mrr3: 0.03479
Recall5_b: 0.07327; Mrr5: 0.03971
Recall10_b: 0.11514; Mrr10: 0.04516
Recall20_b: 0.17349; Mrr20: 0.04917
No improvement in Recall@10. Patience counter: 3/10
--------------------
Epoch 23/200
--------------------
Loss: 5.780874252319336 Loss_diff 0.6609625816345215
Recall3_b: 0.05169; Mrr3: 0.03522
Recall5_b: 0.07434; Mrr5: 0.04031
Recall10_b: 0.11555; Mrr10: 0.04568
Recall20_b: 0.17181; Mrr20: 0.04954
New best Recall@10: 0.11555 at Epoch 23
--------------------
Epoch 24/200
--------------------
Loss: 5.59982967376709 Loss_diff 0.6573266983032227
Recall3_b: 0.05122; Mrr3: 0.03433
Recall5_b: 0.07266; Mrr5: 0.03919
Recall10_b: 0.11632; Mrr10: 0.04492
Recall20_b: 0.17411; Mrr20: 0.04888
New best Recall@10: 0.11632 at Epoch 24
--------------------
Epoch 25/200
--------------------
Loss: 6.1419878005981445 Loss_diff 0.653741180896759
Recall3_b: 0.05091; Mrr3: 0.03445
Recall5_b: 0.07552; Mrr5: 0.03998
Recall10_b: 0.11701; Mrr10: 0.04539
Recall20_b: 0.17222; Mrr20: 0.04917
New best Recall@10: 0.11701 at Epoch 25
--------------------
Epoch 26/200
--------------------
Loss: 4.919398784637451 Loss_diff 0.6496216058731079
Recall3_b: 0.05245; Mrr3: 0.03497
Recall5_b: 0.07400; Mrr5: 0.03985
Recall10_b: 0.11645; Mrr10: 0.04540
Recall20_b: 0.17336; Mrr20: 0.04927
No improvement in Recall@10. Patience counter: 1/10
--------------------
Epoch 27/200
--------------------
Loss: 6.388653755187988 Loss_diff 0.6463959217071533
Recall3_b: 0.05236; Mrr3: 0.03524
Recall5_b: 0.07248; Mrr5: 0.03976
Recall10_b: 0.11474; Mrr10: 0.04533
Recall20_b: 0.17329; Mrr20: 0.04932
No improvement in Recall@10. Patience counter: 2/10
--------------------
Epoch 28/200
--------------------
Loss: 5.565733432769775 Loss_diff 0.6429356336593628
Recall3_b: 0.05206; Mrr3: 0.03517
Recall5_b: 0.07344; Mrr5: 0.04001
Recall10_b: 0.11420; Mrr10: 0.04531
Recall20_b: 0.17082; Mrr20: 0.04920
No improvement in Recall@10. Patience counter: 3/10
--------------------
Epoch 29/200
--------------------
Loss: 5.753330230712891 Loss_diff 0.6396626830101013
Recall3_b: 0.05227; Mrr3: 0.03536
Recall5_b: 0.07420; Mrr5: 0.04032
Recall10_b: 0.11729; Mrr10: 0.04593
Recall20_b: 0.17195; Mrr20: 0.04967
New best Recall@10: 0.11729 at Epoch 29
--------------------
Epoch 30/200
--------------------
Loss: 5.502350330352783 Loss_diff 0.6361407041549683
Recall3_b: 0.04971; Mrr3: 0.03391
Recall5_b: 0.07384; Mrr5: 0.03937
Recall10_b: 0.11485; Mrr10: 0.04468
Recall20_b: 0.17209; Mrr20: 0.04864
No improvement in Recall@10. Patience counter: 1/10
--------------------
Epoch 31/200
--------------------
Loss: 5.379617691040039 Loss_diff 0.6322673559188843
Recall3_b: 0.05236; Mrr3: 0.03524
Recall5_b: 0.07410; Mrr5: 0.04017
Recall10_b: 0.11650; Mrr10: 0.04569
Recall20_b: 0.17322; Mrr20: 0.04958
No improvement in Recall@10. Patience counter: 2/10
--------------------
Epoch 32/200
--------------------
Loss: 5.436344146728516 Loss_diff 0.6290004253387451
Recall3_b: 0.05111; Mrr3: 0.03443
Recall5_b: 0.07476; Mrr5: 0.03979
Recall10_b: 0.11542; Mrr10: 0.04507
Recall20_b: 0.17306; Mrr20: 0.04905
No improvement in Recall@10. Patience counter: 3/10
--------------------
Epoch 33/200
--------------------
Loss: 6.399578094482422 Loss_diff 0.6255456805229187
Recall3_b: 0.05154; Mrr3: 0.03551
Recall5_b: 0.07396; Mrr5: 0.04061
Recall10_b: 0.11500; Mrr10: 0.04597
Recall20_b: 0.17186; Mrr20: 0.04990
No improvement in Recall@10. Patience counter: 4/10
--------------------
Epoch 34/200
--------------------
Loss: 6.783358097076416 Loss_diff 0.6220964193344116
Recall3_b: 0.05092; Mrr3: 0.03421
Recall5_b: 0.07459; Mrr5: 0.03963
Recall10_b: 0.11462; Mrr10: 0.04488
Recall20_b: 0.16907; Mrr20: 0.04861
No improvement in Recall@10. Patience counter: 5/10
--------------------
Epoch 35/200
--------------------
Loss: 6.09269905090332 Loss_diff 0.6189669370651245
Recall3_b: 0.05040; Mrr3: 0.03472
Recall5_b: 0.07395; Mrr5: 0.04005
Recall10_b: 0.11544; Mrr10: 0.04551
Recall20_b: 0.17025; Mrr20: 0.04931
No improvement in Recall@10. Patience counter: 6/10
--------------------
Epoch 36/200
--------------------
Loss: 6.31200647354126 Loss_diff 0.615841269493103
Recall3_b: 0.05064; Mrr3: 0.03486
Recall5_b: 0.07498; Mrr5: 0.04034
Recall10_b: 0.11572; Mrr10: 0.04567
Recall20_b: 0.17085; Mrr20: 0.04940
No improvement in Recall@10. Patience counter: 7/10
--------------------
Epoch 37/200
--------------------
Loss: 5.021170616149902 Loss_diff 0.6122474074363708
Recall3_b: 0.05213; Mrr3: 0.03514
Recall5_b: 0.07496; Mrr5: 0.04028
Recall10_b: 0.11594; Mrr10: 0.04563
Recall20_b: 0.17049; Mrr20: 0.04941
No improvement in Recall@10. Patience counter: 8/10
--------------------
Epoch 38/200
--------------------
Loss: 5.763601779937744 Loss_diff 0.6091629862785339
Recall3_b: 0.05223; Mrr3: 0.03519
Recall5_b: 0.07321; Mrr5: 0.03991
Recall10_b: 0.11669; Mrr10: 0.04555
Recall20_b: 0.17047; Mrr20: 0.04925
No improvement in Recall@10. Patience counter: 9/10
--------------------
Epoch 39/200
--------------------
Loss: 6.229428291320801 Loss_diff 0.6061499118804932
Recall3_b: 0.05168; Mrr3: 0.03465
Recall5_b: 0.07373; Mrr5: 0.03971
Recall10_b: 0.11568; Mrr10: 0.04518
Recall20_b: 0.17108; Mrr20: 0.04898
No improvement in Recall@10. Patience counter: 10/10
Early stopping triggered. Best Recall@10: 0.11729 at Epoch 29
已完成训练，测试结果：
=== Evaluation Metrics ===
Recall @3 @5 @10 @20:
0.0410
0.0582
0.0909
0.1366
NDCG @3 @5 @10 @20:
0.0310
0.0381
0.0485
0.0601
MRR @3 @5 @10 @20:
0.0276
0.0315
0.0357
0.0389
Total time cost: 3354.09 seconds.
