=== model training parameter configuration ===
device              : cpu
seed                : 608
dataset             : AM-MB
A_domain            : Amazon-KG-5core-Books
B_domain            : Amazon-KG-5core-Movies_and_TV
epoch               : 200
batch_size          : 128
patience            : 10
hidden_units        : 100
maxlen              : 15
min_len             : 0
A_size              : 8318
B_size              : 4779
all_size            : 13097
lr                  : 0.0001
lr_decline          : False
dropout_rate        : 0.45
Lambda              : 0.002
n_heads             : 1
n_layers            : 1
d_k                 : 100
d_v                 : 100
d_ff                : 2048
Strategy            : default
pretrained_embedding_path: pretrain/transE/
prompt_num_S        : 2
prompt_num          : 2
prompt_agg          : mean_noise
prompt_agg_use_all  : False
use_KG              : True
use_shared          : True
use_spec            : True
use_disen           : True
disen_way           : info
freeze_shared_prompt: True
freeze_model        : False
=========================
Loading pre-training set data......
Users_a end at 94601
Users_b start at 84118
Loading pre-training set data......
Users_a end at 10484
Users_b start at 10485
========prompt_agg_use_all=False========
[KG] common.rel: 15 relations, specific.rel: 6 relations
--------------------
Epoch 1/200
--------------------
Loss: 8.8025541305542
Recall3: 0.00892; MRR3: 0.00562
Recall5: 0.01255; MRR5: 0.00648
Recall10: 0.01969; MRR10: 0.00740
Recall20: 0.03230; MRR20: 0.00825
New best Recall@10: 0.01969, model updated.
--------------------
Epoch 2/200
--------------------
Loss: 8.971476554870605
Recall3: 0.00591; MRR3: 0.00479
Recall5: 0.01150; MRR5: 0.00611
Recall10: 0.02030; MRR10: 0.00718
Recall20: 0.03254; MRR20: 0.00800
New best Recall@10: 0.02030, model updated.
--------------------
Epoch 3/200
--------------------
Loss: 8.357125282287598
Recall3: 0.01021; MRR3: 0.00650
Recall5: 0.01544; MRR5: 0.00769
Recall10: 0.02356; MRR10: 0.00875
Recall20: 0.03759; MRR20: 0.00972
New best Recall@10: 0.02356, model updated.
--------------------
Epoch 4/200
--------------------
Loss: 7.986784934997559
Recall3: 0.01316; MRR3: 0.00772
Recall5: 0.01858; MRR5: 0.00899
Recall10: 0.02910; MRR10: 0.01033
Recall20: 0.04891; MRR20: 0.01168
New best Recall@10: 0.02910, model updated.
--------------------
Epoch 5/200
--------------------
Loss: 7.7437849044799805
Recall3: 0.01483; MRR3: 0.00957
Recall5: 0.02092; MRR5: 0.01094
Recall10: 0.03596; MRR10: 0.01286
Recall20: 0.05829; MRR20: 0.01435
New best Recall@10: 0.03596, model updated.
--------------------
Epoch 6/200
--------------------
Loss: 8.234341621398926
Recall3: 0.01538; MRR3: 0.01022
Recall5: 0.02375; MRR5: 0.01211
Recall10: 0.03875; MRR10: 0.01406
Recall20: 0.06687; MRR20: 0.01597
New best Recall@10: 0.03875, model updated.
--------------------
Epoch 7/200
--------------------
Loss: 8.297539710998535
Recall3: 0.02061; MRR3: 0.01313
Recall5: 0.02984; MRR5: 0.01520
Recall10: 0.04675; MRR10: 0.01743
Recall20: 0.07616; MRR20: 0.01942
New best Recall@10: 0.04675, model updated.
--------------------
Epoch 8/200
--------------------
Loss: 7.905273914337158
Recall3: 0.02467; MRR3: 0.01511
Recall5: 0.03494; MRR5: 0.01745
Recall10: 0.05589; MRR10: 0.02014
Recall20: 0.08720; MRR20: 0.02225
New best Recall@10: 0.05589, model updated.
--------------------
Epoch 9/200
--------------------
Loss: 7.854506492614746
Recall3: 0.02614; MRR3: 0.01721
Recall5: 0.03955; MRR5: 0.02024
Recall10: 0.05912; MRR10: 0.02279
Recall20: 0.09516; MRR20: 0.02523
New best Recall@10: 0.05912, model updated.
--------------------
Epoch 10/200
--------------------
Loss: 7.970623016357422
Recall3: 0.02590; MRR3: 0.01755
Recall5: 0.04011; MRR5: 0.02078
Recall10: 0.06262; MRR10: 0.02372
Recall20: 0.09990; MRR20: 0.02625
New best Recall@10: 0.06262, model updated.
--------------------
Epoch 11/200
--------------------
Loss: 7.6935954093933105
Recall3: 0.02750; MRR3: 0.01808
Recall5: 0.04115; MRR5: 0.02119
Recall10: 0.06754; MRR10: 0.02466
Recall20: 0.10808; MRR20: 0.02741
New best Recall@10: 0.06754, model updated.
--------------------
Epoch 12/200
--------------------
Loss: 7.8558669090271
Recall3: 0.02873; MRR3: 0.01869
Recall5: 0.04384; MRR5: 0.02209
Recall10: 0.07115; MRR10: 0.02567
Recall20: 0.11640; MRR20: 0.02876
New best Recall@10: 0.07115, model updated.
--------------------
Epoch 13/200
--------------------
Loss: 7.736815452575684
Recall3: 0.03063; MRR3: 0.01981
Recall5: 0.04521; MRR5: 0.02310
Recall10: 0.07376; MRR10: 0.02680
Recall20: 0.11790; MRR20: 0.02982
New best Recall@10: 0.07376, model updated.
--------------------
Epoch 14/200
--------------------
Loss: 7.978615760803223
Recall3: 0.03266; MRR3: 0.02104
Recall5: 0.04644; MRR5: 0.02413
Recall10: 0.07493; MRR10: 0.02786
Recall20: 0.11897; MRR20: 0.03090
New best Recall@10: 0.07493, model updated.
--------------------
Epoch 15/200
--------------------
Loss: 8.644280433654785
Recall3: 0.03205; MRR3: 0.02135
Recall5: 0.04651; MRR5: 0.02462
Recall10: 0.07585; MRR10: 0.02847
Recall20: 0.11938; MRR20: 0.03144
New best Recall@10: 0.07585, model updated.
--------------------
Epoch 16/200
--------------------
Loss: 7.60347843170166
Recall3: 0.03346; MRR3: 0.02245
Recall5: 0.04866; MRR5: 0.02594
Recall10: 0.08230; MRR10: 0.03026
Recall20: 0.12794; MRR20: 0.03342
New best Recall@10: 0.08230, model updated.
--------------------
Epoch 17/200
--------------------
Loss: 7.30190372467041
Recall3: 0.03633; MRR3: 0.02529
Recall5: 0.04999; MRR5: 0.02842
Recall10: 0.08142; MRR10: 0.03255
Recall20: 0.12571; MRR20: 0.03559
No improvement in Recall@10. Patience counter: 1/10
--------------------
Epoch 18/200
--------------------
Loss: 7.406846046447754
Recall3: 0.03543; MRR3: 0.02427
Recall5: 0.05180; MRR5: 0.02797
Recall10: 0.08329; MRR10: 0.03207
Recall20: 0.12924; MRR20: 0.03522
New best Recall@10: 0.08329, model updated.
--------------------
Epoch 19/200
--------------------
Loss: 7.565556526184082
Recall3: 0.03863; MRR3: 0.02572
Recall5: 0.05503; MRR5: 0.02948
Recall10: 0.08604; MRR10: 0.03352
Recall20: 0.13556; MRR20: 0.03690
New best Recall@10: 0.08604, model updated.
--------------------
Epoch 20/200
--------------------
Loss: 7.265295505523682
Recall3: 0.03925; MRR3: 0.02668
Recall5: 0.05463; MRR5: 0.03017
Recall10: 0.08606; MRR10: 0.03428
Recall20: 0.13823; MRR20: 0.03789
New best Recall@10: 0.08606, model updated.
--------------------
Epoch 21/200
--------------------
Loss: 7.109958648681641
Recall3: 0.04085; MRR3: 0.02683
Recall5: 0.05629; MRR5: 0.03034
Recall10: 0.09141; MRR10: 0.03495
Recall20: 0.14099; MRR20: 0.03834
New best Recall@10: 0.09141, model updated.
--------------------
Epoch 22/200
--------------------
Loss: 8.251039505004883
Recall3: 0.03943; MRR3: 0.02633
Recall5: 0.05782; MRR5: 0.03046
Recall10: 0.09246; MRR10: 0.03499
Recall20: 0.14552; MRR20: 0.03863
New best Recall@10: 0.09246, model updated.
--------------------
Epoch 23/200
--------------------
Loss: 7.422388553619385
Recall3: 0.04347; MRR3: 0.02846
Recall5: 0.06057; MRR5: 0.03232
Recall10: 0.09754; MRR10: 0.03713
Recall20: 0.14798; MRR20: 0.04056
New best Recall@10: 0.09754, model updated.
--------------------
Epoch 24/200
--------------------
Loss: 7.98699951171875
Recall3: 0.04371; MRR3: 0.02987
Recall5: 0.06180; MRR5: 0.03392
Recall10: 0.09875; MRR10: 0.03878
Recall20: 0.15116; MRR20: 0.04238
New best Recall@10: 0.09875, model updated.
--------------------
Epoch 25/200
--------------------
Loss: 6.964587688446045
Recall3: 0.04331; MRR3: 0.02875
Recall5: 0.06238; MRR5: 0.03308
Recall10: 0.10027; MRR10: 0.03809
Recall20: 0.15420; MRR20: 0.04176
New best Recall@10: 0.10027, model updated.
--------------------
Epoch 26/200
--------------------
Loss: 6.984732151031494
Recall3: 0.04460; MRR3: 0.03017
Recall5: 0.06312; MRR5: 0.03441
Recall10: 0.10292; MRR10: 0.03965
Recall20: 0.15598; MRR20: 0.04325
New best Recall@10: 0.10292, model updated.
--------------------
Epoch 27/200
--------------------
Loss: 7.761805057525635
Recall3: 0.04441; MRR3: 0.02946
Recall5: 0.06287; MRR5: 0.03364
Recall10: 0.10169; MRR10: 0.03877
Recall20: 0.15690; MRR20: 0.04253
No improvement in Recall@10. Patience counter: 1/10
--------------------
Epoch 28/200
--------------------
Loss: 6.359344959259033
Recall3: 0.04417; MRR3: 0.02986
Recall5: 0.06348; MRR5: 0.03420
Recall10: 0.10461; MRR10: 0.03962
Recall20: 0.15965; MRR20: 0.04337
New best Recall@10: 0.10461, model updated.
--------------------
Epoch 29/200
--------------------
Loss: 7.525048732757568
Recall3: 0.04657; MRR3: 0.03050
Recall5: 0.06924; MRR5: 0.03561
Recall10: 0.10917; MRR10: 0.04084
Recall20: 0.16330; MRR20: 0.04448
New best Recall@10: 0.10917, model updated.
--------------------
Epoch 30/200
--------------------
Loss: 5.6708903312683105
Recall3: 0.04712; MRR3: 0.03095
Recall5: 0.06687; MRR5: 0.03544
Recall10: 0.10605; MRR10: 0.04062
Recall20: 0.16160; MRR20: 0.04441
No improvement in Recall@10. Patience counter: 1/10
--------------------
Epoch 31/200
--------------------
Loss: 6.934672832489014
Recall3: 0.04706; MRR3: 0.03149
Recall5: 0.06865; MRR5: 0.03639
Recall10: 0.10734; MRR10: 0.04149
Recall20: 0.16252; MRR20: 0.04524
No improvement in Recall@10. Patience counter: 2/10
--------------------
Epoch 32/200
--------------------
Loss: 6.97121524810791
Recall3: 0.04829; MRR3: 0.03194
Recall5: 0.06951; MRR5: 0.03674
Recall10: 0.10968; MRR10: 0.04197
Recall20: 0.16572; MRR20: 0.04577
New best Recall@10: 0.10968, model updated.
--------------------
Epoch 33/200
--------------------
Loss: 6.500325679779053
Recall3: 0.04675; MRR3: 0.03107
Recall5: 0.07025; MRR5: 0.03634
Recall10: 0.10956; MRR10: 0.04147
Recall20: 0.16699; MRR20: 0.04536
No improvement in Recall@10. Patience counter: 1/10
--------------------
Epoch 34/200
--------------------
Loss: 7.29441499710083
Recall3: 0.04767; MRR3: 0.03184
Recall5: 0.07074; MRR5: 0.03707
Recall10: 0.11122; MRR10: 0.04245
Recall20: 0.16939; MRR20: 0.04637
New best Recall@10: 0.11122, model updated.
--------------------
Epoch 35/200
--------------------
Loss: 7.301337718963623
Recall3: 0.04829; MRR3: 0.03272
Recall5: 0.07219; MRR5: 0.03816
Recall10: 0.11273; MRR10: 0.04347
Recall20: 0.16961; MRR20: 0.04738
New best Recall@10: 0.11273, model updated.
--------------------
Epoch 36/200
--------------------
Loss: 7.014850616455078
Recall3: 0.04755; MRR3: 0.03201
Recall5: 0.07087; MRR5: 0.03727
Recall10: 0.11267; MRR10: 0.04269
Recall20: 0.16896; MRR20: 0.04651
No improvement in Recall@10. Patience counter: 1/10
--------------------
Epoch 37/200
--------------------
Loss: 7.557518005371094
Recall3: 0.04804; MRR3: 0.03269
Recall5: 0.07093; MRR5: 0.03786
Recall10: 0.11054; MRR10: 0.04309
Recall20: 0.16788; MRR20: 0.04700
No improvement in Recall@10. Patience counter: 2/10
--------------------
Epoch 38/200
--------------------
Loss: 6.772693157196045
Recall3: 0.05103; MRR3: 0.03477
Recall5: 0.07232; MRR5: 0.03955
Recall10: 0.11212; MRR10: 0.04480
Recall20: 0.16964; MRR20: 0.04874
No improvement in Recall@10. Patience counter: 3/10
--------------------
Epoch 39/200
--------------------
Loss: 6.158145904541016
Recall3: 0.04995; MRR3: 0.03374
Recall5: 0.07185; MRR5: 0.03869
Recall10: 0.11294; MRR10: 0.04413
Recall20: 0.17269; MRR20: 0.04824
New best Recall@10: 0.11294, model updated.
--------------------
Epoch 40/200
--------------------
Loss: 6.859378337860107
Recall3: 0.05100; MRR3: 0.03401
Recall5: 0.07240; MRR5: 0.03884
Recall10: 0.11612; MRR10: 0.04465
Recall20: 0.17302; MRR20: 0.04850
New best Recall@10: 0.11612, model updated.
--------------------
Epoch 41/200
--------------------
Loss: 6.350014686584473
Recall3: 0.05085; MRR3: 0.03479
Recall5: 0.07361; MRR5: 0.03996
Recall10: 0.11661; MRR10: 0.04561
Recall20: 0.17302; MRR20: 0.04946
New best Recall@10: 0.11661, model updated.
--------------------
Epoch 42/200
--------------------
Loss: 6.621321201324463
Recall3: 0.05257; MRR3: 0.03510
Recall5: 0.07441; MRR5: 0.04004
Recall10: 0.11569; MRR10: 0.04553
Recall20: 0.17265; MRR20: 0.04944
No improvement in Recall@10. Patience counter: 1/10
--------------------
Epoch 43/200
--------------------
Loss: 7.397288799285889
Recall3: 0.04995; MRR3: 0.03381
Recall5: 0.07345; MRR5: 0.03915
Recall10: 0.11436; MRR10: 0.04455
Recall20: 0.17052; MRR20: 0.04838
No improvement in Recall@10. Patience counter: 2/10
--------------------
Epoch 44/200
--------------------
Loss: 6.989935398101807
Recall3: 0.05137; MRR3: 0.03379
Recall5: 0.07357; MRR5: 0.03880
Recall10: 0.11411; MRR10: 0.04408
Recall20: 0.17040; MRR20: 0.04791
No improvement in Recall@10. Patience counter: 3/10
--------------------
Epoch 45/200
--------------------
Loss: 6.233440399169922
Recall3: 0.05112; MRR3: 0.03405
Recall5: 0.07228; MRR5: 0.03886
Recall10: 0.11436; MRR10: 0.04439
Recall20: 0.17114; MRR20: 0.04823
No improvement in Recall@10. Patience counter: 4/10
--------------------
Epoch 46/200
--------------------
Loss: 6.148911952972412
Recall3: 0.05069; MRR3: 0.03386
Recall5: 0.07210; MRR5: 0.03870
Recall10: 0.11581; MRR10: 0.04454
Recall20: 0.17302; MRR20: 0.04845
No improvement in Recall@10. Patience counter: 5/10
--------------------
Epoch 47/200
--------------------
Loss: 6.907472133636475
Recall3: 0.04934; MRR3: 0.03386
Recall5: 0.07154; MRR5: 0.03891
Recall10: 0.11510; MRR10: 0.04464
Recall20: 0.17231; MRR20: 0.04853
No improvement in Recall@10. Patience counter: 6/10
--------------------
Epoch 48/200
--------------------
Loss: 6.23142671585083
Recall3: 0.05276; MRR3: 0.03509
Recall5: 0.07469; MRR5: 0.04005
Recall10: 0.11966; MRR10: 0.04593
Recall20: 0.17502; MRR20: 0.04970
New best Recall@10: 0.11966, model updated.
--------------------
Epoch 49/200
--------------------
Loss: 7.763039588928223
Recall3: 0.05032; MRR3: 0.03428
Recall5: 0.07370; MRR5: 0.03957
Recall10: 0.11565; MRR10: 0.04505
Recall20: 0.17163; MRR20: 0.04890
No improvement in Recall@10. Patience counter: 1/10
--------------------
Epoch 50/200
--------------------
Loss: 7.349773406982422
Recall3: 0.05173; MRR3: 0.03501
Recall5: 0.07382; MRR5: 0.03999
Recall10: 0.11614; MRR10: 0.04555
Recall20: 0.17351; MRR20: 0.04952
No improvement in Recall@10. Patience counter: 2/10
--------------------
Epoch 51/200
--------------------
Loss: 6.619259357452393
Recall3: 0.05124; MRR3: 0.03458
Recall5: 0.07216; MRR5: 0.03926
Recall10: 0.11534; MRR10: 0.04495
Recall20: 0.17493; MRR20: 0.04903
No improvement in Recall@10. Patience counter: 3/10
--------------------
Epoch 52/200
--------------------
Loss: 6.961466312408447
Recall3: 0.05087; MRR3: 0.03446
Recall5: 0.07253; MRR5: 0.03940
Recall10: 0.11553; MRR10: 0.04502
Recall20: 0.17224; MRR20: 0.04893
No improvement in Recall@10. Patience counter: 4/10
--------------------
Epoch 53/200
--------------------
Loss: 7.907951831817627
Recall3: 0.05137; MRR3: 0.03420
Recall5: 0.07173; MRR5: 0.03880
Recall10: 0.11380; MRR10: 0.04440
Recall20: 0.17138; MRR20: 0.04832
No improvement in Recall@10. Patience counter: 5/10
--------------------
Epoch 54/200
--------------------
Loss: 6.590556621551514
Recall3: 0.05214; MRR3: 0.03438
Recall5: 0.07512; MRR5: 0.03964
Recall10: 0.11689; MRR10: 0.04515
Recall20: 0.17552; MRR20: 0.04920
No improvement in Recall@10. Patience counter: 6/10
--------------------
Epoch 55/200
--------------------
Loss: 8.47663402557373
Recall3: 0.05112; MRR3: 0.03436
Recall5: 0.07228; MRR5: 0.03915
Recall10: 0.11663; MRR10: 0.04501
Recall20: 0.17323; MRR20: 0.04890
No improvement in Recall@10. Patience counter: 7/10
--------------------
Epoch 56/200
--------------------
Loss: 6.53054666519165
Recall3: 0.05032; MRR3: 0.03449
Recall5: 0.07259; MRR5: 0.03954
Recall10: 0.11565; MRR10: 0.04525
Recall20: 0.17366; MRR20: 0.04921
No improvement in Recall@10. Patience counter: 8/10
--------------------
Epoch 57/200
--------------------
Loss: 5.991814136505127
Recall3: 0.05044; MRR3: 0.03369
Recall5: 0.07216; MRR5: 0.03861
Recall10: 0.11571; MRR10: 0.04435
Recall20: 0.17292; MRR20: 0.04827
No improvement in Recall@10. Patience counter: 9/10
--------------------
Epoch 58/200
--------------------
Loss: 7.831935405731201
Recall3: 0.05026; MRR3: 0.03450
Recall5: 0.07222; MRR5: 0.03946
Recall10: 0.11667; MRR10: 0.04523
Recall20: 0.17431; MRR20: 0.04921
No improvement in Recall@10. Patience counter: 10/10
Early stopping triggered. Best Recall@10: 0.11966
****************************************

Loading fine-tuning set data......
Users_a end at 94601
Loading fine-tuning set data......
Users_a end at 10484
Loading fine-tuning set data......
Users_a end at 10484
--------------------
Epoch 1/200
--------------------
Loss: 6.369680404663086 Loss_diff 0.7289457321166992
Recall3_b: 0.05016; Mrr3: 0.03349
Recall5_b: 0.06989; Mrr5: 0.03802
Recall10_b: 0.11300; Mrr10: 0.04379
Recall20_b: 0.16867; Mrr20: 0.04761
New best Recall@10: 0.11300 at Epoch 1
--------------------
Epoch 2/200
--------------------
Loss: 6.5606889724731445 Loss_diff 0.7251248359680176
Recall3_b: 0.05065; Mrr3: 0.03310
Recall5_b: 0.07184; Mrr5: 0.03791
Recall10_b: 0.11650; Mrr10: 0.04374
Recall20_b: 0.16847; Mrr20: 0.04727
New best Recall@10: 0.11650 at Epoch 2
--------------------
Epoch 3/200
--------------------
Loss: 5.979518890380859 Loss_diff 0.721064567565918
Recall3_b: 0.05066; Mrr3: 0.03348
Recall5_b: 0.07213; Mrr5: 0.03835
Recall10_b: 0.11453; Mrr10: 0.04386
Recall20_b: 0.16834; Mrr20: 0.04754
No improvement in Recall@10. Patience counter: 1/10
--------------------
Epoch 4/200
--------------------
Loss: 6.056490421295166 Loss_diff 0.7171708345413208
Recall3_b: 0.05227; Mrr3: 0.03494
Recall5_b: 0.07335; Mrr5: 0.03979
Recall10_b: 0.11569; Mrr10: 0.04540
Recall20_b: 0.16987; Mrr20: 0.04910
No improvement in Recall@10. Patience counter: 2/10
--------------------
Epoch 5/200
--------------------
Loss: 5.99782133102417 Loss_diff 0.713493824005127
Recall3_b: 0.05120; Mrr3: 0.03461
Recall5_b: 0.07276; Mrr5: 0.03947
Recall10_b: 0.11661; Mrr10: 0.04530
Recall20_b: 0.17163; Mrr20: 0.04900
New best Recall@10: 0.11661 at Epoch 5
--------------------
Epoch 6/200
--------------------
Loss: 6.23960018157959 Loss_diff 0.7096397876739502
Recall3_b: 0.05090; Mrr3: 0.03409
Recall5_b: 0.07390; Mrr5: 0.03932
Recall10_b: 0.11560; Mrr10: 0.04486
Recall20_b: 0.17064; Mrr20: 0.04859
No improvement in Recall@10. Patience counter: 1/10
--------------------
Epoch 7/200
--------------------
Loss: 6.658775806427002 Loss_diff 0.7063726186752319
Recall3_b: 0.05263; Mrr3: 0.03462
Recall5_b: 0.07447; Mrr5: 0.03959
Recall10_b: 0.11529; Mrr10: 0.04487
Recall20_b: 0.17234; Mrr20: 0.04878
No improvement in Recall@10. Patience counter: 2/10
--------------------
Epoch 8/200
--------------------
Loss: 5.892167091369629 Loss_diff 0.7026748657226562
Recall3_b: 0.05296; Mrr3: 0.03507
Recall5_b: 0.07309; Mrr5: 0.03960
Recall10_b: 0.11687; Mrr10: 0.04534
Recall20_b: 0.17038; Mrr20: 0.04898
New best Recall@10: 0.11687 at Epoch 8
--------------------
Epoch 9/200
--------------------
Loss: 6.148091793060303 Loss_diff 0.6989521980285645
Recall3_b: 0.05116; Mrr3: 0.03448
Recall5_b: 0.07241; Mrr5: 0.03930
Recall10_b: 0.11712; Mrr10: 0.04500
Recall20_b: 0.17243; Mrr20: 0.04877
New best Recall@10: 0.11712 at Epoch 9
--------------------
Epoch 10/200
--------------------
Loss: 5.935020446777344 Loss_diff 0.695468544960022
Recall3_b: 0.05216; Mrr3: 0.03482
Recall5_b: 0.07372; Mrr5: 0.03971
Recall10_b: 0.11809; Mrr10: 0.04550
Recall20_b: 0.17160; Mrr20: 0.04917
New best Recall@10: 0.11809 at Epoch 10
--------------------
Epoch 11/200
--------------------
Loss: 6.088796615600586 Loss_diff 0.6920503973960876
Recall3_b: 0.05122; Mrr3: 0.03442
Recall5_b: 0.07414; Mrr5: 0.03952
Recall10_b: 0.11705; Mrr10: 0.04512
Recall20_b: 0.17238; Mrr20: 0.04890
No improvement in Recall@10. Patience counter: 1/10
--------------------
Epoch 12/200
--------------------
Loss: 6.220189094543457 Loss_diff 0.688417911529541
Recall3_b: 0.05091; Mrr3: 0.03448
Recall5_b: 0.07264; Mrr5: 0.03937
Recall10_b: 0.11736; Mrr10: 0.04521
Recall20_b: 0.17422; Mrr20: 0.04907
No improvement in Recall@10. Patience counter: 2/10
--------------------
Epoch 13/200
--------------------
Loss: 6.270926475524902 Loss_diff 0.6850968599319458
Recall3_b: 0.05189; Mrr3: 0.03526
Recall5_b: 0.07413; Mrr5: 0.04033
Recall10_b: 0.11649; Mrr10: 0.04588
Recall20_b: 0.17230; Mrr20: 0.04972
No improvement in Recall@10. Patience counter: 3/10
--------------------
Epoch 14/200
--------------------
Loss: 5.7382025718688965 Loss_diff 0.6816263794898987
Recall3_b: 0.05187; Mrr3: 0.03513
Recall5_b: 0.07486; Mrr5: 0.04031
Recall10_b: 0.11691; Mrr10: 0.04585
Recall20_b: 0.17167; Mrr20: 0.04959
No improvement in Recall@10. Patience counter: 4/10
--------------------
Epoch 15/200
--------------------
Loss: 6.091742038726807 Loss_diff 0.6783775091171265
Recall3_b: 0.05049; Mrr3: 0.03437
Recall5_b: 0.07319; Mrr5: 0.03948
Recall10_b: 0.11467; Mrr10: 0.04490
Recall20_b: 0.17147; Mrr20: 0.04876
No improvement in Recall@10. Patience counter: 5/10
--------------------
Epoch 16/200
--------------------
Loss: 6.595829010009766 Loss_diff 0.674791157245636
Recall3_b: 0.05239; Mrr3: 0.03574
Recall5_b: 0.07373; Mrr5: 0.04053
Recall10_b: 0.11648; Mrr10: 0.04608
Recall20_b: 0.17341; Mrr20: 0.04998
No improvement in Recall@10. Patience counter: 6/10
--------------------
Epoch 17/200
--------------------
Loss: 5.873342514038086 Loss_diff 0.6715857982635498
Recall3_b: 0.05120; Mrr3: 0.03546
Recall5_b: 0.07379; Mrr5: 0.04063
Recall10_b: 0.11948; Mrr10: 0.04658
Recall20_b: 0.17630; Mrr20: 0.05044
New best Recall@10: 0.11948 at Epoch 17
--------------------
Epoch 18/200
--------------------
Loss: 6.376779079437256 Loss_diff 0.6683924198150635
Recall3_b: 0.05083; Mrr3: 0.03429
Recall5_b: 0.07201; Mrr5: 0.03915
Recall10_b: 0.11613; Mrr10: 0.04494
Recall20_b: 0.17410; Mrr20: 0.04892
No improvement in Recall@10. Patience counter: 1/10
--------------------
Epoch 19/200
--------------------
Loss: 6.095952033996582 Loss_diff 0.6653393507003784
Recall3_b: 0.05198; Mrr3: 0.03554
Recall5_b: 0.07458; Mrr5: 0.04064
Recall10_b: 0.11570; Mrr10: 0.04601
Recall20_b: 0.17618; Mrr20: 0.05015
No improvement in Recall@10. Patience counter: 2/10
--------------------
Epoch 20/200
--------------------
Loss: 6.5224833488464355 Loss_diff 0.6622083187103271
Recall3_b: 0.05170; Mrr3: 0.03389
Recall5_b: 0.07212; Mrr5: 0.03847
Recall10_b: 0.11573; Mrr10: 0.04421
Recall20_b: 0.17326; Mrr20: 0.04811
No improvement in Recall@10. Patience counter: 3/10
--------------------
Epoch 21/200
--------------------
Loss: 6.670657157897949 Loss_diff 0.6590206623077393
Recall3_b: 0.05081; Mrr3: 0.03424
Recall5_b: 0.07427; Mrr5: 0.03947
Recall10_b: 0.11665; Mrr10: 0.04498
Recall20_b: 0.17464; Mrr20: 0.04891
No improvement in Recall@10. Patience counter: 4/10
--------------------
Epoch 22/200
--------------------
Loss: 5.39970064163208 Loss_diff 0.6559693217277527
Recall3_b: 0.05057; Mrr3: 0.03471
Recall5_b: 0.07346; Mrr5: 0.03989
Recall10_b: 0.11694; Mrr10: 0.04555
Recall20_b: 0.17425; Mrr20: 0.04945
No improvement in Recall@10. Patience counter: 5/10
--------------------
Epoch 23/200
--------------------
Loss: 5.250136852264404 Loss_diff 0.6526100635528564
Recall3_b: 0.05025; Mrr3: 0.03439
Recall5_b: 0.07422; Mrr5: 0.03981
Recall10_b: 0.11599; Mrr10: 0.04525
Recall20_b: 0.17580; Mrr20: 0.04934
No improvement in Recall@10. Patience counter: 6/10
--------------------
Epoch 24/200
--------------------
Loss: 5.600969314575195 Loss_diff 0.6498485207557678
Recall3_b: 0.05092; Mrr3: 0.03478
Recall5_b: 0.07218; Mrr5: 0.03953
Recall10_b: 0.11517; Mrr10: 0.04512
Recall20_b: 0.17677; Mrr20: 0.04936
No improvement in Recall@10. Patience counter: 7/10
--------------------
Epoch 25/200
--------------------
Loss: 5.975009918212891 Loss_diff 0.6468092203140259
Recall3_b: 0.05054; Mrr3: 0.03438
Recall5_b: 0.07437; Mrr5: 0.03985
Recall10_b: 0.11461; Mrr10: 0.04518
Recall20_b: 0.17269; Mrr20: 0.04918
No improvement in Recall@10. Patience counter: 8/10
--------------------
Epoch 26/200
--------------------
Loss: 4.757637023925781 Loss_diff 0.643692135810852
Recall3_b: 0.05179; Mrr3: 0.03507
Recall5_b: 0.07400; Mrr5: 0.04011
Recall10_b: 0.11431; Mrr10: 0.04542
Recall20_b: 0.17526; Mrr20: 0.04961
No improvement in Recall@10. Patience counter: 9/10
--------------------
Epoch 27/200
--------------------
Loss: 6.485072135925293 Loss_diff 0.6406519412994385
Recall3_b: 0.05152; Mrr3: 0.03455
Recall5_b: 0.07220; Mrr5: 0.03924
Recall10_b: 0.11396; Mrr10: 0.04472
Recall20_b: 0.17232; Mrr20: 0.04877
No improvement in Recall@10. Patience counter: 10/10
Early stopping triggered. Best Recall@10: 0.11948 at Epoch 17
已完成训练，测试结果：
=== Evaluation Metrics ===
Recall @3 @5 @10 @20:
0.0430
0.0601
0.0953
0.1372
NDCG @3 @5 @10 @20:
0.0321
0.0391
0.0504
0.0609
MRR @3 @5 @10 @20:
0.0284
0.0322
0.0368
0.0397
Total time cost: 3082.10 seconds.
