=== model training parameter configuration ===
device              : cpu
seed                : 608
dataset             : AM-MB
A_domain            : Amazon-KG-5core-Books
B_domain            : Amazon-KG-5core-Movies_and_TV
epoch               : 200
batch_size          : 128
patience            : 10
hidden_units        : 100
maxlen              : 15
min_len             : 0
A_size              : 8318
B_size              : 4779
all_size            : 13097
lr                  : 0.0001
lr_decline          : False
dropout_rate        : 0.45
Lambda              : 0.002
n_heads             : 1
n_layers            : 1
d_k                 : 100
d_v                 : 100
d_ff                : 2048
Strategy            : default
pretrained_embedding_path: pretrain/transE/
prompt_num_S        : 2
prompt_num          : 2
prompt_agg          : mean_noise
prompt_agg_use_all  : False
use_KG              : True
use_shared          : True
use_spec            : True
use_disen           : True
disen_way           : info
freeze_shared_prompt: True
freeze_model        : False
=========================
Loading pre-training set data......
Users_a end at 94601
Users_b start at 84118
Loading pre-training set data......
Users_a end at 10484
Users_b start at 10485
========prompt_agg_use_all=False========
[KG] common.rel: 15 relations, specific.rel: 6 relations
--------------------
Epoch 1/200
--------------------
Loss: 8.806502342224121
Recall3: 0.00892; MRR3: 0.00559
Recall5: 0.01255; MRR5: 0.00636
Recall10: 0.01975; MRR10: 0.00727
Recall20: 0.03230; MRR20: 0.00811
New best Recall@10: 0.01975, model updated.
--------------------
Epoch 2/200
--------------------
Loss: 8.901765823364258
Recall3: 0.00757; MRR3: 0.00537
Recall5: 0.00978; MRR5: 0.00584
Recall10: 0.01932; MRR10: 0.00711
Recall20: 0.03211; MRR20: 0.00801
No improvement in Recall@10. Patience counter: 1/10
--------------------
Epoch 3/200
--------------------
Loss: 8.33829402923584
Recall3: 0.01009; MRR3: 0.00636
Recall5: 0.01532; MRR5: 0.00755
Recall10: 0.02411; MRR10: 0.00869
Recall20: 0.03869; MRR20: 0.00968
New best Recall@10: 0.02411, model updated.
--------------------
Epoch 4/200
--------------------
Loss: 8.022538185119629
Recall3: 0.01310; MRR3: 0.00773
Recall5: 0.01864; MRR5: 0.00901
Recall10: 0.02934; MRR10: 0.01036
Recall20: 0.05014; MRR20: 0.01175
New best Recall@10: 0.02934, model updated.
--------------------
Epoch 5/200
--------------------
Loss: 7.751649379730225
Recall3: 0.01452; MRR3: 0.00939
Recall5: 0.02036; MRR5: 0.01073
Recall10: 0.03461; MRR10: 0.01259
Recall20: 0.05897; MRR20: 0.01422
New best Recall@10: 0.03461, model updated.
--------------------
Epoch 6/200
--------------------
Loss: 8.196476936340332
Recall3: 0.01489; MRR3: 0.00987
Recall5: 0.02221; MRR5: 0.01154
Recall10: 0.03660; MRR10: 0.01345
Recall20: 0.06367; MRR20: 0.01528
New best Recall@10: 0.03660, model updated.
--------------------
Epoch 7/200
--------------------
Loss: 8.315276145935059
Recall3: 0.01999; MRR3: 0.01277
Recall5: 0.02867; MRR5: 0.01472
Recall10: 0.04589; MRR10: 0.01697
Recall20: 0.07625; MRR20: 0.01901
New best Recall@10: 0.04589, model updated.
--------------------
Epoch 8/200
--------------------
Loss: 7.974058628082275
Recall3: 0.02479; MRR3: 0.01582
Recall5: 0.03463; MRR5: 0.01804
Recall10: 0.05272; MRR10: 0.02040
Recall20: 0.08434; MRR20: 0.02251
New best Recall@10: 0.05272, model updated.
--------------------
Epoch 9/200
--------------------
Loss: 7.8858208656311035
Recall3: 0.02491; MRR3: 0.01672
Recall5: 0.03832; MRR5: 0.01975
Recall10: 0.05813; MRR10: 0.02231
Recall20: 0.09160; MRR20: 0.02454
New best Recall@10: 0.05813, model updated.
--------------------
Epoch 10/200
--------------------
Loss: 8.0637788772583
Recall3: 0.02596; MRR3: 0.01728
Recall5: 0.03943; MRR5: 0.02031
Recall10: 0.06115; MRR10: 0.02315
Recall20: 0.09922; MRR20: 0.02570
New best Recall@10: 0.06115, model updated.
--------------------
Epoch 11/200
--------------------
Loss: 7.753227710723877
Recall3: 0.02805; MRR3: 0.01839
Recall5: 0.03974; MRR5: 0.02102
Recall10: 0.06674; MRR10: 0.02453
Recall20: 0.10741; MRR20: 0.02729
New best Recall@10: 0.06674, model updated.
--------------------
Epoch 12/200
--------------------
Loss: 7.869235038757324
Recall3: 0.02842; MRR3: 0.01867
Recall5: 0.04254; MRR5: 0.02191
Recall10: 0.06937; MRR10: 0.02541
Recall20: 0.11332; MRR20: 0.02841
New best Recall@10: 0.06937, model updated.
--------------------
Epoch 13/200
--------------------
Loss: 7.837117671966553
Recall3: 0.02990; MRR3: 0.01931
Recall5: 0.04380; MRR5: 0.02247
Recall10: 0.07320; MRR10: 0.02627
Recall20: 0.11642; MRR20: 0.02919
New best Recall@10: 0.07320, model updated.
--------------------
Epoch 14/200
--------------------
Loss: 8.008577346801758
Recall3: 0.03107; MRR3: 0.01973
Recall5: 0.04552; MRR5: 0.02298
Recall10: 0.07320; MRR10: 0.02661
Recall20: 0.11743; MRR20: 0.02966
No improvement in Recall@10. Patience counter: 1/10
--------------------
Epoch 15/200
--------------------
Loss: 8.50395393371582
Recall3: 0.03131; MRR3: 0.02067
Recall5: 0.04608; MRR5: 0.02399
Recall10: 0.07486; MRR10: 0.02774
Recall20: 0.11731; MRR20: 0.03065
New best Recall@10: 0.07486, model updated.
--------------------
Epoch 16/200
--------------------
Loss: 7.560733318328857
Recall3: 0.03266; MRR3: 0.02224
Recall5: 0.05089; MRR5: 0.02643
Recall10: 0.08230; MRR10: 0.03050
Recall20: 0.12755; MRR20: 0.03363
New best Recall@10: 0.08230, model updated.
--------------------
Epoch 17/200
--------------------
Loss: 7.313392162322998
Recall3: 0.03701; MRR3: 0.02464
Recall5: 0.05060; MRR5: 0.02768
Recall10: 0.08155; MRR10: 0.03177
Recall20: 0.12571; MRR20: 0.03478
No improvement in Recall@10. Patience counter: 1/10
--------------------
Epoch 18/200
--------------------
Loss: 7.339749813079834
Recall3: 0.03679; MRR3: 0.02523
Recall5: 0.05087; MRR5: 0.02840
Recall10: 0.08237; MRR10: 0.03251
Recall20: 0.12789; MRR20: 0.03562
New best Recall@10: 0.08237, model updated.
--------------------
Epoch 19/200
--------------------
Loss: 7.529892921447754
Recall3: 0.03990; MRR3: 0.02632
Recall5: 0.05552; MRR5: 0.02982
Recall10: 0.08659; MRR10: 0.03385
Recall20: 0.13451; MRR20: 0.03710
New best Recall@10: 0.08659, model updated.
--------------------
Epoch 20/200
--------------------
Loss: 7.238295078277588
Recall3: 0.03919; MRR3: 0.02632
Recall5: 0.05358; MRR5: 0.02955
Recall10: 0.08649; MRR10: 0.03386
Recall20: 0.13736; MRR20: 0.03737
No improvement in Recall@10. Patience counter: 1/10
--------------------
Epoch 21/200
--------------------
Loss: 6.930908679962158
Recall3: 0.04109; MRR3: 0.02730
Recall5: 0.05703; MRR5: 0.03092
Recall10: 0.09006; MRR10: 0.03523
Recall20: 0.14167; MRR20: 0.03879
New best Recall@10: 0.09006, model updated.
--------------------
Epoch 22/200
--------------------
Loss: 8.201224327087402
Recall3: 0.03925; MRR3: 0.02568
Recall5: 0.05752; MRR5: 0.02985
Recall10: 0.09409; MRR10: 0.03462
Recall20: 0.14448; MRR20: 0.03804
New best Recall@10: 0.09409, model updated.
--------------------
Epoch 23/200
--------------------
Loss: 7.3480916023254395
Recall3: 0.04464; MRR3: 0.02881
Recall5: 0.06100; MRR5: 0.03251
Recall10: 0.09686; MRR10: 0.03718
Recall20: 0.14915; MRR20: 0.04073
New best Recall@10: 0.09686, model updated.
--------------------
Epoch 24/200
--------------------
Loss: 8.027958869934082
Recall3: 0.04516; MRR3: 0.03144
Recall5: 0.06344; MRR5: 0.03558
Recall10: 0.09967; MRR10: 0.04026
Recall20: 0.15066; MRR20: 0.04376
New best Recall@10: 0.09967, model updated.
--------------------
Epoch 25/200
--------------------
Loss: 7.033259868621826
Recall3: 0.04355; MRR3: 0.02867
Recall5: 0.06275; MRR5: 0.03304
Recall10: 0.10119; MRR10: 0.03809
Recall20: 0.15250; MRR20: 0.04162
New best Recall@10: 0.10119, model updated.
--------------------
Epoch 26/200
--------------------
Loss: 6.925379753112793
Recall3: 0.04644; MRR3: 0.03066
Recall5: 0.06355; MRR5: 0.03455
Recall10: 0.10316; MRR10: 0.03974
Recall20: 0.15659; MRR20: 0.04337
New best Recall@10: 0.10316, model updated.
--------------------
Epoch 27/200
--------------------
Loss: 7.748799800872803
Recall3: 0.04608; MRR3: 0.03034
Recall5: 0.06471; MRR5: 0.03452
Recall10: 0.10322; MRR10: 0.03955
Recall20: 0.15616; MRR20: 0.04316
New best Recall@10: 0.10322, model updated.
--------------------
Epoch 28/200
--------------------
Loss: 6.472584247589111
Recall3: 0.04405; MRR3: 0.02923
Recall5: 0.06305; MRR5: 0.03351
Recall10: 0.10492; MRR10: 0.03902
Recall20: 0.15930; MRR20: 0.04277
New best Recall@10: 0.10492, model updated.
--------------------
Epoch 29/200
--------------------
Loss: 7.322575569152832
Recall3: 0.04755; MRR3: 0.03171
Recall5: 0.07023; MRR5: 0.03687
Recall10: 0.11077; MRR10: 0.04216
Recall20: 0.16453; MRR20: 0.04584
New best Recall@10: 0.11077, model updated.
--------------------
Epoch 30/200
--------------------
Loss: 5.802121639251709
Recall3: 0.04724; MRR3: 0.03100
Recall5: 0.06730; MRR5: 0.03559
Recall10: 0.10655; MRR10: 0.04076
Recall20: 0.16025; MRR20: 0.04449
No improvement in Recall@10. Patience counter: 1/10
--------------------
Epoch 31/200
--------------------
Loss: 6.997889995574951
Recall3: 0.04847; MRR3: 0.03177
Recall5: 0.06945; MRR5: 0.03652
Recall10: 0.10978; MRR10: 0.04176
Recall20: 0.16391; MRR20: 0.04549
No improvement in Recall@10. Patience counter: 2/10
--------------------
Epoch 32/200
--------------------
Loss: 7.151480197906494
Recall3: 0.04847; MRR3: 0.03187
Recall5: 0.07050; MRR5: 0.03687
Recall10: 0.11024; MRR10: 0.04207
Recall20: 0.16566; MRR20: 0.04586
No improvement in Recall@10. Patience counter: 3/10
--------------------
Epoch 33/200
--------------------
Loss: 6.359524726867676
Recall3: 0.04718; MRR3: 0.03123
Recall5: 0.07105; MRR5: 0.03662
Recall10: 0.11061; MRR10: 0.04181
Recall20: 0.16505; MRR20: 0.04551
No improvement in Recall@10. Patience counter: 4/10
--------------------
Epoch 34/200
--------------------
Loss: 7.055945873260498
Recall3: 0.04860; MRR3: 0.03169
Recall5: 0.07111; MRR5: 0.03679
Recall10: 0.11372; MRR10: 0.04247
Recall20: 0.16847; MRR20: 0.04618
New best Recall@10: 0.11372, model updated.
--------------------
Epoch 35/200
--------------------
Loss: 7.343589782714844
Recall3: 0.05134; MRR3: 0.03331
Recall5: 0.07293; MRR5: 0.03821
Recall10: 0.11384; MRR10: 0.04355
Recall20: 0.16961; MRR20: 0.04736
New best Recall@10: 0.11384, model updated.
--------------------
Epoch 36/200
--------------------
Loss: 6.881045341491699
Recall3: 0.04854; MRR3: 0.03168
Recall5: 0.07080; MRR5: 0.03671
Recall10: 0.11270; MRR10: 0.04222
Recall20: 0.16939; MRR20: 0.04606
No improvement in Recall@10. Patience counter: 1/10
--------------------
Epoch 37/200
--------------------
Loss: 7.4253082275390625
Recall3: 0.04921; MRR3: 0.03247
Recall5: 0.07124; MRR5: 0.03750
Recall10: 0.11233; MRR10: 0.04289
Recall20: 0.16652; MRR20: 0.04657
No improvement in Recall@10. Patience counter: 2/10
--------------------
Epoch 38/200
--------------------
Loss: 6.880080223083496
Recall3: 0.04986; MRR3: 0.03403
Recall5: 0.07250; MRR5: 0.03922
Recall10: 0.11526; MRR10: 0.04487
Recall20: 0.17234; MRR20: 0.04872
New best Recall@10: 0.11526, model updated.
--------------------
Epoch 39/200
--------------------
Loss: 6.195781707763672
Recall3: 0.04952; MRR3: 0.03298
Recall5: 0.07124; MRR5: 0.03792
Recall10: 0.11399; MRR10: 0.04356
Recall20: 0.17299; MRR20: 0.04756
No improvement in Recall@10. Patience counter: 1/10
--------------------
Epoch 40/200
--------------------
Loss: 6.936306953430176
Recall3: 0.05007; MRR3: 0.03331
Recall5: 0.07376; MRR5: 0.03869
Recall10: 0.11735; MRR10: 0.04441
Recall20: 0.17247; MRR20: 0.04815
New best Recall@10: 0.11735, model updated.
--------------------
Epoch 41/200
--------------------
Loss: 6.450930118560791
Recall3: 0.05060; MRR3: 0.03404
Recall5: 0.07398; MRR5: 0.03938
Recall10: 0.11868; MRR10: 0.04523
Recall20: 0.17402; MRR20: 0.04899
New best Recall@10: 0.11868, model updated.
--------------------
Epoch 42/200
--------------------
Loss: 6.7124786376953125
Recall3: 0.05081; MRR3: 0.03403
Recall5: 0.07484; MRR5: 0.03951
Recall10: 0.11852; MRR10: 0.04524
Recall20: 0.17160; MRR20: 0.04887
No improvement in Recall@10. Patience counter: 1/10
--------------------
Epoch 43/200
--------------------
Loss: 7.398708820343018
Recall3: 0.05026; MRR3: 0.03334
Recall5: 0.07185; MRR5: 0.03821
Recall10: 0.11553; MRR10: 0.04398
Recall20: 0.17046; MRR20: 0.04773
No improvement in Recall@10. Patience counter: 2/10
--------------------
Epoch 44/200
--------------------
Loss: 7.178663730621338
Recall3: 0.04989; MRR3: 0.03329
Recall5: 0.07160; MRR5: 0.03821
Recall10: 0.11497; MRR10: 0.04391
Recall20: 0.16898; MRR20: 0.04761
No improvement in Recall@10. Patience counter: 3/10
--------------------
Epoch 45/200
--------------------
Loss: 6.073171138763428
Recall3: 0.04909; MRR3: 0.03343
Recall5: 0.07117; MRR5: 0.03848
Recall10: 0.11196; MRR10: 0.04392
Recall20: 0.17015; MRR20: 0.04792
No improvement in Recall@10. Patience counter: 4/10
--------------------
Epoch 46/200
--------------------
Loss: 6.199883460998535
Recall3: 0.04970; MRR3: 0.03299
Recall5: 0.07392; MRR5: 0.03851
Recall10: 0.11686; MRR10: 0.04414
Recall20: 0.17179; MRR20: 0.04788
No improvement in Recall@10. Patience counter: 5/10
--------------------
Epoch 47/200
--------------------
Loss: 6.7593560218811035
Recall3: 0.05081; MRR3: 0.03379
Recall5: 0.07142; MRR5: 0.03844
Recall10: 0.11565; MRR10: 0.04433
Recall20: 0.17126; MRR20: 0.04815
No improvement in Recall@10. Patience counter: 6/10
--------------------
Epoch 48/200
--------------------
Loss: 6.506783962249756
Recall3: 0.05233; MRR3: 0.03518
Recall5: 0.07484; MRR5: 0.04032
Recall10: 0.11874; MRR10: 0.04618
Recall20: 0.17582; MRR20: 0.05011
New best Recall@10: 0.11874, model updated.
--------------------
Epoch 49/200
--------------------
Loss: 7.763996124267578
Recall3: 0.05057; MRR3: 0.03388
Recall5: 0.07351; MRR5: 0.03906
Recall10: 0.11590; MRR10: 0.04469
Recall20: 0.17206; MRR20: 0.04854
No improvement in Recall@10. Patience counter: 1/10
--------------------
Epoch 50/200
--------------------
Loss: 7.32315731048584
Recall3: 0.05297; MRR3: 0.03567
Recall5: 0.07539; MRR5: 0.04083
Recall10: 0.11759; MRR10: 0.04637
Recall20: 0.17413; MRR20: 0.05024
No improvement in Recall@10. Patience counter: 2/10
--------------------
Epoch 51/200
--------------------
Loss: 6.585282325744629
Recall3: 0.05167; MRR3: 0.03521
Recall5: 0.07388; MRR5: 0.04022
Recall10: 0.11633; MRR10: 0.04581
Recall20: 0.17699; MRR20: 0.04994
No improvement in Recall@10. Patience counter: 3/10
--------------------
Epoch 52/200
--------------------
Loss: 7.035401821136475
Recall3: 0.05253; MRR3: 0.03515
Recall5: 0.07351; MRR5: 0.03991
Recall10: 0.11608; MRR10: 0.04554
Recall20: 0.17311; MRR20: 0.04945
No improvement in Recall@10. Patience counter: 4/10
--------------------
Epoch 53/200
--------------------
Loss: 7.857766151428223
Recall3: 0.05192; MRR3: 0.03462
Recall5: 0.07148; MRR5: 0.03907
Recall10: 0.11405; MRR10: 0.04470
Recall20: 0.17064; MRR20: 0.04860
No improvement in Recall@10. Patience counter: 5/10
--------------------
Epoch 54/200
--------------------
Loss: 6.4442620277404785
Recall3: 0.05452; MRR3: 0.03616
Recall5: 0.07543; MRR5: 0.04088
Recall10: 0.11732; MRR10: 0.04638
Recall20: 0.17705; MRR20: 0.05048
No improvement in Recall@10. Patience counter: 6/10
--------------------
Epoch 55/200
--------------------
Loss: 8.101618766784668
Recall3: 0.05204; MRR3: 0.03497
Recall5: 0.07271; MRR5: 0.03965
Recall10: 0.11577; MRR10: 0.04532
Recall20: 0.17470; MRR20: 0.04935
No improvement in Recall@10. Patience counter: 7/10
--------------------
Epoch 56/200
--------------------
Loss: 6.416872978210449
Recall3: 0.05069; MRR3: 0.03393
Recall5: 0.07333; MRR5: 0.03903
Recall10: 0.11670; MRR10: 0.04474
Recall20: 0.17335; MRR20: 0.04861
No improvement in Recall@10. Patience counter: 8/10
--------------------
Epoch 57/200
--------------------
Loss: 5.9092116355896
Recall3: 0.05112; MRR3: 0.03496
Recall5: 0.07363; MRR5: 0.04006
Recall10: 0.11596; MRR10: 0.04559
Recall20: 0.17280; MRR20: 0.04949
No improvement in Recall@10. Patience counter: 9/10
--------------------
Epoch 58/200
--------------------
Loss: 7.902915954589844
Recall3: 0.05173; MRR3: 0.03482
Recall5: 0.07271; MRR5: 0.03959
Recall10: 0.11618; MRR10: 0.04531
Recall20: 0.17560; MRR20: 0.04940
No improvement in Recall@10. Patience counter: 10/10
Early stopping triggered. Best Recall@10: 0.11874
****************************************

Loading fine-tuning set data......
Users_a end at 94601
Loading fine-tuning set data......
Users_a end at 10484
Loading fine-tuning set data......
Users_a end at 10484
--------------------
Epoch 1/200
--------------------
Loss: 6.108625411987305 Loss_diff 0.7344025373458862
Recall3_b: 0.05034; Mrr3: 0.03421
Recall5_b: 0.07180; Mrr5: 0.03907
Recall10_b: 0.11347; Mrr10: 0.04460
Recall20_b: 0.16963; Mrr20: 0.04846
New best Recall@10: 0.11347 at Epoch 1
--------------------
Epoch 2/200
--------------------
Loss: 6.842128276824951 Loss_diff 0.7296902537345886
Recall3_b: 0.05191; Mrr3: 0.03503
Recall5_b: 0.07272; Mrr5: 0.03975
Recall10_b: 0.11466; Mrr10: 0.04527
Recall20_b: 0.17051; Mrr20: 0.04911
New best Recall@10: 0.11466 at Epoch 2
--------------------
Epoch 3/200
--------------------
Loss: 6.07049560546875 Loss_diff 0.7252556085586548
Recall3_b: 0.05134; Mrr3: 0.03419
Recall5_b: 0.07260; Mrr5: 0.03901
Recall10_b: 0.11350; Mrr10: 0.04434
Recall20_b: 0.16968; Mrr20: 0.04821
No improvement in Recall@10. Patience counter: 1/10
--------------------
Epoch 4/200
--------------------
Loss: 6.043360233306885 Loss_diff 0.7206041812896729
Recall3_b: 0.05265; Mrr3: 0.03479
Recall5_b: 0.07421; Mrr5: 0.03970
Recall10_b: 0.11303; Mrr10: 0.04482
Recall20_b: 0.17043; Mrr20: 0.04876
No improvement in Recall@10. Patience counter: 2/10
--------------------
Epoch 5/200
--------------------
Loss: 5.988771915435791 Loss_diff 0.7163569331169128
Recall3_b: 0.05253; Mrr3: 0.03521
Recall5_b: 0.07447; Mrr5: 0.04015
Recall10_b: 0.11574; Mrr10: 0.04548
Recall20_b: 0.17289; Mrr20: 0.04939
New best Recall@10: 0.11574 at Epoch 5
--------------------
Epoch 6/200
--------------------
Loss: 6.121030330657959 Loss_diff 0.7119953036308289
Recall3_b: 0.05148; Mrr3: 0.03403
Recall5_b: 0.07409; Mrr5: 0.03916
Recall10_b: 0.11702; Mrr10: 0.04464
Recall20_b: 0.17122; Mrr20: 0.04834
New best Recall@10: 0.11702 at Epoch 6
--------------------
Epoch 7/200
--------------------
Loss: 6.702506065368652 Loss_diff 0.707390546798706
Recall3_b: 0.05234; Mrr3: 0.03517
Recall5_b: 0.07476; Mrr5: 0.04025
Recall10_b: 0.11529; Mrr10: 0.04554
Recall20_b: 0.17177; Mrr20: 0.04943
No improvement in Recall@10. Patience counter: 1/10
--------------------
Epoch 8/200
--------------------
Loss: 5.632009983062744 Loss_diff 0.7030608654022217
Recall3_b: 0.05371; Mrr3: 0.03613
Recall5_b: 0.07460; Mrr5: 0.04088
Recall10_b: 0.11722; Mrr10: 0.04642
Recall20_b: 0.17380; Mrr20: 0.05032
New best Recall@10: 0.11722 at Epoch 8
--------------------
Epoch 9/200
--------------------
Loss: 5.833626747131348 Loss_diff 0.6986731290817261
Recall3_b: 0.05236; Mrr3: 0.03634
Recall5_b: 0.07439; Mrr5: 0.04129
Recall10_b: 0.11655; Mrr10: 0.04681
Recall20_b: 0.17283; Mrr20: 0.05072
No improvement in Recall@10. Patience counter: 1/10
--------------------
Epoch 10/200
--------------------
Loss: 5.863546371459961 Loss_diff 0.69456946849823
Recall3_b: 0.05083; Mrr3: 0.03446
Recall5_b: 0.07237; Mrr5: 0.03933
Recall10_b: 0.11825; Mrr10: 0.04534
Recall20_b: 0.17389; Mrr20: 0.04913
New best Recall@10: 0.11825 at Epoch 10
--------------------
Epoch 11/200
--------------------
Loss: 5.966306686401367 Loss_diff 0.6904380321502686
Recall3_b: 0.05199; Mrr3: 0.03492
Recall5_b: 0.07447; Mrr5: 0.03994
Recall10_b: 0.11695; Mrr10: 0.04549
Recall20_b: 0.17249; Mrr20: 0.04932
No improvement in Recall@10. Patience counter: 1/10
--------------------
Epoch 12/200
--------------------
Loss: 6.210999011993408 Loss_diff 0.6864187717437744
Recall3_b: 0.05243; Mrr3: 0.03516
Recall5_b: 0.07466; Mrr5: 0.04017
Recall10_b: 0.11738; Mrr10: 0.04569
Recall20_b: 0.16972; Mrr20: 0.04930
No improvement in Recall@10. Patience counter: 2/10
--------------------
Epoch 13/200
--------------------
Loss: 6.399763584136963 Loss_diff 0.6823643445968628
Recall3_b: 0.05269; Mrr3: 0.03568
Recall5_b: 0.07358; Mrr5: 0.04040
Recall10_b: 0.11828; Mrr10: 0.04621
Recall20_b: 0.17361; Mrr20: 0.05001
New best Recall@10: 0.11828 at Epoch 13
--------------------
Epoch 14/200
--------------------
Loss: 5.608895778656006 Loss_diff 0.6781952977180481
Recall3_b: 0.05276; Mrr3: 0.03543
Recall5_b: 0.07336; Mrr5: 0.04004
Recall10_b: 0.11951; Mrr10: 0.04603
Recall20_b: 0.17359; Mrr20: 0.04970
New best Recall@10: 0.11951 at Epoch 14
--------------------
Epoch 15/200
--------------------
Loss: 5.9379801750183105 Loss_diff 0.6744417548179626
Recall3_b: 0.05067; Mrr3: 0.03447
Recall5_b: 0.07299; Mrr5: 0.03951
Recall10_b: 0.11718; Mrr10: 0.04526
Recall20_b: 0.17129; Mrr20: 0.04902
No improvement in Recall@10. Patience counter: 1/10
--------------------
Epoch 16/200
--------------------
Loss: 6.6572980880737305 Loss_diff 0.6702499389648438
Recall3_b: 0.05146; Mrr3: 0.03457
Recall5_b: 0.07319; Mrr5: 0.03951
Recall10_b: 0.11752; Mrr10: 0.04525
Recall20_b: 0.17173; Mrr20: 0.04898
No improvement in Recall@10. Patience counter: 2/10
--------------------
Epoch 17/200
--------------------
Loss: 5.901729583740234 Loss_diff 0.6666203141212463
Recall3_b: 0.05310; Mrr3: 0.03613
Recall5_b: 0.07427; Mrr5: 0.04090
Recall10_b: 0.11696; Mrr10: 0.04643
Recall20_b: 0.17429; Mrr20: 0.05039
No improvement in Recall@10. Patience counter: 3/10
--------------------
Epoch 18/200
--------------------
Loss: 6.263381481170654 Loss_diff 0.6624280214309692
Recall3_b: 0.05343; Mrr3: 0.03575
Recall5_b: 0.07498; Mrr5: 0.04059
Recall10_b: 0.11721; Mrr10: 0.04608
Recall20_b: 0.17385; Mrr20: 0.04998
No improvement in Recall@10. Patience counter: 4/10
--------------------
Epoch 19/200
--------------------
Loss: 6.034600257873535 Loss_diff 0.6586651802062988
Recall3_b: 0.05350; Mrr3: 0.03613
Recall5_b: 0.07459; Mrr5: 0.04089
Recall10_b: 0.11757; Mrr10: 0.04653
Recall20_b: 0.17186; Mrr20: 0.05032
No improvement in Recall@10. Patience counter: 5/10
--------------------
Epoch 20/200
--------------------
Loss: 6.487390041351318 Loss_diff 0.6549623608589172
Recall3_b: 0.05248; Mrr3: 0.03521
Recall5_b: 0.07311; Mrr5: 0.03983
Recall10_b: 0.11561; Mrr10: 0.04541
Recall20_b: 0.17134; Mrr20: 0.04921
No improvement in Recall@10. Patience counter: 6/10
--------------------
Epoch 21/200
--------------------
Loss: 6.578434467315674 Loss_diff 0.6512340903282166
Recall3_b: 0.05265; Mrr3: 0.03606
Recall5_b: 0.07410; Mrr5: 0.04088
Recall10_b: 0.11530; Mrr10: 0.04626
Recall20_b: 0.17215; Mrr20: 0.05021
No improvement in Recall@10. Patience counter: 7/10
--------------------
Epoch 22/200
--------------------
Loss: 5.318587303161621 Loss_diff 0.6472208499908447
Recall3_b: 0.05382; Mrr3: 0.03526
Recall5_b: 0.07328; Mrr5: 0.03961
Recall10_b: 0.11551; Mrr10: 0.04514
Recall20_b: 0.17322; Mrr20: 0.04909
No improvement in Recall@10. Patience counter: 8/10
--------------------
Epoch 23/200
--------------------
Loss: 5.701322555541992 Loss_diff 0.643714427947998
Recall3_b: 0.05218; Mrr3: 0.03503
Recall5_b: 0.07414; Mrr5: 0.03998
Recall10_b: 0.11724; Mrr10: 0.04554
Recall20_b: 0.17302; Mrr20: 0.04937
No improvement in Recall@10. Patience counter: 9/10
--------------------
Epoch 24/200
--------------------
Loss: 5.490034580230713 Loss_diff 0.6400427222251892
Recall3_b: 0.05205; Mrr3: 0.03514
Recall5_b: 0.07141; Mrr5: 0.03954
Recall10_b: 0.11728; Mrr10: 0.04546
Recall20_b: 0.17450; Mrr20: 0.04940
No improvement in Recall@10. Patience counter: 10/10
Early stopping triggered. Best Recall@10: 0.11951 at Epoch 14
已完成训练，测试结果：
=== Evaluation Metrics ===
Recall @3 @5 @10 @20:
0.0415
0.0618
0.0945
0.1412
NDCG @3 @5 @10 @20:
0.0308
0.0391
0.0496
0.0613
MRR @3 @5 @10 @20:
0.0271
0.0317
0.0360
0.0391
Total time cost: 3124.28 seconds.
