=== model training parameter configuration ===
device              : cpu
seed                : 608
dataset             : AM-MB
A_domain            : Amazon-KG-5core-Books
B_domain            : Amazon-KG-5core-Movies_and_TV
epoch               : 200
batch_size          : 128
patience            : 10
hidden_units        : 100
maxlen              : 15
min_len             : 0
A_size              : 8318
B_size              : 4779
all_size            : 13097
lr                  : 0.0001
lr_decline          : False
dropout_rate        : 0.45
Lambda              : 0.002
n_heads             : 1
n_layers            : 1
d_k                 : 100
d_v                 : 100
d_ff                : 2048
Strategy            : default
pretrained_embedding_path: pretrain/transE/
prompt_num_S        : 2
prompt_num          : 2
prompt_agg          : mean_noise
prompt_agg_use_all  : False
use_KG              : True
use_shared          : True
use_spec            : True
use_disen           : True
disen_way           : info
freeze_shared_prompt: True
freeze_model        : False
=========================
Loading pre-training set data......
Users_a end at 94601
Users_b start at 84118
Loading pre-training set data......
Users_a end at 10484
Users_b start at 10485
========prompt_agg_use_all=False========
[KG] common.rel: 7 relations, specific.rel: 32 relations
--------------------
Epoch 1/200
--------------------
Loss: 8.76200008392334
Recall3: 0.00892; MRR3: 0.00559
Recall5: 0.01255; MRR5: 0.00645
Recall10: 0.01901; MRR10: 0.00728
Recall20: 0.03279; MRR20: 0.00822
New best Recall@10: 0.01901, model updated.
--------------------
Epoch 2/200
--------------------
Loss: 8.919127464294434
Recall3: 0.00781; MRR3: 0.00527
Recall5: 0.01077; MRR5: 0.00600
Recall10: 0.01907; MRR10: 0.00709
Recall20: 0.03310; MRR20: 0.00808
New best Recall@10: 0.01907, model updated.
--------------------
Epoch 3/200
--------------------
Loss: 8.318811416625977
Recall3: 0.00984; MRR3: 0.00610
Recall5: 0.01550; MRR5: 0.00738
Recall10: 0.02356; MRR10: 0.00844
Recall20: 0.03832; MRR20: 0.00943
New best Recall@10: 0.02356, model updated.
--------------------
Epoch 4/200
--------------------
Loss: 8.045815467834473
Recall3: 0.01341; MRR3: 0.00775
Recall5: 0.01895; MRR5: 0.00902
Recall10: 0.02953; MRR10: 0.01038
Recall20: 0.04977; MRR20: 0.01174
New best Recall@10: 0.02953, model updated.
--------------------
Epoch 5/200
--------------------
Loss: 7.7842888832092285
Recall3: 0.01433; MRR3: 0.00931
Recall5: 0.02079; MRR5: 0.01077
Recall10: 0.03467; MRR10: 0.01256
Recall20: 0.06051; MRR20: 0.01430
New best Recall@10: 0.03467, model updated.
--------------------
Epoch 6/200
--------------------
Loss: 8.269356727600098
Recall3: 0.01538; MRR3: 0.01026
Recall5: 0.02344; MRR5: 0.01206
Recall10: 0.03771; MRR10: 0.01392
Recall20: 0.06576; MRR20: 0.01579
New best Recall@10: 0.03771, model updated.
--------------------
Epoch 7/200
--------------------
Loss: 8.326022148132324
Recall3: 0.01815; MRR3: 0.01149
Recall5: 0.02688; MRR5: 0.01347
Recall10: 0.04374; MRR10: 0.01568
Recall20: 0.07422; MRR20: 0.01774
New best Recall@10: 0.04374, model updated.
--------------------
Epoch 8/200
--------------------
Loss: 7.970307350158691
Recall3: 0.02288; MRR3: 0.01438
Recall5: 0.03504; MRR5: 0.01720
Recall10: 0.05417; MRR10: 0.01966
Recall20: 0.08474; MRR20: 0.02173
New best Recall@10: 0.05417, model updated.
--------------------
Epoch 9/200
--------------------
Loss: 7.862276554107666
Recall3: 0.02534; MRR3: 0.01661
Recall5: 0.03746; MRR5: 0.01932
Recall10: 0.05672; MRR10: 0.02185
Recall20: 0.09104; MRR20: 0.02417
New best Recall@10: 0.05672, model updated.
--------------------
Epoch 10/200
--------------------
Loss: 7.905268669128418
Recall3: 0.02645; MRR3: 0.01730
Recall5: 0.04011; MRR5: 0.02041
Recall10: 0.06072; MRR10: 0.02308
Recall20: 0.09941; MRR20: 0.02571
New best Recall@10: 0.06072, model updated.
--------------------
Epoch 11/200
--------------------
Loss: 7.730686187744141
Recall3: 0.02701; MRR3: 0.01810
Recall5: 0.03943; MRR5: 0.02093
Recall10: 0.06527; MRR10: 0.02435
Recall20: 0.10495; MRR20: 0.02705
New best Recall@10: 0.06527, model updated.
--------------------
Epoch 12/200
--------------------
Loss: 7.836220741271973
Recall3: 0.02854; MRR3: 0.01860
Recall5: 0.04353; MRR5: 0.02192
Recall10: 0.07010; MRR10: 0.02540
Recall20: 0.11468; MRR20: 0.02843
New best Recall@10: 0.07010, model updated.
--------------------
Epoch 13/200
--------------------
Loss: 7.718985080718994
Recall3: 0.02959; MRR3: 0.01915
Recall5: 0.04448; MRR5: 0.02256
Recall10: 0.07240; MRR10: 0.02621
Recall20: 0.11606; MRR20: 0.02917
New best Recall@10: 0.07240, model updated.
--------------------
Epoch 14/200
--------------------
Loss: 8.078818321228027
Recall3: 0.03174; MRR3: 0.02059
Recall5: 0.04534; MRR5: 0.02369
Recall10: 0.07523; MRR10: 0.02761
Recall20: 0.12020; MRR20: 0.03063
New best Recall@10: 0.07523, model updated.
--------------------
Epoch 15/200
--------------------
Loss: 8.685415267944336
Recall3: 0.03100; MRR3: 0.02080
Recall5: 0.04608; MRR5: 0.02421
Recall10: 0.07566; MRR10: 0.02810
Recall20: 0.11836; MRR20: 0.03104
New best Recall@10: 0.07566, model updated.
--------------------
Epoch 16/200
--------------------
Loss: 7.726832866668701
Recall3: 0.03297; MRR3: 0.02185
Recall5: 0.04823; MRR5: 0.02533
Recall10: 0.08396; MRR10: 0.02999
Recall20: 0.13111; MRR20: 0.03323
New best Recall@10: 0.08396, model updated.
--------------------
Epoch 17/200
--------------------
Loss: 7.2369256019592285
Recall3: 0.03639; MRR3: 0.02430
Recall5: 0.05116; MRR5: 0.02762
Recall10: 0.08210; MRR10: 0.03171
Recall20: 0.12756; MRR20: 0.03482
No improvement in Recall@10. Patience counter: 1/10
--------------------
Epoch 18/200
--------------------
Loss: 7.491143226623535
Recall3: 0.03537; MRR3: 0.02450
Recall5: 0.05149; MRR5: 0.02817
Recall10: 0.08409; MRR10: 0.03243
Recall20: 0.13097; MRR20: 0.03563
New best Recall@10: 0.08409, model updated.
--------------------
Epoch 19/200
--------------------
Loss: 7.512326717376709
Recall3: 0.03746; MRR3: 0.02528
Recall5: 0.05420; MRR5: 0.02908
Recall10: 0.08575; MRR10: 0.03318
Recall20: 0.13355; MRR20: 0.03648
New best Recall@10: 0.08575, model updated.
--------------------
Epoch 20/200
--------------------
Loss: 7.337006092071533
Recall3: 0.03949; MRR3: 0.02682
Recall5: 0.05456; MRR5: 0.03020
Recall10: 0.08895; MRR10: 0.03467
Recall20: 0.13853; MRR20: 0.03807
New best Recall@10: 0.08895, model updated.
--------------------
Epoch 21/200
--------------------
Loss: 6.911625862121582
Recall3: 0.03980; MRR3: 0.02693
Recall5: 0.05641; MRR5: 0.03073
Recall10: 0.09074; MRR10: 0.03526
Recall20: 0.14026; MRR20: 0.03863
New best Recall@10: 0.09074, model updated.
--------------------
Epoch 22/200
--------------------
Loss: 8.15527629852295
Recall3: 0.04115; MRR3: 0.02724
Recall5: 0.05985; MRR5: 0.03152
Recall10: 0.09363; MRR10: 0.03592
Recall20: 0.14438; MRR20: 0.03941
New best Recall@10: 0.09363, model updated.
--------------------
Epoch 23/200
--------------------
Loss: 7.252718448638916
Recall3: 0.04470; MRR3: 0.02944
Recall5: 0.06063; MRR5: 0.03304
Recall10: 0.09785; MRR10: 0.03787
Recall20: 0.14891; MRR20: 0.04137
New best Recall@10: 0.09785, model updated.
--------------------
Epoch 24/200
--------------------
Loss: 8.04140853881836
Recall3: 0.04408; MRR3: 0.02979
Recall5: 0.06399; MRR5: 0.03429
Recall10: 0.09893; MRR10: 0.03878
Recall20: 0.15571; MRR20: 0.04267
New best Recall@10: 0.09893, model updated.
--------------------
Epoch 25/200
--------------------
Loss: 7.089842319488525
Recall3: 0.04325; MRR3: 0.02837
Recall5: 0.06244; MRR5: 0.03270
Recall10: 0.10166; MRR10: 0.03777
Recall20: 0.15536; MRR20: 0.04144
New best Recall@10: 0.10166, model updated.
--------------------
Epoch 26/200
--------------------
Loss: 7.025997638702393
Recall3: 0.04454; MRR3: 0.02955
Recall5: 0.06250; MRR5: 0.03360
Recall10: 0.10107; MRR10: 0.03868
Recall20: 0.15629; MRR20: 0.04246
No improvement in Recall@10. Patience counter: 1/10
--------------------
Epoch 27/200
--------------------
Loss: 7.686249732971191
Recall3: 0.04251; MRR3: 0.02822
Recall5: 0.06195; MRR5: 0.03261
Recall10: 0.10076; MRR10: 0.03773
Recall20: 0.15819; MRR20: 0.04167
No improvement in Recall@10. Patience counter: 2/10
--------------------
Epoch 28/200
--------------------
Loss: 6.398590087890625
Recall3: 0.04368; MRR3: 0.02876
Recall5: 0.06324; MRR5: 0.03317
Recall10: 0.10388; MRR10: 0.03849
Recall20: 0.15989; MRR20: 0.04230
New best Recall@10: 0.10388, model updated.
--------------------
Epoch 29/200
--------------------
Loss: 7.409870147705078
Recall3: 0.04722; MRR3: 0.03140
Recall5: 0.06678; MRR5: 0.03587
Recall10: 0.10597; MRR10: 0.04102
Recall20: 0.16373; MRR20: 0.04501
New best Recall@10: 0.10597, model updated.
--------------------
Epoch 30/200
--------------------
Loss: 5.617001533508301
Recall3: 0.04503; MRR3: 0.02924
Recall5: 0.06521; MRR5: 0.03381
Recall10: 0.10531; MRR10: 0.03907
Recall20: 0.16191; MRR20: 0.04295
No improvement in Recall@10. Patience counter: 1/10
--------------------
Epoch 31/200
--------------------
Loss: 7.07338285446167
Recall3: 0.04521; MRR3: 0.02966
Recall5: 0.06570; MRR5: 0.03427
Recall10: 0.10849; MRR10: 0.03988
Recall20: 0.16582; MRR20: 0.04382
New best Recall@10: 0.10849, model updated.
--------------------
Epoch 32/200
--------------------
Loss: 7.095028400421143
Recall3: 0.04423; MRR3: 0.02917
Recall5: 0.06502; MRR5: 0.03392
Recall10: 0.10624; MRR10: 0.03938
Recall20: 0.16265; MRR20: 0.04327
No improvement in Recall@10. Patience counter: 1/10
--------------------
Epoch 33/200
--------------------
Loss: 6.603143215179443
Recall3: 0.04546; MRR3: 0.02976
Recall5: 0.06662; MRR5: 0.03458
Recall10: 0.10833; MRR10: 0.04009
Recall20: 0.16554; MRR20: 0.04402
No improvement in Recall@10. Patience counter: 2/10
--------------------
Epoch 34/200
--------------------
Loss: 7.0818047523498535
Recall3: 0.04552; MRR3: 0.02965
Recall5: 0.06797; MRR5: 0.03471
Recall10: 0.11024; MRR10: 0.04026
Recall20: 0.16748; MRR20: 0.04412
New best Recall@10: 0.11024, model updated.
--------------------
Epoch 35/200
--------------------
Loss: 7.4232611656188965
Recall3: 0.04540; MRR3: 0.03047
Recall5: 0.06930; MRR5: 0.03592
Recall10: 0.11101; MRR10: 0.04145
Recall20: 0.16791; MRR20: 0.04538
New best Recall@10: 0.11101, model updated.
--------------------
Epoch 36/200
--------------------
Loss: 6.964358806610107
Recall3: 0.04546; MRR3: 0.03003
Recall5: 0.06791; MRR5: 0.03513
Recall10: 0.10821; MRR10: 0.04047
Recall20: 0.16683; MRR20: 0.04449
No improvement in Recall@10. Patience counter: 1/10
--------------------
Epoch 37/200
--------------------
Loss: 7.37705659866333
Recall3: 0.04638; MRR3: 0.03081
Recall5: 0.06841; MRR5: 0.03578
Recall10: 0.11104; MRR10: 0.04135
Recall20: 0.16800; MRR20: 0.04527
New best Recall@10: 0.11104, model updated.
--------------------
Epoch 38/200
--------------------
Loss: 6.662258625030518
Recall3: 0.04577; MRR3: 0.03056
Recall5: 0.06961; MRR5: 0.03592
Recall10: 0.11033; MRR10: 0.04132
Recall20: 0.17019; MRR20: 0.04548
No improvement in Recall@10. Patience counter: 1/10
--------------------
Epoch 39/200
--------------------
Loss: 5.964461326599121
Recall3: 0.04847; MRR3: 0.03195
Recall5: 0.07068; MRR5: 0.03696
Recall10: 0.11091; MRR10: 0.04226
Recall20: 0.17293; MRR20: 0.04656
No improvement in Recall@10. Patience counter: 2/10
--------------------
Epoch 40/200
--------------------
Loss: 6.730895519256592
Recall3: 0.04866; MRR3: 0.03169
Recall5: 0.07099; MRR5: 0.03674
Recall10: 0.11378; MRR10: 0.04237
Recall20: 0.17173; MRR20: 0.04632
New best Recall@10: 0.11378, model updated.
--------------------
Epoch 41/200
--------------------
Loss: 6.447823524475098
Recall3: 0.05060; MRR3: 0.03283
Recall5: 0.07318; MRR5: 0.03795
Recall10: 0.11572; MRR10: 0.04362
Recall20: 0.17664; MRR20: 0.04777
New best Recall@10: 0.11572, model updated.
--------------------
Epoch 42/200
--------------------
Loss: 6.85219144821167
Recall3: 0.04835; MRR3: 0.03182
Recall5: 0.07136; MRR5: 0.03706
Recall10: 0.11526; MRR10: 0.04290
Recall20: 0.17228; MRR20: 0.04680
No improvement in Recall@10. Patience counter: 1/10
--------------------
Epoch 43/200
--------------------
Loss: 7.486367702484131
Recall3: 0.04891; MRR3: 0.03234
Recall5: 0.07019; MRR5: 0.03714
Recall10: 0.11239; MRR10: 0.04274
Recall20: 0.17095; MRR20: 0.04672
No improvement in Recall@10. Patience counter: 2/10
--------------------
Epoch 44/200
--------------------
Loss: 7.153156757354736
Recall3: 0.04847; MRR3: 0.03190
Recall5: 0.07050; MRR5: 0.03688
Recall10: 0.11251; MRR10: 0.04241
Recall20: 0.17298; MRR20: 0.04656
No improvement in Recall@10. Patience counter: 3/10
--------------------
Epoch 45/200
--------------------
Loss: 6.051734924316406
Recall3: 0.04767; MRR3: 0.03159
Recall5: 0.07031; MRR5: 0.03675
Recall10: 0.11257; MRR10: 0.04222
Recall20: 0.17163; MRR20: 0.04625
No improvement in Recall@10. Patience counter: 4/10
--------------------
Epoch 46/200
--------------------
Loss: 6.45392370223999
Recall3: 0.04891; MRR3: 0.03234
Recall5: 0.07183; MRR5: 0.03747
Recall10: 0.11433; MRR10: 0.04308
Recall20: 0.17431; MRR20: 0.04719
No improvement in Recall@10. Patience counter: 5/10
--------------------
Epoch 47/200
--------------------
Loss: 7.005049705505371
Recall3: 0.04977; MRR3: 0.03227
Recall5: 0.06970; MRR5: 0.03674
Recall10: 0.11282; MRR10: 0.04233
Recall20: 0.17181; MRR20: 0.04640
No improvement in Recall@10. Patience counter: 6/10
--------------------
Epoch 48/200
--------------------
Loss: 6.2448272705078125
Recall3: 0.04970; MRR3: 0.03268
Recall5: 0.07183; MRR5: 0.03777
Recall10: 0.11532; MRR10: 0.04346
Recall20: 0.17308; MRR20: 0.04744
No improvement in Recall@10. Patience counter: 7/10
--------------------
Epoch 49/200
--------------------
Loss: 7.856907844543457
Recall3: 0.04884; MRR3: 0.03201
Recall5: 0.07173; MRR5: 0.03720
Recall10: 0.11288; MRR10: 0.04257
Recall20: 0.17261; MRR20: 0.04672
No improvement in Recall@10. Patience counter: 8/10
--------------------
Epoch 50/200
--------------------
Loss: 7.288455486297607
Recall3: 0.04903; MRR3: 0.03258
Recall5: 0.07087; MRR5: 0.03761
Recall10: 0.11577; MRR10: 0.04348
Recall20: 0.17406; MRR20: 0.04747
New best Recall@10: 0.11577, model updated.
--------------------
Epoch 51/200
--------------------
Loss: 6.5095343589782715
Recall3: 0.04927; MRR3: 0.03266
Recall5: 0.07355; MRR5: 0.03814
Recall10: 0.11593; MRR10: 0.04366
Recall20: 0.17450; MRR20: 0.04770
New best Recall@10: 0.11593, model updated.
--------------------
Epoch 52/200
--------------------
Loss: 6.877493858337402
Recall3: 0.04835; MRR3: 0.03198
Recall5: 0.07093; MRR5: 0.03708
Recall10: 0.11577; MRR10: 0.04292
Recall20: 0.17317; MRR20: 0.04685
No improvement in Recall@10. Patience counter: 1/10
--------------------
Epoch 53/200
--------------------
Loss: 7.604586601257324
Recall3: 0.04927; MRR3: 0.03259
Recall5: 0.07062; MRR5: 0.03743
Recall10: 0.11510; MRR10: 0.04322
Recall20: 0.17064; MRR20: 0.04707
No improvement in Recall@10. Patience counter: 2/10
--------------------
Epoch 54/200
--------------------
Loss: 6.641319274902344
Recall3: 0.04999; MRR3: 0.03278
Recall5: 0.07312; MRR5: 0.03804
Recall10: 0.11624; MRR10: 0.04362
Recall20: 0.17447; MRR20: 0.04768
New best Recall@10: 0.11624, model updated.
--------------------
Epoch 55/200
--------------------
Loss: 8.356101036071777
Recall3: 0.04798; MRR3: 0.03192
Recall5: 0.07167; MRR5: 0.03731
Recall10: 0.11442; MRR10: 0.04290
Recall20: 0.17040; MRR20: 0.04677
No improvement in Recall@10. Patience counter: 1/10
--------------------
Epoch 56/200
--------------------
Loss: 6.372264385223389
Recall3: 0.04884; MRR3: 0.03287
Recall5: 0.07074; MRR5: 0.03783
Recall10: 0.11436; MRR10: 0.04354
Recall20: 0.17009; MRR20: 0.04739
No improvement in Recall@10. Patience counter: 2/10
--------------------
Epoch 57/200
--------------------
Loss: 5.976868629455566
Recall3: 0.04835; MRR3: 0.03222
Recall5: 0.07068; MRR5: 0.03731
Recall10: 0.11399; MRR10: 0.04302
Recall20: 0.17071; MRR20: 0.04695
No improvement in Recall@10. Patience counter: 3/10
--------------------
Epoch 58/200
--------------------
Loss: 7.775262355804443
Recall3: 0.04872; MRR3: 0.03203
Recall5: 0.07197; MRR5: 0.03727
Recall10: 0.11526; MRR10: 0.04301
Recall20: 0.17271; MRR20: 0.04699
No improvement in Recall@10. Patience counter: 4/10
--------------------
Epoch 59/200
--------------------
Loss: 6.55172872543335
Recall3: 0.04946; MRR3: 0.03208
Recall5: 0.07093; MRR5: 0.03693
Recall10: 0.11606; MRR10: 0.04282
Recall20: 0.17179; MRR20: 0.04671
No improvement in Recall@10. Patience counter: 5/10
--------------------
Epoch 60/200
--------------------
Loss: 6.393701076507568
Recall3: 0.04749; MRR3: 0.03171
Recall5: 0.07080; MRR5: 0.03697
Recall10: 0.11399; MRR10: 0.04270
Recall20: 0.17034; MRR20: 0.04659
No improvement in Recall@10. Patience counter: 6/10
--------------------
Epoch 61/200
--------------------
Loss: 6.701041221618652
Recall3: 0.04909; MRR3: 0.03242
Recall5: 0.07019; MRR5: 0.03718
Recall10: 0.11503; MRR10: 0.04306
Recall20: 0.17114; MRR20: 0.04692
No improvement in Recall@10. Patience counter: 7/10
--------------------
Epoch 62/200
--------------------
Loss: 7.3531341552734375
Recall3: 0.04860; MRR3: 0.03228
Recall5: 0.07093; MRR5: 0.03735
Recall10: 0.11430; MRR10: 0.04303
Recall20: 0.17003; MRR20: 0.04686
No improvement in Recall@10. Patience counter: 8/10
--------------------
Epoch 63/200
--------------------
Loss: 6.737153053283691
Recall3: 0.04891; MRR3: 0.03230
Recall5: 0.06939; MRR5: 0.03694
Recall10: 0.11300; MRR10: 0.04264
Recall20: 0.17034; MRR20: 0.04660
No improvement in Recall@10. Patience counter: 9/10
--------------------
Epoch 64/200
--------------------
Loss: 7.225614070892334
Recall3: 0.04792; MRR3: 0.03193
Recall5: 0.06847; MRR5: 0.03661
Recall10: 0.11532; MRR10: 0.04279
Recall20: 0.17117; MRR20: 0.04664
No improvement in Recall@10. Patience counter: 10/10
Early stopping triggered. Best Recall@10: 0.11624
****************************************

Loading fine-tuning set data......
Users_a end at 94601
Loading fine-tuning set data......
Users_a end at 10484
Loading fine-tuning set data......
Users_a end at 10484
--------------------
Epoch 1/200
--------------------
Loss: 6.749241828918457 Loss_diff 0.7343639731407166
Recall3_b: 0.04682; Mrr3: 0.03106
Recall5_b: 0.06914; Mrr5: 0.03613
Recall10_b: 0.10960; Mrr10: 0.04143
Recall20_b: 0.16531; Mrr20: 0.04524
New best Recall@10: 0.10960 at Epoch 1
--------------------
Epoch 2/200
--------------------
Loss: 5.6260833740234375 Loss_diff 0.7292339205741882
Recall3_b: 0.04852; Mrr3: 0.03238
Recall5_b: 0.06848; Mrr5: 0.03690
Recall10_b: 0.11012; Mrr10: 0.04231
Recall20_b: 0.16632; Mrr20: 0.04619
New best Recall@10: 0.11012 at Epoch 2
--------------------
Epoch 3/200
--------------------
Loss: 6.363617420196533 Loss_diff 0.7245171666145325
Recall3_b: 0.04842; Mrr3: 0.03161
Recall5_b: 0.06855; Mrr5: 0.03617
Recall10_b: 0.11026; Mrr10: 0.04165
Recall20_b: 0.16675; Mrr20: 0.04558
New best Recall@10: 0.11026 at Epoch 3
--------------------
Epoch 4/200
--------------------
Loss: 5.849222660064697 Loss_diff 0.7193150520324707
Recall3_b: 0.04851; Mrr3: 0.03330
Recall5_b: 0.07082; Mrr5: 0.03833
Recall10_b: 0.11151; Mrr10: 0.04365
Recall20_b: 0.16919; Mrr20: 0.04758
New best Recall@10: 0.11151 at Epoch 4
--------------------
Epoch 5/200
--------------------
Loss: 6.456319332122803 Loss_diff 0.71505206823349
Recall3_b: 0.05052; Mrr3: 0.03337
Recall5_b: 0.07056; Mrr5: 0.03792
Recall10_b: 0.11093; Mrr10: 0.04319
Recall20_b: 0.16825; Mrr20: 0.04707
No improvement in Recall@10. Patience counter: 1/10
--------------------
Epoch 6/200
--------------------
Loss: 6.5497260093688965 Loss_diff 0.7104415893554688
Recall3_b: 0.05024; Mrr3: 0.03308
Recall5_b: 0.07067; Mrr5: 0.03773
Recall10_b: 0.11113; Mrr10: 0.04304
Recall20_b: 0.16776; Mrr20: 0.04689
No improvement in Recall@10. Patience counter: 2/10
--------------------
Epoch 7/200
--------------------
Loss: 6.260699272155762 Loss_diff 0.7062488794326782
Recall3_b: 0.05007; Mrr3: 0.03325
Recall5_b: 0.07180; Mrr5: 0.03817
Recall10_b: 0.11130; Mrr10: 0.04329
Recall20_b: 0.17064; Mrr20: 0.04735
No improvement in Recall@10. Patience counter: 3/10
--------------------
Epoch 8/200
--------------------
Loss: 5.713078498840332 Loss_diff 0.7021004557609558
Recall3_b: 0.05123; Mrr3: 0.03421
Recall5_b: 0.07212; Mrr5: 0.03896
Recall10_b: 0.11303; Mrr10: 0.04425
Recall20_b: 0.16959; Mrr20: 0.04809
New best Recall@10: 0.11303 at Epoch 8
--------------------
Epoch 9/200
--------------------
Loss: 6.597541809082031 Loss_diff 0.6974585056304932
Recall3_b: 0.05103; Mrr3: 0.03351
Recall5_b: 0.07028; Mrr5: 0.03791
Recall10_b: 0.11149; Mrr10: 0.04331
Recall20_b: 0.16711; Mrr20: 0.04709
No improvement in Recall@10. Patience counter: 1/10
--------------------
Epoch 10/200
--------------------
Loss: 6.104244232177734 Loss_diff 0.6935490965843201
Recall3_b: 0.05033; Mrr3: 0.03390
Recall5_b: 0.07263; Mrr5: 0.03896
Recall10_b: 0.11304; Mrr10: 0.04418
Recall20_b: 0.17092; Mrr20: 0.04814
New best Recall@10: 0.11304 at Epoch 10
--------------------
Epoch 11/200
--------------------
Loss: 5.853650093078613 Loss_diff 0.6893136501312256
Recall3_b: 0.05152; Mrr3: 0.03435
Recall5_b: 0.07087; Mrr5: 0.03874
Recall10_b: 0.11272; Mrr10: 0.04424
Recall20_b: 0.16906; Mrr20: 0.04810
No improvement in Recall@10. Patience counter: 1/10
--------------------
Epoch 12/200
--------------------
Loss: 5.9455413818359375 Loss_diff 0.6848989725112915
Recall3_b: 0.05094; Mrr3: 0.03422
Recall5_b: 0.07192; Mrr5: 0.03898
Recall10_b: 0.11311; Mrr10: 0.04433
Recall20_b: 0.16984; Mrr20: 0.04816
New best Recall@10: 0.11311 at Epoch 12
--------------------
Epoch 13/200
--------------------
Loss: 4.876708030700684 Loss_diff 0.6805732250213623
Recall3_b: 0.05097; Mrr3: 0.03409
Recall5_b: 0.07052; Mrr5: 0.03850
Recall10_b: 0.11278; Mrr10: 0.04409
Recall20_b: 0.17077; Mrr20: 0.04807
No improvement in Recall@10. Patience counter: 1/10
--------------------
Epoch 14/200
--------------------
Loss: 5.87933349609375 Loss_diff 0.6770714521408081
Recall3_b: 0.04986; Mrr3: 0.03364
Recall5_b: 0.07235; Mrr5: 0.03873
Recall10_b: 0.11316; Mrr10: 0.04411
Recall20_b: 0.17172; Mrr20: 0.04812
New best Recall@10: 0.11316 at Epoch 14
--------------------
Epoch 15/200
--------------------
Loss: 5.495935440063477 Loss_diff 0.6736146807670593
Recall3_b: 0.05054; Mrr3: 0.03422
Recall5_b: 0.07086; Mrr5: 0.03881
Recall10_b: 0.11285; Mrr10: 0.04434
Recall20_b: 0.16894; Mrr20: 0.04821
No improvement in Recall@10. Patience counter: 1/10
--------------------
Epoch 16/200
--------------------
Loss: 5.497658729553223 Loss_diff 0.6707344651222229
Recall3_b: 0.05050; Mrr3: 0.03448
Recall5_b: 0.06901; Mrr5: 0.03863
Recall10_b: 0.11107; Mrr10: 0.04414
Recall20_b: 0.16800; Mrr20: 0.04811
No improvement in Recall@10. Patience counter: 2/10
--------------------
Epoch 17/200
--------------------
Loss: 6.032345294952393 Loss_diff 0.6666860580444336
Recall3_b: 0.04927; Mrr3: 0.03369
Recall5_b: 0.07130; Mrr5: 0.03870
Recall10_b: 0.11125; Mrr10: 0.04397
Recall20_b: 0.17029; Mrr20: 0.04801
No improvement in Recall@10. Patience counter: 3/10
--------------------
Epoch 18/200
--------------------
Loss: 5.689554691314697 Loss_diff 0.6633128523826599
Recall3_b: 0.04966; Mrr3: 0.03389
Recall5_b: 0.07046; Mrr5: 0.03863
Recall10_b: 0.11328; Mrr10: 0.04417
Recall20_b: 0.16897; Mrr20: 0.04795
New best Recall@10: 0.11328 at Epoch 18
--------------------
Epoch 19/200
--------------------
Loss: 5.9876298904418945 Loss_diff 0.6596603989601135
Recall3_b: 0.05206; Mrr3: 0.03469
Recall5_b: 0.07008; Mrr5: 0.03874
Recall10_b: 0.11270; Mrr10: 0.04428
Recall20_b: 0.17059; Mrr20: 0.04823
No improvement in Recall@10. Patience counter: 1/10
--------------------
Epoch 20/200
--------------------
Loss: 5.9712653160095215 Loss_diff 0.656205952167511
Recall3_b: 0.05054; Mrr3: 0.03370
Recall5_b: 0.07028; Mrr5: 0.03818
Recall10_b: 0.11218; Mrr10: 0.04368
Recall20_b: 0.16905; Mrr20: 0.04759
No improvement in Recall@10. Patience counter: 2/10
--------------------
Epoch 21/200
--------------------
Loss: 5.095616340637207 Loss_diff 0.6530542373657227
Recall3_b: 0.05036; Mrr3: 0.03433
Recall5_b: 0.07077; Mrr5: 0.03901
Recall10_b: 0.11138; Mrr10: 0.04438
Recall20_b: 0.16955; Mrr20: 0.04839
No improvement in Recall@10. Patience counter: 3/10
--------------------
Epoch 22/200
--------------------
Loss: 6.4773125648498535 Loss_diff 0.6492438316345215
Recall3_b: 0.05044; Mrr3: 0.03420
Recall5_b: 0.07038; Mrr5: 0.03875
Recall10_b: 0.11359; Mrr10: 0.04440
Recall20_b: 0.17170; Mrr20: 0.04835
New best Recall@10: 0.11359 at Epoch 22
--------------------
Epoch 23/200
--------------------
Loss: 6.501336574554443 Loss_diff 0.6453753709793091
Recall3_b: 0.05173; Mrr3: 0.03496
Recall5_b: 0.07130; Mrr5: 0.03944
Recall10_b: 0.11156; Mrr10: 0.04461
Recall20_b: 0.16982; Mrr20: 0.04856
No improvement in Recall@10. Patience counter: 1/10
--------------------
Epoch 24/200
--------------------
Loss: 5.562071800231934 Loss_diff 0.6426666975021362
Recall3_b: 0.05111; Mrr3: 0.03426
Recall5_b: 0.07198; Mrr5: 0.03900
Recall10_b: 0.11314; Mrr10: 0.04426
Recall20_b: 0.16722; Mrr20: 0.04795
No improvement in Recall@10. Patience counter: 2/10
--------------------
Epoch 25/200
--------------------
Loss: 5.227911949157715 Loss_diff 0.639441967010498
Recall3_b: 0.05165; Mrr3: 0.03452
Recall5_b: 0.07214; Mrr5: 0.03920
Recall10_b: 0.11086; Mrr10: 0.04423
Recall20_b: 0.16817; Mrr20: 0.04816
No improvement in Recall@10. Patience counter: 3/10
--------------------
Epoch 26/200
--------------------
Loss: 5.848771095275879 Loss_diff 0.6368310451507568
Recall3_b: 0.04988; Mrr3: 0.03342
Recall5_b: 0.07125; Mrr5: 0.03831
Recall10_b: 0.11158; Mrr10: 0.04358
Recall20_b: 0.16888; Mrr20: 0.04747
No improvement in Recall@10. Patience counter: 4/10
--------------------
Epoch 27/200
--------------------
Loss: 5.152427673339844 Loss_diff 0.6336206197738647
Recall3_b: 0.05004; Mrr3: 0.03409
Recall5_b: 0.07027; Mrr5: 0.03873
Recall10_b: 0.11100; Mrr10: 0.04404
Recall20_b: 0.16700; Mrr20: 0.04788
No improvement in Recall@10. Patience counter: 5/10
--------------------
Epoch 28/200
--------------------
Loss: 5.470055103302002 Loss_diff 0.6314995288848877
Recall3_b: 0.05171; Mrr3: 0.03402
Recall5_b: 0.07135; Mrr5: 0.03845
Recall10_b: 0.10921; Mrr10: 0.04344
Recall20_b: 0.16768; Mrr20: 0.04747
No improvement in Recall@10. Patience counter: 6/10
--------------------
Epoch 29/200
--------------------
Loss: 6.059336185455322 Loss_diff 0.6292983889579773
Recall3_b: 0.05084; Mrr3: 0.03390
Recall5_b: 0.07184; Mrr5: 0.03869
Recall10_b: 0.10904; Mrr10: 0.04352
Recall20_b: 0.16773; Mrr20: 0.04757
No improvement in Recall@10. Patience counter: 7/10
--------------------
Epoch 30/200
--------------------
Loss: 6.552608489990234 Loss_diff 0.626988410949707
Recall3_b: 0.05043; Mrr3: 0.03372
Recall5_b: 0.07101; Mrr5: 0.03842
Recall10_b: 0.11028; Mrr10: 0.04348
Recall20_b: 0.16862; Mrr20: 0.04744
No improvement in Recall@10. Patience counter: 8/10
--------------------
Epoch 31/200
--------------------
Loss: 6.505723476409912 Loss_diff 0.6236092448234558
Recall3_b: 0.05176; Mrr3: 0.03363
Recall5_b: 0.07130; Mrr5: 0.03804
Recall10_b: 0.10993; Mrr10: 0.04311
Recall20_b: 0.16812; Mrr20: 0.04709
No improvement in Recall@10. Patience counter: 9/10
--------------------
Epoch 32/200
--------------------
Loss: 5.9579758644104 Loss_diff 0.6208909749984741
Recall3_b: 0.05112; Mrr3: 0.03456
Recall5_b: 0.07133; Mrr5: 0.03916
Recall10_b: 0.10959; Mrr10: 0.04422
Recall20_b: 0.16813; Mrr20: 0.04821
No improvement in Recall@10. Patience counter: 10/10
Early stopping triggered. Best Recall@10: 0.11359 at Epoch 22
已完成训练，测试结果：
=== Evaluation Metrics ===
Recall @3 @5 @10 @20:
0.0391
0.0572
0.0884
0.1362
NDCG @3 @5 @10 @20:
0.0297
0.0372
0.0471
0.0592
MRR @3 @5 @10 @20:
0.0265
0.0306
0.0347
0.0380
Total time cost: 3405.91 seconds.
