=== model training parameter configuration ===
device              : cpu
seed                : 608
dataset             : AM-MB
A_domain            : Amazon-KG-5core-Books
B_domain            : Amazon-KG-5core-Movies_and_TV
epoch               : 200
batch_size          : 128
patience            : 10
hidden_units        : 100
maxlen              : 15
min_len             : 0
A_size              : 8318
B_size              : 4779
all_size            : 13097
lr                  : 0.0001
lr_decline          : False
dropout_rate        : 0.45
Lambda              : 0.002
n_heads             : 1
n_layers            : 1
d_k                 : 100
d_v                 : 100
d_ff                : 2048
Strategy            : default
pretrained_embedding_path: pretrain/transE/
prompt_num_S        : 2
prompt_num          : 2
prompt_agg          : mean_noise
prompt_agg_use_all  : False
use_KG              : True
use_shared          : True
use_spec            : True
use_disen           : True
disen_way           : info
freeze_shared_prompt: True
freeze_model        : False
=========================
Loading pre-training set data......
Users_a end at 94601
Users_b start at 84118
Loading pre-training set data......
Users_a end at 10484
Users_b start at 10485
========prompt_agg_use_all=False========
[KG] common.rel: 4 relations, specific.rel: 11 relations
--------------------
Epoch 1/200
--------------------
Loss: 8.782156944274902
Recall3: 0.00763; MRR3: 0.00516
Recall5: 0.01255; MRR5: 0.00626
Recall10: 0.01901; MRR10: 0.00710
Recall20: 0.03654; MRR20: 0.00826
New best Recall@10: 0.01901, model updated.
--------------------
Epoch 2/200
--------------------
Loss: 8.878852844238281
Recall3: 0.00923; MRR3: 0.00601
Recall5: 0.01181; MRR5: 0.00659
Recall10: 0.01882; MRR10: 0.00748
Recall20: 0.03211; MRR20: 0.00841
No improvement in Recall@10. Patience counter: 1/10
--------------------
Epoch 3/200
--------------------
Loss: 8.357529640197754
Recall3: 0.01150; MRR3: 0.00726
Recall5: 0.01735; MRR5: 0.00859
Recall10: 0.02633; MRR10: 0.00973
Recall20: 0.03999; MRR20: 0.01067
New best Recall@10: 0.02633, model updated.
--------------------
Epoch 4/200
--------------------
Loss: 7.879929065704346
Recall3: 0.01347; MRR3: 0.00831
Recall5: 0.01852; MRR5: 0.00948
Recall10: 0.03051; MRR10: 0.01103
Recall20: 0.05210; MRR20: 0.01248
New best Recall@10: 0.03051, model updated.
--------------------
Epoch 5/200
--------------------
Loss: 7.682995796203613
Recall3: 0.01489; MRR3: 0.00981
Recall5: 0.02128; MRR5: 0.01126
Recall10: 0.03529; MRR10: 0.01309
Recall20: 0.06075; MRR20: 0.01482
New best Recall@10: 0.03529, model updated.
--------------------
Epoch 6/200
--------------------
Loss: 8.247971534729004
Recall3: 0.01470; MRR3: 0.00980
Recall5: 0.02467; MRR5: 0.01210
Recall10: 0.04066; MRR10: 0.01415
Recall20: 0.06576; MRR20: 0.01583
New best Recall@10: 0.04066, model updated.
--------------------
Epoch 7/200
--------------------
Loss: 8.345377922058105
Recall3: 0.02110; MRR3: 0.01366
Recall5: 0.03057; MRR5: 0.01583
Recall10: 0.04712; MRR10: 0.01799
Recall20: 0.07730; MRR20: 0.02005
New best Recall@10: 0.04712, model updated.
--------------------
Epoch 8/200
--------------------
Loss: 7.9915008544921875
Recall3: 0.02319; MRR3: 0.01439
Recall5: 0.03377; MRR5: 0.01678
Recall10: 0.05235; MRR10: 0.01922
Recall20: 0.08298; MRR20: 0.02126
New best Recall@10: 0.05235, model updated.
--------------------
Epoch 9/200
--------------------
Loss: 7.877563953399658
Recall3: 0.02436; MRR3: 0.01615
Recall5: 0.03759; MRR5: 0.01912
Recall10: 0.05659; MRR10: 0.02164
Recall20: 0.09049; MRR20: 0.02393
New best Recall@10: 0.05659, model updated.
--------------------
Epoch 10/200
--------------------
Loss: 8.19741153717041
Recall3: 0.02596; MRR3: 0.01675
Recall5: 0.03851; MRR5: 0.01959
Recall10: 0.05949; MRR10: 0.02231
Recall20: 0.09683; MRR20: 0.02483
New best Recall@10: 0.05949, model updated.
--------------------
Epoch 11/200
--------------------
Loss: 7.801498889923096
Recall3: 0.02676; MRR3: 0.01776
Recall5: 0.04005; MRR5: 0.02077
Recall10: 0.06502; MRR10: 0.02401
Recall20: 0.10501; MRR20: 0.02672
New best Recall@10: 0.06502, model updated.
--------------------
Epoch 12/200
--------------------
Loss: 7.939030647277832
Recall3: 0.02817; MRR3: 0.01805
Recall5: 0.04254; MRR5: 0.02122
Recall10: 0.06857; MRR10: 0.02457
Recall20: 0.11179; MRR20: 0.02750
New best Recall@10: 0.06857, model updated.
--------------------
Epoch 13/200
--------------------
Loss: 7.735755920410156
Recall3: 0.02947; MRR3: 0.01904
Recall5: 0.04263; MRR5: 0.02203
Recall10: 0.07130; MRR10: 0.02579
Recall20: 0.11366; MRR20: 0.02868
New best Recall@10: 0.07130, model updated.
--------------------
Epoch 14/200
--------------------
Loss: 8.07897663116455
Recall3: 0.03045; MRR3: 0.01954
Recall5: 0.04355; MRR5: 0.02251
Recall10: 0.07333; MRR10: 0.02637
Recall20: 0.11374; MRR20: 0.02913
New best Recall@10: 0.07333, model updated.
--------------------
Epoch 15/200
--------------------
Loss: 8.56913948059082
Recall3: 0.03094; MRR3: 0.02023
Recall5: 0.04515; MRR5: 0.02348
Recall10: 0.07431; MRR10: 0.02727
Recall20: 0.11583; MRR20: 0.03010
New best Recall@10: 0.07431, model updated.
--------------------
Epoch 16/200
--------------------
Loss: 7.455177307128906
Recall3: 0.03100; MRR3: 0.01996
Recall5: 0.04589; MRR5: 0.02333
Recall10: 0.07721; MRR10: 0.02743
Recall20: 0.12502; MRR20: 0.03076
New best Recall@10: 0.07721, model updated.
--------------------
Epoch 17/200
--------------------
Loss: 7.261757850646973
Recall3: 0.03492; MRR3: 0.02297
Recall5: 0.04808; MRR5: 0.02594
Recall10: 0.07908; MRR10: 0.03002
Recall20: 0.12264; MRR20: 0.03298
New best Recall@10: 0.07908, model updated.
--------------------
Epoch 18/200
--------------------
Loss: 7.438575267791748
Recall3: 0.03353; MRR3: 0.02287
Recall5: 0.04946; MRR5: 0.02645
Recall10: 0.08040; MRR10: 0.03044
Recall20: 0.12451; MRR20: 0.03347
New best Recall@10: 0.08040, model updated.
--------------------
Epoch 19/200
--------------------
Loss: 7.561733722686768
Recall3: 0.03586; MRR3: 0.02354
Recall5: 0.04977; MRR5: 0.02666
Recall10: 0.08130; MRR10: 0.03074
Recall20: 0.12965; MRR20: 0.03404
New best Recall@10: 0.08130, model updated.
--------------------
Epoch 20/200
--------------------
Loss: 7.3153228759765625
Recall3: 0.03506; MRR3: 0.02393
Recall5: 0.04823; MRR5: 0.02692
Recall10: 0.08089; MRR10: 0.03122
Recall20: 0.12869; MRR20: 0.03445
No improvement in Recall@10. Patience counter: 1/10
--------------------
Epoch 21/200
--------------------
Loss: 6.9676513671875
Recall3: 0.03672; MRR3: 0.02431
Recall5: 0.05223; MRR5: 0.02781
Recall10: 0.08311; MRR10: 0.03183
Recall20: 0.13330; MRR20: 0.03523
New best Recall@10: 0.08311, model updated.
--------------------
Epoch 22/200
--------------------
Loss: 8.219892501831055
Recall3: 0.03789; MRR3: 0.02489
Recall5: 0.05420; MRR5: 0.02854
Recall10: 0.08877; MRR10: 0.03298
Recall20: 0.13841; MRR20: 0.03637
New best Recall@10: 0.08877, model updated.
--------------------
Epoch 23/200
--------------------
Loss: 7.341267108917236
Recall3: 0.04138; MRR3: 0.02662
Recall5: 0.05577; MRR5: 0.02987
Recall10: 0.09022; MRR10: 0.03437
Recall20: 0.14288; MRR20: 0.03798
New best Recall@10: 0.09022, model updated.
--------------------
Epoch 24/200
--------------------
Loss: 8.096281051635742
Recall3: 0.04252; MRR3: 0.02824
Recall5: 0.05993; MRR5: 0.03218
Recall10: 0.09389; MRR10: 0.03663
Recall20: 0.14593; MRR20: 0.04020
New best Recall@10: 0.09389, model updated.
--------------------
Epoch 25/200
--------------------
Loss: 7.0606913566589355
Recall3: 0.04146; MRR3: 0.02787
Recall5: 0.05918; MRR5: 0.03184
Recall10: 0.09646; MRR10: 0.03672
Recall20: 0.14758; MRR20: 0.04017
New best Recall@10: 0.09646, model updated.
--------------------
Epoch 26/200
--------------------
Loss: 6.934098243713379
Recall3: 0.04405; MRR3: 0.02901
Recall5: 0.06158; MRR5: 0.03297
Recall10: 0.09775; MRR10: 0.03778
Recall20: 0.15376; MRR20: 0.04159
New best Recall@10: 0.09775, model updated.
--------------------
Epoch 27/200
--------------------
Loss: 7.813453674316406
Recall3: 0.04288; MRR3: 0.02835
Recall5: 0.06158; MRR5: 0.03256
Recall10: 0.10076; MRR10: 0.03771
Recall20: 0.15389; MRR20: 0.04128
New best Recall@10: 0.10076, model updated.
--------------------
Epoch 28/200
--------------------
Loss: 6.617091655731201
Recall3: 0.04368; MRR3: 0.02898
Recall5: 0.06305; MRR5: 0.03337
Recall10: 0.10058; MRR10: 0.03827
Recall20: 0.15536; MRR20: 0.04205
No improvement in Recall@10. Patience counter: 1/10
--------------------
Epoch 29/200
--------------------
Loss: 7.479911804199219
Recall3: 0.04574; MRR3: 0.02987
Recall5: 0.06756; MRR5: 0.03481
Recall10: 0.10693; MRR10: 0.04000
Recall20: 0.16248; MRR20: 0.04381
New best Recall@10: 0.10693, model updated.
--------------------
Epoch 30/200
--------------------
Loss: 5.762331485748291
Recall3: 0.04361; MRR3: 0.02866
Recall5: 0.06435; MRR5: 0.03340
Recall10: 0.10175; MRR10: 0.03836
Recall20: 0.15631; MRR20: 0.04210
No improvement in Recall@10. Patience counter: 1/10
--------------------
Epoch 31/200
--------------------
Loss: 7.324258327484131
Recall3: 0.04521; MRR3: 0.03018
Recall5: 0.06508; MRR5: 0.03471
Recall10: 0.10390; MRR10: 0.03987
Recall20: 0.16201; MRR20: 0.04387
No improvement in Recall@10. Patience counter: 2/10
--------------------
Epoch 32/200
--------------------
Loss: 6.888313293457031
Recall3: 0.04675; MRR3: 0.03118
Recall5: 0.06761; MRR5: 0.03594
Recall10: 0.10734; MRR10: 0.04118
Recall20: 0.16179; MRR20: 0.04489
New best Recall@10: 0.10734, model updated.
--------------------
Epoch 33/200
--------------------
Loss: 6.609455108642578
Recall3: 0.04626; MRR3: 0.03081
Recall5: 0.06816; MRR5: 0.03581
Recall10: 0.10796; MRR10: 0.04103
Recall20: 0.16240; MRR20: 0.04475
New best Recall@10: 0.10796, model updated.
--------------------
Epoch 34/200
--------------------
Loss: 7.050270080566406
Recall3: 0.04651; MRR3: 0.03083
Recall5: 0.06742; MRR5: 0.03557
Recall10: 0.10839; MRR10: 0.04093
Recall20: 0.16462; MRR20: 0.04472
New best Recall@10: 0.10839, model updated.
--------------------
Epoch 35/200
--------------------
Loss: 7.39453125
Recall3: 0.04882; MRR3: 0.03196
Recall5: 0.07035; MRR5: 0.03685
Recall10: 0.10978; MRR10: 0.04203
Recall20: 0.16875; MRR20: 0.04603
New best Recall@10: 0.10978, model updated.
--------------------
Epoch 36/200
--------------------
Loss: 6.963977336883545
Recall3: 0.04571; MRR3: 0.03045
Recall5: 0.06742; MRR5: 0.03540
Recall10: 0.10778; MRR10: 0.04075
Recall20: 0.16572; MRR20: 0.04470
No improvement in Recall@10. Patience counter: 1/10
--------------------
Epoch 37/200
--------------------
Loss: 7.4311676025390625
Recall3: 0.04651; MRR3: 0.03112
Recall5: 0.06834; MRR5: 0.03609
Recall10: 0.10734; MRR10: 0.04120
Recall20: 0.16394; MRR20: 0.04508
No improvement in Recall@10. Patience counter: 2/10
--------------------
Epoch 38/200
--------------------
Loss: 7.111496925354004
Recall3: 0.04820; MRR3: 0.03092
Recall5: 0.07041; MRR5: 0.03596
Recall10: 0.10990; MRR10: 0.04116
Recall20: 0.16847; MRR20: 0.04514
New best Recall@10: 0.10990, model updated.
--------------------
Epoch 39/200
--------------------
Loss: 6.0785322189331055
Recall3: 0.04854; MRR3: 0.03177
Recall5: 0.06908; MRR5: 0.03639
Recall10: 0.11193; MRR10: 0.04202
Recall20: 0.17219; MRR20: 0.04615
New best Recall@10: 0.11193, model updated.
--------------------
Epoch 40/200
--------------------
Loss: 6.870181560516357
Recall3: 0.04755; MRR3: 0.03121
Recall5: 0.06982; MRR5: 0.03628
Recall10: 0.11147; MRR10: 0.04174
Recall20: 0.17240; MRR20: 0.04586
No improvement in Recall@10. Patience counter: 1/10
--------------------
Epoch 41/200
--------------------
Loss: 6.550694942474365
Recall3: 0.04827; MRR3: 0.03220
Recall5: 0.07152; MRR5: 0.03745
Recall10: 0.11378; MRR10: 0.04301
Recall20: 0.17592; MRR20: 0.04717
New best Recall@10: 0.11378, model updated.
--------------------
Epoch 42/200
--------------------
Loss: 6.949058532714844
Recall3: 0.04974; MRR3: 0.03326
Recall5: 0.07281; MRR5: 0.03848
Recall10: 0.11470; MRR10: 0.04395
Recall20: 0.17527; MRR20: 0.04812
New best Recall@10: 0.11470, model updated.
--------------------
Epoch 43/200
--------------------
Loss: 7.448256492614746
Recall3: 0.04854; MRR3: 0.03216
Recall5: 0.07185; MRR5: 0.03750
Recall10: 0.11448; MRR10: 0.04304
Recall20: 0.17286; MRR20: 0.04701
No improvement in Recall@10. Patience counter: 1/10
--------------------
Epoch 44/200
--------------------
Loss: 7.150633811950684
Recall3: 0.04915; MRR3: 0.03200
Recall5: 0.07142; MRR5: 0.03706
Recall10: 0.11356; MRR10: 0.04260
Recall20: 0.17095; MRR20: 0.04649
No improvement in Recall@10. Patience counter: 2/10
--------------------
Epoch 45/200
--------------------
Loss: 6.132443904876709
Recall3: 0.04866; MRR3: 0.03211
Recall5: 0.07007; MRR5: 0.03699
Recall10: 0.11307; MRR10: 0.04263
Recall20: 0.17200; MRR20: 0.04663
No improvement in Recall@10. Patience counter: 3/10
--------------------
Epoch 46/200
--------------------
Loss: 6.0793867111206055
Recall3: 0.04909; MRR3: 0.03231
Recall5: 0.07343; MRR5: 0.03777
Recall10: 0.11409; MRR10: 0.04308
Recall20: 0.17333; MRR20: 0.04712
No improvement in Recall@10. Patience counter: 4/10
--------------------
Epoch 47/200
--------------------
Loss: 6.767236232757568
Recall3: 0.04915; MRR3: 0.03184
Recall5: 0.07179; MRR5: 0.03693
Recall10: 0.11411; MRR10: 0.04251
Recall20: 0.17495; MRR20: 0.04666
No improvement in Recall@10. Patience counter: 5/10
--------------------
Epoch 48/200
--------------------
Loss: 6.440683841705322
Recall3: 0.04952; MRR3: 0.03230
Recall5: 0.07459; MRR5: 0.03800
Recall10: 0.11861; MRR10: 0.04375
Recall20: 0.17632; MRR20: 0.04770
New best Recall@10: 0.11861, model updated.
--------------------
Epoch 49/200
--------------------
Loss: 8.065298080444336
Recall3: 0.04934; MRR3: 0.03236
Recall5: 0.07265; MRR5: 0.03760
Recall10: 0.11559; MRR10: 0.04320
Recall20: 0.17335; MRR20: 0.04720
No improvement in Recall@10. Patience counter: 1/10
--------------------
Epoch 50/200
--------------------
Loss: 7.399608135223389
Recall3: 0.04983; MRR3: 0.03285
Recall5: 0.07345; MRR5: 0.03816
Recall10: 0.11815; MRR10: 0.04397
Recall20: 0.17659; MRR20: 0.04796
No improvement in Recall@10. Patience counter: 2/10
--------------------
Epoch 51/200
--------------------
Loss: 6.681375980377197
Recall3: 0.05001; MRR3: 0.03316
Recall5: 0.07296; MRR5: 0.03838
Recall10: 0.11784; MRR10: 0.04424
Recall20: 0.17779; MRR20: 0.04838
No improvement in Recall@10. Patience counter: 3/10
--------------------
Epoch 52/200
--------------------
Loss: 6.976231098175049
Recall3: 0.05026; MRR3: 0.03343
Recall5: 0.07247; MRR5: 0.03847
Recall10: 0.11547; MRR10: 0.04407
Recall20: 0.17557; MRR20: 0.04814
No improvement in Recall@10. Patience counter: 4/10
--------------------
Epoch 53/200
--------------------
Loss: 7.859714508056641
Recall3: 0.05001; MRR3: 0.03320
Recall5: 0.07259; MRR5: 0.03833
Recall10: 0.11344; MRR10: 0.04372
Recall20: 0.17384; MRR20: 0.04785
No improvement in Recall@10. Patience counter: 5/10
--------------------
Epoch 54/200
--------------------
Loss: 6.4469122886657715
Recall3: 0.05138; MRR3: 0.03563
Recall5: 0.07623; MRR5: 0.04122
Recall10: 0.11880; MRR10: 0.04677
Recall20: 0.17613; MRR20: 0.05069
New best Recall@10: 0.11880, model updated.
--------------------
Epoch 55/200
--------------------
Loss: 8.249838829040527
Recall3: 0.05124; MRR3: 0.03401
Recall5: 0.07271; MRR5: 0.03891
Recall10: 0.11688; MRR10: 0.04472
Recall20: 0.17624; MRR20: 0.04879
No improvement in Recall@10. Patience counter: 1/10
--------------------
Epoch 56/200
--------------------
Loss: 6.463836193084717
Recall3: 0.05118; MRR3: 0.03391
Recall5: 0.07308; MRR5: 0.03889
Recall10: 0.11676; MRR10: 0.04458
Recall20: 0.17372; MRR20: 0.04846
No improvement in Recall@10. Patience counter: 2/10
--------------------
Epoch 57/200
--------------------
Loss: 6.239124298095703
Recall3: 0.05050; MRR3: 0.03360
Recall5: 0.07253; MRR5: 0.03857
Recall10: 0.11713; MRR10: 0.04444
Recall20: 0.17304; MRR20: 0.04830
No improvement in Recall@10. Patience counter: 3/10
--------------------
Epoch 58/200
--------------------
Loss: 7.845287799835205
Recall3: 0.04964; MRR3: 0.03345
Recall5: 0.07222; MRR5: 0.03857
Recall10: 0.11778; MRR10: 0.04468
Recall20: 0.17560; MRR20: 0.04865
No improvement in Recall@10. Patience counter: 4/10
--------------------
Epoch 59/200
--------------------
Loss: 6.532131671905518
Recall3: 0.05155; MRR3: 0.03400
Recall5: 0.07394; MRR5: 0.03911
Recall10: 0.11907; MRR10: 0.04509
Recall20: 0.17724; MRR20: 0.04907
New best Recall@10: 0.11907, model updated.
--------------------
Epoch 60/200
--------------------
Loss: 6.563553333282471
Recall3: 0.05106; MRR3: 0.03412
Recall5: 0.07363; MRR5: 0.03923
Recall10: 0.11737; MRR10: 0.04497
Recall20: 0.17255; MRR20: 0.04875
No improvement in Recall@10. Patience counter: 1/10
--------------------
Epoch 61/200
--------------------
Loss: 6.829848289489746
Recall3: 0.05217; MRR3: 0.03441
Recall5: 0.07450; MRR5: 0.03946
Recall10: 0.11879; MRR10: 0.04524
Recall20: 0.17849; MRR20: 0.04934
No improvement in Recall@10. Patience counter: 2/10
--------------------
Epoch 62/200
--------------------
Loss: 7.494316577911377
Recall3: 0.05173; MRR3: 0.03533
Recall5: 0.07480; MRR5: 0.04049
Recall10: 0.11829; MRR10: 0.04619
Recall20: 0.17557; MRR20: 0.05010
No improvement in Recall@10. Patience counter: 3/10
--------------------
Epoch 63/200
--------------------
Loss: 6.769311428070068
Recall3: 0.04958; MRR3: 0.03372
Recall5: 0.07185; MRR5: 0.03874
Recall10: 0.11497; MRR10: 0.04444
Recall20: 0.17274; MRR20: 0.04840
No improvement in Recall@10. Patience counter: 4/10
--------------------
Epoch 64/200
--------------------
Loss: 7.518135070800781
Recall3: 0.05124; MRR3: 0.03476
Recall5: 0.07376; MRR5: 0.03982
Recall10: 0.11987; MRR10: 0.04591
Recall20: 0.17619; MRR20: 0.04977
New best Recall@10: 0.11987, model updated.
--------------------
Epoch 65/200
--------------------
Loss: 6.887623310089111
Recall3: 0.05075; MRR3: 0.03426
Recall5: 0.07394; MRR5: 0.03949
Recall10: 0.11805; MRR10: 0.04525
Recall20: 0.17231; MRR20: 0.04898
No improvement in Recall@10. Patience counter: 1/10
--------------------
Epoch 66/200
--------------------
Loss: 6.965176105499268
Recall3: 0.05306; MRR3: 0.03587
Recall5: 0.07484; MRR5: 0.04080
Recall10: 0.11938; MRR10: 0.04667
Recall20: 0.17560; MRR20: 0.05052
No improvement in Recall@10. Patience counter: 2/10
--------------------
Epoch 67/200
--------------------
Loss: 6.80299711227417
Recall3: 0.05241; MRR3: 0.03504
Recall5: 0.07474; MRR5: 0.04007
Recall10: 0.11780; MRR10: 0.04571
Recall20: 0.17347; MRR20: 0.04955
No improvement in Recall@10. Patience counter: 3/10
--------------------
Epoch 68/200
--------------------
Loss: 5.919491291046143
Recall3: 0.05050; MRR3: 0.03383
Recall5: 0.07462; MRR5: 0.03924
Recall10: 0.11663; MRR10: 0.04475
Recall20: 0.17206; MRR20: 0.04856
No improvement in Recall@10. Patience counter: 4/10
--------------------
Epoch 69/200
--------------------
Loss: 6.818501949310303
Recall3: 0.05297; MRR3: 0.03535
Recall5: 0.07511; MRR5: 0.04036
Recall10: 0.11799; MRR10: 0.04603
Recall20: 0.17520; MRR20: 0.04994
No improvement in Recall@10. Patience counter: 5/10
--------------------
Epoch 70/200
--------------------
Loss: 7.363323211669922
Recall3: 0.05204; MRR3: 0.03453
Recall5: 0.07382; MRR5: 0.03950
Recall10: 0.11596; MRR10: 0.04503
Recall20: 0.17329; MRR20: 0.04901
No improvement in Recall@10. Patience counter: 6/10
--------------------
Epoch 71/200
--------------------
Loss: 5.311455249786377
Recall3: 0.05069; MRR3: 0.03482
Recall5: 0.07382; MRR5: 0.04001
Recall10: 0.11805; MRR10: 0.04586
Recall20: 0.17384; MRR20: 0.04969
No improvement in Recall@10. Patience counter: 7/10
--------------------
Epoch 72/200
--------------------
Loss: 6.8718953132629395
Recall3: 0.05143; MRR3: 0.03434
Recall5: 0.07511; MRR5: 0.03968
Recall10: 0.11759; MRR10: 0.04524
Recall20: 0.17749; MRR20: 0.04934
No improvement in Recall@10. Patience counter: 8/10
--------------------
Epoch 73/200
--------------------
Loss: 6.613922595977783
Recall3: 0.05069; MRR3: 0.03411
Recall5: 0.07425; MRR5: 0.03947
Recall10: 0.11829; MRR10: 0.04525
Recall20: 0.17606; MRR20: 0.04922
No improvement in Recall@10. Patience counter: 9/10
--------------------
Epoch 74/200
--------------------
Loss: 5.820237159729004
Recall3: 0.05100; MRR3: 0.03426
Recall5: 0.07345; MRR5: 0.03937
Recall10: 0.11639; MRR10: 0.04501
Recall20: 0.17366; MRR20: 0.04894
No improvement in Recall@10. Patience counter: 10/10
Early stopping triggered. Best Recall@10: 0.11987
****************************************

Loading fine-tuning set data......
Users_a end at 94601
Loading fine-tuning set data......
Users_a end at 10484
Loading fine-tuning set data......
Users_a end at 10484
--------------------
Epoch 1/200
--------------------
Loss: 6.3149003982543945 Loss_diff 0.7362208962440491
Recall3_b: 0.05014; Mrr3: 0.03366
Recall5_b: 0.07238; Mrr5: 0.03875
Recall10_b: 0.11792; Mrr10: 0.04474
Recall20_b: 0.17071; Mrr20: 0.04837
New best Recall@10: 0.11792 at Epoch 1
--------------------
Epoch 2/200
--------------------
Loss: 6.462904930114746 Loss_diff 0.7355059385299683
Recall3_b: 0.05054; Mrr3: 0.03402
Recall5_b: 0.07162; Mrr5: 0.03878
Recall10_b: 0.11444; Mrr10: 0.04446
Recall20_b: 0.17041; Mrr20: 0.04826
No improvement in Recall@10. Patience counter: 1/10
--------------------
Epoch 3/200
--------------------
Loss: 6.874109745025635 Loss_diff 0.7347469329833984
Recall3_b: 0.05109; Mrr3: 0.03545
Recall5_b: 0.07436; Mrr5: 0.04077
Recall10_b: 0.11749; Mrr10: 0.04641
Recall20_b: 0.17385; Mrr20: 0.05024
No improvement in Recall@10. Patience counter: 2/10
--------------------
Epoch 4/200
--------------------
Loss: 5.79196310043335 Loss_diff 0.7339620590209961
Recall3_b: 0.05236; Mrr3: 0.03459
Recall5_b: 0.07392; Mrr5: 0.03948
Recall10_b: 0.11665; Mrr10: 0.04509
Recall20_b: 0.17425; Mrr20: 0.04907
No improvement in Recall@10. Patience counter: 3/10
--------------------
Epoch 5/200
--------------------
Loss: 6.205714702606201 Loss_diff 0.733123779296875
Recall3_b: 0.05296; Mrr3: 0.03600
Recall5_b: 0.07288; Mrr5: 0.04052
Recall10_b: 0.11665; Mrr10: 0.04623
Recall20_b: 0.17238; Mrr20: 0.05004
No improvement in Recall@10. Patience counter: 4/10
--------------------
Epoch 6/200
--------------------
Loss: 6.259357452392578 Loss_diff 0.7324854135513306
Recall3_b: 0.05090; Mrr3: 0.03485
Recall5_b: 0.07419; Mrr5: 0.04015
Recall10_b: 0.11938; Mrr10: 0.04608
Recall20_b: 0.17250; Mrr20: 0.04970
New best Recall@10: 0.11938 at Epoch 6
--------------------
Epoch 7/200
--------------------
Loss: 7.1831793785095215 Loss_diff 0.7316939234733582
Recall3_b: 0.05161; Mrr3: 0.03457
Recall5_b: 0.07400; Mrr5: 0.03968
Recall10_b: 0.11673; Mrr10: 0.04527
Recall20_b: 0.17023; Mrr20: 0.04896
No improvement in Recall@10. Patience counter: 1/10
--------------------
Epoch 8/200
--------------------
Loss: 6.598433017730713 Loss_diff 0.7310094833374023
Recall3_b: 0.05232; Mrr3: 0.03497
Recall5_b: 0.07492; Mrr5: 0.04007
Recall10_b: 0.11852; Mrr10: 0.04580
Recall20_b: 0.17327; Mrr20: 0.04957
No improvement in Recall@10. Patience counter: 2/10
--------------------
Epoch 9/200
--------------------
Loss: 5.70519495010376 Loss_diff 0.7302798628807068
Recall3_b: 0.05266; Mrr3: 0.03539
Recall5_b: 0.07688; Mrr5: 0.04095
Recall10_b: 0.11949; Mrr10: 0.04642
Recall20_b: 0.17508; Mrr20: 0.05020
New best Recall@10: 0.11949 at Epoch 9
--------------------
Epoch 10/200
--------------------
Loss: 4.357490062713623 Loss_diff 0.7295621633529663
Recall3_b: 0.05289; Mrr3: 0.03606
Recall5_b: 0.07634; Mrr5: 0.04138
Recall10_b: 0.11996; Mrr10: 0.04709
Recall20_b: 0.17402; Mrr20: 0.05081
New best Recall@10: 0.11996 at Epoch 10
--------------------
Epoch 11/200
--------------------
Loss: 5.373634338378906 Loss_diff 0.728770911693573
Recall3_b: 0.05290; Mrr3: 0.03556
Recall5_b: 0.07600; Mrr5: 0.04081
Recall10_b: 0.11969; Mrr10: 0.04644
Recall20_b: 0.17361; Mrr20: 0.05015
No improvement in Recall@10. Patience counter: 1/10
--------------------
Epoch 12/200
--------------------
Loss: 5.868061542510986 Loss_diff 0.7280495166778564
Recall3_b: 0.05148; Mrr3: 0.03421
Recall5_b: 0.07447; Mrr5: 0.03945
Recall10_b: 0.11757; Mrr10: 0.04509
Recall20_b: 0.17290; Mrr20: 0.04884
No improvement in Recall@10. Patience counter: 2/10
--------------------
Epoch 13/200
--------------------
Loss: 5.934694766998291 Loss_diff 0.7273398637771606
Recall3_b: 0.05141; Mrr3: 0.03520
Recall5_b: 0.07428; Mrr5: 0.04041
Recall10_b: 0.11730; Mrr10: 0.04599
Recall20_b: 0.17402; Mrr20: 0.04985
No improvement in Recall@10. Patience counter: 3/10
--------------------
Epoch 14/200
--------------------
Loss: 5.652987480163574 Loss_diff 0.7266378402709961
Recall3_b: 0.05216; Mrr3: 0.03500
Recall5_b: 0.07457; Mrr5: 0.04010
Recall10_b: 0.11785; Mrr10: 0.04582
Recall20_b: 0.17414; Mrr20: 0.04969
No improvement in Recall@10. Patience counter: 4/10
--------------------
Epoch 15/200
--------------------
Loss: 6.149753093719482 Loss_diff 0.7260637879371643
Recall3_b: 0.05254; Mrr3: 0.03469
Recall5_b: 0.07601; Mrr5: 0.04000
Recall10_b: 0.11861; Mrr10: 0.04553
Recall20_b: 0.17400; Mrr20: 0.04930
No improvement in Recall@10. Patience counter: 5/10
--------------------
Epoch 16/200
--------------------
Loss: 5.91989278793335 Loss_diff 0.7253381013870239
Recall3_b: 0.05187; Mrr3: 0.03485
Recall5_b: 0.07458; Mrr5: 0.04004
Recall10_b: 0.11845; Mrr10: 0.04576
Recall20_b: 0.17526; Mrr20: 0.04967
No improvement in Recall@10. Patience counter: 6/10
--------------------
Epoch 17/200
--------------------
Loss: 6.417532444000244 Loss_diff 0.7246191501617432
Recall3_b: 0.05273; Mrr3: 0.03544
Recall5_b: 0.07542; Mrr5: 0.04054
Recall10_b: 0.11738; Mrr10: 0.04597
Recall20_b: 0.17244; Mrr20: 0.04976
No improvement in Recall@10. Patience counter: 7/10
--------------------
Epoch 18/200
--------------------
Loss: 6.275275230407715 Loss_diff 0.723872721195221
Recall3_b: 0.05362; Mrr3: 0.03523
Recall5_b: 0.07489; Mrr5: 0.04006
Recall10_b: 0.11867; Mrr10: 0.04579
Recall20_b: 0.17283; Mrr20: 0.04950
No improvement in Recall@10. Patience counter: 8/10
--------------------
Epoch 19/200
--------------------
Loss: 5.59790563583374 Loss_diff 0.7231367826461792
Recall3_b: 0.05303; Mrr3: 0.03597
Recall5_b: 0.07497; Mrr5: 0.04092
Recall10_b: 0.11661; Mrr10: 0.04633
Recall20_b: 0.17191; Mrr20: 0.05015
No improvement in Recall@10. Patience counter: 9/10
--------------------
Epoch 20/200
--------------------
Loss: 5.965548515319824 Loss_diff 0.7225339412689209
Recall3_b: 0.05322; Mrr3: 0.03589
Recall5_b: 0.07393; Mrr5: 0.04061
Recall10_b: 0.11779; Mrr10: 0.04632
Recall20_b: 0.17107; Mrr20: 0.05001
No improvement in Recall@10. Patience counter: 10/10
Early stopping triggered. Best Recall@10: 0.11996 at Epoch 10
已完成训练，测试结果：
=== Evaluation Metrics ===
Recall @3 @5 @10 @20:
0.0413
0.0588
0.0918
0.1372
NDCG @3 @5 @10 @20:
0.0309
0.0380
0.0486
0.0600
MRR @3 @5 @10 @20:
0.0273
0.0313
0.0356
0.0386
Total time cost: 3442.01 seconds.
