=== model training parameter configuration ===
device              : cpu
seed                : 608
dataset             : AM-MB
A_domain            : Amazon-KG-5core-Books
B_domain            : Amazon-KG-5core-Movies_and_TV
epoch               : 200
batch_size          : 128
patience            : 10
hidden_units        : 100
maxlen              : 15
min_len             : 0
A_size              : 8318
B_size              : 4779
all_size            : 13097
lr                  : 0.0001
lr_decline          : False
dropout_rate        : 0.45
Lambda              : 0.002
n_heads             : 1
n_layers            : 1
d_k                 : 100
d_v                 : 100
d_ff                : 2048
Strategy            : default
pretrained_embedding_path: pretrain/transE/
prompt_num_S        : 2
prompt_num          : 2
prompt_agg          : mean_noise
prompt_agg_use_all  : False
use_KG              : True
use_shared          : True
use_spec            : True
use_disen           : True
disen_way           : info
freeze_shared_prompt: True
freeze_model        : False
=========================
Loading pre-training set data......
Users_a end at 94601
Users_b start at 84118
Loading pre-training set data......
Users_a end at 10484
Users_b start at 10485
========prompt_agg_use_all=False========
[KG] common.rel: 140 relations, specific.rel: 786 relations
--------------------
Epoch 1/200
--------------------
Loss: 8.801464080810547
Recall3: 0.00892; MRR3: 0.00559
Recall5: 0.01255; MRR5: 0.00636
Recall10: 0.01969; MRR10: 0.00727
Recall20: 0.03230; MRR20: 0.00814
New best Recall@10: 0.01969, model updated.
--------------------
Epoch 2/200
--------------------
Loss: 8.919977188110352
Recall3: 0.00584; MRR3: 0.00501
Recall5: 0.00929; MRR5: 0.00583
Recall10: 0.01993; MRR10: 0.00723
Recall20: 0.03365; MRR20: 0.00818
New best Recall@10: 0.01993, model updated.
--------------------
Epoch 3/200
--------------------
Loss: 8.415173530578613
Recall3: 0.01003; MRR3: 0.00652
Recall5: 0.01433; MRR5: 0.00747
Recall10: 0.02381; MRR10: 0.00871
Recall20: 0.03832; MRR20: 0.00970
New best Recall@10: 0.02381, model updated.
--------------------
Epoch 4/200
--------------------
Loss: 7.946257591247559
Recall3: 0.01329; MRR3: 0.00800
Recall5: 0.01889; MRR5: 0.00930
Recall10: 0.02984; MRR10: 0.01071
Recall20: 0.05032; MRR20: 0.01208
New best Recall@10: 0.02984, model updated.
--------------------
Epoch 5/200
--------------------
Loss: 7.762463569641113
Recall3: 0.01470; MRR3: 0.00972
Recall5: 0.02128; MRR5: 0.01120
Recall10: 0.03457; MRR10: 0.01287
Recall20: 0.06057; MRR20: 0.01463
New best Recall@10: 0.03457, model updated.
--------------------
Epoch 6/200
--------------------
Loss: 8.185266494750977
Recall3: 0.01569; MRR3: 0.01033
Recall5: 0.02473; MRR5: 0.01236
Recall10: 0.04097; MRR10: 0.01446
Recall20: 0.06908; MRR20: 0.01634
New best Recall@10: 0.04097, model updated.
--------------------
Epoch 7/200
--------------------
Loss: 8.300195693969727
Recall3: 0.02092; MRR3: 0.01300
Recall5: 0.03057; MRR5: 0.01514
Recall10: 0.04718; MRR10: 0.01732
Recall20: 0.07603; MRR20: 0.01927
New best Recall@10: 0.04718, model updated.
--------------------
Epoch 8/200
--------------------
Loss: 7.941198825836182
Recall3: 0.02442; MRR3: 0.01559
Recall5: 0.03506; MRR5: 0.01801
Recall10: 0.05466; MRR10: 0.02058
Recall20: 0.08782; MRR20: 0.02283
New best Recall@10: 0.05466, model updated.
--------------------
Epoch 9/200
--------------------
Loss: 7.863803386688232
Recall3: 0.02547; MRR3: 0.01698
Recall5: 0.03863; MRR5: 0.01995
Recall10: 0.05924; MRR10: 0.02267
Recall20: 0.09529; MRR20: 0.02511
New best Recall@10: 0.05924, model updated.
--------------------
Epoch 10/200
--------------------
Loss: 8.018509864807129
Recall3: 0.02621; MRR3: 0.01716
Recall5: 0.04005; MRR5: 0.02029
Recall10: 0.06244; MRR10: 0.02320
Recall20: 0.10113; MRR20: 0.02584
New best Recall@10: 0.06244, model updated.
--------------------
Epoch 11/200
--------------------
Loss: 7.734058856964111
Recall3: 0.02787; MRR3: 0.01842
Recall5: 0.04085; MRR5: 0.02136
Recall10: 0.06828; MRR10: 0.02498
Recall20: 0.10876; MRR20: 0.02771
New best Recall@10: 0.06828, model updated.
--------------------
Epoch 12/200
--------------------
Loss: 7.846743583679199
Recall3: 0.02873; MRR3: 0.01852
Recall5: 0.04334; MRR5: 0.02187
Recall10: 0.07133; MRR10: 0.02556
Recall20: 0.11689; MRR20: 0.02863
New best Recall@10: 0.07133, model updated.
--------------------
Epoch 13/200
--------------------
Loss: 7.800293922424316
Recall3: 0.03033; MRR3: 0.01972
Recall5: 0.04509; MRR5: 0.02303
Recall10: 0.07394; MRR10: 0.02680
Recall20: 0.11599; MRR20: 0.02969
New best Recall@10: 0.07394, model updated.
--------------------
Epoch 14/200
--------------------
Loss: 7.993855953216553
Recall3: 0.03119; MRR3: 0.02074
Recall5: 0.04577; MRR5: 0.02406
Recall10: 0.07566; MRR10: 0.02796
Recall20: 0.11922; MRR20: 0.03092
New best Recall@10: 0.07566, model updated.
--------------------
Epoch 15/200
--------------------
Loss: 8.531171798706055
Recall3: 0.03279; MRR3: 0.02205
Recall5: 0.04688; MRR5: 0.02524
Recall10: 0.07609; MRR10: 0.02909
Recall20: 0.12030; MRR20: 0.03215
New best Recall@10: 0.07609, model updated.
--------------------
Epoch 16/200
--------------------
Loss: 7.6496148109436035
Recall3: 0.03328; MRR3: 0.02214
Recall5: 0.04993; MRR5: 0.02586
Recall10: 0.08436; MRR10: 0.03036
Recall20: 0.12970; MRR20: 0.03350
New best Recall@10: 0.08436, model updated.
--------------------
Epoch 17/200
--------------------
Loss: 7.2357282638549805
Recall3: 0.03670; MRR3: 0.02574
Recall5: 0.05097; MRR5: 0.02898
Recall10: 0.08241; MRR10: 0.03310
Recall20: 0.12676; MRR20: 0.03615
No improvement in Recall@10. Patience counter: 1/10
--------------------
Epoch 18/200
--------------------
Loss: 7.393803596496582
Recall3: 0.03648; MRR3: 0.02546
Recall5: 0.05100; MRR5: 0.02871
Recall10: 0.08397; MRR10: 0.03300
Recall20: 0.13164; MRR20: 0.03626
No improvement in Recall@10. Patience counter: 2/10
--------------------
Epoch 19/200
--------------------
Loss: 7.467503070831299
Recall3: 0.03959; MRR3: 0.02637
Recall5: 0.05417; MRR5: 0.02968
Recall10: 0.08542; MRR10: 0.03373
Recall20: 0.13414; MRR20: 0.03708
New best Recall@10: 0.08542, model updated.
--------------------
Epoch 20/200
--------------------
Loss: 7.240786075592041
Recall3: 0.03919; MRR3: 0.02677
Recall5: 0.05383; MRR5: 0.03007
Recall10: 0.08668; MRR10: 0.03432
Recall20: 0.13792; MRR20: 0.03783
New best Recall@10: 0.08668, model updated.
--------------------
Epoch 21/200
--------------------
Loss: 7.059815406799316
Recall3: 0.04011; MRR3: 0.02698
Recall5: 0.05721; MRR5: 0.03081
Recall10: 0.09110; MRR10: 0.03527
Recall20: 0.14186; MRR20: 0.03875
New best Recall@10: 0.09110, model updated.
--------------------
Epoch 22/200
--------------------
Loss: 8.207371711730957
Recall3: 0.04017; MRR3: 0.02680
Recall5: 0.05887; MRR5: 0.03104
Recall10: 0.09246; MRR10: 0.03539
Recall20: 0.14460; MRR20: 0.03899
New best Recall@10: 0.09246, model updated.
--------------------
Epoch 23/200
--------------------
Loss: 7.3476948738098145
Recall3: 0.04427; MRR3: 0.02884
Recall5: 0.06168; MRR5: 0.03276
Recall10: 0.09735; MRR10: 0.03741
Recall20: 0.14847; MRR20: 0.04089
New best Recall@10: 0.09735, model updated.
--------------------
Epoch 24/200
--------------------
Loss: 7.996814250946045
Recall3: 0.04640; MRR3: 0.03113
Recall5: 0.06436; MRR5: 0.03523
Recall10: 0.09881; MRR10: 0.03972
Recall20: 0.15005; MRR20: 0.04324
New best Recall@10: 0.09881, model updated.
--------------------
Epoch 25/200
--------------------
Loss: 7.019358158111572
Recall3: 0.04435; MRR3: 0.02935
Recall5: 0.06256; MRR5: 0.03346
Recall10: 0.10144; MRR10: 0.03856
Recall20: 0.15121; MRR20: 0.04196
New best Recall@10: 0.10144, model updated.
--------------------
Epoch 26/200
--------------------
Loss: 7.139037609100342
Recall3: 0.04552; MRR3: 0.03010
Recall5: 0.06355; MRR5: 0.03420
Recall10: 0.10267; MRR10: 0.03933
Recall20: 0.15333; MRR20: 0.04279
New best Recall@10: 0.10267, model updated.
--------------------
Epoch 27/200
--------------------
Loss: 7.808722972869873
Recall3: 0.04534; MRR3: 0.02986
Recall5: 0.06484; MRR5: 0.03428
Recall10: 0.10218; MRR10: 0.03917
Recall20: 0.15317; MRR20: 0.04271
No improvement in Recall@10. Patience counter: 1/10
--------------------
Epoch 28/200
--------------------
Loss: 6.3606414794921875
Recall3: 0.04540; MRR3: 0.02968
Recall5: 0.06324; MRR5: 0.03372
Recall10: 0.10486; MRR10: 0.03918
Recall20: 0.15506; MRR20: 0.04262
New best Recall@10: 0.10486, model updated.
--------------------
Epoch 29/200
--------------------
Loss: 7.392353057861328
Recall3: 0.04786; MRR3: 0.03123
Recall5: 0.06607; MRR5: 0.03537
Recall10: 0.10886; MRR10: 0.04105
Recall20: 0.16262; MRR20: 0.04473
New best Recall@10: 0.10886, model updated.
--------------------
Epoch 30/200
--------------------
Loss: 5.68874454498291
Recall3: 0.04589; MRR3: 0.03012
Recall5: 0.06576; MRR5: 0.03462
Recall10: 0.10661; MRR10: 0.04001
Recall20: 0.15877; MRR20: 0.04360
No improvement in Recall@10. Patience counter: 1/10
--------------------
Epoch 31/200
--------------------
Loss: 7.1087260246276855
Recall3: 0.04620; MRR3: 0.03041
Recall5: 0.06816; MRR5: 0.03538
Recall10: 0.10876; MRR10: 0.04073
Recall20: 0.16182; MRR20: 0.04435
No improvement in Recall@10. Patience counter: 2/10
--------------------
Epoch 32/200
--------------------
Loss: 6.961360931396484
Recall3: 0.04835; MRR3: 0.03182
Recall5: 0.06957; MRR5: 0.03662
Recall10: 0.10925; MRR10: 0.04180
Recall20: 0.16388; MRR20: 0.04552
New best Recall@10: 0.10925, model updated.
--------------------
Epoch 33/200
--------------------
Loss: 6.437316417694092
Recall3: 0.04718; MRR3: 0.03107
Recall5: 0.06890; MRR5: 0.03596
Recall10: 0.10981; MRR10: 0.04135
Recall20: 0.16533; MRR20: 0.04507
New best Recall@10: 0.10981, model updated.
--------------------
Epoch 34/200
--------------------
Loss: 7.06592321395874
Recall3: 0.04860; MRR3: 0.03222
Recall5: 0.07037; MRR5: 0.03715
Recall10: 0.11292; MRR10: 0.04275
Recall20: 0.16890; MRR20: 0.04656
New best Recall@10: 0.11292, model updated.
--------------------
Epoch 35/200
--------------------
Loss: 7.261085510253906
Recall3: 0.04854; MRR3: 0.03215
Recall5: 0.07293; MRR5: 0.03769
Recall10: 0.11273; MRR10: 0.04291
Recall20: 0.17004; MRR20: 0.04680
No improvement in Recall@10. Patience counter: 1/10
--------------------
Epoch 36/200
--------------------
Loss: 6.819878101348877
Recall3: 0.04743; MRR3: 0.03122
Recall5: 0.06970; MRR5: 0.03625
Recall10: 0.10925; MRR10: 0.04148
Recall20: 0.16658; MRR20: 0.04541
No improvement in Recall@10. Patience counter: 2/10
--------------------
Epoch 37/200
--------------------
Loss: 7.516643047332764
Recall3: 0.04878; MRR3: 0.03175
Recall5: 0.07074; MRR5: 0.03677
Recall10: 0.11042; MRR10: 0.04204
Recall20: 0.16781; MRR20: 0.04592
No improvement in Recall@10. Patience counter: 3/10
--------------------
Epoch 38/200
--------------------
Loss: 6.798071384429932
Recall3: 0.05091; MRR3: 0.03288
Recall5: 0.07244; MRR5: 0.03773
Recall10: 0.11212; MRR10: 0.04293
Recall20: 0.17062; MRR20: 0.04690
No improvement in Recall@10. Patience counter: 4/10
--------------------
Epoch 39/200
--------------------
Loss: 5.968720436096191
Recall3: 0.05087; MRR3: 0.03285
Recall5: 0.07283; MRR5: 0.03785
Recall10: 0.11171; MRR10: 0.04296
Recall20: 0.17293; MRR20: 0.04720
No improvement in Recall@10. Patience counter: 5/10
--------------------
Epoch 40/200
--------------------
Loss: 6.885444641113281
Recall3: 0.04989; MRR3: 0.03273
Recall5: 0.07259; MRR5: 0.03790
Recall10: 0.11476; MRR10: 0.04346
Recall20: 0.17302; MRR20: 0.04743
New best Recall@10: 0.11476, model updated.
--------------------
Epoch 41/200
--------------------
Loss: 6.3561482429504395
Recall3: 0.05165; MRR3: 0.03397
Recall5: 0.07349; MRR5: 0.03893
Recall10: 0.11403; MRR10: 0.04426
Recall20: 0.17562; MRR20: 0.04842
No improvement in Recall@10. Patience counter: 1/10
--------------------
Epoch 42/200
--------------------
Loss: 6.737042427062988
Recall3: 0.05202; MRR3: 0.03494
Recall5: 0.07570; MRR5: 0.04031
Recall10: 0.11569; MRR10: 0.04558
Recall20: 0.17136; MRR20: 0.04939
New best Recall@10: 0.11569, model updated.
--------------------
Epoch 43/200
--------------------
Loss: 7.4025397300720215
Recall3: 0.04952; MRR3: 0.03295
Recall5: 0.07271; MRR5: 0.03821
Recall10: 0.11288; MRR10: 0.04348
Recall20: 0.17077; MRR20: 0.04745
No improvement in Recall@10. Patience counter: 1/10
--------------------
Epoch 44/200
--------------------
Loss: 7.1291985511779785
Recall3: 0.04970; MRR3: 0.03275
Recall5: 0.07296; MRR5: 0.03802
Recall10: 0.11288; MRR10: 0.04334
Recall20: 0.17009; MRR20: 0.04719
No improvement in Recall@10. Patience counter: 2/10
--------------------
Epoch 45/200
--------------------
Loss: 6.099953651428223
Recall3: 0.04952; MRR3: 0.03269
Recall5: 0.07259; MRR5: 0.03797
Recall10: 0.11251; MRR10: 0.04321
Recall20: 0.16960; MRR20: 0.04709
No improvement in Recall@10. Patience counter: 3/10
--------------------
Epoch 46/200
--------------------
Loss: 6.1363091468811035
Recall3: 0.05007; MRR3: 0.03296
Recall5: 0.07306; MRR5: 0.03826
Recall10: 0.11593; MRR10: 0.04390
Recall20: 0.17185; MRR20: 0.04772
New best Recall@10: 0.11593, model updated.
--------------------
Epoch 47/200
--------------------
Loss: 6.890435695648193
Recall3: 0.05124; MRR3: 0.03402
Recall5: 0.07302; MRR5: 0.03891
Recall10: 0.11479; MRR10: 0.04440
Recall20: 0.17181; MRR20: 0.04827
No improvement in Recall@10. Patience counter: 1/10
--------------------
Epoch 48/200
--------------------
Loss: 6.383572101593018
Recall3: 0.05251; MRR3: 0.03479
Recall5: 0.07654; MRR5: 0.04029
Recall10: 0.11806; MRR10: 0.04578
Recall20: 0.17625; MRR20: 0.04974
New best Recall@10: 0.11806, model updated.
--------------------
Epoch 49/200
--------------------
Loss: 7.797737121582031
Recall3: 0.05069; MRR3: 0.03391
Recall5: 0.07530; MRR5: 0.03949
Recall10: 0.11682; MRR10: 0.04491
Recall20: 0.17311; MRR20: 0.04874
No improvement in Recall@10. Patience counter: 1/10
--------------------
Epoch 50/200
--------------------
Loss: 7.29834508895874
Recall3: 0.05057; MRR3: 0.03397
Recall5: 0.07419; MRR5: 0.03936
Recall10: 0.11768; MRR10: 0.04507
Recall20: 0.17314; MRR20: 0.04888
No improvement in Recall@10. Patience counter: 2/10
--------------------
Epoch 51/200
--------------------
Loss: 6.591235637664795
Recall3: 0.05014; MRR3: 0.03318
Recall5: 0.07437; MRR5: 0.03864
Recall10: 0.11796; MRR10: 0.04431
Recall20: 0.17505; MRR20: 0.04821
No improvement in Recall@10. Patience counter: 3/10
--------------------
Epoch 52/200
--------------------
Loss: 7.049973487854004
Recall3: 0.05032; MRR3: 0.03392
Recall5: 0.07413; MRR5: 0.03930
Recall10: 0.11700; MRR10: 0.04492
Recall20: 0.17335; MRR20: 0.04875
No improvement in Recall@10. Patience counter: 4/10
--------------------
Epoch 53/200
--------------------
Loss: 7.946669578552246
Recall3: 0.05069; MRR3: 0.03399
Recall5: 0.07234; MRR5: 0.03891
Recall10: 0.11485; MRR10: 0.04451
Recall20: 0.17267; MRR20: 0.04849
No improvement in Recall@10. Patience counter: 5/10
--------------------
Epoch 54/200
--------------------
Loss: 6.224079132080078
Recall3: 0.05128; MRR3: 0.03491
Recall5: 0.07482; MRR5: 0.04027
Recall10: 0.11935; MRR10: 0.04617
Recall20: 0.17502; MRR20: 0.04998
New best Recall@10: 0.11935, model updated.
--------------------
Epoch 55/200
--------------------
Loss: 8.312493324279785
Recall3: 0.05069; MRR3: 0.03418
Recall5: 0.07370; MRR5: 0.03936
Recall10: 0.11682; MRR10: 0.04504
Recall20: 0.17397; MRR20: 0.04895
No improvement in Recall@10. Patience counter: 1/10
--------------------
Epoch 56/200
--------------------
Loss: 6.497500419616699
Recall3: 0.05075; MRR3: 0.03405
Recall5: 0.07499; MRR5: 0.03953
Recall10: 0.11682; MRR10: 0.04500
Recall20: 0.17206; MRR20: 0.04877
No improvement in Recall@10. Patience counter: 2/10
--------------------
Epoch 57/200
--------------------
Loss: 6.120754241943359
Recall3: 0.04952; MRR3: 0.03331
Recall5: 0.07320; MRR5: 0.03870
Recall10: 0.11528; MRR10: 0.04432
Recall20: 0.17323; MRR20: 0.04833
No improvement in Recall@10. Patience counter: 3/10
--------------------
Epoch 58/200
--------------------
Loss: 7.842586040496826
Recall3: 0.05149; MRR3: 0.03483
Recall5: 0.07382; MRR5: 0.03988
Recall10: 0.11762; MRR10: 0.04559
Recall20: 0.17511; MRR20: 0.04959
No improvement in Recall@10. Patience counter: 4/10
--------------------
Epoch 59/200
--------------------
Loss: 6.360377311706543
Recall3: 0.05087; MRR3: 0.03418
Recall5: 0.07388; MRR5: 0.03934
Recall10: 0.11975; MRR10: 0.04536
Recall20: 0.17462; MRR20: 0.04915
New best Recall@10: 0.11975, model updated.
--------------------
Epoch 60/200
--------------------
Loss: 6.245379447937012
Recall3: 0.05143; MRR3: 0.03446
Recall5: 0.07505; MRR5: 0.03979
Recall10: 0.11682; MRR10: 0.04529
Recall20: 0.17434; MRR20: 0.04920
No improvement in Recall@10. Patience counter: 1/10
--------------------
Epoch 61/200
--------------------
Loss: 6.98226261138916
Recall3: 0.05112; MRR3: 0.03488
Recall5: 0.07419; MRR5: 0.04007
Recall10: 0.11799; MRR10: 0.04578
Recall20: 0.17323; MRR20: 0.04956
No improvement in Recall@10. Patience counter: 2/10
--------------------
Epoch 62/200
--------------------
Loss: 7.266520977020264
Recall3: 0.05143; MRR3: 0.03471
Recall5: 0.07511; MRR5: 0.04009
Recall10: 0.11842; MRR10: 0.04573
Recall20: 0.17280; MRR20: 0.04948
No improvement in Recall@10. Patience counter: 3/10
--------------------
Epoch 63/200
--------------------
Loss: 6.652404308319092
Recall3: 0.04940; MRR3: 0.03365
Recall5: 0.07290; MRR5: 0.03898
Recall10: 0.11540; MRR10: 0.04458
Recall20: 0.17203; MRR20: 0.04850
No improvement in Recall@10. Patience counter: 4/10
--------------------
Epoch 64/200
--------------------
Loss: 7.362129211425781
Recall3: 0.05044; MRR3: 0.03411
Recall5: 0.07333; MRR5: 0.03927
Recall10: 0.11802; MRR10: 0.04513
Recall20: 0.17474; MRR20: 0.04900
No improvement in Recall@10. Patience counter: 5/10
--------------------
Epoch 65/200
--------------------
Loss: 7.138791084289551
Recall3: 0.05087; MRR3: 0.03426
Recall5: 0.07240; MRR5: 0.03914
Recall10: 0.11547; MRR10: 0.04481
Recall20: 0.17101; MRR20: 0.04865
No improvement in Recall@10. Patience counter: 6/10
--------------------
Epoch 66/200
--------------------
Loss: 7.207008361816406
Recall3: 0.05124; MRR3: 0.03462
Recall5: 0.07240; MRR5: 0.03939
Recall10: 0.11612; MRR10: 0.04514
Recall20: 0.17357; MRR20: 0.04909
No improvement in Recall@10. Patience counter: 7/10
--------------------
Epoch 67/200
--------------------
Loss: 7.014496326446533
Recall3: 0.05112; MRR3: 0.03474
Recall5: 0.07320; MRR5: 0.03974
Recall10: 0.11639; MRR10: 0.04545
Recall20: 0.17243; MRR20: 0.04927
No improvement in Recall@10. Patience counter: 8/10
--------------------
Epoch 68/200
--------------------
Loss: 5.872068881988525
Recall3: 0.05130; MRR3: 0.03495
Recall5: 0.07308; MRR5: 0.03988
Recall10: 0.11528; MRR10: 0.04544
Recall20: 0.17169; MRR20: 0.04932
No improvement in Recall@10. Patience counter: 9/10
--------------------
Epoch 69/200
--------------------
Loss: 6.707271575927734
Recall3: 0.05204; MRR3: 0.03554
Recall5: 0.07388; MRR5: 0.04048
Recall10: 0.11725; MRR10: 0.04619
Recall20: 0.17532; MRR20: 0.05015
No improvement in Recall@10. Patience counter: 10/10
Early stopping triggered. Best Recall@10: 0.11975
****************************************

Loading fine-tuning set data......
Users_a end at 94601
Loading fine-tuning set data......
Users_a end at 10484
Loading fine-tuning set data......
Users_a end at 10484
--------------------
Epoch 1/200
--------------------
Loss: 6.455815315246582 Loss_diff 0.7645480632781982
Recall3_b: 0.05084; Mrr3: 0.03420
Recall5_b: 0.07213; Mrr5: 0.03905
Recall10_b: 0.11122; Mrr10: 0.04421
Recall20_b: 0.16706; Mrr20: 0.04807
New best Recall@10: 0.11122 at Epoch 1
--------------------
Epoch 2/200
--------------------
Loss: 6.208836078643799 Loss_diff 0.7586754560470581
Recall3_b: 0.05226; Mrr3: 0.03459
Recall5_b: 0.07383; Mrr5: 0.03946
Recall10_b: 0.11198; Mrr10: 0.04450
Recall20_b: 0.17023; Mrr20: 0.04845
New best Recall@10: 0.11198 at Epoch 2
--------------------
Epoch 3/200
--------------------
Loss: 6.432215690612793 Loss_diff 0.7530276775360107
Recall3_b: 0.05072; Mrr3: 0.03415
Recall5_b: 0.07449; Mrr5: 0.03955
Recall10_b: 0.11376; Mrr10: 0.04472
Recall20_b: 0.17061; Mrr20: 0.04859
New best Recall@10: 0.11376 at Epoch 3
--------------------
Epoch 4/200
--------------------
Loss: 5.782403469085693 Loss_diff 0.748168408870697
Recall3_b: 0.05210; Mrr3: 0.03469
Recall5_b: 0.07613; Mrr5: 0.04010
Recall10_b: 0.11285; Mrr10: 0.04490
Recall20_b: 0.16915; Mrr20: 0.04873
No improvement in Recall@10. Patience counter: 1/10
--------------------
Epoch 5/200
--------------------
Loss: 5.708641529083252 Loss_diff 0.7428727746009827
Recall3_b: 0.05109; Mrr3: 0.03495
Recall5_b: 0.07454; Mrr5: 0.04024
Recall10_b: 0.11191; Mrr10: 0.04513
Recall20_b: 0.17073; Mrr20: 0.04920
No improvement in Recall@10. Patience counter: 2/10
--------------------
Epoch 6/200
--------------------
Loss: 6.2687177658081055 Loss_diff 0.7376248836517334
Recall3_b: 0.05304; Mrr3: 0.03571
Recall5_b: 0.07574; Mrr5: 0.04092
Recall10_b: 0.11493; Mrr10: 0.04605
Recall20_b: 0.17197; Mrr20: 0.04996
New best Recall@10: 0.11493 at Epoch 6
--------------------
Epoch 7/200
--------------------
Loss: 6.0532026290893555 Loss_diff 0.7326968312263489
Recall3_b: 0.05367; Mrr3: 0.03638
Recall5_b: 0.07474; Mrr5: 0.04109
Recall10_b: 0.11515; Mrr10: 0.04642
Recall20_b: 0.17181; Mrr20: 0.05033
New best Recall@10: 0.11515 at Epoch 7
--------------------
Epoch 8/200
--------------------
Loss: 5.878622055053711 Loss_diff 0.7276116013526917
Recall3_b: 0.05137; Mrr3: 0.03400
Recall5_b: 0.07437; Mrr5: 0.03924
Recall10_b: 0.11254; Mrr10: 0.04418
Recall20_b: 0.17146; Mrr20: 0.04824
No improvement in Recall@10. Patience counter: 1/10
--------------------
Epoch 9/200
--------------------
Loss: 6.891256332397461 Loss_diff 0.7225717306137085
Recall3_b: 0.05195; Mrr3: 0.03542
Recall5_b: 0.07417; Mrr5: 0.04041
Recall10_b: 0.11441; Mrr10: 0.04564
Recall20_b: 0.17154; Mrr20: 0.04955
No improvement in Recall@10. Patience counter: 2/10
--------------------
Epoch 10/200
--------------------
Loss: 6.632915019989014 Loss_diff 0.7179497480392456
Recall3_b: 0.05149; Mrr3: 0.03490
Recall5_b: 0.07322; Mrr5: 0.03978
Recall10_b: 0.11454; Mrr10: 0.04529
Recall20_b: 0.16984; Mrr20: 0.04908
No improvement in Recall@10. Patience counter: 3/10
--------------------
Epoch 11/200
--------------------
Loss: 6.1755547523498535 Loss_diff 0.712666928768158
Recall3_b: 0.05171; Mrr3: 0.03462
Recall5_b: 0.07489; Mrr5: 0.03988
Recall10_b: 0.11693; Mrr10: 0.04536
Recall20_b: 0.17045; Mrr20: 0.04901
New best Recall@10: 0.11693 at Epoch 11
--------------------
Epoch 12/200
--------------------
Loss: 6.347260475158691 Loss_diff 0.7078735828399658
Recall3_b: 0.05304; Mrr3: 0.03591
Recall5_b: 0.07527; Mrr5: 0.04095
Recall10_b: 0.11714; Mrr10: 0.04640
Recall20_b: 0.17443; Mrr20: 0.05032
New best Recall@10: 0.11714 at Epoch 12
--------------------
Epoch 13/200
--------------------
Loss: 6.199035167694092 Loss_diff 0.7034996151924133
Recall3_b: 0.05055; Mrr3: 0.03402
Recall5_b: 0.07250; Mrr5: 0.03901
Recall10_b: 0.11302; Mrr10: 0.04434
Recall20_b: 0.17102; Mrr20: 0.04833
No improvement in Recall@10. Patience counter: 1/10
--------------------
Epoch 14/200
--------------------
Loss: 5.530404090881348 Loss_diff 0.6983983516693115
Recall3_b: 0.05236; Mrr3: 0.03551
Recall5_b: 0.07411; Mrr5: 0.04037
Recall10_b: 0.11597; Mrr10: 0.04588
Recall20_b: 0.17385; Mrr20: 0.04986
No improvement in Recall@10. Patience counter: 2/10
--------------------
Epoch 15/200
--------------------
Loss: 5.378556728363037 Loss_diff 0.6937835216522217
Recall3_b: 0.05149; Mrr3: 0.03484
Recall5_b: 0.07248; Mrr5: 0.03955
Recall10_b: 0.11418; Mrr10: 0.04498
Recall20_b: 0.17332; Mrr20: 0.04903
No improvement in Recall@10. Patience counter: 3/10
--------------------
Epoch 16/200
--------------------
Loss: 6.836997032165527 Loss_diff 0.689229428768158
Recall3_b: 0.05036; Mrr3: 0.03451
Recall5_b: 0.07258; Mrr5: 0.03958
Recall10_b: 0.11504; Mrr10: 0.04518
Recall20_b: 0.17246; Mrr20: 0.04909
No improvement in Recall@10. Patience counter: 4/10
--------------------
Epoch 17/200
--------------------
Loss: 6.064291477203369 Loss_diff 0.6849462985992432
Recall3_b: 0.05147; Mrr3: 0.03450
Recall5_b: 0.07338; Mrr5: 0.03945
Recall10_b: 0.11658; Mrr10: 0.04513
Recall20_b: 0.17467; Mrr20: 0.04910
No improvement in Recall@10. Patience counter: 5/10
--------------------
Epoch 18/200
--------------------
Loss: 6.182239055633545 Loss_diff 0.6807070970535278
Recall3_b: 0.05083; Mrr3: 0.03461
Recall5_b: 0.07309; Mrr5: 0.03964
Recall10_b: 0.11454; Mrr10: 0.04512
Recall20_b: 0.17110; Mrr20: 0.04899
No improvement in Recall@10. Patience counter: 6/10
--------------------
Epoch 19/200
--------------------
Loss: 5.7098565101623535 Loss_diff 0.6760866045951843
Recall3_b: 0.05093; Mrr3: 0.03430
Recall5_b: 0.07324; Mrr5: 0.03928
Recall10_b: 0.11510; Mrr10: 0.04483
Recall20_b: 0.17214; Mrr20: 0.04866
No improvement in Recall@10. Patience counter: 7/10
--------------------
Epoch 20/200
--------------------
Loss: 6.201966285705566 Loss_diff 0.6717826128005981
Recall3_b: 0.05194; Mrr3: 0.03536
Recall5_b: 0.07461; Mrr5: 0.04053
Recall10_b: 0.11650; Mrr10: 0.04594
Recall20_b: 0.17451; Mrr20: 0.04991
No improvement in Recall@10. Patience counter: 8/10
--------------------
Epoch 21/200
--------------------
Loss: 5.407471656799316 Loss_diff 0.6681609153747559
Recall3_b: 0.05176; Mrr3: 0.03521
Recall5_b: 0.07283; Mrr5: 0.04001
Recall10_b: 0.11433; Mrr10: 0.04541
Recall20_b: 0.17107; Mrr20: 0.04932
No improvement in Recall@10. Patience counter: 9/10
--------------------
Epoch 22/200
--------------------
Loss: 5.829954147338867 Loss_diff 0.6633983850479126
Recall3_b: 0.05199; Mrr3: 0.03521
Recall5_b: 0.07336; Mrr5: 0.03999
Recall10_b: 0.11401; Mrr10: 0.04518
Recall20_b: 0.17127; Mrr20: 0.04908
No improvement in Recall@10. Patience counter: 10/10
Early stopping triggered. Best Recall@10: 0.11714 at Epoch 12
已完成训练，测试结果：
=== Evaluation Metrics ===
Recall @3 @5 @10 @20:
0.0414
0.0580
0.0901
0.1355
NDCG @3 @5 @10 @20:
0.0303
0.0371
0.0474
0.0589
MRR @3 @5 @10 @20:
0.0265
0.0302
0.0345
0.0376
Total time cost: 3091.25 seconds.
