=== model training parameter configuration ===
device              : cpu
seed                : 608
dataset             : AM-MB
A_domain            : Amazon-KG-5core-Books
B_domain            : Amazon-KG-5core-Movies_and_TV
epoch               : 200
batch_size          : 128
patience            : 10
hidden_units        : 100
maxlen              : 15
min_len             : 0
A_size              : 8318
B_size              : 4779
all_size            : 13097
lr                  : 0.0001
lr_decline          : False
dropout_rate        : 0.45
Lambda              : 0.002
n_heads             : 1
n_layers            : 1
d_k                 : 100
d_v                 : 100
d_ff                : 2048
Strategy            : default
pretrained_embedding_path: pretrain/transE/
prompt_num_S        : 2
prompt_num          : 2
prompt_agg          : mean_noise
prompt_agg_use_all  : False
use_KG              : True
use_shared          : True
use_spec            : True
use_disen           : True
disen_way           : info
freeze_shared_prompt: True
freeze_model        : False
=========================
Loading pre-training set data......
Users_a end at 94601
Users_b start at 84118
Loading pre-training set data......
Users_a end at 10484
Users_b start at 10485
========prompt_agg_use_all=False========
[KG] common.rel: 9 relations, specific.rel: 49 relations
--------------------
Epoch 1/200
--------------------
Loss: 8.762453079223633
Recall3: 0.00892; MRR3: 0.00559
Recall5: 0.01255; MRR5: 0.00645
Recall10: 0.01901; MRR10: 0.00729
Recall20: 0.03242; MRR20: 0.00823
New best Recall@10: 0.01901, model updated.
--------------------
Epoch 2/200
--------------------
Loss: 8.830449104309082
Recall3: 0.00695; MRR3: 0.00495
Recall5: 0.01077; MRR5: 0.00588
Recall10: 0.01876; MRR10: 0.00692
Recall20: 0.03574; MRR20: 0.00808
No improvement in Recall@10. Patience counter: 1/10
--------------------
Epoch 3/200
--------------------
Loss: 8.298355102539062
Recall3: 0.01083; MRR3: 0.00685
Recall5: 0.01606; MRR5: 0.00803
Recall10: 0.02436; MRR10: 0.00910
Recall20: 0.03906; MRR20: 0.01008
New best Recall@10: 0.02436, model updated.
--------------------
Epoch 4/200
--------------------
Loss: 7.958748817443848
Recall3: 0.01353; MRR3: 0.00797
Recall5: 0.01870; MRR5: 0.00915
Recall10: 0.02996; MRR10: 0.01058
Recall20: 0.04995; MRR20: 0.01192
New best Recall@10: 0.02996, model updated.
--------------------
Epoch 5/200
--------------------
Loss: 7.7124152183532715
Recall3: 0.01464; MRR3: 0.00945
Recall5: 0.02024; MRR5: 0.01072
Recall10: 0.03621; MRR10: 0.01276
Recall20: 0.06155; MRR20: 0.01445
New best Recall@10: 0.03621, model updated.
--------------------
Epoch 6/200
--------------------
Loss: 8.226558685302734
Recall3: 0.01532; MRR3: 0.00989
Recall5: 0.02418; MRR5: 0.01188
Recall10: 0.03919; MRR10: 0.01384
Recall20: 0.06650; MRR20: 0.01568
New best Recall@10: 0.03919, model updated.
--------------------
Epoch 7/200
--------------------
Loss: 8.321718215942383
Recall3: 0.01944; MRR3: 0.01198
Recall5: 0.02965; MRR5: 0.01425
Recall10: 0.04608; MRR10: 0.01638
Recall20: 0.07625; MRR20: 0.01837
New best Recall@10: 0.04608, model updated.
--------------------
Epoch 8/200
--------------------
Loss: 7.952095985412598
Recall3: 0.02575; MRR3: 0.01563
Recall5: 0.03688; MRR5: 0.01816
Recall10: 0.05448; MRR10: 0.02049
Recall20: 0.08757; MRR20: 0.02272
New best Recall@10: 0.05448, model updated.
--------------------
Epoch 9/200
--------------------
Loss: 7.871070861816406
Recall3: 0.02596; MRR3: 0.01721
Recall5: 0.03857; MRR5: 0.02008
Recall10: 0.05819; MRR10: 0.02266
Recall20: 0.09400; MRR20: 0.02506
New best Recall@10: 0.05819, model updated.
--------------------
Epoch 10/200
--------------------
Loss: 7.98165225982666
Recall3: 0.02676; MRR3: 0.01723
Recall5: 0.04097; MRR5: 0.02050
Recall10: 0.06133; MRR10: 0.02313
Recall20: 0.10101; MRR20: 0.02583
New best Recall@10: 0.06133, model updated.
--------------------
Epoch 11/200
--------------------
Loss: 7.796952247619629
Recall3: 0.02676; MRR3: 0.01780
Recall5: 0.04042; MRR5: 0.02091
Recall10: 0.06539; MRR10: 0.02416
Recall20: 0.10636; MRR20: 0.02691
New best Recall@10: 0.06539, model updated.
--------------------
Epoch 12/200
--------------------
Loss: 7.823370456695557
Recall3: 0.02848; MRR3: 0.01851
Recall5: 0.04396; MRR5: 0.02203
Recall10: 0.07084; MRR10: 0.02554
Recall20: 0.11615; MRR20: 0.02861
New best Recall@10: 0.07084, model updated.
--------------------
Epoch 13/200
--------------------
Loss: 7.8015456199646
Recall3: 0.03002; MRR3: 0.01922
Recall5: 0.04423; MRR5: 0.02243
Recall10: 0.07234; MRR10: 0.02613
Recall20: 0.11679; MRR20: 0.02918
New best Recall@10: 0.07234, model updated.
--------------------
Epoch 14/200
--------------------
Loss: 8.066786766052246
Recall3: 0.03143; MRR3: 0.02036
Recall5: 0.04491; MRR5: 0.02340
Recall10: 0.07450; MRR10: 0.02730
Recall20: 0.11897; MRR20: 0.03035
New best Recall@10: 0.07450, model updated.
--------------------
Epoch 15/200
--------------------
Loss: 8.607256889343262
Recall3: 0.03107; MRR3: 0.02040
Recall5: 0.04509; MRR5: 0.02358
Recall10: 0.07480; MRR10: 0.02748
Recall20: 0.11950; MRR20: 0.03049
New best Recall@10: 0.07480, model updated.
--------------------
Epoch 16/200
--------------------
Loss: 7.599567890167236
Recall3: 0.03346; MRR3: 0.02210
Recall5: 0.04919; MRR5: 0.02567
Recall10: 0.08266; MRR10: 0.03000
Recall20: 0.12874; MRR20: 0.03316
New best Recall@10: 0.08266, model updated.
--------------------
Epoch 17/200
--------------------
Loss: 7.2804975509643555
Recall3: 0.03572; MRR3: 0.02408
Recall5: 0.04968; MRR5: 0.02725
Recall10: 0.08081; MRR10: 0.03137
Recall20: 0.12608; MRR20: 0.03447
No improvement in Recall@10. Patience counter: 1/10
--------------------
Epoch 18/200
--------------------
Loss: 7.441165924072266
Recall3: 0.03525; MRR3: 0.02365
Recall5: 0.04989; MRR5: 0.02700
Recall10: 0.08274; MRR10: 0.03128
Recall20: 0.12752; MRR20: 0.03435
New best Recall@10: 0.08274, model updated.
--------------------
Epoch 19/200
--------------------
Loss: 7.540398120880127
Recall3: 0.03746; MRR3: 0.02501
Recall5: 0.05278; MRR5: 0.02842
Recall10: 0.08591; MRR10: 0.03276
Recall20: 0.13420; MRR20: 0.03604
New best Recall@10: 0.08591, model updated.
--------------------
Epoch 20/200
--------------------
Loss: 7.2756171226501465
Recall3: 0.03851; MRR3: 0.02592
Recall5: 0.05376; MRR5: 0.02935
Recall10: 0.08661; MRR10: 0.03365
Recall20: 0.13607; MRR20: 0.03703
New best Recall@10: 0.08661, model updated.
--------------------
Epoch 21/200
--------------------
Loss: 6.909392833709717
Recall3: 0.03925; MRR3: 0.02668
Recall5: 0.05555; MRR5: 0.03039
Recall10: 0.08938; MRR10: 0.03480
Recall20: 0.13983; MRR20: 0.03824
New best Recall@10: 0.08938, model updated.
--------------------
Epoch 22/200
--------------------
Loss: 8.17034912109375
Recall3: 0.03900; MRR3: 0.02619
Recall5: 0.05727; MRR5: 0.03035
Recall10: 0.09258; MRR10: 0.03492
Recall20: 0.14411; MRR20: 0.03850
New best Recall@10: 0.09258, model updated.
--------------------
Epoch 23/200
--------------------
Loss: 7.244055271148682
Recall3: 0.04285; MRR3: 0.02873
Recall5: 0.05928; MRR5: 0.03246
Recall10: 0.09532; MRR10: 0.03716
Recall20: 0.14743; MRR20: 0.04072
New best Recall@10: 0.09532, model updated.
--------------------
Epoch 24/200
--------------------
Loss: 8.052706718444824
Recall3: 0.04560; MRR3: 0.03131
Recall5: 0.06227; MRR5: 0.03510
Recall10: 0.09844; MRR10: 0.03981
Recall20: 0.15288; MRR20: 0.04351
New best Recall@10: 0.09844, model updated.
--------------------
Epoch 25/200
--------------------
Loss: 7.057608604431152
Recall3: 0.04257; MRR3: 0.02883
Recall5: 0.06072; MRR5: 0.03291
Recall10: 0.09830; MRR10: 0.03782
Recall20: 0.15084; MRR20: 0.04142
No improvement in Recall@10. Patience counter: 1/10
--------------------
Epoch 26/200
--------------------
Loss: 6.958859443664551
Recall3: 0.04398; MRR3: 0.02953
Recall5: 0.06152; MRR5: 0.03350
Recall10: 0.09941; MRR10: 0.03849
Recall20: 0.15364; MRR20: 0.04222
New best Recall@10: 0.09941, model updated.
--------------------
Epoch 27/200
--------------------
Loss: 7.6994500160217285
Recall3: 0.04368; MRR3: 0.02975
Recall5: 0.06133; MRR5: 0.03376
Recall10: 0.10021; MRR10: 0.03887
Recall20: 0.15342; MRR20: 0.04254
New best Recall@10: 0.10021, model updated.
--------------------
Epoch 28/200
--------------------
Loss: 6.49660062789917
Recall3: 0.04368; MRR3: 0.02977
Recall5: 0.06133; MRR5: 0.03378
Recall10: 0.10404; MRR10: 0.03935
Recall20: 0.15854; MRR20: 0.04316
New best Recall@10: 0.10404, model updated.
--------------------
Epoch 29/200
--------------------
Loss: 7.6144118309021
Recall3: 0.04509; MRR3: 0.03008
Recall5: 0.06709; MRR5: 0.03500
Recall10: 0.10707; MRR10: 0.04025
Recall20: 0.16158; MRR20: 0.04402
New best Recall@10: 0.10707, model updated.
--------------------
Epoch 30/200
--------------------
Loss: 5.8227338790893555
Recall3: 0.04540; MRR3: 0.02990
Recall5: 0.06465; MRR5: 0.03427
Recall10: 0.10525; MRR10: 0.03955
Recall20: 0.15871; MRR20: 0.04327
No improvement in Recall@10. Patience counter: 1/10
--------------------
Epoch 31/200
--------------------
Loss: 7.161273002624512
Recall3: 0.04546; MRR3: 0.03018
Recall5: 0.06748; MRR5: 0.03519
Recall10: 0.10673; MRR10: 0.04037
Recall20: 0.16336; MRR20: 0.04427
No improvement in Recall@10. Patience counter: 2/10
--------------------
Epoch 32/200
--------------------
Loss: 6.793015956878662
Recall3: 0.04620; MRR3: 0.03045
Recall5: 0.06625; MRR5: 0.03499
Recall10: 0.10673; MRR10: 0.04030
Recall20: 0.16277; MRR20: 0.04417
No improvement in Recall@10. Patience counter: 3/10
--------------------
Epoch 33/200
--------------------
Loss: 6.520174503326416
Recall3: 0.04632; MRR3: 0.03034
Recall5: 0.06699; MRR5: 0.03501
Recall10: 0.10870; MRR10: 0.04056
Recall20: 0.16486; MRR20: 0.04441
New best Recall@10: 0.10870, model updated.
--------------------
Epoch 34/200
--------------------
Loss: 7.173032283782959
Recall3: 0.04669; MRR3: 0.03057
Recall5: 0.06853; MRR5: 0.03549
Recall10: 0.11017; MRR10: 0.04095
Recall20: 0.16822; MRR20: 0.04489
New best Recall@10: 0.11017, model updated.
--------------------
Epoch 35/200
--------------------
Loss: 7.205729007720947
Recall3: 0.04731; MRR3: 0.03115
Recall5: 0.07010; MRR5: 0.03630
Recall10: 0.11200; MRR10: 0.04179
Recall20: 0.16871; MRR20: 0.04567
New best Recall@10: 0.11200, model updated.
--------------------
Epoch 36/200
--------------------
Loss: 6.829841613769531
Recall3: 0.04700; MRR3: 0.03092
Recall5: 0.06877; MRR5: 0.03582
Recall10: 0.10944; MRR10: 0.04116
Recall20: 0.16683; MRR20: 0.04506
No improvement in Recall@10. Patience counter: 1/10
--------------------
Epoch 37/200
--------------------
Loss: 7.558029651641846
Recall3: 0.04860; MRR3: 0.03194
Recall5: 0.07000; MRR5: 0.03680
Recall10: 0.11011; MRR10: 0.04210
Recall20: 0.16714; MRR20: 0.04601
No improvement in Recall@10. Patience counter: 2/10
--------------------
Epoch 38/200
--------------------
Loss: 6.8247971534729
Recall3: 0.04999; MRR3: 0.03270
Recall5: 0.07078; MRR5: 0.03740
Recall10: 0.11156; MRR10: 0.04276
Recall20: 0.17173; MRR20: 0.04687
No improvement in Recall@10. Patience counter: 3/10
--------------------
Epoch 39/200
--------------------
Loss: 6.060011863708496
Recall3: 0.04952; MRR3: 0.03256
Recall5: 0.07000; MRR5: 0.03718
Recall10: 0.11329; MRR10: 0.04280
Recall20: 0.17318; MRR20: 0.04691
New best Recall@10: 0.11329, model updated.
--------------------
Epoch 40/200
--------------------
Loss: 6.679050922393799
Recall3: 0.04878; MRR3: 0.03249
Recall5: 0.06902; MRR5: 0.03707
Recall10: 0.11353; MRR10: 0.04292
Recall20: 0.17093; MRR20: 0.04682
New best Recall@10: 0.11353, model updated.
--------------------
Epoch 41/200
--------------------
Loss: 6.508633136749268
Recall3: 0.05122; MRR3: 0.03413
Recall5: 0.07238; MRR5: 0.03888
Recall10: 0.11560; MRR10: 0.04464
Recall20: 0.17562; MRR20: 0.04873
New best Recall@10: 0.11560, model updated.
--------------------
Epoch 42/200
--------------------
Loss: 6.633636951446533
Recall3: 0.04927; MRR3: 0.03285
Recall5: 0.06994; MRR5: 0.03751
Recall10: 0.11489; MRR10: 0.04351
Recall20: 0.17148; MRR20: 0.04737
No improvement in Recall@10. Patience counter: 1/10
--------------------
Epoch 43/200
--------------------
Loss: 7.385497570037842
Recall3: 0.04964; MRR3: 0.03221
Recall5: 0.07130; MRR5: 0.03707
Recall10: 0.11344; MRR10: 0.04262
Recall20: 0.16941; MRR20: 0.04644
No improvement in Recall@10. Patience counter: 2/10
--------------------
Epoch 44/200
--------------------
Loss: 7.142673015594482
Recall3: 0.04940; MRR3: 0.03292
Recall5: 0.07247; MRR5: 0.03814
Recall10: 0.11325; MRR10: 0.04348
Recall20: 0.17034; MRR20: 0.04741
No improvement in Recall@10. Patience counter: 3/10
--------------------
Epoch 45/200
--------------------
Loss: 6.396688938140869
Recall3: 0.04884; MRR3: 0.03285
Recall5: 0.07099; MRR5: 0.03786
Recall10: 0.11227; MRR10: 0.04328
Recall20: 0.17058; MRR20: 0.04725
No improvement in Recall@10. Patience counter: 4/10
--------------------
Epoch 46/200
--------------------
Loss: 6.2687249183654785
Recall3: 0.04946; MRR3: 0.03334
Recall5: 0.07189; MRR5: 0.03846
Recall10: 0.11649; MRR10: 0.04439
Recall20: 0.17216; MRR20: 0.04817
New best Recall@10: 0.11649, model updated.
--------------------
Epoch 47/200
--------------------
Loss: 6.723010540008545
Recall3: 0.04878; MRR3: 0.03283
Recall5: 0.07154; MRR5: 0.03795
Recall10: 0.11411; MRR10: 0.04357
Recall20: 0.17206; MRR20: 0.04755
No improvement in Recall@10. Patience counter: 1/10
--------------------
Epoch 48/200
--------------------
Loss: 6.529183387756348
Recall3: 0.04835; MRR3: 0.03294
Recall5: 0.07422; MRR5: 0.03885
Recall10: 0.11796; MRR10: 0.04459
Recall20: 0.17480; MRR20: 0.04845
New best Recall@10: 0.11796, model updated.
--------------------
Epoch 49/200
--------------------
Loss: 7.9731597900390625
Recall3: 0.04847; MRR3: 0.03333
Recall5: 0.07259; MRR5: 0.03881
Recall10: 0.11626; MRR10: 0.04456
Recall20: 0.17323; MRR20: 0.04845
No improvement in Recall@10. Patience counter: 1/10
--------------------
Epoch 50/200
--------------------
Loss: 7.252410888671875
Recall3: 0.05050; MRR3: 0.03364
Recall5: 0.07302; MRR5: 0.03876
Recall10: 0.11571; MRR10: 0.04440
Recall20: 0.17249; MRR20: 0.04828
No improvement in Recall@10. Patience counter: 2/10
--------------------
Epoch 51/200
--------------------
Loss: 6.5839433670043945
Recall3: 0.05038; MRR3: 0.03363
Recall5: 0.07296; MRR5: 0.03878
Recall10: 0.11540; MRR10: 0.04438
Recall20: 0.17212; MRR20: 0.04826
No improvement in Recall@10. Patience counter: 3/10
--------------------
Epoch 52/200
--------------------
Loss: 6.789356708526611
Recall3: 0.05124; MRR3: 0.03391
Recall5: 0.07370; MRR5: 0.03902
Recall10: 0.11534; MRR10: 0.04448
Recall20: 0.17304; MRR20: 0.04842
No improvement in Recall@10. Patience counter: 4/10
--------------------
Epoch 53/200
--------------------
Loss: 7.725650787353516
Recall3: 0.04977; MRR3: 0.03323
Recall5: 0.07253; MRR5: 0.03838
Recall10: 0.11442; MRR10: 0.04386
Recall20: 0.17212; MRR20: 0.04780
No improvement in Recall@10. Patience counter: 5/10
--------------------
Epoch 54/200
--------------------
Loss: 6.356590270996094
Recall3: 0.05140; MRR3: 0.03393
Recall5: 0.07574; MRR5: 0.03952
Recall10: 0.11689; MRR10: 0.04496
Recall20: 0.17527; MRR20: 0.04896
No improvement in Recall@10. Patience counter: 6/10
--------------------
Epoch 55/200
--------------------
Loss: 8.479435920715332
Recall3: 0.05130; MRR3: 0.03418
Recall5: 0.07370; MRR5: 0.03931
Recall10: 0.11608; MRR10: 0.04488
Recall20: 0.17255; MRR20: 0.04874
No improvement in Recall@10. Patience counter: 7/10
--------------------
Epoch 56/200
--------------------
Loss: 6.4473981857299805
Recall3: 0.04995; MRR3: 0.03355
Recall5: 0.07302; MRR5: 0.03880
Recall10: 0.11411; MRR10: 0.04420
Recall20: 0.17132; MRR20: 0.04812
No improvement in Recall@10. Patience counter: 8/10
--------------------
Epoch 57/200
--------------------
Loss: 5.987509727478027
Recall3: 0.04884; MRR3: 0.03291
Recall5: 0.07191; MRR5: 0.03815
Recall10: 0.11454; MRR10: 0.04376
Recall20: 0.17046; MRR20: 0.04761
No improvement in Recall@10. Patience counter: 9/10
--------------------
Epoch 58/200
--------------------
Loss: 7.831068992614746
Recall3: 0.05094; MRR3: 0.03428
Recall5: 0.07228; MRR5: 0.03912
Recall10: 0.11510; MRR10: 0.04476
Recall20: 0.17160; MRR20: 0.04871
No improvement in Recall@10. Patience counter: 10/10
Early stopping triggered. Best Recall@10: 0.11796
****************************************

Loading fine-tuning set data......
Users_a end at 94601
Loading fine-tuning set data......
Users_a end at 10484
Loading fine-tuning set data......
Users_a end at 10484
--------------------
Epoch 1/200
--------------------
Loss: 6.3175859451293945 Loss_diff 0.7184627056121826
Recall3_b: 0.05053; Mrr3: 0.03330
Recall5_b: 0.07255; Mrr5: 0.03829
Recall10_b: 0.11174; Mrr10: 0.04335
Recall20_b: 0.16649; Mrr20: 0.04709
New best Recall@10: 0.11174 at Epoch 1
--------------------
Epoch 2/200
--------------------
Loss: 6.94078254699707 Loss_diff 0.7159239649772644
Recall3_b: 0.05031; Mrr3: 0.03319
Recall5_b: 0.07138; Mrr5: 0.03802
Recall10_b: 0.11298; Mrr10: 0.04342
Recall20_b: 0.16675; Mrr20: 0.04713
New best Recall@10: 0.11298 at Epoch 2
--------------------
Epoch 3/200
--------------------
Loss: 6.096743106842041 Loss_diff 0.713543176651001
Recall3_b: 0.04973; Mrr3: 0.03361
Recall5_b: 0.07214; Mrr5: 0.03869
Recall10_b: 0.11352; Mrr10: 0.04412
Recall20_b: 0.16901; Mrr20: 0.04792
New best Recall@10: 0.11352 at Epoch 3
--------------------
Epoch 4/200
--------------------
Loss: 5.829686164855957 Loss_diff 0.7110052108764648
Recall3_b: 0.05019; Mrr3: 0.03340
Recall5_b: 0.07137; Mrr5: 0.03827
Recall10_b: 0.11457; Mrr10: 0.04391
Recall20_b: 0.16979; Mrr20: 0.04768
New best Recall@10: 0.11457 at Epoch 4
--------------------
Epoch 5/200
--------------------
Loss: 5.912100791931152 Loss_diff 0.7087821960449219
Recall3_b: 0.04996; Mrr3: 0.03378
Recall5_b: 0.07199; Mrr5: 0.03875
Recall10_b: 0.11452; Mrr10: 0.04431
Recall20_b: 0.16859; Mrr20: 0.04805
No improvement in Recall@10. Patience counter: 1/10
--------------------
Epoch 6/200
--------------------
Loss: 6.068031311035156 Loss_diff 0.7065831422805786
Recall3_b: 0.05064; Mrr3: 0.03322
Recall5_b: 0.07191; Mrr5: 0.03798
Recall10_b: 0.11352; Mrr10: 0.04339
Recall20_b: 0.16997; Mrr20: 0.04723
No improvement in Recall@10. Patience counter: 2/10
--------------------
Epoch 7/200
--------------------
Loss: 6.576717853546143 Loss_diff 0.7042476534843445
Recall3_b: 0.05007; Mrr3: 0.03337
Recall5_b: 0.07189; Mrr5: 0.03832
Recall10_b: 0.11497; Mrr10: 0.04395
Recall20_b: 0.17072; Mrr20: 0.04775
New best Recall@10: 0.11497 at Epoch 7
--------------------
Epoch 8/200
--------------------
Loss: 5.79345703125 Loss_diff 0.7018786072731018
Recall3_b: 0.05086; Mrr3: 0.03382
Recall5_b: 0.07232; Mrr5: 0.03870
Recall10_b: 0.11568; Mrr10: 0.04439
Recall20_b: 0.17244; Mrr20: 0.04821
New best Recall@10: 0.11568 at Epoch 8
--------------------
Epoch 9/200
--------------------
Loss: 5.871042728424072 Loss_diff 0.6991809606552124
Recall3_b: 0.05130; Mrr3: 0.03441
Recall5_b: 0.07241; Mrr5: 0.03917
Recall10_b: 0.11332; Mrr10: 0.04452
Recall20_b: 0.16987; Mrr20: 0.04842
No improvement in Recall@10. Patience counter: 1/10
--------------------
Epoch 10/200
--------------------
Loss: 5.971135139465332 Loss_diff 0.6967828273773193
Recall3_b: 0.05177; Mrr3: 0.03379
Recall5_b: 0.07236; Mrr5: 0.03850
Recall10_b: 0.11568; Mrr10: 0.04412
Recall20_b: 0.16876; Mrr20: 0.04775
No improvement in Recall@10. Patience counter: 2/10
--------------------
Epoch 11/200
--------------------
Loss: 6.105066776275635 Loss_diff 0.694609522819519
Recall3_b: 0.05210; Mrr3: 0.03423
Recall5_b: 0.07325; Mrr5: 0.03907
Recall10_b: 0.11483; Mrr10: 0.04450
Recall20_b: 0.16919; Mrr20: 0.04820
No improvement in Recall@10. Patience counter: 3/10
--------------------
Epoch 12/200
--------------------
Loss: 6.3109965324401855 Loss_diff 0.6923873424530029
Recall3_b: 0.05169; Mrr3: 0.03391
Recall5_b: 0.07202; Mrr5: 0.03853
Recall10_b: 0.11483; Mrr10: 0.04410
Recall20_b: 0.17004; Mrr20: 0.04788
No improvement in Recall@10. Patience counter: 4/10
--------------------
Epoch 13/200
--------------------
Loss: 6.388632297515869 Loss_diff 0.6902085542678833
Recall3_b: 0.05084; Mrr3: 0.03420
Recall5_b: 0.07280; Mrr5: 0.03916
Recall10_b: 0.11647; Mrr10: 0.04483
Recall20_b: 0.16967; Mrr20: 0.04845
New best Recall@10: 0.11647 at Epoch 13
--------------------
Epoch 14/200
--------------------
Loss: 5.741972923278809 Loss_diff 0.6879661083221436
Recall3_b: 0.05311; Mrr3: 0.03478
Recall5_b: 0.07381; Mrr5: 0.03948
Recall10_b: 0.11634; Mrr10: 0.04500
Recall20_b: 0.17215; Mrr20: 0.04879
No improvement in Recall@10. Patience counter: 1/10
--------------------
Epoch 15/200
--------------------
Loss: 5.982648849487305 Loss_diff 0.6855515241622925
Recall3_b: 0.05143; Mrr3: 0.03357
Recall5_b: 0.07118; Mrr5: 0.03805
Recall10_b: 0.11599; Mrr10: 0.04392
Recall20_b: 0.16962; Mrr20: 0.04758
No improvement in Recall@10. Patience counter: 2/10
--------------------
Epoch 16/200
--------------------
Loss: 6.542853832244873 Loss_diff 0.6832898855209351
Recall3_b: 0.05230; Mrr3: 0.03456
Recall5_b: 0.07280; Mrr5: 0.03919
Recall10_b: 0.11439; Mrr10: 0.04467
Recall20_b: 0.17115; Mrr20: 0.04853
No improvement in Recall@10. Patience counter: 3/10
--------------------
Epoch 17/200
--------------------
Loss: 5.586822032928467 Loss_diff 0.681041955947876
Recall3_b: 0.05271; Mrr3: 0.03455
Recall5_b: 0.07293; Mrr5: 0.03918
Recall10_b: 0.11489; Mrr10: 0.04467
Recall20_b: 0.17241; Mrr20: 0.04862
No improvement in Recall@10. Patience counter: 4/10
--------------------
Epoch 18/200
--------------------
Loss: 6.319004058837891 Loss_diff 0.6786829233169556
Recall3_b: 0.05124; Mrr3: 0.03393
Recall5_b: 0.07450; Mrr5: 0.03922
Recall10_b: 0.11587; Mrr10: 0.04463
Recall20_b: 0.17021; Mrr20: 0.04834
No improvement in Recall@10. Patience counter: 5/10
--------------------
Epoch 19/200
--------------------
Loss: 5.944591045379639 Loss_diff 0.6764326691627502
Recall3_b: 0.05160; Mrr3: 0.03464
Recall5_b: 0.07180; Mrr5: 0.03924
Recall10_b: 0.11474; Mrr10: 0.04486
Recall20_b: 0.17273; Mrr20: 0.04885
No improvement in Recall@10. Patience counter: 6/10
--------------------
Epoch 20/200
--------------------
Loss: 6.577070236206055 Loss_diff 0.6741214394569397
Recall3_b: 0.05092; Mrr3: 0.03446
Recall5_b: 0.07269; Mrr5: 0.03939
Recall10_b: 0.11530; Mrr10: 0.04498
Recall20_b: 0.17009; Mrr20: 0.04872
No improvement in Recall@10. Patience counter: 7/10
--------------------
Epoch 21/200
--------------------
Loss: 6.473165035247803 Loss_diff 0.6719825267791748
Recall3_b: 0.05292; Mrr3: 0.03516
Recall5_b: 0.07246; Mrr5: 0.03954
Recall10_b: 0.11511; Mrr10: 0.04516
Recall20_b: 0.17380; Mrr20: 0.04915
No improvement in Recall@10. Patience counter: 8/10
--------------------
Epoch 22/200
--------------------
Loss: 5.1539716720581055 Loss_diff 0.6696555614471436
Recall3_b: 0.05122; Mrr3: 0.03449
Recall5_b: 0.07155; Mrr5: 0.03909
Recall10_b: 0.11477; Mrr10: 0.04477
Recall20_b: 0.17246; Mrr20: 0.04869
No improvement in Recall@10. Patience counter: 9/10
--------------------
Epoch 23/200
--------------------
Loss: 5.699562072753906 Loss_diff 0.667701005935669
Recall3_b: 0.05238; Mrr3: 0.03523
Recall5_b: 0.07202; Mrr5: 0.03960
Recall10_b: 0.11665; Mrr10: 0.04535
Recall20_b: 0.17197; Mrr20: 0.04917
New best Recall@10: 0.11665 at Epoch 23
--------------------
Epoch 24/200
--------------------
Loss: 5.657485008239746 Loss_diff 0.6658586859703064
Recall3_b: 0.05055; Mrr3: 0.03463
Recall5_b: 0.07171; Mrr5: 0.03941
Recall10_b: 0.11392; Mrr10: 0.04491
Recall20_b: 0.17257; Mrr20: 0.04891
No improvement in Recall@10. Patience counter: 1/10
--------------------
Epoch 25/200
--------------------
Loss: 5.876419544219971 Loss_diff 0.6637364029884338
Recall3_b: 0.05179; Mrr3: 0.03437
Recall5_b: 0.07219; Mrr5: 0.03892
Recall10_b: 0.11510; Mrr10: 0.04458
Recall20_b: 0.17225; Mrr20: 0.04853
No improvement in Recall@10. Patience counter: 2/10
--------------------
Epoch 26/200
--------------------
Loss: 5.0197553634643555 Loss_diff 0.6615864038467407
Recall3_b: 0.05265; Mrr3: 0.03540
Recall5_b: 0.07246; Mrr5: 0.03991
Recall10_b: 0.11483; Mrr10: 0.04547
Recall20_b: 0.17144; Mrr20: 0.04937
No improvement in Recall@10. Patience counter: 3/10
--------------------
Epoch 27/200
--------------------
Loss: 6.403382778167725 Loss_diff 0.6596218347549438
Recall3_b: 0.05210; Mrr3: 0.03465
Recall5_b: 0.07239; Mrr5: 0.03921
Recall10_b: 0.11636; Mrr10: 0.04490
Recall20_b: 0.17016; Mrr20: 0.04857
No improvement in Recall@10. Patience counter: 4/10
--------------------
Epoch 28/200
--------------------
Loss: 5.602114677429199 Loss_diff 0.6571555137634277
Recall3_b: 0.05073; Mrr3: 0.03462
Recall5_b: 0.07077; Mrr5: 0.03922
Recall10_b: 0.11456; Mrr10: 0.04499
Recall20_b: 0.17129; Mrr20: 0.04889
No improvement in Recall@10. Patience counter: 5/10
--------------------
Epoch 29/200
--------------------
Loss: 5.69235372543335 Loss_diff 0.6549007296562195
Recall3_b: 0.05028; Mrr3: 0.03422
Recall5_b: 0.07251; Mrr5: 0.03927
Recall10_b: 0.11562; Mrr10: 0.04496
Recall20_b: 0.17207; Mrr20: 0.04884
No improvement in Recall@10. Patience counter: 6/10
--------------------
Epoch 30/200
--------------------
Loss: 5.417226791381836 Loss_diff 0.6528300046920776
Recall3_b: 0.05122; Mrr3: 0.03514
Recall5_b: 0.07373; Mrr5: 0.04020
Recall10_b: 0.11415; Mrr10: 0.04550
Recall20_b: 0.17283; Mrr20: 0.04951
No improvement in Recall@10. Patience counter: 7/10
--------------------
Epoch 31/200
--------------------
Loss: 5.4540300369262695 Loss_diff 0.6507103443145752
Recall3_b: 0.05219; Mrr3: 0.03550
Recall5_b: 0.07307; Mrr5: 0.04021
Recall10_b: 0.11418; Mrr10: 0.04558
Recall20_b: 0.17149; Mrr20: 0.04948
No improvement in Recall@10. Patience counter: 8/10
--------------------
Epoch 32/200
--------------------
Loss: 5.496836185455322 Loss_diff 0.6484076380729675
Recall3_b: 0.05137; Mrr3: 0.03499
Recall5_b: 0.07382; Mrr5: 0.04010
Recall10_b: 0.11581; Mrr10: 0.04563
Recall20_b: 0.17027; Mrr20: 0.04935
No improvement in Recall@10. Patience counter: 9/10
--------------------
Epoch 33/200
--------------------
Loss: 6.453549385070801 Loss_diff 0.6462503671646118
Recall3_b: 0.05189; Mrr3: 0.03557
Recall5_b: 0.07272; Mrr5: 0.04033
Recall10_b: 0.11305; Mrr10: 0.04563
Recall20_b: 0.17144; Mrr20: 0.04964
No improvement in Recall@10. Patience counter: 10/10
Early stopping triggered. Best Recall@10: 0.11665 at Epoch 23
已完成训练，测试结果：
=== Evaluation Metrics ===
Recall @3 @5 @10 @20:
0.0398
0.0588
0.0919
0.1371
NDCG @3 @5 @10 @20:
0.0305
0.0383
0.0490
0.0603
MRR @3 @5 @10 @20:
0.0274
0.0317
0.0360
0.0391
Total time cost: 3219.98 seconds.
