=== model training parameter configuration ===
device              : cpu
seed                : 608
dataset             : AM-MB
A_domain            : Amazon-KG-5core-Books
B_domain            : Amazon-KG-5core-Movies_and_TV
epoch               : 200
batch_size          : 128
patience            : 10
hidden_units        : 100
maxlen              : 15
min_len             : 0
A_size              : 8318
B_size              : 4779
all_size            : 13097
lr                  : 0.0001
lr_decline          : False
dropout_rate        : 0.45
Lambda              : 0.002
n_heads             : 1
n_layers            : 1
d_k                 : 100
d_v                 : 100
d_ff                : 2048
Strategy            : default
pretrained_embedding_path: pretrain/transE/
prompt_num_S        : 2
prompt_num          : 2
prompt_agg          : mean_noise
prompt_agg_use_all  : False
use_KG              : True
use_shared          : True
use_spec            : True
use_disen           : True
disen_way           : info
freeze_shared_prompt: True
freeze_model        : False
=========================
Loading pre-training set data......
Users_a end at 94601
Users_b start at 84118
Loading pre-training set data......
Users_a end at 10484
Users_b start at 10485
========prompt_agg_use_all=False========
[KG] common.rel: 4 relations, specific.rel: 11 relations
--------------------
Epoch 1/200
--------------------
Loss: 8.834405899047852
Recall3: 0.00892; MRR3: 0.00590
Recall5: 0.01255; MRR5: 0.00667
Recall10: 0.01833; MRR10: 0.00739
Recall20: 0.03131; MRR20: 0.00830
New best Recall@10: 0.01833, model updated.
--------------------
Epoch 2/200
--------------------
Loss: 8.900591850280762
Recall3: 0.00867; MRR3: 0.00557
Recall5: 0.01077; MRR5: 0.00607
Recall10: 0.01889; MRR10: 0.00710
Recall20: 0.03199; MRR20: 0.00799
New best Recall@10: 0.01889, model updated.
--------------------
Epoch 3/200
--------------------
Loss: 8.296262741088867
Recall3: 0.00800; MRR3: 0.00518
Recall5: 0.01372; MRR5: 0.00646
Recall10: 0.02092; MRR10: 0.00740
Recall20: 0.03476; MRR20: 0.00834
New best Recall@10: 0.02092, model updated.
--------------------
Epoch 4/200
--------------------
Loss: 8.146697044372559
Recall3: 0.01323; MRR3: 0.00759
Recall5: 0.01882; MRR5: 0.00888
Recall10: 0.02848; MRR10: 0.01011
Recall20: 0.04724; MRR20: 0.01138
New best Recall@10: 0.02848, model updated.
--------------------
Epoch 5/200
--------------------
Loss: 7.8008551597595215
Recall3: 0.01421; MRR3: 0.00920
Recall5: 0.02061; MRR5: 0.01066
Recall10: 0.03498; MRR10: 0.01246
Recall20: 0.05823; MRR20: 0.01402
New best Recall@10: 0.03498, model updated.
--------------------
Epoch 6/200
--------------------
Loss: 8.246642112731934
Recall3: 0.01476; MRR3: 0.00965
Recall5: 0.02301; MRR5: 0.01149
Recall10: 0.03697; MRR10: 0.01332
Recall20: 0.06318; MRR20: 0.01508
New best Recall@10: 0.03697, model updated.
--------------------
Epoch 7/200
--------------------
Loss: 8.362070083618164
Recall3: 0.01766; MRR3: 0.01125
Recall5: 0.02614; MRR5: 0.01313
Recall10: 0.04380; MRR10: 0.01544
Recall20: 0.07111; MRR20: 0.01725
New best Recall@10: 0.04380, model updated.
--------------------
Epoch 8/200
--------------------
Loss: 7.947573184967041
Recall3: 0.02122; MRR3: 0.01342
Recall5: 0.03193; MRR5: 0.01581
Recall10: 0.05171; MRR10: 0.01842
Recall20: 0.08155; MRR20: 0.02042
New best Recall@10: 0.05171, model updated.
--------------------
Epoch 9/200
--------------------
Loss: 7.940969944000244
Recall3: 0.02461; MRR3: 0.01630
Recall5: 0.03740; MRR5: 0.01921
Recall10: 0.05703; MRR10: 0.02177
Recall20: 0.08987; MRR20: 0.02401
New best Recall@10: 0.05703, model updated.
--------------------
Epoch 10/200
--------------------
Loss: 8.049403190612793
Recall3: 0.02559; MRR3: 0.01704
Recall5: 0.03968; MRR5: 0.02028
Recall10: 0.06164; MRR10: 0.02314
Recall20: 0.09922; MRR20: 0.02569
New best Recall@10: 0.06164, model updated.
--------------------
Epoch 11/200
--------------------
Loss: 7.842032432556152
Recall3: 0.02670; MRR3: 0.01775
Recall5: 0.03968; MRR5: 0.02069
Recall10: 0.06607; MRR10: 0.02416
Recall20: 0.10525; MRR20: 0.02680
New best Recall@10: 0.06607, model updated.
--------------------
Epoch 12/200
--------------------
Loss: 7.893082141876221
Recall3: 0.02756; MRR3: 0.01790
Recall5: 0.04236; MRR5: 0.02128
Recall10: 0.06967; MRR10: 0.02484
Recall20: 0.11490; MRR20: 0.02790
New best Recall@10: 0.06967, model updated.
--------------------
Epoch 13/200
--------------------
Loss: 7.664633750915527
Recall3: 0.02867; MRR3: 0.01861
Recall5: 0.04257; MRR5: 0.02180
Recall10: 0.07240; MRR10: 0.02577
Recall20: 0.11575; MRR20: 0.02873
New best Recall@10: 0.07240, model updated.
--------------------
Epoch 14/200
--------------------
Loss: 8.118701934814453
Recall3: 0.02996; MRR3: 0.01947
Recall5: 0.04441; MRR5: 0.02271
Recall10: 0.07499; MRR10: 0.02677
Recall20: 0.11909; MRR20: 0.02976
New best Recall@10: 0.07499, model updated.
--------------------
Epoch 15/200
--------------------
Loss: 8.601624488830566
Recall3: 0.03057; MRR3: 0.02055
Recall5: 0.04552; MRR5: 0.02395
Recall10: 0.07554; MRR10: 0.02788
Recall20: 0.11983; MRR20: 0.03094
New best Recall@10: 0.07554, model updated.
--------------------
Epoch 16/200
--------------------
Loss: 7.582755088806152
Recall3: 0.03266; MRR3: 0.02182
Recall5: 0.04780; MRR5: 0.02522
Recall10: 0.08134; MRR10: 0.02954
Recall20: 0.12929; MRR20: 0.03285
New best Recall@10: 0.08134, model updated.
--------------------
Epoch 17/200
--------------------
Loss: 7.186331748962402
Recall3: 0.03516; MRR3: 0.02444
Recall5: 0.05091; MRR5: 0.02798
Recall10: 0.08259; MRR10: 0.03214
Recall20: 0.12830; MRR20: 0.03528
New best Recall@10: 0.08259, model updated.
--------------------
Epoch 18/200
--------------------
Loss: 7.560629844665527
Recall3: 0.03562; MRR3: 0.02421
Recall5: 0.05038; MRR5: 0.02755
Recall10: 0.08243; MRR10: 0.03173
Recall20: 0.12943; MRR20: 0.03500
No improvement in Recall@10. Patience counter: 1/10
--------------------
Epoch 19/200
--------------------
Loss: 7.502971649169922
Recall3: 0.03629; MRR3: 0.02434
Recall5: 0.05204; MRR5: 0.02790
Recall10: 0.08702; MRR10: 0.03245
Recall20: 0.13531; MRR20: 0.03575
New best Recall@10: 0.08702, model updated.
--------------------
Epoch 20/200
--------------------
Loss: 7.279773235321045
Recall3: 0.03820; MRR3: 0.02548
Recall5: 0.05413; MRR5: 0.02907
Recall10: 0.08735; MRR10: 0.03340
Recall20: 0.13927; MRR20: 0.03694
New best Recall@10: 0.08735, model updated.
--------------------
Epoch 21/200
--------------------
Loss: 6.9474873542785645
Recall3: 0.03999; MRR3: 0.02598
Recall5: 0.05616; MRR5: 0.02964
Recall10: 0.08981; MRR10: 0.03409
Recall20: 0.14315; MRR20: 0.03775
New best Recall@10: 0.08981, model updated.
--------------------
Epoch 22/200
--------------------
Loss: 8.228863716125488
Recall3: 0.04072; MRR3: 0.02639
Recall5: 0.05782; MRR5: 0.03026
Recall10: 0.09227; MRR10: 0.03480
Recall20: 0.14681; MRR20: 0.03856
New best Recall@10: 0.09227, model updated.
--------------------
Epoch 23/200
--------------------
Loss: 7.29192590713501
Recall3: 0.04273; MRR3: 0.02797
Recall5: 0.05952; MRR5: 0.03176
Recall10: 0.09625; MRR10: 0.03656
Recall20: 0.14995; MRR20: 0.04025
New best Recall@10: 0.09625, model updated.
--------------------
Epoch 24/200
--------------------
Loss: 7.992639064788818
Recall3: 0.04304; MRR3: 0.02936
Recall5: 0.06106; MRR5: 0.03342
Recall10: 0.10034; MRR10: 0.03847
Recall20: 0.15251; MRR20: 0.04208
New best Recall@10: 0.10034, model updated.
--------------------
Epoch 25/200
--------------------
Loss: 7.033840179443359
Recall3: 0.04269; MRR3: 0.02794
Recall5: 0.06133; MRR5: 0.03212
Recall10: 0.10107; MRR10: 0.03733
Recall20: 0.15385; MRR20: 0.04092
New best Recall@10: 0.10107, model updated.
--------------------
Epoch 26/200
--------------------
Loss: 7.02734899520874
Recall3: 0.04368; MRR3: 0.02877
Recall5: 0.06158; MRR5: 0.03284
Recall10: 0.10132; MRR10: 0.03803
Recall20: 0.15524; MRR20: 0.04170
New best Recall@10: 0.10132, model updated.
--------------------
Epoch 27/200
--------------------
Loss: 7.869259357452393
Recall3: 0.04306; MRR3: 0.02872
Recall5: 0.06170; MRR5: 0.03292
Recall10: 0.10212; MRR10: 0.03822
Recall20: 0.15520; MRR20: 0.04186
New best Recall@10: 0.10212, model updated.
--------------------
Epoch 28/200
--------------------
Loss: 6.3685197830200195
Recall3: 0.04398; MRR3: 0.02916
Recall5: 0.06268; MRR5: 0.03341
Recall10: 0.10363; MRR10: 0.03881
Recall20: 0.15918; MRR20: 0.04262
New best Recall@10: 0.10363, model updated.
--------------------
Epoch 29/200
--------------------
Loss: 7.3309760093688965
Recall3: 0.04540; MRR3: 0.02968
Recall5: 0.06625; MRR5: 0.03442
Recall10: 0.10726; MRR10: 0.03990
Recall20: 0.16324; MRR20: 0.04375
New best Recall@10: 0.10726, model updated.
--------------------
Epoch 30/200
--------------------
Loss: 5.6164422035217285
Recall3: 0.04558; MRR3: 0.02962
Recall5: 0.06527; MRR5: 0.03413
Recall10: 0.10568; MRR10: 0.03943
Recall20: 0.16123; MRR20: 0.04326
No improvement in Recall@10. Patience counter: 1/10
--------------------
Epoch 31/200
--------------------
Loss: 6.954540729522705
Recall3: 0.04737; MRR3: 0.03056
Recall5: 0.06730; MRR5: 0.03505
Recall10: 0.10722; MRR10: 0.04027
Recall20: 0.16447; MRR20: 0.04418
No improvement in Recall@10. Patience counter: 2/10
--------------------
Epoch 32/200
--------------------
Loss: 7.0533318519592285
Recall3: 0.04558; MRR3: 0.02990
Recall5: 0.06730; MRR5: 0.03482
Recall10: 0.10808; MRR10: 0.04021
Recall20: 0.16326; MRR20: 0.04401
New best Recall@10: 0.10808, model updated.
--------------------
Epoch 33/200
--------------------
Loss: 6.462763786315918
Recall3: 0.04663; MRR3: 0.03086
Recall5: 0.06877; MRR5: 0.03587
Recall10: 0.10882; MRR10: 0.04112
Recall20: 0.16548; MRR20: 0.04501
New best Recall@10: 0.10882, model updated.
--------------------
Epoch 34/200
--------------------
Loss: 7.062417030334473
Recall3: 0.04761; MRR3: 0.03104
Recall5: 0.06921; MRR5: 0.03593
Recall10: 0.10827; MRR10: 0.04111
Recall20: 0.16720; MRR20: 0.04513
No improvement in Recall@10. Patience counter: 1/10
--------------------
Epoch 35/200
--------------------
Loss: 7.260024070739746
Recall3: 0.04974; MRR3: 0.03271
Recall5: 0.07226; MRR5: 0.03781
Recall10: 0.11126; MRR10: 0.04289
Recall20: 0.16992; MRR20: 0.04692
New best Recall@10: 0.11126, model updated.
--------------------
Epoch 36/200
--------------------
Loss: 6.949986457824707
Recall3: 0.04675; MRR3: 0.03088
Recall5: 0.06921; MRR5: 0.03599
Recall10: 0.10931; MRR10: 0.04127
Recall20: 0.16578; MRR20: 0.04512
No improvement in Recall@10. Patience counter: 1/10
--------------------
Epoch 37/200
--------------------
Loss: 7.287213325500488
Recall3: 0.04798; MRR3: 0.03209
Recall5: 0.07025; MRR5: 0.03715
Recall10: 0.11116; MRR10: 0.04255
Recall20: 0.16812; MRR20: 0.04640
No improvement in Recall@10. Patience counter: 2/10
--------------------
Epoch 38/200
--------------------
Loss: 6.958774089813232
Recall3: 0.05017; MRR3: 0.03374
Recall5: 0.07183; MRR5: 0.03866
Recall10: 0.11335; MRR10: 0.04406
Recall20: 0.17148; MRR20: 0.04799
New best Recall@10: 0.11335, model updated.
--------------------
Epoch 39/200
--------------------
Loss: 6.031388282775879
Recall3: 0.04952; MRR3: 0.03291
Recall5: 0.07234; MRR5: 0.03809
Recall10: 0.11452; MRR10: 0.04359
Recall20: 0.17416; MRR20: 0.04760
New best Recall@10: 0.11452, model updated.
--------------------
Epoch 40/200
--------------------
Loss: 6.667349815368652
Recall3: 0.04983; MRR3: 0.03311
Recall5: 0.07191; MRR5: 0.03811
Recall10: 0.11415; MRR10: 0.04369
Recall20: 0.17228; MRR20: 0.04764
No improvement in Recall@10. Patience counter: 1/10
--------------------
Epoch 41/200
--------------------
Loss: 6.493439674377441
Recall3: 0.05298; MRR3: 0.03522
Recall5: 0.07494; MRR5: 0.04023
Recall10: 0.11671; MRR10: 0.04572
Recall20: 0.17488; MRR20: 0.04965
New best Recall@10: 0.11671, model updated.
--------------------
Epoch 42/200
--------------------
Loss: 6.646054744720459
Recall3: 0.05097; MRR3: 0.03467
Recall5: 0.07379; MRR5: 0.03986
Recall10: 0.11556; MRR10: 0.04533
Recall20: 0.17099; MRR20: 0.04911
No improvement in Recall@10. Patience counter: 1/10
--------------------
Epoch 43/200
--------------------
Loss: 7.272716045379639
Recall3: 0.04946; MRR3: 0.03296
Recall5: 0.07265; MRR5: 0.03819
Recall10: 0.11313; MRR10: 0.04350
Recall20: 0.16941; MRR20: 0.04733
No improvement in Recall@10. Patience counter: 2/10
--------------------
Epoch 44/200
--------------------
Loss: 7.114597797393799
Recall3: 0.05020; MRR3: 0.03375
Recall5: 0.07290; MRR5: 0.03891
Recall10: 0.11288; MRR10: 0.04421
Recall20: 0.16972; MRR20: 0.04814
No improvement in Recall@10. Patience counter: 3/10
--------------------
Epoch 45/200
--------------------
Loss: 6.255605220794678
Recall3: 0.04921; MRR3: 0.03286
Recall5: 0.07105; MRR5: 0.03777
Recall10: 0.11282; MRR10: 0.04327
Recall20: 0.16941; MRR20: 0.04714
No improvement in Recall@10. Patience counter: 4/10
--------------------
Epoch 46/200
--------------------
Loss: 6.430484294891357
Recall3: 0.05069; MRR3: 0.03380
Recall5: 0.07355; MRR5: 0.03898
Recall10: 0.11538; MRR10: 0.04453
Recall20: 0.17093; MRR20: 0.04832
No improvement in Recall@10. Patience counter: 5/10
--------------------
Epoch 47/200
--------------------
Loss: 6.911674976348877
Recall3: 0.04952; MRR3: 0.03328
Recall5: 0.07203; MRR5: 0.03838
Recall10: 0.11387; MRR10: 0.04387
Recall20: 0.17089; MRR20: 0.04777
No improvement in Recall@10. Patience counter: 6/10
--------------------
Epoch 48/200
--------------------
Loss: 6.4087018966674805
Recall3: 0.05396; MRR3: 0.03512
Recall5: 0.07648; MRR5: 0.04022
Recall10: 0.11775; MRR10: 0.04564
Recall20: 0.17398; MRR20: 0.04950
New best Recall@10: 0.11775, model updated.
--------------------
Epoch 49/200
--------------------
Loss: 7.904683589935303
Recall3: 0.05167; MRR3: 0.03432
Recall5: 0.07320; MRR5: 0.03918
Recall10: 0.11596; MRR10: 0.04480
Recall20: 0.17255; MRR20: 0.04867
No improvement in Recall@10. Patience counter: 1/10
--------------------
Epoch 50/200
--------------------
Loss: 7.485317230224609
Recall3: 0.05118; MRR3: 0.03411
Recall5: 0.07425; MRR5: 0.03937
Recall10: 0.11692; MRR10: 0.04493
Recall20: 0.17431; MRR20: 0.04882
No improvement in Recall@10. Patience counter: 2/10
--------------------
Epoch 51/200
--------------------
Loss: 6.5265607833862305
Recall3: 0.05118; MRR3: 0.03370
Recall5: 0.07302; MRR5: 0.03867
Recall10: 0.11599; MRR10: 0.04426
Recall20: 0.17456; MRR20: 0.04831
No improvement in Recall@10. Patience counter: 3/10
--------------------
Epoch 52/200
--------------------
Loss: 7.0875701904296875
Recall3: 0.05155; MRR3: 0.03400
Recall5: 0.07320; MRR5: 0.03890
Recall10: 0.11460; MRR10: 0.04429
Recall20: 0.17261; MRR20: 0.04829
No improvement in Recall@10. Patience counter: 4/10
--------------------
Epoch 53/200
--------------------
Loss: 7.744250774383545
Recall3: 0.05106; MRR3: 0.03361
Recall5: 0.07240; MRR5: 0.03847
Recall10: 0.11356; MRR10: 0.04382
Recall20: 0.17071; MRR20: 0.04780
No improvement in Recall@10. Patience counter: 5/10
--------------------
Epoch 54/200
--------------------
Loss: 6.634552001953125
Recall3: 0.05349; MRR3: 0.03523
Recall5: 0.07525; MRR5: 0.04026
Recall10: 0.11702; MRR10: 0.04576
Recall20: 0.17472; MRR20: 0.04971
No improvement in Recall@10. Patience counter: 6/10
--------------------
Epoch 55/200
--------------------
Loss: 8.230012893676758
Recall3: 0.05229; MRR3: 0.03454
Recall5: 0.07333; MRR5: 0.03927
Recall10: 0.11491; MRR10: 0.04473
Recall20: 0.17083; MRR20: 0.04858
No improvement in Recall@10. Patience counter: 7/10
--------------------
Epoch 56/200
--------------------
Loss: 6.4254865646362305
Recall3: 0.05100; MRR3: 0.03400
Recall5: 0.07283; MRR5: 0.03898
Recall10: 0.11436; MRR10: 0.04442
Recall20: 0.17138; MRR20: 0.04829
No improvement in Recall@10. Patience counter: 8/10
--------------------
Epoch 57/200
--------------------
Loss: 6.09984827041626
Recall3: 0.05167; MRR3: 0.03416
Recall5: 0.07308; MRR5: 0.03900
Recall10: 0.11596; MRR10: 0.04465
Recall20: 0.17175; MRR20: 0.04847
No improvement in Recall@10. Patience counter: 9/10
--------------------
Epoch 58/200
--------------------
Loss: 8.044336318969727
Recall3: 0.05130; MRR3: 0.03433
Recall5: 0.07259; MRR5: 0.03922
Recall10: 0.11722; MRR10: 0.04503
Recall20: 0.17087; MRR20: 0.04873
No improvement in Recall@10. Patience counter: 10/10
Early stopping triggered. Best Recall@10: 0.11775
****************************************

Loading fine-tuning set data......
Users_a end at 94601
Loading fine-tuning set data......
Users_a end at 10484
Loading fine-tuning set data......
Users_a end at 10484
--------------------
Epoch 1/200
--------------------
Loss: 6.121373176574707 Loss_diff 0.6860625743865967
Recall3_b: 0.05062; Mrr3: 0.03403
Recall5_b: 0.07121; Mrr5: 0.03875
Recall10_b: 0.11137; Mrr10: 0.04397
Recall20_b: 0.16610; Mrr20: 0.04772
New best Recall@10: 0.11137 at Epoch 1
--------------------
Epoch 2/200
--------------------
Loss: 6.701827526092529 Loss_diff 0.6829668283462524
Recall3_b: 0.05163; Mrr3: 0.03433
Recall5_b: 0.07196; Mrr5: 0.03898
Recall10_b: 0.11164; Mrr10: 0.04413
Recall20_b: 0.16679; Mrr20: 0.04794
New best Recall@10: 0.11164 at Epoch 2
--------------------
Epoch 3/200
--------------------
Loss: 5.884207725524902 Loss_diff 0.6791428327560425
Recall3_b: 0.05065; Mrr3: 0.03436
Recall5_b: 0.07079; Mrr5: 0.03895
Recall10_b: 0.11131; Mrr10: 0.04429
Recall20_b: 0.16737; Mrr20: 0.04810
No improvement in Recall@10. Patience counter: 1/10
--------------------
Epoch 4/200
--------------------
Loss: 5.967463493347168 Loss_diff 0.676069974899292
Recall3_b: 0.05140; Mrr3: 0.03453
Recall5_b: 0.07239; Mrr5: 0.03932
Recall10_b: 0.11139; Mrr10: 0.04444
Recall20_b: 0.16767; Mrr20: 0.04831
No improvement in Recall@10. Patience counter: 2/10
--------------------
Epoch 5/200
--------------------
Loss: 5.892459392547607 Loss_diff 0.6728296279907227
Recall3_b: 0.05150; Mrr3: 0.03447
Recall5_b: 0.07201; Mrr5: 0.03911
Recall10_b: 0.11216; Mrr10: 0.04438
Recall20_b: 0.16974; Mrr20: 0.04832
New best Recall@10: 0.11216 at Epoch 5
--------------------
Epoch 6/200
--------------------
Loss: 6.043181419372559 Loss_diff 0.6693888902664185
Recall3_b: 0.05128; Mrr3: 0.03382
Recall5_b: 0.07114; Mrr5: 0.03834
Recall10_b: 0.11129; Mrr10: 0.04365
Recall20_b: 0.16826; Mrr20: 0.04757
No improvement in Recall@10. Patience counter: 1/10
--------------------
Epoch 7/200
--------------------
Loss: 6.767691135406494 Loss_diff 0.6654101014137268
Recall3_b: 0.05141; Mrr3: 0.03373
Recall5_b: 0.07170; Mrr5: 0.03836
Recall10_b: 0.11186; Mrr10: 0.04364
Recall20_b: 0.16747; Mrr20: 0.04743
No improvement in Recall@10. Patience counter: 2/10
--------------------
Epoch 8/200
--------------------
Loss: 5.488468170166016 Loss_diff 0.6617213487625122
Recall3_b: 0.05269; Mrr3: 0.03496
Recall5_b: 0.07224; Mrr5: 0.03934
Recall10_b: 0.11219; Mrr10: 0.04463
Recall20_b: 0.16883; Mrr20: 0.04854
New best Recall@10: 0.11219 at Epoch 8
--------------------
Epoch 9/200
--------------------
Loss: 5.802420139312744 Loss_diff 0.6584558486938477
Recall3_b: 0.05389; Mrr3: 0.03503
Recall5_b: 0.07277; Mrr5: 0.03931
Recall10_b: 0.11332; Mrr10: 0.04464
Recall20_b: 0.17054; Mrr20: 0.04853
New best Recall@10: 0.11332 at Epoch 9
--------------------
Epoch 10/200
--------------------
Loss: 6.088514804840088 Loss_diff 0.6552087068557739
Recall3_b: 0.05388; Mrr3: 0.03518
Recall5_b: 0.07306; Mrr5: 0.03952
Recall10_b: 0.11302; Mrr10: 0.04480
Recall20_b: 0.17094; Mrr20: 0.04876
No improvement in Recall@10. Patience counter: 1/10
--------------------
Epoch 11/200
--------------------
Loss: 5.911207675933838 Loss_diff 0.6512731313705444
Recall3_b: 0.05312; Mrr3: 0.03513
Recall5_b: 0.07208; Mrr5: 0.03940
Recall10_b: 0.11282; Mrr10: 0.04482
Recall20_b: 0.17016; Mrr20: 0.04876
No improvement in Recall@10. Patience counter: 2/10
--------------------
Epoch 12/200
--------------------
Loss: 6.253253936767578 Loss_diff 0.6483361721038818
Recall3_b: 0.05253; Mrr3: 0.03461
Recall5_b: 0.07230; Mrr5: 0.03903
Recall10_b: 0.11282; Mrr10: 0.04432
Recall20_b: 0.16888; Mrr20: 0.04820
No improvement in Recall@10. Patience counter: 3/10
--------------------
Epoch 13/200
--------------------
Loss: 6.092913627624512 Loss_diff 0.6456061601638794
Recall3_b: 0.05269; Mrr3: 0.03486
Recall5_b: 0.07279; Mrr5: 0.03939
Recall10_b: 0.11295; Mrr10: 0.04470
Recall20_b: 0.16952; Mrr20: 0.04855
No improvement in Recall@10. Patience counter: 4/10
--------------------
Epoch 14/200
--------------------
Loss: 5.51929235458374 Loss_diff 0.6434662938117981
Recall3_b: 0.05262; Mrr3: 0.03480
Recall5_b: 0.07267; Mrr5: 0.03930
Recall10_b: 0.11167; Mrr10: 0.04454
Recall20_b: 0.16970; Mrr20: 0.04855
No improvement in Recall@10. Patience counter: 5/10
--------------------
Epoch 15/200
--------------------
Loss: 5.788154602050781 Loss_diff 0.6403314471244812
Recall3_b: 0.05246; Mrr3: 0.03505
Recall5_b: 0.07173; Mrr5: 0.03936
Recall10_b: 0.11245; Mrr10: 0.04482
Recall20_b: 0.16728; Mrr20: 0.04860
No improvement in Recall@10. Patience counter: 6/10
--------------------
Epoch 16/200
--------------------
Loss: 6.546417236328125 Loss_diff 0.6366250514984131
Recall3_b: 0.05258; Mrr3: 0.03495
Recall5_b: 0.07212; Mrr5: 0.03935
Recall10_b: 0.11217; Mrr10: 0.04467
Recall20_b: 0.16837; Mrr20: 0.04850
No improvement in Recall@10. Patience counter: 7/10
--------------------
Epoch 17/200
--------------------
Loss: 5.808884143829346 Loss_diff 0.6328240633010864
Recall3_b: 0.05377; Mrr3: 0.03514
Recall5_b: 0.07371; Mrr5: 0.03965
Recall10_b: 0.11348; Mrr10: 0.04490
Recall20_b: 0.16964; Mrr20: 0.04872
New best Recall@10: 0.11348 at Epoch 17
--------------------
Epoch 18/200
--------------------
Loss: 6.178682804107666 Loss_diff 0.6303038597106934
Recall3_b: 0.05275; Mrr3: 0.03481
Recall5_b: 0.07298; Mrr5: 0.03935
Recall10_b: 0.11380; Mrr10: 0.04467
Recall20_b: 0.17118; Mrr20: 0.04856
New best Recall@10: 0.11380 at Epoch 18
--------------------
Epoch 19/200
--------------------
Loss: 6.0534138679504395 Loss_diff 0.6276412010192871
Recall3_b: 0.05256; Mrr3: 0.03510
Recall5_b: 0.07362; Mrr5: 0.03987
Recall10_b: 0.11264; Mrr10: 0.04498
Recall20_b: 0.17102; Mrr20: 0.04897
No improvement in Recall@10. Patience counter: 1/10
--------------------
Epoch 20/200
--------------------
Loss: 6.525387287139893 Loss_diff 0.6239360570907593
Recall3_b: 0.05283; Mrr3: 0.03538
Recall5_b: 0.07267; Mrr5: 0.03988
Recall10_b: 0.11418; Mrr10: 0.04529
Recall20_b: 0.16908; Mrr20: 0.04903
New best Recall@10: 0.11418 at Epoch 20
--------------------
Epoch 21/200
--------------------
Loss: 6.724133491516113 Loss_diff 0.6215258240699768
Recall3_b: 0.05225; Mrr3: 0.03540
Recall5_b: 0.07295; Mrr5: 0.04003
Recall10_b: 0.11225; Mrr10: 0.04517
Recall20_b: 0.17004; Mrr20: 0.04913
No improvement in Recall@10. Patience counter: 1/10
--------------------
Epoch 22/200
--------------------
Loss: 5.589537620544434 Loss_diff 0.6186193227767944
Recall3_b: 0.05209; Mrr3: 0.03529
Recall5_b: 0.07288; Mrr5: 0.03995
Recall10_b: 0.11254; Mrr10: 0.04517
Recall20_b: 0.16833; Mrr20: 0.04897
No improvement in Recall@10. Patience counter: 2/10
--------------------
Epoch 23/200
--------------------
Loss: 5.707504749298096 Loss_diff 0.6159493327140808
Recall3_b: 0.05200; Mrr3: 0.03538
Recall5_b: 0.07345; Mrr5: 0.04021
Recall10_b: 0.11389; Mrr10: 0.04550
Recall20_b: 0.17177; Mrr20: 0.04946
No improvement in Recall@10. Patience counter: 3/10
--------------------
Epoch 24/200
--------------------
Loss: 5.741719722747803 Loss_diff 0.6127581596374512
Recall3_b: 0.05129; Mrr3: 0.03490
Recall5_b: 0.07389; Mrr5: 0.03999
Recall10_b: 0.11384; Mrr10: 0.04518
Recall20_b: 0.16980; Mrr20: 0.04898
No improvement in Recall@10. Patience counter: 4/10
--------------------
Epoch 25/200
--------------------
Loss: 5.7827277183532715 Loss_diff 0.6097085475921631
Recall3_b: 0.05292; Mrr3: 0.03542
Recall5_b: 0.07180; Mrr5: 0.03966
Recall10_b: 0.11347; Mrr10: 0.04515
Recall20_b: 0.16935; Mrr20: 0.04897
No improvement in Recall@10. Patience counter: 5/10
--------------------
Epoch 26/200
--------------------
Loss: 4.846767425537109 Loss_diff 0.6066427230834961
Recall3_b: 0.05236; Mrr3: 0.03503
Recall5_b: 0.07189; Mrr5: 0.03944
Recall10_b: 0.11319; Mrr10: 0.04476
Recall20_b: 0.17116; Mrr20: 0.04871
No improvement in Recall@10. Patience counter: 6/10
--------------------
Epoch 27/200
--------------------
Loss: 6.453603744506836 Loss_diff 0.603732705116272
Recall3_b: 0.05277; Mrr3: 0.03518
Recall5_b: 0.07287; Mrr5: 0.03973
Recall10_b: 0.11226; Mrr10: 0.04496
Recall20_b: 0.16881; Mrr20: 0.04884
No improvement in Recall@10. Patience counter: 7/10
--------------------
Epoch 28/200
--------------------
Loss: 5.380169868469238 Loss_diff 0.6001797914505005
Recall3_b: 0.05226; Mrr3: 0.03534
Recall5_b: 0.07401; Mrr5: 0.04022
Recall10_b: 0.11265; Mrr10: 0.04528
Recall20_b: 0.17038; Mrr20: 0.04922
No improvement in Recall@10. Patience counter: 8/10
--------------------
Epoch 29/200
--------------------
Loss: 5.449556350708008 Loss_diff 0.5973230004310608
Recall3_b: 0.05226; Mrr3: 0.03474
Recall5_b: 0.07269; Mrr5: 0.03936
Recall10_b: 0.11254; Mrr10: 0.04458
Recall20_b: 0.16930; Mrr20: 0.04845
No improvement in Recall@10. Patience counter: 9/10
--------------------
Epoch 30/200
--------------------
Loss: 5.251286506652832 Loss_diff 0.5946428775787354
Recall3_b: 0.05123; Mrr3: 0.03473
Recall5_b: 0.07268; Mrr5: 0.03962
Recall10_b: 0.11246; Mrr10: 0.04482
Recall20_b: 0.17169; Mrr20: 0.04887
No improvement in Recall@10. Patience counter: 10/10
Early stopping triggered. Best Recall@10: 0.11418 at Epoch 20
已完成训练，测试结果：
=== Evaluation Metrics ===
Recall @3 @5 @10 @20:
0.0403
0.0594
0.0917
0.1392
NDCG @3 @5 @10 @20:
0.0307
0.0385
0.0488
0.0608
MRR @3 @5 @10 @20:
0.0273
0.0317
0.0359
0.0391
Total time cost: 3108.08 seconds.
