=== model training parameter configuration ===
device              : cpu
seed                : 608
dataset             : AM-MB
A_domain            : Amazon-KG-5core-Books
B_domain            : Amazon-KG-5core-Movies_and_TV
epoch               : 200
batch_size          : 128
patience            : 10
hidden_units        : 100
maxlen              : 15
min_len             : 0
A_size              : 8318
B_size              : 4779
all_size            : 13097
lr                  : 0.0001
lr_decline          : False
dropout_rate        : 0.45
Lambda              : 0.002
n_heads             : 1
n_layers            : 1
d_k                 : 100
d_v                 : 100
d_ff                : 2048
Strategy            : default
pretrained_embedding_path: pretrain/transE/
prompt_num_S        : 2
prompt_num          : 2
prompt_agg          : mean_noise
prompt_agg_use_all  : False
use_KG              : True
use_shared          : True
use_spec            : True
use_disen           : True
disen_way           : info
freeze_shared_prompt: True
freeze_model        : False
=========================
Loading pre-training set data......
Users_a end at 94601
Users_b start at 84118
Loading pre-training set data......
Users_a end at 10484
Users_b start at 10485
========prompt_agg_use_all=False========
[KG] common.rel: 4 relations, specific.rel: 11 relations
--------------------
Epoch 1/200
--------------------
Loss: 8.809632301330566
Recall3: 0.00763; MRR3: 0.00546
Recall5: 0.01255; MRR5: 0.00656
Recall10: 0.01901; MRR10: 0.00739
Recall20: 0.03543; MRR20: 0.00848
New best Recall@10: 0.01901, model updated.
--------------------
Epoch 2/200
--------------------
Loss: 8.906155586242676
Recall3: 0.00763; MRR3: 0.00546
Recall5: 0.01150; MRR5: 0.00638
Recall10: 0.02005; MRR10: 0.00748
Recall20: 0.03242; MRR20: 0.00832
New best Recall@10: 0.02005, model updated.
--------------------
Epoch 3/200
--------------------
Loss: 8.323933601379395
Recall3: 0.00984; MRR3: 0.00620
Recall5: 0.01470; MRR5: 0.00729
Recall10: 0.02227; MRR10: 0.00826
Recall20: 0.03593; MRR20: 0.00919
New best Recall@10: 0.02227, model updated.
--------------------
Epoch 4/200
--------------------
Loss: 8.024739265441895
Recall3: 0.01200; MRR3: 0.00721
Recall5: 0.01772; MRR5: 0.00854
Recall10: 0.02750; MRR10: 0.00979
Recall20: 0.04681; MRR20: 0.01109
New best Recall@10: 0.02750, model updated.
--------------------
Epoch 5/200
--------------------
Loss: 7.7903242111206055
Recall3: 0.01409; MRR3: 0.00921
Recall5: 0.01981; MRR5: 0.01050
Recall10: 0.03442; MRR10: 0.01236
Recall20: 0.05694; MRR20: 0.01385
New best Recall@10: 0.03442, model updated.
--------------------
Epoch 6/200
--------------------
Loss: 8.235494613647461
Recall3: 0.01470; MRR3: 0.00967
Recall5: 0.02159; MRR5: 0.01123
Recall10: 0.03580; MRR10: 0.01310
Recall20: 0.06324; MRR20: 0.01495
New best Recall@10: 0.03580, model updated.
--------------------
Epoch 7/200
--------------------
Loss: 8.550156593322754
Recall3: 0.01753; MRR3: 0.01108
Recall5: 0.02541; MRR5: 0.01282
Recall10: 0.04300; MRR10: 0.01507
Recall20: 0.07170; MRR20: 0.01704
New best Recall@10: 0.04300, model updated.
--------------------
Epoch 8/200
--------------------
Loss: 7.955739498138428
Recall3: 0.02147; MRR3: 0.01359
Recall5: 0.03223; MRR5: 0.01605
Recall10: 0.05038; MRR10: 0.01844
Recall20: 0.08271; MRR20: 0.02062
New best Recall@10: 0.05038, model updated.
--------------------
Epoch 9/200
--------------------
Loss: 7.955471038818359
Recall3: 0.02399; MRR3: 0.01591
Recall5: 0.03605; MRR5: 0.01863
Recall10: 0.05690; MRR10: 0.02133
Recall20: 0.08981; MRR20: 0.02352
New best Recall@10: 0.05690, model updated.
--------------------
Epoch 10/200
--------------------
Loss: 8.059110641479492
Recall3: 0.02516; MRR3: 0.01710
Recall5: 0.03839; MRR5: 0.02013
Recall10: 0.05967; MRR10: 0.02290
Recall20: 0.09695; MRR20: 0.02540
New best Recall@10: 0.05967, model updated.
--------------------
Epoch 11/200
--------------------
Loss: 7.787477970123291
Recall3: 0.02565; MRR3: 0.01726
Recall5: 0.03931; MRR5: 0.02030
Recall10: 0.06318; MRR10: 0.02344
Recall20: 0.10261; MRR20: 0.02612
New best Recall@10: 0.06318, model updated.
--------------------
Epoch 12/200
--------------------
Loss: 7.960188865661621
Recall3: 0.02725; MRR3: 0.01813
Recall5: 0.04168; MRR5: 0.02135
Recall10: 0.06697; MRR10: 0.02468
Recall20: 0.11238; MRR20: 0.02775
New best Recall@10: 0.06697, model updated.
--------------------
Epoch 13/200
--------------------
Loss: 7.807725429534912
Recall3: 0.02891; MRR3: 0.01896
Recall5: 0.04318; MRR5: 0.02217
Recall10: 0.07019; MRR10: 0.02569
Recall20: 0.11439; MRR20: 0.02869
New best Recall@10: 0.07019, model updated.
--------------------
Epoch 14/200
--------------------
Loss: 8.179159164428711
Recall3: 0.02996; MRR3: 0.01938
Recall5: 0.04417; MRR5: 0.02261
Recall10: 0.07351; MRR10: 0.02644
Recall20: 0.11577; MRR20: 0.02934
New best Recall@10: 0.07351, model updated.
--------------------
Epoch 15/200
--------------------
Loss: 8.677519798278809
Recall3: 0.03020; MRR3: 0.02053
Recall5: 0.04466; MRR5: 0.02382
Recall10: 0.07468; MRR10: 0.02777
Recall20: 0.11676; MRR20: 0.03065
New best Recall@10: 0.07468, model updated.
--------------------
Epoch 16/200
--------------------
Loss: 7.6212158203125
Recall3: 0.03377; MRR3: 0.02219
Recall5: 0.04817; MRR5: 0.02544
Recall10: 0.07890; MRR10: 0.02942
Recall20: 0.12958; MRR20: 0.03298
New best Recall@10: 0.07890, model updated.
--------------------
Epoch 17/200
--------------------
Loss: 7.251554012298584
Recall3: 0.03584; MRR3: 0.02370
Recall5: 0.05042; MRR5: 0.02700
Recall10: 0.08075; MRR10: 0.03092
Recall20: 0.12418; MRR20: 0.03387
New best Recall@10: 0.08075, model updated.
--------------------
Epoch 18/200
--------------------
Loss: 7.376465797424316
Recall3: 0.03488; MRR3: 0.02382
Recall5: 0.05161; MRR5: 0.02759
Recall10: 0.08206; MRR10: 0.03157
Recall20: 0.12765; MRR20: 0.03466
New best Recall@10: 0.08206, model updated.
--------------------
Epoch 19/200
--------------------
Loss: 7.414857387542725
Recall3: 0.03703; MRR3: 0.02484
Recall5: 0.05210; MRR5: 0.02824
Recall10: 0.08634; MRR10: 0.03269
Recall20: 0.13260; MRR20: 0.03587
New best Recall@10: 0.08634, model updated.
--------------------
Epoch 20/200
--------------------
Loss: 7.445135593414307
Recall3: 0.03820; MRR3: 0.02599
Recall5: 0.05450; MRR5: 0.02968
Recall10: 0.08612; MRR10: 0.03382
Recall20: 0.13583; MRR20: 0.03723
No improvement in Recall@10. Patience counter: 1/10
--------------------
Epoch 21/200
--------------------
Loss: 7.0348734855651855
Recall3: 0.04017; MRR3: 0.02663
Recall5: 0.05641; MRR5: 0.03029
Recall10: 0.08969; MRR10: 0.03461
Recall20: 0.13896; MRR20: 0.03797
New best Recall@10: 0.08969, model updated.
--------------------
Epoch 22/200
--------------------
Loss: 8.130305290222168
Recall3: 0.04109; MRR3: 0.02685
Recall5: 0.05915; MRR5: 0.03090
Recall10: 0.09416; MRR10: 0.03551
Recall20: 0.14503; MRR20: 0.03895
New best Recall@10: 0.09416, model updated.
--------------------
Epoch 23/200
--------------------
Loss: 7.304185390472412
Recall3: 0.04134; MRR3: 0.02763
Recall5: 0.06106; MRR5: 0.03215
Recall10: 0.09446; MRR10: 0.03651
Recall20: 0.14737; MRR20: 0.04013
New best Recall@10: 0.09446, model updated.
--------------------
Epoch 24/200
--------------------
Loss: 8.009346008300781
Recall3: 0.04590; MRR3: 0.03114
Recall5: 0.06233; MRR5: 0.03485
Recall10: 0.09745; MRR10: 0.03946
Recall20: 0.15030; MRR20: 0.04307
New best Recall@10: 0.09745, model updated.
--------------------
Epoch 25/200
--------------------
Loss: 7.014227390289307
Recall3: 0.04337; MRR3: 0.02899
Recall5: 0.06164; MRR5: 0.03318
Recall10: 0.09849; MRR10: 0.03799
Recall20: 0.15028; MRR20: 0.04152
New best Recall@10: 0.09849, model updated.
--------------------
Epoch 26/200
--------------------
Loss: 6.866311073303223
Recall3: 0.04509; MRR3: 0.02995
Recall5: 0.06299; MRR5: 0.03398
Recall10: 0.09916; MRR10: 0.03870
Recall20: 0.15420; MRR20: 0.04241
New best Recall@10: 0.09916, model updated.
--------------------
Epoch 27/200
--------------------
Loss: 7.983442783355713
Recall3: 0.04503; MRR3: 0.02981
Recall5: 0.06324; MRR5: 0.03394
Recall10: 0.10002; MRR10: 0.03872
Recall20: 0.15262; MRR20: 0.04231
New best Recall@10: 0.10002, model updated.
--------------------
Epoch 28/200
--------------------
Loss: 6.451744556427002
Recall3: 0.04497; MRR3: 0.02963
Recall5: 0.06293; MRR5: 0.03372
Recall10: 0.10301; MRR10: 0.03902
Recall20: 0.15690; MRR20: 0.04270
New best Recall@10: 0.10301, model updated.
--------------------
Epoch 29/200
--------------------
Loss: 7.446218013763428
Recall3: 0.04657; MRR3: 0.03042
Recall5: 0.06478; MRR5: 0.03455
Recall10: 0.10664; MRR10: 0.04007
Recall20: 0.16272; MRR20: 0.04389
New best Recall@10: 0.10664, model updated.
--------------------
Epoch 30/200
--------------------
Loss: 5.795862674713135
Recall3: 0.04546; MRR3: 0.02998
Recall5: 0.06490; MRR5: 0.03444
Recall10: 0.10408; MRR10: 0.03963
Recall20: 0.15846; MRR20: 0.04338
No improvement in Recall@10. Patience counter: 1/10
--------------------
Epoch 31/200
--------------------
Loss: 7.131575107574463
Recall3: 0.04663; MRR3: 0.03092
Recall5: 0.06668; MRR5: 0.03547
Recall10: 0.10710; MRR10: 0.04082
Recall20: 0.16099; MRR20: 0.04449
New best Recall@10: 0.10710, model updated.
--------------------
Epoch 32/200
--------------------
Loss: 6.86892032623291
Recall3: 0.04564; MRR3: 0.03002
Recall5: 0.06662; MRR5: 0.03477
Recall10: 0.10581; MRR10: 0.03995
Recall20: 0.16136; MRR20: 0.04374
No improvement in Recall@10. Patience counter: 1/10
--------------------
Epoch 33/200
--------------------
Loss: 6.637942314147949
Recall3: 0.04608; MRR3: 0.03045
Recall5: 0.06748; MRR5: 0.03535
Recall10: 0.10808; MRR10: 0.04073
Recall20: 0.16197; MRR20: 0.04441
New best Recall@10: 0.10808, model updated.
--------------------
Epoch 34/200
--------------------
Loss: 7.035791873931885
Recall3: 0.04731; MRR3: 0.03096
Recall5: 0.06841; MRR5: 0.03579
Recall10: 0.10882; MRR10: 0.04115
Recall20: 0.16564; MRR20: 0.04498
New best Recall@10: 0.10882, model updated.
--------------------
Epoch 35/200
--------------------
Loss: 7.517065525054932
Recall3: 0.04780; MRR3: 0.03114
Recall5: 0.06949; MRR5: 0.03610
Recall10: 0.10972; MRR10: 0.04147
Recall20: 0.16564; MRR20: 0.04530
New best Recall@10: 0.10972, model updated.
--------------------
Epoch 36/200
--------------------
Loss: 6.898677349090576
Recall3: 0.04638; MRR3: 0.03060
Recall5: 0.06804; MRR5: 0.03547
Recall10: 0.10827; MRR10: 0.04077
Recall20: 0.16499; MRR20: 0.04463
No improvement in Recall@10. Patience counter: 1/10
--------------------
Epoch 37/200
--------------------
Loss: 7.308945655822754
Recall3: 0.04761; MRR3: 0.03168
Recall5: 0.06791; MRR5: 0.03630
Recall10: 0.10913; MRR10: 0.04170
Recall20: 0.16683; MRR20: 0.04564
No improvement in Recall@10. Patience counter: 2/10
--------------------
Epoch 38/200
--------------------
Loss: 6.598413944244385
Recall3: 0.04931; MRR3: 0.03263
Recall5: 0.07103; MRR5: 0.03755
Recall10: 0.11033; MRR10: 0.04271
Recall20: 0.17062; MRR20: 0.04679
New best Recall@10: 0.11033, model updated.
--------------------
Epoch 39/200
--------------------
Loss: 6.0675201416015625
Recall3: 0.04823; MRR3: 0.03189
Recall5: 0.07044; MRR5: 0.03695
Recall10: 0.11144; MRR10: 0.04224
Recall20: 0.17438; MRR20: 0.04653
New best Recall@10: 0.11144, model updated.
--------------------
Epoch 40/200
--------------------
Loss: 6.653713703155518
Recall3: 0.04731; MRR3: 0.03214
Recall5: 0.07056; MRR5: 0.03745
Recall10: 0.11323; MRR10: 0.04306
Recall20: 0.17130; MRR20: 0.04706
New best Recall@10: 0.11323, model updated.
--------------------
Epoch 41/200
--------------------
Loss: 6.5478010177612305
Recall3: 0.04792; MRR3: 0.03216
Recall5: 0.07207; MRR5: 0.03770
Recall10: 0.11419; MRR10: 0.04313
Recall20: 0.17324; MRR20: 0.04719
New best Recall@10: 0.11419, model updated.
--------------------
Epoch 42/200
--------------------
Loss: 6.6573920249938965
Recall3: 0.04829; MRR3: 0.03261
Recall5: 0.07148; MRR5: 0.03791
Recall10: 0.11282; MRR10: 0.04329
Recall20: 0.17271; MRR20: 0.04736
No improvement in Recall@10. Patience counter: 1/10
--------------------
Epoch 43/200
--------------------
Loss: 7.435335636138916
Recall3: 0.04921; MRR3: 0.03240
Recall5: 0.07031; MRR5: 0.03718
Recall10: 0.11153; MRR10: 0.04262
Recall20: 0.16972; MRR20: 0.04660
No improvement in Recall@10. Patience counter: 2/10
--------------------
Epoch 44/200
--------------------
Loss: 7.1941728591918945
Recall3: 0.04866; MRR3: 0.03254
Recall5: 0.07013; MRR5: 0.03740
Recall10: 0.11313; MRR10: 0.04303
Recall20: 0.17126; MRR20: 0.04701
No improvement in Recall@10. Patience counter: 3/10
--------------------
Epoch 45/200
--------------------
Loss: 6.038834095001221
Recall3: 0.04934; MRR3: 0.03341
Recall5: 0.06951; MRR5: 0.03797
Recall10: 0.11091; MRR10: 0.04344
Recall20: 0.16978; MRR20: 0.04746
No improvement in Recall@10. Patience counter: 4/10
--------------------
Epoch 46/200
--------------------
Loss: 6.137539863586426
Recall3: 0.04891; MRR3: 0.03296
Recall5: 0.07226; MRR5: 0.03817
Recall10: 0.11329; MRR10: 0.04360
Recall20: 0.17277; MRR20: 0.04766
No improvement in Recall@10. Patience counter: 5/10
--------------------
Epoch 47/200
--------------------
Loss: 6.832655429840088
Recall3: 0.04860; MRR3: 0.03285
Recall5: 0.07019; MRR5: 0.03774
Recall10: 0.11153; MRR10: 0.04314
Recall20: 0.17089; MRR20: 0.04725
No improvement in Recall@10. Patience counter: 6/10
--------------------
Epoch 48/200
--------------------
Loss: 6.53391695022583
Recall3: 0.04903; MRR3: 0.03331
Recall5: 0.07287; MRR5: 0.03867
Recall10: 0.11443; MRR10: 0.04412
Recall20: 0.17687; MRR20: 0.04842
New best Recall@10: 0.11443, model updated.
--------------------
Epoch 49/200
--------------------
Loss: 7.844316005706787
Recall3: 0.05020; MRR3: 0.03379
Recall5: 0.07093; MRR5: 0.03846
Recall10: 0.11467; MRR10: 0.04411
Recall20: 0.17470; MRR20: 0.04819
New best Recall@10: 0.11467, model updated.
--------------------
Epoch 50/200
--------------------
Loss: 7.376288890838623
Recall3: 0.04921; MRR3: 0.03301
Recall5: 0.07142; MRR5: 0.03807
Recall10: 0.11661; MRR10: 0.04400
Recall20: 0.17579; MRR20: 0.04810
New best Recall@10: 0.11661, model updated.
--------------------
Epoch 51/200
--------------------
Loss: 6.705365180969238
Recall3: 0.04952; MRR3: 0.03310
Recall5: 0.07191; MRR5: 0.03816
Recall10: 0.11387; MRR10: 0.04357
Recall20: 0.17382; MRR20: 0.04768
No improvement in Recall@10. Patience counter: 1/10
--------------------
Epoch 52/200
--------------------
Loss: 6.884284019470215
Recall3: 0.05007; MRR3: 0.03335
Recall5: 0.07087; MRR5: 0.03805
Recall10: 0.11300; MRR10: 0.04357
Recall20: 0.17384; MRR20: 0.04775
No improvement in Recall@10. Patience counter: 2/10
--------------------
Epoch 53/200
--------------------
Loss: 7.88569974899292
Recall3: 0.04835; MRR3: 0.03301
Recall5: 0.06964; MRR5: 0.03781
Recall10: 0.11153; MRR10: 0.04328
Recall20: 0.17255; MRR20: 0.04748
No improvement in Recall@10. Patience counter: 3/10
--------------------
Epoch 54/200
--------------------
Loss: 6.555255889892578
Recall3: 0.05292; MRR3: 0.03489
Recall5: 0.07315; MRR5: 0.03947
Recall10: 0.11492; MRR10: 0.04495
Recall20: 0.17533; MRR20: 0.04912
No improvement in Recall@10. Patience counter: 4/10
--------------------
Epoch 55/200
--------------------
Loss: 8.427011489868164
Recall3: 0.04970; MRR3: 0.03399
Recall5: 0.07031; MRR5: 0.03865
Recall10: 0.11202; MRR10: 0.04415
Recall20: 0.17480; MRR20: 0.04845
No improvement in Recall@10. Patience counter: 5/10
--------------------
Epoch 56/200
--------------------
Loss: 6.552540302276611
Recall3: 0.04952; MRR3: 0.03328
Recall5: 0.07031; MRR5: 0.03804
Recall10: 0.11387; MRR10: 0.04379
Recall20: 0.17132; MRR20: 0.04773
No improvement in Recall@10. Patience counter: 6/10
--------------------
Epoch 57/200
--------------------
Loss: 5.927345275878906
Recall3: 0.04915; MRR3: 0.03252
Recall5: 0.06902; MRR5: 0.03704
Recall10: 0.11257; MRR10: 0.04281
Recall20: 0.17157; MRR20: 0.04691
No improvement in Recall@10. Patience counter: 7/10
--------------------
Epoch 58/200
--------------------
Loss: 7.960762023925781
Recall3: 0.04915; MRR3: 0.03360
Recall5: 0.07124; MRR5: 0.03858
Recall10: 0.11276; MRR10: 0.04398
Recall20: 0.17382; MRR20: 0.04820
No improvement in Recall@10. Patience counter: 8/10
--------------------
Epoch 59/200
--------------------
Loss: 6.415608882904053
Recall3: 0.04854; MRR3: 0.03277
Recall5: 0.07031; MRR5: 0.03767
Recall10: 0.11593; MRR10: 0.04371
Recall20: 0.17564; MRR20: 0.04785
No improvement in Recall@10. Patience counter: 9/10
--------------------
Epoch 60/200
--------------------
Loss: 6.050091743469238
Recall3: 0.04952; MRR3: 0.03279
Recall5: 0.07124; MRR5: 0.03772
Recall10: 0.11313; MRR10: 0.04322
Recall20: 0.17237; MRR20: 0.04728
No improvement in Recall@10. Patience counter: 10/10
Early stopping triggered. Best Recall@10: 0.11661
****************************************

Loading fine-tuning set data......
Users_a end at 94601
Loading fine-tuning set data......
Users_a end at 10484
Loading fine-tuning set data......
Users_a end at 10484
--------------------
Epoch 1/200
--------------------
Loss: 6.977497100830078 Loss_diff 0.6932418346405029
Recall3_b: 0.04824; Mrr3: 0.03240
Recall5_b: 0.06759; Mrr5: 0.03678
Recall10_b: 0.11099; Mrr10: 0.04253
Recall20_b: 0.16914; Mrr20: 0.04649
New best Recall@10: 0.11099 at Epoch 1
--------------------
Epoch 2/200
--------------------
Loss: 6.0065531730651855 Loss_diff 0.6883569955825806
Recall3_b: 0.04879; Mrr3: 0.03216
Recall5_b: 0.06919; Mrr5: 0.03672
Recall10_b: 0.11250; Mrr10: 0.04239
Recall20_b: 0.16852; Mrr20: 0.04613
New best Recall@10: 0.11250 at Epoch 2
--------------------
Epoch 3/200
--------------------
Loss: 6.923430442810059 Loss_diff 0.6840752959251404
Recall3_b: 0.04895; Mrr3: 0.03316
Recall5_b: 0.07002; Mrr5: 0.03796
Recall10_b: 0.11167; Mrr10: 0.04340
Recall20_b: 0.17036; Mrr20: 0.04745
No improvement in Recall@10. Patience counter: 1/10
--------------------
Epoch 4/200
--------------------
Loss: 6.274576663970947 Loss_diff 0.6799226999282837
Recall3_b: 0.04894; Mrr3: 0.03244
Recall5_b: 0.06896; Mrr5: 0.03699
Recall10_b: 0.11108; Mrr10: 0.04249
Recall20_b: 0.16917; Mrr20: 0.04643
No improvement in Recall@10. Patience counter: 2/10
--------------------
Epoch 5/200
--------------------
Loss: 6.235061168670654 Loss_diff 0.6758496761322021
Recall3_b: 0.04864; Mrr3: 0.03307
Recall5_b: 0.07031; Mrr5: 0.03797
Recall10_b: 0.11225; Mrr10: 0.04351
Recall20_b: 0.17055; Mrr20: 0.04753
No improvement in Recall@10. Patience counter: 3/10
--------------------
Epoch 6/200
--------------------
Loss: 6.57138204574585 Loss_diff 0.6714400053024292
Recall3_b: 0.04854; Mrr3: 0.03311
Recall5_b: 0.06894; Mrr5: 0.03780
Recall10_b: 0.11374; Mrr10: 0.04372
Recall20_b: 0.17038; Mrr20: 0.04754
New best Recall@10: 0.11374 at Epoch 6
--------------------
Epoch 7/200
--------------------
Loss: 6.513488292694092 Loss_diff 0.6675065755844116
Recall3_b: 0.04870; Mrr3: 0.03267
Recall5_b: 0.07024; Mrr5: 0.03758
Recall10_b: 0.11419; Mrr10: 0.04322
Recall20_b: 0.17025; Mrr20: 0.04703
New best Recall@10: 0.11419 at Epoch 7
--------------------
Epoch 8/200
--------------------
Loss: 6.780702114105225 Loss_diff 0.6632142066955566
Recall3_b: 0.04954; Mrr3: 0.03332
Recall5_b: 0.06947; Mrr5: 0.03788
Recall10_b: 0.11067; Mrr10: 0.04328
Recall20_b: 0.16922; Mrr20: 0.04732
No improvement in Recall@10. Patience counter: 1/10
--------------------
Epoch 9/200
--------------------
Loss: 6.265803813934326 Loss_diff 0.6587862968444824
Recall3_b: 0.05093; Mrr3: 0.03403
Recall5_b: 0.06991; Mrr5: 0.03834
Recall10_b: 0.11362; Mrr10: 0.04407
Recall20_b: 0.17076; Mrr20: 0.04794
No improvement in Recall@10. Patience counter: 2/10
--------------------
Epoch 10/200
--------------------
Loss: 7.266401290893555 Loss_diff 0.6546982526779175
Recall3_b: 0.04995; Mrr3: 0.03351
Recall5_b: 0.06990; Mrr5: 0.03801
Recall10_b: 0.11396; Mrr10: 0.04373
Recall20_b: 0.17023; Mrr20: 0.04758
No improvement in Recall@10. Patience counter: 3/10
--------------------
Epoch 11/200
--------------------
Loss: 6.434122085571289 Loss_diff 0.6512678861618042
Recall3_b: 0.04949; Mrr3: 0.03357
Recall5_b: 0.07096; Mrr5: 0.03845
Recall10_b: 0.11597; Mrr10: 0.04433
Recall20_b: 0.17146; Mrr20: 0.04812
New best Recall@10: 0.11597 at Epoch 11
--------------------
Epoch 12/200
--------------------
Loss: 5.342288494110107 Loss_diff 0.6474965810775757
Recall3_b: 0.04901; Mrr3: 0.03347
Recall5_b: 0.06941; Mrr5: 0.03806
Recall10_b: 0.11446; Mrr10: 0.04398
Recall20_b: 0.17084; Mrr20: 0.04785
No improvement in Recall@10. Patience counter: 1/10
--------------------
Epoch 13/200
--------------------
Loss: 6.753087997436523 Loss_diff 0.6433330774307251
Recall3_b: 0.05036; Mrr3: 0.03394
Recall5_b: 0.07105; Mrr5: 0.03865
Recall10_b: 0.11595; Mrr10: 0.04451
Recall20_b: 0.17337; Mrr20: 0.04840
No improvement in Recall@10. Patience counter: 2/10
--------------------
Epoch 14/200
--------------------
Loss: 6.426385402679443 Loss_diff 0.6399340629577637
Recall3_b: 0.05130; Mrr3: 0.03412
Recall5_b: 0.07258; Mrr5: 0.03892
Recall10_b: 0.11454; Mrr10: 0.04437
Recall20_b: 0.17159; Mrr20: 0.04827
No improvement in Recall@10. Patience counter: 3/10
--------------------
Epoch 15/200
--------------------
Loss: 6.222365379333496 Loss_diff 0.6362349987030029
Recall3_b: 0.05026; Mrr3: 0.03424
Recall5_b: 0.07143; Mrr5: 0.03908
Recall10_b: 0.11357; Mrr10: 0.04460
Recall20_b: 0.17011; Mrr20: 0.04848
No improvement in Recall@10. Patience counter: 4/10
--------------------
Epoch 16/200
--------------------
Loss: 6.243702411651611 Loss_diff 0.6325599551200867
Recall3_b: 0.05103; Mrr3: 0.03381
Recall5_b: 0.07172; Mrr5: 0.03851
Recall10_b: 0.11505; Mrr10: 0.04418
Recall20_b: 0.17103; Mrr20: 0.04801
No improvement in Recall@10. Patience counter: 5/10
--------------------
Epoch 17/200
--------------------
Loss: 6.599081993103027 Loss_diff 0.629467248916626
Recall3_b: 0.05017; Mrr3: 0.03317
Recall5_b: 0.07029; Mrr5: 0.03772
Recall10_b: 0.11277; Mrr10: 0.04328
Recall20_b: 0.17018; Mrr20: 0.04724
No improvement in Recall@10. Patience counter: 6/10
--------------------
Epoch 18/200
--------------------
Loss: 6.0129313468933105 Loss_diff 0.6265379190444946
Recall3_b: 0.05104; Mrr3: 0.03409
Recall5_b: 0.07192; Mrr5: 0.03883
Recall10_b: 0.11416; Mrr10: 0.04433
Recall20_b: 0.16928; Mrr20: 0.04809
No improvement in Recall@10. Patience counter: 7/10
--------------------
Epoch 19/200
--------------------
Loss: 6.270696640014648 Loss_diff 0.624160647392273
Recall3_b: 0.04872; Mrr3: 0.03289
Recall5_b: 0.07160; Mrr5: 0.03811
Recall10_b: 0.11318; Mrr10: 0.04363
Recall20_b: 0.16901; Mrr20: 0.04748
No improvement in Recall@10. Patience counter: 8/10
--------------------
Epoch 20/200
--------------------
Loss: 6.319611549377441 Loss_diff 0.6210660934448242
Recall3_b: 0.05065; Mrr3: 0.03375
Recall5_b: 0.07212; Mrr5: 0.03863
Recall10_b: 0.11311; Mrr10: 0.04389
Recall20_b: 0.17164; Mrr20: 0.04787
No improvement in Recall@10. Patience counter: 9/10
--------------------
Epoch 21/200
--------------------
Loss: 6.025454044342041 Loss_diff 0.6177067756652832
Recall3_b: 0.04941; Mrr3: 0.03377
Recall5_b: 0.06981; Mrr5: 0.03846
Recall10_b: 0.11172; Mrr10: 0.04392
Recall20_b: 0.17103; Mrr20: 0.04798
No improvement in Recall@10. Patience counter: 10/10
Early stopping triggered. Best Recall@10: 0.11597 at Epoch 11
已完成训练，测试结果：
=== Evaluation Metrics ===
Recall @3 @5 @10 @20:
0.0402
0.0589
0.0918
0.1359
NDCG @3 @5 @10 @20:
0.0305
0.0382
0.0487
0.0598
MRR @3 @5 @10 @20:
0.0271
0.0314
0.0357
0.0387
Total time cost: 2829.18 seconds.
