=== model training parameter configuration ===
device              : cpu
seed                : 608
dataset             : AM-MB
A_domain            : Amazon-KG-5core-Books
B_domain            : Amazon-KG-5core-Movies_and_TV
epoch               : 200
batch_size          : 128
patience            : 10
hidden_units        : 100
maxlen              : 15
min_len             : 0
A_size              : 8318
B_size              : 4779
all_size            : 13097
lr                  : 0.0001
lr_decline          : False
dropout_rate        : 0.45
Lambda              : 0.002
n_heads             : 1
n_layers            : 1
d_k                 : 100
d_v                 : 100
d_ff                : 2048
Strategy            : default
pretrained_embedding_path: pretrain/transE/
prompt_num_S        : 17
prompt_num          : 6
prompt_agg          : identity
prompt_agg_use_all  : False
use_KG              : True
use_shared          : True
use_spec            : True
use_disen           : True
disen_way           : info
freeze_shared_prompt: True
freeze_model        : False
=========================
Loading pre-training set data......
Users_a end at 94601
Users_b start at 84118
Loading pre-training set data......
Users_a end at 10484
Users_b start at 10485
========prompt_agg_use_all=False========
--------------------
Epoch 1/200
--------------------
Loss: 8.663695335388184
Recall3: 0.00763; MRR3: 0.00516
Recall5: 0.01255; MRR5: 0.00626
Recall10: 0.02067; MRR10: 0.00726
Recall20: 0.03433; MRR20: 0.00812
New best Recall@10: 0.02067, model updated.
--------------------
Epoch 2/200
--------------------
Loss: 8.887261390686035
Recall3: 0.00892; MRR3: 0.00559
Recall5: 0.01077; MRR5: 0.00601
Recall10: 0.01895; MRR10: 0.00713
Recall20: 0.03045; MRR20: 0.00790
No improvement in Recall@10. Patience counter: 1/10
--------------------
Epoch 3/200
--------------------
Loss: 9.694456100463867
Recall3: 0.00824; MRR3: 0.00483
Recall5: 0.01058; MRR5: 0.00535
Recall10: 0.01882; MRR10: 0.00644
Recall20: 0.03451; MRR20: 0.00749
No improvement in Recall@10. Patience counter: 2/10
--------------------
Epoch 4/200
--------------------
Loss: 8.70584487915039
Recall3: 0.00898; MRR3: 0.00576
Recall5: 0.01366; MRR5: 0.00684
Recall10: 0.02233; MRR10: 0.00799
Recall20: 0.03549; MRR20: 0.00886
New best Recall@10: 0.02233, model updated.
--------------------
Epoch 5/200
--------------------
Loss: 8.499076843261719
Recall3: 0.01249; MRR3: 0.00771
Recall5: 0.01796; MRR5: 0.00894
Recall10: 0.02664; MRR10: 0.01006
Recall20: 0.04386; MRR20: 0.01121
New best Recall@10: 0.02664, model updated.
--------------------
Epoch 6/200
--------------------
Loss: 7.929839611053467
Recall3: 0.01499; MRR3: 0.00930
Recall5: 0.02114; MRR5: 0.01068
Recall10: 0.03233; MRR10: 0.01216
Recall20: 0.05417; MRR20: 0.01362
New best Recall@10: 0.03233, model updated.
--------------------
Epoch 7/200
--------------------
Loss: 8.419146537780762
Recall3: 0.01550; MRR3: 0.01011
Recall5: 0.02110; MRR5: 0.01136
Recall10: 0.03482; MRR10: 0.01315
Recall20: 0.06133; MRR20: 0.01495
New best Recall@10: 0.03482, model updated.
--------------------
Epoch 8/200
--------------------
Loss: 8.030710220336914
Recall3: 0.01612; MRR3: 0.01027
Recall5: 0.02368; MRR5: 0.01196
Recall10: 0.04011; MRR10: 0.01408
Recall20: 0.06711; MRR20: 0.01591
New best Recall@10: 0.04011, model updated.
--------------------
Epoch 9/200
--------------------
Loss: 7.520534992218018
Recall3: 0.02110; MRR3: 0.01331
Recall5: 0.03203; MRR5: 0.01573
Recall10: 0.04962; MRR10: 0.01800
Recall20: 0.07896; MRR20: 0.01999
New best Recall@10: 0.04962, model updated.
--------------------
Epoch 10/200
--------------------
Loss: 7.421719551086426
Recall3: 0.02274; MRR3: 0.01405
Recall5: 0.03356; MRR5: 0.01649
Recall10: 0.05202; MRR10: 0.01886
Recall20: 0.08222; MRR20: 0.02092
New best Recall@10: 0.05202, model updated.
--------------------
Epoch 11/200
--------------------
Loss: 8.061936378479004
Recall3: 0.02415; MRR3: 0.01692
Recall5: 0.03442; MRR5: 0.01925
Recall10: 0.05651; MRR10: 0.02213
Recall20: 0.08868; MRR20: 0.02430
New best Recall@10: 0.05651, model updated.
--------------------
Epoch 12/200
--------------------
Loss: 7.453155040740967
Recall3: 0.02491; MRR3: 0.01617
Recall5: 0.03549; MRR5: 0.01855
Recall10: 0.05832; MRR10: 0.02149
Recall20: 0.09480; MRR20: 0.02392
New best Recall@10: 0.05832, model updated.
--------------------
Epoch 13/200
--------------------
Loss: 8.254682540893555
Recall3: 0.02657; MRR3: 0.01778
Recall5: 0.03740; MRR5: 0.02023
Recall10: 0.06065; MRR10: 0.02327
Recall20: 0.09959; MRR20: 0.02592
New best Recall@10: 0.06065, model updated.
--------------------
Epoch 14/200
--------------------
Loss: 8.104631423950195
Recall3: 0.02651; MRR3: 0.01726
Recall5: 0.03925; MRR5: 0.02014
Recall10: 0.06336; MRR10: 0.02328
Recall20: 0.10402; MRR20: 0.02606
New best Recall@10: 0.06336, model updated.
--------------------
Epoch 15/200
--------------------
Loss: 7.543182373046875
Recall3: 0.02873; MRR3: 0.01857
Recall5: 0.04189; MRR5: 0.02150
Recall10: 0.06983; MRR10: 0.02504
Recall20: 0.11074; MRR20: 0.02782
New best Recall@10: 0.06983, model updated.
--------------------
Epoch 16/200
--------------------
Loss: 6.816101551055908
Recall3: 0.02873; MRR3: 0.01867
Recall5: 0.04275; MRR5: 0.02186
Recall10: 0.07084; MRR10: 0.02551
Recall20: 0.11310; MRR20: 0.02840
New best Recall@10: 0.07084, model updated.
--------------------
Epoch 17/200
--------------------
Loss: 7.9275736808776855
Recall3: 0.02922; MRR3: 0.01894
Recall5: 0.04275; MRR5: 0.02202
Recall10: 0.07240; MRR10: 0.02587
Recall20: 0.11337; MRR20: 0.02868
New best Recall@10: 0.07240, model updated.
--------------------
Epoch 18/200
--------------------
Loss: 7.739954948425293
Recall3: 0.03319; MRR3: 0.02127
Recall5: 0.04740; MRR5: 0.02446
Recall10: 0.07728; MRR10: 0.02833
Recall20: 0.11923; MRR20: 0.03120
New best Recall@10: 0.07728, model updated.
--------------------
Epoch 19/200
--------------------
Loss: 8.491983413696289
Recall3: 0.03020; MRR3: 0.01938
Recall5: 0.04472; MRR5: 0.02267
Recall10: 0.07530; MRR10: 0.02674
Recall20: 0.11780; MRR20: 0.02964
No improvement in Recall@10. Patience counter: 1/10
--------------------
Epoch 20/200
--------------------
Loss: 7.6019392013549805
Recall3: 0.03242; MRR3: 0.02097
Recall5: 0.04798; MRR5: 0.02443
Recall10: 0.07769; MRR10: 0.02825
Recall20: 0.12112; MRR20: 0.03123
New best Recall@10: 0.07769, model updated.
--------------------
Epoch 21/200
--------------------
Loss: 7.943386554718018
Recall3: 0.03457; MRR3: 0.02245
Recall5: 0.05081; MRR5: 0.02609
Recall10: 0.08145; MRR10: 0.03011
Recall20: 0.12605; MRR20: 0.03315
New best Recall@10: 0.08145, model updated.
--------------------
Epoch 22/200
--------------------
Loss: 7.6219682693481445
Recall3: 0.03346; MRR3: 0.02176
Recall5: 0.04970; MRR5: 0.02538
Recall10: 0.08083; MRR10: 0.02945
Recall20: 0.12824; MRR20: 0.03269
No improvement in Recall@10. Patience counter: 1/10
--------------------
Epoch 23/200
--------------------
Loss: 7.68990421295166
Recall3: 0.03396; MRR3: 0.02279
Recall5: 0.04921; MRR5: 0.02622
Recall10: 0.08157; MRR10: 0.03049
Recall20: 0.12666; MRR20: 0.03357
New best Recall@10: 0.08157, model updated.
--------------------
Epoch 24/200
--------------------
Loss: 7.97415828704834
Recall3: 0.03642; MRR3: 0.02405
Recall5: 0.05149; MRR5: 0.02744
Recall10: 0.08335; MRR10: 0.03156
Recall20: 0.13205; MRR20: 0.03485
New best Recall@10: 0.08335, model updated.
--------------------
Epoch 25/200
--------------------
Loss: 7.6180949211120605
Recall3: 0.03906; MRR3: 0.02481
Recall5: 0.05469; MRR5: 0.02837
Recall10: 0.08883; MRR10: 0.03278
Recall20: 0.13890; MRR20: 0.03617
New best Recall@10: 0.08883, model updated.
--------------------
Epoch 26/200
--------------------
Loss: 7.415279865264893
Recall3: 0.04082; MRR3: 0.02637
Recall5: 0.05719; MRR5: 0.03007
Recall10: 0.09333; MRR10: 0.03488
Recall20: 0.14541; MRR20: 0.03841
New best Recall@10: 0.09333, model updated.
--------------------
Epoch 27/200
--------------------
Loss: 7.890156269073486
Recall3: 0.04029; MRR3: 0.02682
Recall5: 0.05586; MRR5: 0.03037
Recall10: 0.08981; MRR10: 0.03477
Recall20: 0.14281; MRR20: 0.03839
No improvement in Recall@10. Patience counter: 1/10
--------------------
Epoch 28/200
--------------------
Loss: 7.283702373504639
Recall3: 0.04097; MRR3: 0.02660
Recall5: 0.05715; MRR5: 0.03026
Recall10: 0.09313; MRR10: 0.03500
Recall20: 0.14425; MRR20: 0.03846
No improvement in Recall@10. Patience counter: 2/10
--------------------
Epoch 29/200
--------------------
Loss: 7.942809104919434
Recall3: 0.04183; MRR3: 0.02764
Recall5: 0.05776; MRR5: 0.03122
Recall10: 0.09881; MRR10: 0.03653
Recall20: 0.15263; MRR20: 0.04021
New best Recall@10: 0.09881, model updated.
--------------------
Epoch 30/200
--------------------
Loss: 7.519946575164795
Recall3: 0.04275; MRR3: 0.02787
Recall5: 0.05955; MRR5: 0.03169
Recall10: 0.09744; MRR10: 0.03657
Recall20: 0.14973; MRR20: 0.04013
No improvement in Recall@10. Patience counter: 1/10
--------------------
Epoch 31/200
--------------------
Loss: 7.423666477203369
Recall3: 0.04208; MRR3: 0.02724
Recall5: 0.05850; MRR5: 0.03098
Recall10: 0.09779; MRR10: 0.03604
Recall20: 0.14952; MRR20: 0.03959
No improvement in Recall@10. Patience counter: 2/10
--------------------
Epoch 32/200
--------------------
Loss: 7.074974060058594
Recall3: 0.04368; MRR3: 0.02847
Recall5: 0.06035; MRR5: 0.03227
Recall10: 0.09898; MRR10: 0.03732
Recall20: 0.15573; MRR20: 0.04119
New best Recall@10: 0.09898, model updated.
--------------------
Epoch 33/200
--------------------
Loss: 7.5190815925598145
Recall3: 0.04580; MRR3: 0.02979
Recall5: 0.06389; MRR5: 0.03390
Recall10: 0.10252; MRR10: 0.03895
Recall20: 0.15807; MRR20: 0.04276
New best Recall@10: 0.10252, model updated.
--------------------
Epoch 34/200
--------------------
Loss: 6.638370990753174
Recall3: 0.04343; MRR3: 0.02831
Recall5: 0.06268; MRR5: 0.03262
Recall10: 0.10068; MRR10: 0.03759
Recall20: 0.15770; MRR20: 0.04149
No improvement in Recall@10. Patience counter: 1/10
--------------------
Epoch 35/200
--------------------
Loss: 7.336480140686035
Recall3: 0.04820; MRR3: 0.03146
Recall5: 0.06617; MRR5: 0.03554
Recall10: 0.10431; MRR10: 0.04052
Recall20: 0.16268; MRR20: 0.04448
New best Recall@10: 0.10431, model updated.
--------------------
Epoch 36/200
--------------------
Loss: 7.230815410614014
Recall3: 0.04620; MRR3: 0.02948
Recall5: 0.06515; MRR5: 0.03377
Recall10: 0.10556; MRR10: 0.03903
Recall20: 0.16209; MRR20: 0.04289
New best Recall@10: 0.10556, model updated.
--------------------
Epoch 37/200
--------------------
Loss: 7.422770977020264
Recall3: 0.04593; MRR3: 0.03062
Recall5: 0.06604; MRR5: 0.03517
Recall10: 0.10375; MRR10: 0.04008
Recall20: 0.16268; MRR20: 0.04414
No improvement in Recall@10. Patience counter: 1/10
--------------------
Epoch 38/200
--------------------
Loss: 8.274266242980957
Recall3: 0.04694; MRR3: 0.03068
Recall5: 0.06619; MRR5: 0.03503
Recall10: 0.10655; MRR10: 0.04033
Recall20: 0.16228; MRR20: 0.04416
New best Recall@10: 0.10655, model updated.
--------------------
Epoch 39/200
--------------------
Loss: 7.216644763946533
Recall3: 0.04509; MRR3: 0.02917
Recall5: 0.06613; MRR5: 0.03388
Recall10: 0.10990; MRR10: 0.03944
Recall20: 0.16734; MRR20: 0.04336
New best Recall@10: 0.10990, model updated.
--------------------
Epoch 40/200
--------------------
Loss: 7.440992832183838
Recall3: 0.04771; MRR3: 0.03088
Recall5: 0.06764; MRR5: 0.03534
Recall10: 0.10966; MRR10: 0.04083
Recall20: 0.16601; MRR20: 0.04471
No improvement in Recall@10. Patience counter: 1/10
--------------------
Epoch 41/200
--------------------
Loss: 7.02004861831665
Recall3: 0.04876; MRR3: 0.03173
Recall5: 0.06949; MRR5: 0.03638
Recall10: 0.11021; MRR10: 0.04167
Recall20: 0.16699; MRR20: 0.04557
New best Recall@10: 0.11021, model updated.
--------------------
Epoch 42/200
--------------------
Loss: 6.077922821044922
Recall3: 0.04546; MRR3: 0.02923
Recall5: 0.06607; MRR5: 0.03386
Recall10: 0.11021; MRR10: 0.03968
Recall20: 0.16813; MRR20: 0.04365
No improvement in Recall@10. Patience counter: 1/10
--------------------
Epoch 43/200
--------------------
Loss: 7.2735490798950195
Recall3: 0.04845; MRR3: 0.03111
Recall5: 0.07140; MRR5: 0.03629
Recall10: 0.11308; MRR10: 0.04166
Recall20: 0.17383; MRR20: 0.04580
New best Recall@10: 0.11308, model updated.
--------------------
Epoch 44/200
--------------------
Loss: 7.103885650634766
Recall3: 0.04688; MRR3: 0.03015
Recall5: 0.06871; MRR5: 0.03510
Recall10: 0.11292; MRR10: 0.04086
Recall20: 0.17105; MRR20: 0.04486
No improvement in Recall@10. Patience counter: 1/10
--------------------
Epoch 45/200
--------------------
Loss: 6.269932270050049
Recall3: 0.04804; MRR3: 0.03084
Recall5: 0.06865; MRR5: 0.03545
Recall10: 0.10999; MRR10: 0.04082
Recall20: 0.16831; MRR20: 0.04480
No improvement in Recall@10. Patience counter: 2/10
--------------------
Epoch 46/200
--------------------
Loss: 6.294467449188232
Recall3: 0.04737; MRR3: 0.03117
Recall5: 0.06847; MRR5: 0.03594
Recall10: 0.11224; MRR10: 0.04172
Recall20: 0.17007; MRR20: 0.04570
No improvement in Recall@10. Patience counter: 3/10
--------------------
Epoch 47/200
--------------------
Loss: 8.043601036071777
Recall3: 0.04767; MRR3: 0.03104
Recall5: 0.06921; MRR5: 0.03588
Recall10: 0.11159; MRR10: 0.04145
Recall20: 0.16911; MRR20: 0.04541
No improvement in Recall@10. Patience counter: 4/10
--------------------
Epoch 48/200
--------------------
Loss: 7.009888172149658
Recall3: 0.04891; MRR3: 0.03202
Recall5: 0.07025; MRR5: 0.03685
Recall10: 0.11387; MRR10: 0.04258
Recall20: 0.17114; MRR20: 0.04650
New best Recall@10: 0.11387, model updated.
--------------------
Epoch 49/200
--------------------
Loss: 5.824803829193115
Recall3: 0.04964; MRR3: 0.03249
Recall5: 0.07099; MRR5: 0.03739
Recall10: 0.11624; MRR10: 0.04330
Recall20: 0.17283; MRR20: 0.04719
New best Recall@10: 0.11624, model updated.
--------------------
Epoch 50/200
--------------------
Loss: 7.640631675720215
Recall3: 0.04915; MRR3: 0.03198
Recall5: 0.07179; MRR5: 0.03707
Recall10: 0.11766; MRR10: 0.04303
Recall20: 0.17589; MRR20: 0.04701
New best Recall@10: 0.11766, model updated.
--------------------
Epoch 51/200
--------------------
Loss: 7.814984321594238
Recall3: 0.04774; MRR3: 0.03083
Recall5: 0.07068; MRR5: 0.03599
Recall10: 0.11313; MRR10: 0.04156
Recall20: 0.16941; MRR20: 0.04543
No improvement in Recall@10. Patience counter: 1/10
--------------------
Epoch 52/200
--------------------
Loss: 7.374225616455078
Recall3: 0.04995; MRR3: 0.03258
Recall5: 0.07117; MRR5: 0.03741
Recall10: 0.11497; MRR10: 0.04320
Recall20: 0.17206; MRR20: 0.04715
No improvement in Recall@10. Patience counter: 2/10
--------------------
Epoch 53/200
--------------------
Loss: 6.453810214996338
Recall3: 0.05007; MRR3: 0.03284
Recall5: 0.07296; MRR5: 0.03803
Recall10: 0.11583; MRR10: 0.04364
Recall20: 0.17579; MRR20: 0.04776
No improvement in Recall@10. Patience counter: 3/10
--------------------
Epoch 54/200
--------------------
Loss: 7.002807140350342
Recall3: 0.04974; MRR3: 0.03222
Recall5: 0.07189; MRR5: 0.03721
Recall10: 0.11710; MRR10: 0.04315
Recall20: 0.17459; MRR20: 0.04710
No improvement in Recall@10. Patience counter: 4/10
--------------------
Epoch 55/200
--------------------
Loss: 6.287208080291748
Recall3: 0.04927; MRR3: 0.03224
Recall5: 0.07247; MRR5: 0.03757
Recall10: 0.11606; MRR10: 0.04326
Recall20: 0.17801; MRR20: 0.04749
No improvement in Recall@10. Patience counter: 5/10
--------------------
Epoch 56/200
--------------------
Loss: 5.95540189743042
Recall3: 0.04860; MRR3: 0.03150
Recall5: 0.07124; MRR5: 0.03662
Recall10: 0.11670; MRR10: 0.04259
Recall20: 0.17237; MRR20: 0.04642
No improvement in Recall@10. Patience counter: 6/10
--------------------
Epoch 57/200
--------------------
Loss: 7.01670503616333
Recall3: 0.05085; MRR3: 0.03307
Recall5: 0.07349; MRR5: 0.03822
Recall10: 0.11704; MRR10: 0.04393
Recall20: 0.17247; MRR20: 0.04774
No improvement in Recall@10. Patience counter: 7/10
--------------------
Epoch 58/200
--------------------
Loss: 7.151457786560059
Recall3: 0.04854; MRR3: 0.03154
Recall5: 0.07179; MRR5: 0.03683
Recall10: 0.11633; MRR10: 0.04263
Recall20: 0.17163; MRR20: 0.04642
No improvement in Recall@10. Patience counter: 8/10
--------------------
Epoch 59/200
--------------------
Loss: 7.009832859039307
Recall3: 0.04968; MRR3: 0.03242
Recall5: 0.07586; MRR5: 0.03834
Recall10: 0.12009; MRR10: 0.04410
Recall20: 0.17736; MRR20: 0.04804
New best Recall@10: 0.12009, model updated.
--------------------
Epoch 60/200
--------------------
Loss: 6.633274078369141
Recall3: 0.05014; MRR3: 0.03266
Recall5: 0.07320; MRR5: 0.03796
Recall10: 0.11774; MRR10: 0.04380
Recall20: 0.17483; MRR20: 0.04773
No improvement in Recall@10. Patience counter: 1/10
--------------------
Epoch 61/200
--------------------
Loss: 7.179620265960693
Recall3: 0.04983; MRR3: 0.03221
Recall5: 0.07413; MRR5: 0.03772
Recall10: 0.11962; MRR10: 0.04363
Recall20: 0.17536; MRR20: 0.04744
No improvement in Recall@10. Patience counter: 2/10
--------------------
Epoch 62/200
--------------------
Loss: 6.7108049392700195
Recall3: 0.04940; MRR3: 0.03207
Recall5: 0.07240; MRR5: 0.03728
Recall10: 0.11710; MRR10: 0.04310
Recall20: 0.17619; MRR20: 0.04716
No improvement in Recall@10. Patience counter: 3/10
--------------------
Epoch 63/200
--------------------
Loss: 6.873196125030518
Recall3: 0.04983; MRR3: 0.03209
Recall5: 0.07299; MRR5: 0.03739
Recall10: 0.11698; MRR10: 0.04320
Recall20: 0.17499; MRR20: 0.04717
No improvement in Recall@10. Patience counter: 4/10
--------------------
Epoch 64/200
--------------------
Loss: 6.030268669128418
Recall3: 0.05026; MRR3: 0.03259
Recall5: 0.07247; MRR5: 0.03763
Recall10: 0.12036; MRR10: 0.04397
Recall20: 0.17769; MRR20: 0.04790
New best Recall@10: 0.12036, model updated.
--------------------
Epoch 65/200
--------------------
Loss: 6.891720771789551
Recall3: 0.04958; MRR3: 0.03221
Recall5: 0.07265; MRR5: 0.03747
Recall10: 0.11651; MRR10: 0.04324
Recall20: 0.17557; MRR20: 0.04726
No improvement in Recall@10. Patience counter: 1/10
--------------------
Epoch 66/200
--------------------
Loss: 6.030982494354248
Recall3: 0.05173; MRR3: 0.03392
Recall5: 0.07443; MRR5: 0.03906
Recall10: 0.11848; MRR10: 0.04485
Recall20: 0.17600; MRR20: 0.04879
No improvement in Recall@10. Patience counter: 2/10
--------------------
Epoch 67/200
--------------------
Loss: 6.759130001068115
Recall3: 0.05097; MRR3: 0.03304
Recall5: 0.07410; MRR5: 0.03830
Recall10: 0.11778; MRR10: 0.04405
Recall20: 0.17486; MRR20: 0.04794
No improvement in Recall@10. Patience counter: 3/10
--------------------
Epoch 68/200
--------------------
Loss: 6.334129333496094
Recall3: 0.04989; MRR3: 0.03247
Recall5: 0.07472; MRR5: 0.03801
Recall10: 0.11618; MRR10: 0.04345
Recall20: 0.17486; MRR20: 0.04749
No improvement in Recall@10. Patience counter: 4/10
--------------------
Epoch 69/200
--------------------
Loss: 5.535129070281982
Recall3: 0.04854; MRR3: 0.03193
Recall5: 0.07210; MRR5: 0.03728
Recall10: 0.11516; MRR10: 0.04293
Recall20: 0.17477; MRR20: 0.04697
No improvement in Recall@10. Patience counter: 5/10
--------------------
Epoch 70/200
--------------------
Loss: 5.779866695404053
Recall3: 0.05020; MRR3: 0.03263
Recall5: 0.07283; MRR5: 0.03778
Recall10: 0.11713; MRR10: 0.04359
Recall20: 0.17779; MRR20: 0.04776
No improvement in Recall@10. Patience counter: 6/10
--------------------
Epoch 71/200
--------------------
Loss: 5.666001319885254
Recall3: 0.05100; MRR3: 0.03279
Recall5: 0.07327; MRR5: 0.03786
Recall10: 0.11750; MRR10: 0.04365
Recall20: 0.17563; MRR20: 0.04765
No improvement in Recall@10. Patience counter: 7/10
--------------------
Epoch 72/200
--------------------
Loss: 7.537912845611572
Recall3: 0.05057; MRR3: 0.03258
Recall5: 0.07394; MRR5: 0.03788
Recall10: 0.11895; MRR10: 0.04389
Recall20: 0.17616; MRR20: 0.04778
No improvement in Recall@10. Patience counter: 8/10
--------------------
Epoch 73/200
--------------------
Loss: 5.777785301208496
Recall3: 0.05288; MRR3: 0.03346
Recall5: 0.07459; MRR5: 0.03837
Recall10: 0.12185; MRR10: 0.04450
Recall20: 0.17931; MRR20: 0.04841
New best Recall@10: 0.12185, model updated.
--------------------
Epoch 74/200
--------------------
Loss: 6.344046115875244
Recall3: 0.05014; MRR3: 0.03282
Recall5: 0.07351; MRR5: 0.03814
Recall10: 0.11845; MRR10: 0.04407
Recall20: 0.17779; MRR20: 0.04809
No improvement in Recall@10. Patience counter: 1/10
--------------------
Epoch 75/200
--------------------
Loss: 6.4401092529296875
Recall3: 0.04989; MRR3: 0.03250
Recall5: 0.07296; MRR5: 0.03774
Recall10: 0.11556; MRR10: 0.04328
Recall20: 0.17253; MRR20: 0.04721
No improvement in Recall@10. Patience counter: 2/10
--------------------
Epoch 76/200
--------------------
Loss: 6.695869445800781
Recall3: 0.04952; MRR3: 0.03242
Recall5: 0.07222; MRR5: 0.03756
Recall10: 0.11534; MRR10: 0.04327
Recall20: 0.17530; MRR20: 0.04738
No improvement in Recall@10. Patience counter: 3/10
--------------------
Epoch 77/200
--------------------
Loss: 6.7220048904418945
Recall3: 0.05159; MRR3: 0.03328
Recall5: 0.07404; MRR5: 0.03839
Recall10: 0.11954; MRR10: 0.04438
Recall20: 0.17773; MRR20: 0.04836
No improvement in Recall@10. Patience counter: 4/10
--------------------
Epoch 78/200
--------------------
Loss: 7.843239784240723
Recall3: 0.05140; MRR3: 0.03365
Recall5: 0.07349; MRR5: 0.03860
Recall10: 0.11800; MRR10: 0.04453
Recall20: 0.17828; MRR20: 0.04863
No improvement in Recall@10. Patience counter: 5/10
--------------------
Epoch 79/200
--------------------
Loss: 6.532265663146973
Recall3: 0.04943; MRR3: 0.03313
Recall5: 0.07349; MRR5: 0.03861
Recall10: 0.11562; MRR10: 0.04422
Recall20: 0.17357; MRR20: 0.04815
No improvement in Recall@10. Patience counter: 6/10
--------------------
Epoch 80/200
--------------------
Loss: 7.588748931884766
Recall3: 0.05153; MRR3: 0.03291
Recall5: 0.07404; MRR5: 0.03799
Recall10: 0.11751; MRR10: 0.04379
Recall20: 0.17687; MRR20: 0.04786
No improvement in Recall@10. Patience counter: 7/10
--------------------
Epoch 81/200
--------------------
Loss: 6.908576488494873
Recall3: 0.04964; MRR3: 0.03277
Recall5: 0.07290; MRR5: 0.03803
Recall10: 0.11510; MRR10: 0.04353
Recall20: 0.17175; MRR20: 0.04740
No improvement in Recall@10. Patience counter: 8/10
--------------------
Epoch 82/200
--------------------
Loss: 6.483689785003662
Recall3: 0.05032; MRR3: 0.03253
Recall5: 0.07259; MRR5: 0.03761
Recall10: 0.11442; MRR10: 0.04308
Recall20: 0.17160; MRR20: 0.04700
No improvement in Recall@10. Patience counter: 9/10
--------------------
Epoch 83/200
--------------------
Loss: 7.0753560066223145
Recall3: 0.04977; MRR3: 0.03219
Recall5: 0.07376; MRR5: 0.03760
Recall10: 0.11565; MRR10: 0.04310
Recall20: 0.17335; MRR20: 0.04706
No improvement in Recall@10. Patience counter: 10/10
Early stopping triggered. Best Recall@10: 0.12185
****************************************

Loading fine-tuning set data......
Users_a end at 94601
Loading fine-tuning set data......
Users_a end at 10484
Loading fine-tuning set data......
Users_a end at 10484
--------------------
Epoch 1/200
--------------------
Loss: 6.415987014770508 Loss_diff 3.1267881393432617
Recall3_b: 0.04905; Mrr3: 0.03214
Recall5_b: 0.07068; Mrr5: 0.03706
Recall10_b: 0.11188; Mrr10: 0.04255
Recall20_b: 0.16948; Mrr20: 0.04643
New best Recall@10: 0.11188 at Epoch 1
--------------------
Epoch 2/200
--------------------
Loss: 5.744809150695801 Loss_diff 3.1226015090942383
Recall3_b: 0.04969; Mrr3: 0.03172
Recall5_b: 0.07098; Mrr5: 0.03657
Recall10_b: 0.11264; Mrr10: 0.04201
Recall20_b: 0.16928; Mrr20: 0.04584
New best Recall@10: 0.11264 at Epoch 2
--------------------
Epoch 3/200
--------------------
Loss: 6.849120140075684 Loss_diff 3.119290590286255
Recall3_b: 0.04865; Mrr3: 0.03169
Recall5_b: 0.07098; Mrr5: 0.03678
Recall10_b: 0.11239; Mrr10: 0.04215
Recall20_b: 0.17019; Mrr20: 0.04608
No improvement in Recall@10. Patience counter: 1/10
--------------------
Epoch 4/200
--------------------
Loss: 7.584246635437012 Loss_diff 3.1154792308807373
Recall3_b: 0.04922; Mrr3: 0.03190
Recall5_b: 0.07105; Mrr5: 0.03687
Recall10_b: 0.11103; Mrr10: 0.04212
Recall20_b: 0.16782; Mrr20: 0.04601
No improvement in Recall@10. Patience counter: 2/10
--------------------
Epoch 5/200
--------------------
Loss: 6.934210300445557 Loss_diff 3.112243413925171
Recall3_b: 0.04788; Mrr3: 0.03125
Recall5_b: 0.07019; Mrr5: 0.03633
Recall10_b: 0.11445; Mrr10: 0.04212
Recall20_b: 0.16852; Mrr20: 0.04586
New best Recall@10: 0.11445 at Epoch 5
--------------------
Epoch 6/200
--------------------
Loss: 5.788089275360107 Loss_diff 3.1088011264801025
Recall3_b: 0.04998; Mrr3: 0.03293
Recall5_b: 0.07295; Mrr5: 0.03818
Recall10_b: 0.11424; Mrr10: 0.04369
Recall20_b: 0.17016; Mrr20: 0.04755
No improvement in Recall@10. Patience counter: 1/10
--------------------
Epoch 7/200
--------------------
Loss: 5.984653472900391 Loss_diff 3.105234384536743
Recall3_b: 0.05017; Mrr3: 0.03328
Recall5_b: 0.07143; Mrr5: 0.03803
Recall10_b: 0.11551; Mrr10: 0.04376
Recall20_b: 0.17197; Mrr20: 0.04760
New best Recall@10: 0.11551 at Epoch 7
--------------------
Epoch 8/200
--------------------
Loss: 7.106158256530762 Loss_diff 3.1016762256622314
Recall3_b: 0.04873; Mrr3: 0.03241
Recall5_b: 0.07050; Mrr5: 0.03736
Recall10_b: 0.11295; Mrr10: 0.04294
Recall20_b: 0.17128; Mrr20: 0.04694
No improvement in Recall@10. Patience counter: 1/10
--------------------
Epoch 9/200
--------------------
Loss: 6.256535053253174 Loss_diff 3.098888397216797
Recall3_b: 0.04922; Mrr3: 0.03245
Recall5_b: 0.07152; Mrr5: 0.03752
Recall10_b: 0.11509; Mrr10: 0.04317
Recall20_b: 0.17058; Mrr20: 0.04699
No improvement in Recall@10. Patience counter: 2/10
--------------------
Epoch 10/200
--------------------
Loss: 6.303040027618408 Loss_diff 3.0949249267578125
Recall3_b: 0.04892; Mrr3: 0.03315
Recall5_b: 0.06969; Mrr5: 0.03789
Recall10_b: 0.11421; Mrr10: 0.04367
Recall20_b: 0.17182; Mrr20: 0.04761
No improvement in Recall@10. Patience counter: 3/10
--------------------
Epoch 11/200
--------------------
Loss: 5.999618053436279 Loss_diff 3.09211802482605
Recall3_b: 0.05092; Mrr3: 0.03294
Recall5_b: 0.07324; Mrr5: 0.03797
Recall10_b: 0.11671; Mrr10: 0.04365
Recall20_b: 0.17085; Mrr20: 0.04739
New best Recall@10: 0.11671 at Epoch 11
--------------------
Epoch 12/200
--------------------
Loss: 5.889301300048828 Loss_diff 3.089010238647461
Recall3_b: 0.04919; Mrr3: 0.03241
Recall5_b: 0.07102; Mrr5: 0.03730
Recall10_b: 0.11508; Mrr10: 0.04305
Recall20_b: 0.17250; Mrr20: 0.04700
No improvement in Recall@10. Patience counter: 1/10
--------------------
Epoch 13/200
--------------------
Loss: 5.350971698760986 Loss_diff 3.0856075286865234
Recall3_b: 0.05144; Mrr3: 0.03340
Recall5_b: 0.07416; Mrr5: 0.03850
Recall10_b: 0.11674; Mrr10: 0.04406
Recall20_b: 0.17224; Mrr20: 0.04785
New best Recall@10: 0.11674 at Epoch 13
--------------------
Epoch 14/200
--------------------
Loss: 6.319360733032227 Loss_diff 3.082692861557007
Recall3_b: 0.05025; Mrr3: 0.03221
Recall5_b: 0.07104; Mrr5: 0.03694
Recall10_b: 0.11891; Mrr10: 0.04311
Recall20_b: 0.17283; Mrr20: 0.04677
New best Recall@10: 0.11891 at Epoch 14
--------------------
Epoch 15/200
--------------------
Loss: 5.639548301696777 Loss_diff 3.0791311264038086
Recall3_b: 0.04857; Mrr3: 0.03237
Recall5_b: 0.07116; Mrr5: 0.03750
Recall10_b: 0.11617; Mrr10: 0.04336
Recall20_b: 0.17376; Mrr20: 0.04727
No improvement in Recall@10. Patience counter: 1/10
--------------------
Epoch 16/200
--------------------
Loss: 4.967377662658691 Loss_diff 3.076227903366089
Recall3_b: 0.04948; Mrr3: 0.03238
Recall5_b: 0.07076; Mrr5: 0.03720
Recall10_b: 0.11704; Mrr10: 0.04322
Recall20_b: 0.17216; Mrr20: 0.04703
No improvement in Recall@10. Patience counter: 2/10
--------------------
Epoch 17/200
--------------------
Loss: 6.037917613983154 Loss_diff 3.0740413665771484
Recall3_b: 0.04877; Mrr3: 0.03174
Recall5_b: 0.07131; Mrr5: 0.03685
Recall10_b: 0.11434; Mrr10: 0.04241
Recall20_b: 0.17003; Mrr20: 0.04623
No improvement in Recall@10. Patience counter: 3/10
--------------------
Epoch 18/200
--------------------
Loss: 6.476158618927002 Loss_diff 3.070638418197632
Recall3_b: 0.04825; Mrr3: 0.03204
Recall5_b: 0.07212; Mrr5: 0.03746
Recall10_b: 0.11533; Mrr10: 0.04312
Recall20_b: 0.17122; Mrr20: 0.04693
No improvement in Recall@10. Patience counter: 4/10
--------------------
Epoch 19/200
--------------------
Loss: 5.982036590576172 Loss_diff 3.067657470703125
Recall3_b: 0.04949; Mrr3: 0.03374
Recall5_b: 0.07125; Mrr5: 0.03867
Recall10_b: 0.11625; Mrr10: 0.04458
Recall20_b: 0.17405; Mrr20: 0.04858
No improvement in Recall@10. Patience counter: 5/10
--------------------
Epoch 20/200
--------------------
Loss: 6.538339614868164 Loss_diff 3.064885139465332
Recall3_b: 0.04912; Mrr3: 0.03246
Recall5_b: 0.07191; Mrr5: 0.03766
Recall10_b: 0.11642; Mrr10: 0.04349
Recall20_b: 0.17177; Mrr20: 0.04734
No improvement in Recall@10. Patience counter: 6/10
--------------------
Epoch 21/200
--------------------
Loss: 5.568906307220459 Loss_diff 3.0616273880004883
Recall3_b: 0.04920; Mrr3: 0.03313
Recall5_b: 0.07230; Mrr5: 0.03841
Recall10_b: 0.11779; Mrr10: 0.04427
Recall20_b: 0.17080; Mrr20: 0.04794
No improvement in Recall@10. Patience counter: 7/10
--------------------
Epoch 22/200
--------------------
Loss: 6.163368225097656 Loss_diff 3.0590267181396484
Recall3_b: 0.05019; Mrr3: 0.03336
Recall5_b: 0.07386; Mrr5: 0.03876
Recall10_b: 0.11744; Mrr10: 0.04440
Recall20_b: 0.17259; Mrr20: 0.04818
No improvement in Recall@10. Patience counter: 8/10
--------------------
Epoch 23/200
--------------------
Loss: 5.344196319580078 Loss_diff 3.0557501316070557
Recall3_b: 0.05000; Mrr3: 0.03359
Recall5_b: 0.07222; Mrr5: 0.03861
Recall10_b: 0.11607; Mrr10: 0.04430
Recall20_b: 0.17100; Mrr20: 0.04807
No improvement in Recall@10. Patience counter: 9/10
--------------------
Epoch 24/200
--------------------
Loss: 6.037457466125488 Loss_diff 3.0529396533966064
Recall3_b: 0.05032; Mrr3: 0.03309
Recall5_b: 0.07363; Mrr5: 0.03839
Recall10_b: 0.11813; Mrr10: 0.04420
Recall20_b: 0.17406; Mrr20: 0.04806
No improvement in Recall@10. Patience counter: 10/10
Early stopping triggered. Best Recall@10: 0.11891 at Epoch 14
已完成训练，测试结果：
=== Evaluation Metrics ===
Recall @3 @5 @10 @20:
0.0399
0.0572
0.0909
0.1374
NDCG @3 @5 @10 @20:
0.0297
0.0369
0.0476
0.0594
MRR @3 @5 @10 @20:
0.0263
0.0302
0.0346
0.0378
Total time cost: 5198.01 seconds.
