=== model training parameter configuration ===
device              : cpu
seed                : 608
dataset             : AM-MB
A_domain            : Amazon-KG-5core-Books
B_domain            : Amazon-KG-5core-Movies_and_TV
epoch               : 200
batch_size          : 128
patience            : 10
hidden_units        : 100
maxlen              : 15
min_len             : 0
A_size              : 8318
B_size              : 4779
all_size            : 13097
lr                  : 0.0001
lr_decline          : False
dropout_rate        : 0.45
Lambda              : 0.002
n_heads             : 1
n_layers            : 1
d_k                 : 100
d_v                 : 100
d_ff                : 2048
Strategy            : default
pretrained_embedding_path: pretrain/transE/
prompt_num_S        : 2
prompt_num          : 2
prompt_agg          : mean_noise
prompt_agg_use_all  : False
use_KG              : True
use_shared          : True
use_spec            : True
use_disen           : True
disen_way           : info
freeze_shared_prompt: True
freeze_model        : False
=========================
Loading pre-training set data......
Users_a end at 94601
Users_b start at 84118
Loading pre-training set data......
Users_a end at 10484
Users_b start at 10485
========prompt_agg_use_all=False========
[KG] common.rel: 17 relations, specific.rel: 994 relations
--------------------
Epoch 1/200
--------------------
Loss: 8.820284843444824
Recall3: 0.00892; MRR3: 0.00590
Recall5: 0.01255; MRR5: 0.00667
Recall10: 0.01901; MRR10: 0.00749
Recall20: 0.03562; MRR20: 0.00860
New best Recall@10: 0.01901, model updated.
--------------------
Epoch 2/200
--------------------
Loss: 8.82617473602295
Recall3: 0.00572; MRR3: 0.00393
Recall5: 0.01077; MRR5: 0.00505
Recall10: 0.01864; MRR10: 0.00610
Recall20: 0.03279; MRR20: 0.00705
No improvement in Recall@10. Patience counter: 1/10
--------------------
Epoch 3/200
--------------------
Loss: 8.245279312133789
Recall3: 0.01120; MRR3: 0.00736
Recall5: 0.01599; MRR5: 0.00845
Recall10: 0.02534; MRR10: 0.00966
Recall20: 0.04011; MRR20: 0.01070
New best Recall@10: 0.02534, model updated.
--------------------
Epoch 4/200
--------------------
Loss: 7.976622581481934
Recall3: 0.01329; MRR3: 0.00795
Recall5: 0.01907; MRR5: 0.00929
Recall10: 0.03082; MRR10: 0.01079
Recall20: 0.05094; MRR20: 0.01214
New best Recall@10: 0.03082, model updated.
--------------------
Epoch 5/200
--------------------
Loss: 7.720027923583984
Recall3: 0.01489; MRR3: 0.00972
Recall5: 0.02098; MRR5: 0.01109
Recall10: 0.03596; MRR10: 0.01301
Recall20: 0.06192; MRR20: 0.01477
New best Recall@10: 0.03596, model updated.
--------------------
Epoch 6/200
--------------------
Loss: 8.179739952087402
Recall3: 0.01538; MRR3: 0.01014
Recall5: 0.02411; MRR5: 0.01211
Recall10: 0.03980; MRR10: 0.01413
Recall20: 0.06638; MRR20: 0.01593
New best Recall@10: 0.03980, model updated.
--------------------
Epoch 7/200
--------------------
Loss: 8.298100471496582
Recall3: 0.01932; MRR3: 0.01191
Recall5: 0.02836; MRR5: 0.01393
Recall10: 0.04589; MRR10: 0.01623
Recall20: 0.07370; MRR20: 0.01809
New best Recall@10: 0.04589, model updated.
--------------------
Epoch 8/200
--------------------
Loss: 7.961476802825928
Recall3: 0.02344; MRR3: 0.01456
Recall5: 0.03469; MRR5: 0.01712
Recall10: 0.05376; MRR10: 0.01962
Recall20: 0.08499; MRR20: 0.02175
New best Recall@10: 0.05376, model updated.
--------------------
Epoch 9/200
--------------------
Loss: 7.883474826812744
Recall3: 0.02541; MRR3: 0.01688
Recall5: 0.03820; MRR5: 0.01977
Recall10: 0.05918; MRR10: 0.02251
Recall20: 0.09381; MRR20: 0.02482
New best Recall@10: 0.05918, model updated.
--------------------
Epoch 10/200
--------------------
Loss: 7.954320430755615
Recall3: 0.02694; MRR3: 0.01762
Recall5: 0.04035; MRR5: 0.02067
Recall10: 0.06090; MRR10: 0.02334
Recall20: 0.09978; MRR20: 0.02601
New best Recall@10: 0.06090, model updated.
--------------------
Epoch 11/200
--------------------
Loss: 7.704292297363281
Recall3: 0.02787; MRR3: 0.01790
Recall5: 0.04109; MRR5: 0.02089
Recall10: 0.06736; MRR10: 0.02433
Recall20: 0.10747; MRR20: 0.02704
New best Recall@10: 0.06736, model updated.
--------------------
Epoch 12/200
--------------------
Loss: 7.830560207366943
Recall3: 0.02793; MRR3: 0.01837
Recall5: 0.04384; MRR5: 0.02203
Recall10: 0.07170; MRR10: 0.02567
Recall20: 0.11499; MRR20: 0.02856
New best Recall@10: 0.07170, model updated.
--------------------
Epoch 13/200
--------------------
Loss: 7.825425148010254
Recall3: 0.02959; MRR3: 0.01930
Recall5: 0.04423; MRR5: 0.02260
Recall10: 0.07314; MRR10: 0.02636
Recall20: 0.11667; MRR20: 0.02932
New best Recall@10: 0.07314, model updated.
--------------------
Epoch 14/200
--------------------
Loss: 8.07652759552002
Recall3: 0.03137; MRR3: 0.02012
Recall5: 0.04503; MRR5: 0.02318
Recall10: 0.07517; MRR10: 0.02712
Recall20: 0.12008; MRR20: 0.03017
New best Recall@10: 0.07517, model updated.
--------------------
Epoch 15/200
--------------------
Loss: 8.631669044494629
Recall3: 0.03168; MRR3: 0.02083
Recall5: 0.04577; MRR5: 0.02403
Recall10: 0.07523; MRR10: 0.02789
Recall20: 0.11897; MRR20: 0.03089
New best Recall@10: 0.07523, model updated.
--------------------
Epoch 16/200
--------------------
Loss: 7.5812153816223145
Recall3: 0.03273; MRR3: 0.02156
Recall5: 0.04835; MRR5: 0.02511
Recall10: 0.08174; MRR10: 0.02950
Recall20: 0.13087; MRR20: 0.03286
New best Recall@10: 0.08174, model updated.
--------------------
Epoch 17/200
--------------------
Loss: 7.219254016876221
Recall3: 0.03565; MRR3: 0.02488
Recall5: 0.05036; MRR5: 0.02818
Recall10: 0.08198; MRR10: 0.03230
Recall20: 0.12737; MRR20: 0.03541
New best Recall@10: 0.08198, model updated.
--------------------
Epoch 18/200
--------------------
Loss: 7.377369403839111
Recall3: 0.03543; MRR3: 0.02451
Recall5: 0.04989; MRR5: 0.02778
Recall10: 0.08329; MRR10: 0.03214
Recall20: 0.12931; MRR20: 0.03528
New best Recall@10: 0.08329, model updated.
--------------------
Epoch 19/200
--------------------
Loss: 7.504966735839844
Recall3: 0.03703; MRR3: 0.02488
Recall5: 0.05253; MRR5: 0.02839
Recall10: 0.08653; MRR10: 0.03288
Recall20: 0.13396; MRR20: 0.03612
New best Recall@10: 0.08653, model updated.
--------------------
Epoch 20/200
--------------------
Loss: 7.2281317710876465
Recall3: 0.03820; MRR3: 0.02601
Recall5: 0.05333; MRR5: 0.02942
Recall10: 0.08526; MRR10: 0.03360
Recall20: 0.13656; MRR20: 0.03712
No improvement in Recall@10. Patience counter: 1/10
--------------------
Epoch 21/200
--------------------
Loss: 6.940657138824463
Recall3: 0.03937; MRR3: 0.02713
Recall5: 0.05567; MRR5: 0.03081
Recall10: 0.09092; MRR10: 0.03541
Recall20: 0.13995; MRR20: 0.03872
New best Recall@10: 0.09092, model updated.
--------------------
Epoch 22/200
--------------------
Loss: 8.226828575134277
Recall3: 0.03999; MRR3: 0.02631
Recall5: 0.05653; MRR5: 0.03005
Recall10: 0.09190; MRR10: 0.03466
Recall20: 0.14509; MRR20: 0.03833
New best Recall@10: 0.09190, model updated.
--------------------
Epoch 23/200
--------------------
Loss: 7.424170970916748
Recall3: 0.04316; MRR3: 0.02835
Recall5: 0.05971; MRR5: 0.03206
Recall10: 0.09582; MRR10: 0.03673
Recall20: 0.14712; MRR20: 0.04024
New best Recall@10: 0.09582, model updated.
--------------------
Epoch 24/200
--------------------
Loss: 8.065242767333984
Recall3: 0.04492; MRR3: 0.02966
Recall5: 0.06134; MRR5: 0.03341
Recall10: 0.09672; MRR10: 0.03803
Recall20: 0.14986; MRR20: 0.04166
New best Recall@10: 0.09672, model updated.
--------------------
Epoch 25/200
--------------------
Loss: 7.050192832946777
Recall3: 0.04411; MRR3: 0.02898
Recall5: 0.06176; MRR5: 0.03303
Recall10: 0.10046; MRR10: 0.03810
Recall20: 0.15235; MRR20: 0.04164
New best Recall@10: 0.10046, model updated.
--------------------
Epoch 26/200
--------------------
Loss: 7.0124311447143555
Recall3: 0.04454; MRR3: 0.03013
Recall5: 0.06379; MRR5: 0.03447
Recall10: 0.10125; MRR10: 0.03936
Recall20: 0.15524; MRR20: 0.04306
New best Recall@10: 0.10125, model updated.
--------------------
Epoch 27/200
--------------------
Loss: 7.748493671417236
Recall3: 0.04423; MRR3: 0.02962
Recall5: 0.06293; MRR5: 0.03382
Recall10: 0.10009; MRR10: 0.03872
Recall20: 0.15703; MRR20: 0.04264
No improvement in Recall@10. Patience counter: 1/10
--------------------
Epoch 28/200
--------------------
Loss: 6.45050048828125
Recall3: 0.04429; MRR3: 0.02979
Recall5: 0.06299; MRR5: 0.03398
Recall10: 0.10209; MRR10: 0.03911
Recall20: 0.15768; MRR20: 0.04297
New best Recall@10: 0.10209, model updated.
--------------------
Epoch 29/200
--------------------
Loss: 7.467577934265137
Recall3: 0.04737; MRR3: 0.03174
Recall5: 0.06826; MRR5: 0.03646
Recall10: 0.10695; MRR10: 0.04151
Recall20: 0.16426; MRR20: 0.04549
New best Recall@10: 0.10695, model updated.
--------------------
Epoch 30/200
--------------------
Loss: 5.69500207901001
Recall3: 0.04509; MRR3: 0.02978
Recall5: 0.06551; MRR5: 0.03444
Recall10: 0.10452; MRR10: 0.03955
Recall20: 0.15939; MRR20: 0.04333
No improvement in Recall@10. Patience counter: 1/10
--------------------
Epoch 31/200
--------------------
Loss: 6.9861674308776855
Recall3: 0.04577; MRR3: 0.03046
Recall5: 0.06748; MRR5: 0.03538
Recall10: 0.10667; MRR10: 0.04044
Recall20: 0.16277; MRR20: 0.04427
No improvement in Recall@10. Patience counter: 2/10
--------------------
Epoch 32/200
--------------------
Loss: 6.946319103240967
Recall3: 0.04774; MRR3: 0.03155
Recall5: 0.06810; MRR5: 0.03619
Recall10: 0.10691; MRR10: 0.04127
Recall20: 0.16474; MRR20: 0.04522
No improvement in Recall@10. Patience counter: 3/10
--------------------
Epoch 33/200
--------------------
Loss: 6.502925395965576
Recall3: 0.04608; MRR3: 0.03033
Recall5: 0.06779; MRR5: 0.03522
Recall10: 0.10858; MRR10: 0.04058
Recall20: 0.16357; MRR20: 0.04435
New best Recall@10: 0.10858, model updated.
--------------------
Epoch 34/200
--------------------
Loss: 7.272437572479248
Recall3: 0.04718; MRR3: 0.03175
Recall5: 0.06773; MRR5: 0.03643
Recall10: 0.10907; MRR10: 0.04189
Recall20: 0.16665; MRR20: 0.04586
New best Recall@10: 0.10907, model updated.
--------------------
Epoch 35/200
--------------------
Loss: 7.224830627441406
Recall3: 0.04823; MRR3: 0.03201
Recall5: 0.07078; MRR5: 0.03709
Recall10: 0.11126; MRR10: 0.04241
Recall20: 0.16912; MRR20: 0.04637
New best Recall@10: 0.11126, model updated.
--------------------
Epoch 36/200
--------------------
Loss: 7.007238864898682
Recall3: 0.04681; MRR3: 0.03122
Recall5: 0.06921; MRR5: 0.03635
Recall10: 0.10864; MRR10: 0.04150
Recall20: 0.16566; MRR20: 0.04539
No improvement in Recall@10. Patience counter: 1/10
--------------------
Epoch 37/200
--------------------
Loss: 7.442845344543457
Recall3: 0.04724; MRR3: 0.03208
Recall5: 0.06871; MRR5: 0.03698
Recall10: 0.10864; MRR10: 0.04221
Recall20: 0.16757; MRR20: 0.04625
No improvement in Recall@10. Patience counter: 2/10
--------------------
Epoch 38/200
--------------------
Loss: 6.660347938537598
Recall3: 0.04980; MRR3: 0.03283
Recall5: 0.07158; MRR5: 0.03777
Recall10: 0.11150; MRR10: 0.04298
Recall20: 0.16921; MRR20: 0.04691
New best Recall@10: 0.11150, model updated.
--------------------
Epoch 39/200
--------------------
Loss: 6.172547340393066
Recall3: 0.04786; MRR3: 0.03210
Recall5: 0.07037; MRR5: 0.03723
Recall10: 0.10931; MRR10: 0.04236
Recall20: 0.17217; MRR20: 0.04671
No improvement in Recall@10. Patience counter: 1/10
--------------------
Epoch 40/200
--------------------
Loss: 6.804897785186768
Recall3: 0.04891; MRR3: 0.03241
Recall5: 0.07050; MRR5: 0.03730
Recall10: 0.11433; MRR10: 0.04301
Recall20: 0.17124; MRR20: 0.04687
New best Recall@10: 0.11433, model updated.
--------------------
Epoch 41/200
--------------------
Loss: 6.40878963470459
Recall3: 0.05036; MRR3: 0.03342
Recall5: 0.07392; MRR5: 0.03873
Recall10: 0.11286; MRR10: 0.04385
Recall20: 0.17386; MRR20: 0.04799
No improvement in Recall@10. Patience counter: 1/10
--------------------
Epoch 42/200
--------------------
Loss: 6.7117414474487305
Recall3: 0.05128; MRR3: 0.03480
Recall5: 0.07263; MRR5: 0.03961
Recall10: 0.11353; MRR10: 0.04503
Recall20: 0.17216; MRR20: 0.04901
No improvement in Recall@10. Patience counter: 2/10
--------------------
Epoch 43/200
--------------------
Loss: 7.316477298736572
Recall3: 0.04970; MRR3: 0.03328
Recall5: 0.07234; MRR5: 0.03835
Recall10: 0.11325; MRR10: 0.04371
Recall20: 0.16825; MRR20: 0.04747
No improvement in Recall@10. Patience counter: 3/10
--------------------
Epoch 44/200
--------------------
Loss: 7.083941459655762
Recall3: 0.04860; MRR3: 0.03239
Recall5: 0.07062; MRR5: 0.03736
Recall10: 0.11153; MRR10: 0.04280
Recall20: 0.16923; MRR20: 0.04676
No improvement in Recall@10. Patience counter: 4/10
--------------------
Epoch 45/200
--------------------
Loss: 6.187554836273193
Recall3: 0.04946; MRR3: 0.03297
Recall5: 0.07216; MRR5: 0.03811
Recall10: 0.11288; MRR10: 0.04345
Recall20: 0.16702; MRR20: 0.04710
No improvement in Recall@10. Patience counter: 5/10
--------------------
Epoch 46/200
--------------------
Loss: 6.215255260467529
Recall3: 0.05094; MRR3: 0.03369
Recall5: 0.07349; MRR5: 0.03875
Recall10: 0.11587; MRR10: 0.04432
Recall20: 0.17167; MRR20: 0.04807
New best Recall@10: 0.11587, model updated.
--------------------
Epoch 47/200
--------------------
Loss: 6.8893609046936035
Recall3: 0.05038; MRR3: 0.03328
Recall5: 0.07203; MRR5: 0.03817
Recall10: 0.11436; MRR10: 0.04375
Recall20: 0.16941; MRR20: 0.04750
No improvement in Recall@10. Patience counter: 1/10
--------------------
Epoch 48/200
--------------------
Loss: 6.553548336029053
Recall3: 0.05173; MRR3: 0.03449
Recall5: 0.07746; MRR5: 0.04027
Recall10: 0.11763; MRR10: 0.04555
Recall20: 0.17496; MRR20: 0.04945
New best Recall@10: 0.11763, model updated.
--------------------
Epoch 49/200
--------------------
Loss: 7.806386470794678
Recall3: 0.05063; MRR3: 0.03377
Recall5: 0.07394; MRR5: 0.03907
Recall10: 0.11448; MRR10: 0.04438
Recall20: 0.17360; MRR20: 0.04839
No improvement in Recall@10. Patience counter: 1/10
--------------------
Epoch 50/200
--------------------
Loss: 7.501805782318115
Recall3: 0.05087; MRR3: 0.03347
Recall5: 0.07376; MRR5: 0.03869
Recall10: 0.11430; MRR10: 0.04404
Recall20: 0.17240; MRR20: 0.04799
No improvement in Recall@10. Patience counter: 2/10
--------------------
Epoch 51/200
--------------------
Loss: 6.671773433685303
Recall3: 0.05124; MRR3: 0.03422
Recall5: 0.07314; MRR5: 0.03920
Recall10: 0.11661; MRR10: 0.04490
Recall20: 0.17130; MRR20: 0.04865
No improvement in Recall@10. Patience counter: 3/10
--------------------
Epoch 52/200
--------------------
Loss: 6.928226470947266
Recall3: 0.04989; MRR3: 0.03378
Recall5: 0.07265; MRR5: 0.03899
Recall10: 0.11393; MRR10: 0.04440
Recall20: 0.17040; MRR20: 0.04825
No improvement in Recall@10. Patience counter: 4/10
--------------------
Epoch 53/200
--------------------
Loss: 7.764525413513184
Recall3: 0.05063; MRR3: 0.03408
Recall5: 0.07222; MRR5: 0.03895
Recall10: 0.11141; MRR10: 0.04407
Recall20: 0.16831; MRR20: 0.04798
No improvement in Recall@10. Patience counter: 5/10
--------------------
Epoch 54/200
--------------------
Loss: 6.558699607849121
Recall3: 0.05255; MRR3: 0.03497
Recall5: 0.07463; MRR5: 0.04000
Recall10: 0.11738; MRR10: 0.04560
Recall20: 0.17312; MRR20: 0.04941
No improvement in Recall@10. Patience counter: 6/10
--------------------
Epoch 55/200
--------------------
Loss: 8.55401611328125
Recall3: 0.05069; MRR3: 0.03405
Recall5: 0.07216; MRR5: 0.03892
Recall10: 0.11411; MRR10: 0.04443
Recall20: 0.17267; MRR20: 0.04845
No improvement in Recall@10. Patience counter: 7/10
--------------------
Epoch 56/200
--------------------
Loss: 6.375360012054443
Recall3: 0.05038; MRR3: 0.03363
Recall5: 0.07228; MRR5: 0.03861
Recall10: 0.11393; MRR10: 0.04404
Recall20: 0.17089; MRR20: 0.04795
No improvement in Recall@10. Patience counter: 8/10
--------------------
Epoch 57/200
--------------------
Loss: 5.907437324523926
Recall3: 0.04934; MRR3: 0.03288
Recall5: 0.07179; MRR5: 0.03799
Recall10: 0.11436; MRR10: 0.04357
Recall20: 0.17188; MRR20: 0.04754
No improvement in Recall@10. Patience counter: 9/10
--------------------
Epoch 58/200
--------------------
Loss: 7.70833158493042
Recall3: 0.04995; MRR3: 0.03335
Recall5: 0.07277; MRR5: 0.03849
Recall10: 0.11655; MRR10: 0.04417
Recall20: 0.17302; MRR20: 0.04806
No improvement in Recall@10. Patience counter: 10/10
Early stopping triggered. Best Recall@10: 0.11763
****************************************

Loading fine-tuning set data......
Users_a end at 94601
Loading fine-tuning set data......
Users_a end at 10484
Loading fine-tuning set data......
Users_a end at 10484
--------------------
Epoch 1/200
--------------------
Loss: 6.1358866691589355 Loss_diff 0.7657335996627808
Recall3_b: 0.04871; Mrr3: 0.03261
Recall5_b: 0.07093; Mrr5: 0.03765
Recall10_b: 0.11214; Mrr10: 0.04301
Recall20_b: 0.16525; Mrr20: 0.04668
New best Recall@10: 0.11214 at Epoch 1
--------------------
Epoch 2/200
--------------------
Loss: 6.879692554473877 Loss_diff 0.760833740234375
Recall3_b: 0.05058; Mrr3: 0.03343
Recall5_b: 0.07001; Mrr5: 0.03789
Recall10_b: 0.11125; Mrr10: 0.04330
Recall20_b: 0.16826; Mrr20: 0.04720
No improvement in Recall@10. Patience counter: 1/10
--------------------
Epoch 3/200
--------------------
Loss: 5.94834041595459 Loss_diff 0.7562096118927002
Recall3_b: 0.04974; Mrr3: 0.03324
Recall5_b: 0.06927; Mrr5: 0.03770
Recall10_b: 0.11093; Mrr10: 0.04321
Recall20_b: 0.16653; Mrr20: 0.04701
No improvement in Recall@10. Patience counter: 2/10
--------------------
Epoch 4/200
--------------------
Loss: 5.904217720031738 Loss_diff 0.7514317631721497
Recall3_b: 0.04912; Mrr3: 0.03295
Recall5_b: 0.07047; Mrr5: 0.03783
Recall10_b: 0.11284; Mrr10: 0.04340
Recall20_b: 0.16579; Mrr20: 0.04704
New best Recall@10: 0.11284 at Epoch 4
--------------------
Epoch 5/200
--------------------
Loss: 5.818239212036133 Loss_diff 0.7467609643936157
Recall3_b: 0.04976; Mrr3: 0.03356
Recall5_b: 0.07168; Mrr5: 0.03850
Recall10_b: 0.11499; Mrr10: 0.04412
Recall20_b: 0.16870; Mrr20: 0.04778
New best Recall@10: 0.11499 at Epoch 5
--------------------
Epoch 6/200
--------------------
Loss: 6.103259563446045 Loss_diff 0.7422394752502441
Recall3_b: 0.04863; Mrr3: 0.03367
Recall5_b: 0.07027; Mrr5: 0.03856
Recall10_b: 0.11471; Mrr10: 0.04442
Recall20_b: 0.16758; Mrr20: 0.04805
No improvement in Recall@10. Patience counter: 1/10
--------------------
Epoch 7/200
--------------------
Loss: 6.496441841125488 Loss_diff 0.7380565404891968
Recall3_b: 0.05130; Mrr3: 0.03446
Recall5_b: 0.07285; Mrr5: 0.03937
Recall10_b: 0.11586; Mrr10: 0.04496
Recall20_b: 0.16759; Mrr20: 0.04850
New best Recall@10: 0.11586 at Epoch 7
--------------------
Epoch 8/200
--------------------
Loss: 5.962831497192383 Loss_diff 0.733665406703949
Recall3_b: 0.05135; Mrr3: 0.03498
Recall5_b: 0.07250; Mrr5: 0.03974
Recall10_b: 0.11466; Mrr10: 0.04527
Recall20_b: 0.16787; Mrr20: 0.04891
No improvement in Recall@10. Patience counter: 1/10
--------------------
Epoch 9/200
--------------------
Loss: 5.847148895263672 Loss_diff 0.7287196516990662
Recall3_b: 0.05000; Mrr3: 0.03379
Recall5_b: 0.07252; Mrr5: 0.03889
Recall10_b: 0.11437; Mrr10: 0.04431
Recall20_b: 0.16728; Mrr20: 0.04798
No improvement in Recall@10. Patience counter: 2/10
--------------------
Epoch 10/200
--------------------
Loss: 5.945922374725342 Loss_diff 0.7244677543640137
Recall3_b: 0.04910; Mrr3: 0.03277
Recall5_b: 0.07277; Mrr5: 0.03813
Recall10_b: 0.11561; Mrr10: 0.04361
Recall20_b: 0.16887; Mrr20: 0.04726
No improvement in Recall@10. Patience counter: 3/10
--------------------
Epoch 11/200
--------------------
Loss: 5.97821569442749 Loss_diff 0.7200887203216553
Recall3_b: 0.05150; Mrr3: 0.03475
Recall5_b: 0.07317; Mrr5: 0.03966
Recall10_b: 0.11552; Mrr10: 0.04525
Recall20_b: 0.16911; Mrr20: 0.04897
No improvement in Recall@10. Patience counter: 4/10
--------------------
Epoch 12/200
--------------------
Loss: 6.285192489624023 Loss_diff 0.715843141078949
Recall3_b: 0.05089; Mrr3: 0.03421
Recall5_b: 0.07142; Mrr5: 0.03891
Recall10_b: 0.11614; Mrr10: 0.04469
Recall20_b: 0.16901; Mrr20: 0.04832
New best Recall@10: 0.11614 at Epoch 12
--------------------
Epoch 13/200
--------------------
Loss: 6.371949195861816 Loss_diff 0.7120312452316284
Recall3_b: 0.05064; Mrr3: 0.03417
Recall5_b: 0.07138; Mrr5: 0.03888
Recall10_b: 0.11650; Mrr10: 0.04474
Recall20_b: 0.16952; Mrr20: 0.04841
New best Recall@10: 0.11650 at Epoch 13
--------------------
Epoch 14/200
--------------------
Loss: 5.621936321258545 Loss_diff 0.7077949643135071
Recall3_b: 0.04970; Mrr3: 0.03346
Recall5_b: 0.07059; Mrr5: 0.03826
Recall10_b: 0.11445; Mrr10: 0.04410
Recall20_b: 0.16855; Mrr20: 0.04781
No improvement in Recall@10. Patience counter: 1/10
--------------------
Epoch 15/200
--------------------
Loss: 5.988394260406494 Loss_diff 0.7036765813827515
Recall3_b: 0.05010; Mrr3: 0.03389
Recall5_b: 0.07244; Mrr5: 0.03898
Recall10_b: 0.11458; Mrr10: 0.04452
Recall20_b: 0.16923; Mrr20: 0.04828
No improvement in Recall@10. Patience counter: 2/10
--------------------
Epoch 16/200
--------------------
Loss: 6.481231689453125 Loss_diff 0.6996448636054993
Recall3_b: 0.04993; Mrr3: 0.03422
Recall5_b: 0.07070; Mrr5: 0.03900
Recall10_b: 0.11485; Mrr10: 0.04486
Recall20_b: 0.16913; Mrr20: 0.04856
No improvement in Recall@10. Patience counter: 3/10
--------------------
Epoch 17/200
--------------------
Loss: 5.7314910888671875 Loss_diff 0.6954367160797119
Recall3_b: 0.05282; Mrr3: 0.03437
Recall5_b: 0.07206; Mrr5: 0.03876
Recall10_b: 0.11661; Mrr10: 0.04468
Recall20_b: 0.17107; Mrr20: 0.04841
New best Recall@10: 0.11661 at Epoch 17
--------------------
Epoch 18/200
--------------------
Loss: 6.1826887130737305 Loss_diff 0.6914523839950562
Recall3_b: 0.04990; Mrr3: 0.03352
Recall5_b: 0.07420; Mrr5: 0.03909
Recall10_b: 0.11560; Mrr10: 0.04448
Recall20_b: 0.17127; Mrr20: 0.04829
No improvement in Recall@10. Patience counter: 1/10
--------------------
Epoch 19/200
--------------------
Loss: 6.108425140380859 Loss_diff 0.6875874996185303
Recall3_b: 0.04863; Mrr3: 0.03345
Recall5_b: 0.07342; Mrr5: 0.03899
Recall10_b: 0.11665; Mrr10: 0.04468
Recall20_b: 0.16844; Mrr20: 0.04823
New best Recall@10: 0.11665 at Epoch 19
--------------------
Epoch 20/200
--------------------
Loss: 6.4765305519104 Loss_diff 0.6840785145759583
Recall3_b: 0.04979; Mrr3: 0.03311
Recall5_b: 0.07134; Mrr5: 0.03798
Recall10_b: 0.11630; Mrr10: 0.04374
Recall20_b: 0.17052; Mrr20: 0.04743
No improvement in Recall@10. Patience counter: 1/10
--------------------
Epoch 21/200
--------------------
Loss: 6.528889179229736 Loss_diff 0.6804234981536865
Recall3_b: 0.05160; Mrr3: 0.03430
Recall5_b: 0.07325; Mrr5: 0.03923
Recall10_b: 0.11579; Mrr10: 0.04492
Recall20_b: 0.16880; Mrr20: 0.04859
No improvement in Recall@10. Patience counter: 2/10
--------------------
Epoch 22/200
--------------------
Loss: 5.260492324829102 Loss_diff 0.676551103591919
Recall3_b: 0.04799; Mrr3: 0.03253
Recall5_b: 0.07229; Mrr5: 0.03803
Recall10_b: 0.11655; Mrr10: 0.04385
Recall20_b: 0.17046; Mrr20: 0.04752
No improvement in Recall@10. Patience counter: 3/10
--------------------
Epoch 23/200
--------------------
Loss: 5.896933078765869 Loss_diff 0.6725599765777588
Recall3_b: 0.05035; Mrr3: 0.03384
Recall5_b: 0.07335; Mrr5: 0.03901
Recall10_b: 0.11695; Mrr10: 0.04464
Recall20_b: 0.16894; Mrr20: 0.04822
New best Recall@10: 0.11695 at Epoch 23
--------------------
Epoch 24/200
--------------------
Loss: 5.511462211608887 Loss_diff 0.6690784096717834
Recall3_b: 0.05130; Mrr3: 0.03384
Recall5_b: 0.07227; Mrr5: 0.03866
Recall10_b: 0.11633; Mrr10: 0.04444
Recall20_b: 0.17055; Mrr20: 0.04817
No improvement in Recall@10. Patience counter: 1/10
--------------------
Epoch 25/200
--------------------
Loss: 5.910583972930908 Loss_diff 0.6652711629867554
Recall3_b: 0.04873; Mrr3: 0.03279
Recall5_b: 0.07285; Mrr5: 0.03820
Recall10_b: 0.11548; Mrr10: 0.04378
Recall20_b: 0.16898; Mrr20: 0.04747
No improvement in Recall@10. Patience counter: 2/10
--------------------
Epoch 26/200
--------------------
Loss: 5.203113079071045 Loss_diff 0.6614711880683899
Recall3_b: 0.04962; Mrr3: 0.03299
Recall5_b: 0.07364; Mrr5: 0.03839
Recall10_b: 0.11470; Mrr10: 0.04364
Recall20_b: 0.17076; Mrr20: 0.04750
No improvement in Recall@10. Patience counter: 3/10
--------------------
Epoch 27/200
--------------------
Loss: 6.534393787384033 Loss_diff 0.6582218408584595
Recall3_b: 0.05020; Mrr3: 0.03362
Recall5_b: 0.07128; Mrr5: 0.03838
Recall10_b: 0.11417; Mrr10: 0.04404
Recall20_b: 0.16852; Mrr20: 0.04779
No improvement in Recall@10. Patience counter: 4/10
--------------------
Epoch 28/200
--------------------
Loss: 5.331642150878906 Loss_diff 0.6549314260482788
Recall3_b: 0.05109; Mrr3: 0.03360
Recall5_b: 0.07328; Mrr5: 0.03861
Recall10_b: 0.11628; Mrr10: 0.04419
Recall20_b: 0.16809; Mrr20: 0.04777
No improvement in Recall@10. Patience counter: 5/10
--------------------
Epoch 29/200
--------------------
Loss: 5.694244384765625 Loss_diff 0.6515074372291565
Recall3_b: 0.04940; Mrr3: 0.03331
Recall5_b: 0.07287; Mrr5: 0.03860
Recall10_b: 0.11559; Mrr10: 0.04418
Recall20_b: 0.17185; Mrr20: 0.04802
No improvement in Recall@10. Patience counter: 6/10
--------------------
Epoch 30/200
--------------------
Loss: 5.449862480163574 Loss_diff 0.647682785987854
Recall3_b: 0.05086; Mrr3: 0.03389
Recall5_b: 0.07258; Mrr5: 0.03878
Recall10_b: 0.11533; Mrr10: 0.04438
Recall20_b: 0.16985; Mrr20: 0.04810
No improvement in Recall@10. Patience counter: 7/10
--------------------
Epoch 31/200
--------------------
Loss: 5.311866760253906 Loss_diff 0.6445149183273315
Recall3_b: 0.05046; Mrr3: 0.03363
Recall5_b: 0.07352; Mrr5: 0.03888
Recall10_b: 0.11554; Mrr10: 0.04435
Recall20_b: 0.16856; Mrr20: 0.04802
No improvement in Recall@10. Patience counter: 8/10
--------------------
Epoch 32/200
--------------------
Loss: 5.634031295776367 Loss_diff 0.6408169865608215
Recall3_b: 0.04921; Mrr3: 0.03372
Recall5_b: 0.07354; Mrr5: 0.03916
Recall10_b: 0.11562; Mrr10: 0.04462
Recall20_b: 0.17018; Mrr20: 0.04836
No improvement in Recall@10. Patience counter: 9/10
--------------------
Epoch 33/200
--------------------
Loss: 6.452489852905273 Loss_diff 0.6375666856765747
Recall3_b: 0.05094; Mrr3: 0.03369
Recall5_b: 0.07135; Mrr5: 0.03833
Recall10_b: 0.11401; Mrr10: 0.04397
Recall20_b: 0.16934; Mrr20: 0.04777
No improvement in Recall@10. Patience counter: 10/10
Early stopping triggered. Best Recall@10: 0.11695 at Epoch 23
已完成训练，测试结果：
=== Evaluation Metrics ===
Recall @3 @5 @10 @20:
0.0402
0.0592
0.0912
0.1389
NDCG @3 @5 @10 @20:
0.0297
0.0375
0.0478
0.0598
MRR @3 @5 @10 @20:
0.0261
0.0304
0.0346
0.0379
Total time cost: 3075.73 seconds.
